#
# A fatal error has been detected by the Java Runtime Environment:
#
#  SIGSEGV (0xb) at pc=0x00007fff9b35d05d, pid=3180, tid=0x0000000000000307
#
# JRE version: Java(TM) SE Runtime Environment (8.0_131-b11) (build 1.8.0_131-b11)
# Java VM: Java HotSpot(TM) 64-Bit Server VM (25.131-b11 mixed mode bsd-amd64 compressed oops)
# Problematic frame:
# C  [libobjc.A.dylib+0x705d]  objc_msgSend+0x1d
#
# Failed to write core dump. Core dumps have been disabled. To enable core dumping, try "ulimit -c unlimited" before starting Java again
#
# If you would like to submit a bug report, please visit:
#   http://bugreport.java.com/bugreport/crash.jsp
# The crash happened outside the Java Virtual Machine in native code.
# See problematic frame for where to report the bug.
#

---------------  T H R E A D  ---------------

Current thread (0x00007f9ff0064000):  JavaThread "AWT-AppKit" daemon [_thread_in_native, id=775, stack(0x00007fff52911000,0x00007fff53111000)]

siginfo: si_signo: 11 (SIGSEGV), si_code: 1 (SEGV_MAPERR), si_addr: 0x0000000000000018

Registers:
RAX=0x00007f9ff5c78bb0, RBX=0x000000012bab2450, RCX=0x00007f9ff2400910, RDX=0x0000000000000000
RSP=0x00007fff5310c3a8, RBP=0x00007fff5310c460, RSI=0x00007fff84bf1116, RDI=0x00007f9ff5990850
R8 =0x0000000000000018, R9 =0x00007f9ff24006e0, R10=0x0000000000000000, R11=0x00007fff84bf1116
R12=0x0000000000000000, R13=0x000000019a6792e0, R14=0x000000012bab2440, R15=0x00007f9ff0064000
RIP=0x00007fff9b35d05d, EFLAGS=0x0000000000010246, ERR=0x0000000000000004
  TRAPNO=0x000000000000000e

Top of Stack: (sp=0x00007fff5310c3a8)
0x00007fff5310c3a8:   000000012bab0157 00007fff5310c400
0x00007fff5310c3b8:   0000000000000003 00007fff5310c3e0
0x00007fff5310c3c8:   000000010d5f36d2 000000019a6792e0
0x00007fff5310c3d8:   000000019a6792e0 00007f9ff5c78bb0
0x00007fff5310c3e8:   000000012bab26a0 000000012bab2710
0x00007fff5310c3f8:   00007fffa13c26d0 00007fffa1ff21e0
0x00007fff5310c408:   000000012bab2450 000000012bab2690
0x00007fff5310c418:   00007f9ff5c78bb0 00007f9ff5990850
0x00007fff5310c428:   00007f9fefd541f0 00007f9ff5c78bb0
0x00007fff5310c438:   00007f9ff5990850 00007fff5310c4e8
0x00007fff5310c448:   00007f9ff00641f8 000000019a6792e0
0x00007fff5310c458:   00007fff5310c510 00007fff5310c4d8
0x00007fff5310c468:   00000001181549f4 000000019a6792e0
0x00007fff5310c478:   00007fff5310c510 00007fff5310c4d8
0x00007fff5310c488:   0000000118154787 0000000118154742
0x00007fff5310c498:   00007fff5310c498 000000019a6792e0
0x00007fff5310c4a8:   00007fff5310c510 000000019a59a2c8
0x00007fff5310c4b8:   0000000000000000 000000019a6792e0
0x00007fff5310c4c8:   0000000000000000 00007fff5310c4f8
0x00007fff5310c4d8:   00007fff5310c558 00000001181452bd
0x00007fff5310c4e8:   00000007418db3e8 000000011814e538
0x00007fff5310c4f8:   00007f9ff5c78bb0 00007fff5310c558
0x00007fff5310c508:   00007f9ff5990850 000000011814fe02
0x00007fff5310c518:   00007fff5310c518 000000019a6794aa
0x00007fff5310c528:   00007fff5310c580 000000019a59a2c8
0x00007fff5310c538:   0000000000000000 000000019a6794b8
0x00007fff5310c548:   00007fff5310c4f8 00007fff5310c568
0x00007fff5310c558:   00007fff5310c5c8 00000001181452bd
0x00007fff5310c568:   00007f9ff5c78bb0 0000000740902ff8
0x00007fff5310c578:   00007f9ff5990850 0000000740902ff8
0x00007fff5310c588:   00007fff5310c588 000000019e74397e
0x00007fff5310c598:   00007fff5310c5d8 000000019e743a38 

Instructions: (pc=0x00007fff9b35d05d)
0x00007fff9b35d03d:   0f 1f 00 48 85 ff 2e 74 62 40 f6 c7 01 2e 75 66
0x00007fff9b35d04d:   49 ba f8 ff ff ff ff 7f 00 00 4c 23 17 49 89 f3
0x00007fff9b35d05d:   45 23 5a 18 49 c1 e3 04 4d 03 5a 10 49 3b 33 75
0x00007fff9b35d06d:   04 41 ff 63 08 49 83 3b 01 76 0d 49 83 c3 10 49 

Register to memory mapping:

RAX=0x00007f9ff5c78bb0 is an unknown value
RBX=0x000000012bab2450: Java_jogamp_nativewindow_macosx_OSXUtil_GetScreenRefreshRate0+0x1cf0 in /private/var/folders/mz/ddp61nqj5pgffdgcqdjxrrfh0000gn/T/jogamp_0000/file_cache/jln1848776821414592642/jln4778538595955528522/libnativewindow_macosx.jnilib at 0x000000012baab000
RCX=0x00007f9ff2400910 is an unknown value
RDX=0x0000000000000000 is an unknown value
RSP=0x00007fff5310c3a8 is pointing into the stack for thread: 0x00007f9ff0064000
RBP=0x00007fff5310c460 is pointing into the stack for thread: 0x00007f9ff0064000
RSI=0x00007fff84bf1116: __NSStyleNameIndexTable+0x7fd5e in /System/Library/Frameworks/AppKit.framework/Versions/C/AppKit at 0x00007fff83f84000
RDI=0x00007f9ff5990850 is an unknown value
R8 =0x0000000000000018 is an unknown value
R9 =0x00007f9ff24006e0 is an unknown value
R10=0x0000000000000000 is an unknown value
R11=0x00007fff84bf1116: __NSStyleNameIndexTable+0x7fd5e in /System/Library/Frameworks/AppKit.framework/Versions/C/AppKit at 0x00007fff83f84000
R12=0x0000000000000000 is an unknown value
R13={method} {0x000000019a6792e0} 'UnsetJAWTRootSurfaceLayer0' '(JJ)V' in 'jogamp/nativewindow/jawt/macosx/MacOSXJAWTWindow'
R14=0x000000012bab2440: Java_jogamp_nativewindow_macosx_OSXUtil_GetScreenRefreshRate0+0x1ce0 in /private/var/folders/mz/ddp61nqj5pgffdgcqdjxrrfh0000gn/T/jogamp_0000/file_cache/jln1848776821414592642/jln4778538595955528522/libnativewindow_macosx.jnilib at 0x000000012baab000
R15=0x00007f9ff0064000 is a thread


Stack: [0x00007fff52911000,0x00007fff53111000],  sp=0x00007fff5310c3a8,  free space=8172k
Native frames: (J=compiled Java code, j=interpreted, Vv=VM code, C=native code)
C  [libobjc.A.dylib+0x705d]  objc_msgSend+0x1d
j  jogamp.nativewindow.jawt.macosx.MacOSXJAWTWindow.UnsetJAWTRootSurfaceLayer0(JJ)V+0
j  jogamp.nativewindow.jawt.macosx.MacOSXJAWTWindow.access$200(JJ)V+2
j  jogamp.nativewindow.jawt.macosx.MacOSXJAWTWindow$1.run()V+38
J 3147 C1 com.jogamp.common.util.RunnableTask.run()V (345 bytes) @ 0x00000001188bfd34 [0x00000001188bfba0+0x194]
v  ~StubRoutines::call_stub
V  [libjvm.dylib+0x2ee5b6]  JavaCalls::call_helper(JavaValue*, methodHandle*, JavaCallArguments*, Thread*)+0x6ae
V  [libjvm.dylib+0x325765]  jni_invoke_nonstatic(JNIEnv_*, JavaValue*, _jobject*, JNICallType, _jmethodID*, JNI_ArgumentPusher*, Thread*)+0x2ec
V  [libjvm.dylib+0x317f33]  jni_CallVoidMethod+0x16b
C  [libnativewindow_macosx.jnilib+0x5326]  Java_jogamp_nativewindow_jawt_macosx_MacOSXJAWTWindow_UnsetJAWTRootSurfaceLayer0+0x2b6
C  [Foundation+0x7152a]  __NSThreadPerformPerform+0x146
C  [CoreFoundation+0xa7321]  __CFRUNLOOP_IS_CALLING_OUT_TO_A_SOURCE0_PERFORM_FUNCTION__+0x11
C  [CoreFoundation+0x88197]  __CFRunLoopDoSources0+0x1a7
C  [CoreFoundation+0x87716]  __CFRunLoopRun+0x3a6
C  [CoreFoundation+0x87114]  CFRunLoopRunSpecific+0x1a4
C  [HIToolbox+0x30ebc]  RunCurrentEventLoopInMode+0xf0
C  [HIToolbox+0x30bf9]  ReceiveNextEventCommon+0xb8
C  [HIToolbox+0x30b26]  _BlockUntilNextEventMatchingListInModeWithFilter+0x47
C  [AppKit+0x46a54]  _DPSNextEvent+0x460
C  [AppKit+0x7c27ee]  -[NSApplication(NSEvent) _nextEventMatchingEventMask:untilDate:inMode:dequeue:]+0xaec
C  [libosxapp.dylib+0x23aa]  -[NSApplicationAWT nextEventMatchingMask:untilDate:inMode:dequeue:]+0x7c
C  [AppKit+0x3b3db]  -[NSApplication run]+0x39e
C  [libosxapp.dylib+0x214d]  +[NSApplicationAWT runAWTLoopWithApp:]+0x9c
C  [libawt_lwawt.dylib+0x45edf]  -[AWTStarter starter:]+0x389
C  [Foundation+0x7152a]  __NSThreadPerformPerform+0x146
C  [CoreFoundation+0xa7321]  __CFRUNLOOP_IS_CALLING_OUT_TO_A_SOURCE0_PERFORM_FUNCTION__+0x11
C  [CoreFoundation+0x8821d]  __CFRunLoopDoSources0+0x22d
C  [CoreFoundation+0x87716]  __CFRunLoopRun+0x3a6
C  [CoreFoundation+0x87114]  CFRunLoopRunSpecific+0x1a4
C  [java+0x6465]  CreateExecutionEnvironment+0x367
C  [java+0x218c]  JLI_Launch+0x7a0
C  [java+0x84c2]  main+0x65
C  [java+0x19e4]  start+0x34
C  0x0000000000000007

Java frames: (J=compiled Java code, j=interpreted, Vv=VM code)
j  jogamp.nativewindow.jawt.macosx.MacOSXJAWTWindow.UnsetJAWTRootSurfaceLayer0(JJ)V+0
j  jogamp.nativewindow.jawt.macosx.MacOSXJAWTWindow.access$200(JJ)V+2
j  jogamp.nativewindow.jawt.macosx.MacOSXJAWTWindow$1.run()V+38
J 3147 C1 com.jogamp.common.util.RunnableTask.run()V (345 bytes) @ 0x00000001188bfd34 [0x00000001188bfba0+0x194]
v  ~StubRoutines::call_stub

---------------  P R O C E S S  ---------------

Java Threads: ( => current thread )
  0x00007f9ff0720800 JavaThread "Thread-20" [_thread_blocked, id=37931, stack(0x0000700005e29000,0x0000700005f29000)]
  0x00007f9ff030e800 JavaThread "AWT-EventQueue-1" [_thread_in_native, id=63683, stack(0x0000700005ca3000,0x0000700005da3000)]
  0x00007f9ff0b44000 JavaThread "DestroyJavaVM" [_thread_blocked, id=7171, stack(0x000070000465b000,0x000070000475b000)]
  0x00007f9ff01fc800 JavaThread "AWT-EventQueue-0" [_thread_blocked, id=61699, stack(0x0000700005a9d000,0x0000700005b9d000)]
  0x00007f9ff0aca000 JavaThread "Java2D Disposer" daemon [_thread_blocked, id=57883, stack(0x0000700005814000,0x0000700005914000)]
  0x00007f9ff0a9b800 JavaThread "Java2D Queue Flusher" daemon [_thread_blocked, id=50963, stack(0x0000700005711000,0x0000700005811000)]
  0x00007f9ff096c800 JavaThread "AWT-Shutdown" [_thread_blocked, id=30239, stack(0x0000700005508000,0x0000700005608000)]
=>0x00007f9ff0064000 JavaThread "AWT-AppKit" daemon [_thread_in_native, id=775, stack(0x00007fff52911000,0x00007fff53111000)]
  0x00007f9ff100c000 JavaThread "Service Thread" daemon [_thread_blocked, id=18435, stack(0x000070000527f000,0x000070000537f000)]
  0x00007f9ff100b800 JavaThread "C1 CompilerThread2" daemon [_thread_blocked, id=17923, stack(0x000070000517c000,0x000070000527c000)]
  0x00007f9ff0820800 JavaThread "C2 CompilerThread1" daemon [_thread_blocked, id=17411, stack(0x0000700005079000,0x0000700005179000)]
  0x00007f9ff081f000 JavaThread "C2 CompilerThread0" daemon [_thread_blocked, id=16899, stack(0x0000700004f76000,0x0000700005076000)]
  0x00007f9ff082b800 JavaThread "Signal Dispatcher" daemon [_thread_blocked, id=16387, stack(0x0000700004e73000,0x0000700004f73000)]
  0x00007f9ff0803000 JavaThread "Finalizer" daemon [_thread_blocked, id=12547, stack(0x0000700004d70000,0x0000700004e70000)]
  0x00007f9ff004f800 JavaThread "Reference Handler" daemon [_thread_blocked, id=12035, stack(0x0000700004c6d000,0x0000700004d6d000)]

Other Threads:
  0x00007f9ff004a800 VMThread [stack: 0x0000700004b6a000,0x0000700004c6a000] [id=11523]
  0x00007f9ff005c000 WatcherThread [stack: 0x0000700005382000,0x0000700005482000] [id=18947]

VM state:not at safepoint (normal execution)

VM Mutex/Monitor currently owned by a thread: None

Heap:
 PSYoungGen      total 348160K, used 174237K [0x0000000795580000, 0x00000007ad200000, 0x00000007c0000000)
  eden space 328192K, 53% used [0x0000000795580000,0x000000079ff77498,0x00000007a9600000)
  from space 19968K, 0% used [0x00000007abe80000,0x00000007abeb0000,0x00000007ad200000)
  to   space 30720K, 0% used [0x00000007a9600000,0x00000007a9600000,0x00000007ab400000)
 ParOldGen       total 94208K, used 36361K [0x0000000740000000, 0x0000000745c00000, 0x0000000795580000)
  object space 94208K, 38% used [0x0000000740000000,0x00000007423824f8,0x0000000745c00000)
 Metaspace       used 27987K, capacity 28357K, committed 28544K, reserved 1075200K
  class space    used 2230K, capacity 2342K, committed 2432K, reserved 1048576K

Card table byte_map: [0x000000010e763000,0x000000010eb64000] byte_map_base: 0x000000010ad63000

Marking Bits: (ParMarkBitMap*) 0x000000010dcf1ea0
 Begin Bits: [0x000000010ee0f000, 0x0000000110e0f000)
 End Bits:   [0x0000000110e0f000, 0x0000000112e0f000)

Polling page: 0x000000010cbaf000

CodeCache: size=245760Kb used=11669Kb max_used=11683Kb free=234090Kb
 bounds [0x000000011813d000, 0x0000000118cbd000, 0x000000012713d000]
 total_blobs=3913 nmethods=2992 adapters=834
 compilation: enabled

Compilation events (10 events):
Event: 24.092 Thread 0x00007f9ff100b800 3462  s    3       sun.font.FontAccess::getFontAccess (4 bytes)
Event: 24.092 Thread 0x00007f9ff100b800 nmethod 3462 0x0000000118ca6850 code [0x0000000118ca69c0, 0x0000000118ca6c70]
Event: 24.097 Thread 0x00007f9ff0820800 3466   !   4       sun.font.FontDesignMetrics::getMetrics (265 bytes)
Event: 24.097 Thread 0x00007f9ff081f000 3467   !   4       java.awt.Font::equals (132 bytes)
Event: 24.101 Thread 0x00007f9ff081f000 nmethod 3467 0x0000000118ca6090 code [0x0000000118ca6200, 0x0000000118ca6558]
Event: 24.116 Thread 0x00007f9ff0820800 nmethod 3466 0x0000000118cb1810 code [0x0000000118cb1ae0, 0x0000000118cb2fd0]
Event: 24.166 Thread 0x00007f9ff100b800 3468       1       sun.java2d.SurfaceData::isValid (5 bytes)
Event: 24.166 Thread 0x00007f9ff100b800 nmethod 3468 0x0000000118cb1550 code [0x0000000118cb16a0, 0x0000000118cb17b0]
Event: 24.188 Thread 0x00007f9ff100b800 3469       3       sun.java2d.pipe.RenderBuffer::putFloat (26 bytes)
Event: 24.188 Thread 0x00007f9ff100b800 nmethod 3469 0x0000000118cb0e50 code [0x0000000118cb0fc0, 0x0000000118cb1150]

GC Heap History (10 events):
Event: 7.696 GC heap before
{Heap before GC invocations=9 (full 1):
 PSYoungGen      total 153088K, used 126011K [0x0000000795580000, 0x00000007a5d80000, 0x00000007c0000000)
  eden space 117760K, 100% used [0x0000000795580000,0x000000079c880000,0x000000079c880000)
  from space 35328K, 23% used [0x000000079c880000,0x000000079d08edf8,0x000000079eb00000)
  to   space 33792K, 0% used [0x00000007a3c80000,0x00000007a3c80000,0x00000007a5d80000)
 ParOldGen       total 94208K, used 25581K [0x0000000740000000, 0x0000000745c00000, 0x0000000795580000)
  object space 94208K, 27% used [0x0000000740000000,0x00000007418fb7b8,0x0000000745c00000)
 Metaspace       used 27500K, capacity 27813K, committed 28032K, reserved 1075200K
  class space    used 2222K, capacity 2310K, committed 2432K, reserved 1048576K
Event: 7.703 GC heap after
Heap after GC invocations=9 (full 1):
 PSYoungGen      total 221184K, used 10875K [0x0000000795580000, 0x00000007a5400000, 0x00000007c0000000)
  eden space 197120K, 0% used [0x0000000795580000,0x0000000795580000,0x00000007a1600000)
  from space 24064K, 45% used [0x00000007a3c80000,0x00000007a471ee50,0x00000007a5400000)
  to   space 31744K, 0% used [0x00000007a1600000,0x00000007a1600000,0x00000007a3500000)
 ParOldGen       total 94208K, used 25589K [0x0000000740000000, 0x0000000745c00000, 0x0000000795580000)
  object space 94208K, 27% used [0x0000000740000000,0x00000007418fd7b8,0x0000000745c00000)
 Metaspace       used 27500K, capacity 27813K, committed 28032K, reserved 1075200K
  class space    used 2222K, capacity 2310K, committed 2432K, reserved 1048576K
}
Event: 11.226 GC heap before
{Heap before GC invocations=10 (full 1):
 PSYoungGen      total 221184K, used 207995K [0x0000000795580000, 0x00000007a5400000, 0x00000007c0000000)
  eden space 197120K, 100% used [0x0000000795580000,0x00000007a1600000,0x00000007a1600000)
  from space 24064K, 45% used [0x00000007a3c80000,0x00000007a471ee50,0x00000007a5400000)
  to   space 31744K, 0% used [0x00000007a1600000,0x00000007a1600000,0x00000007a3500000)
 ParOldGen       total 94208K, used 25589K [0x0000000740000000, 0x0000000745c00000, 0x0000000795580000)
  object space 94208K, 27% used [0x0000000740000000,0x00000007418fd7b8,0x0000000745c00000)
 Metaspace       used 27605K, capacity 27941K, committed 28288K, reserved 1075200K
  class space    used 2222K, capacity 2310K, committed 2432K, reserved 1048576K
Event: 11.237 GC heap after
Heap after GC invocations=10 (full 1):
 PSYoungGen      total 228864K, used 10953K [0x0000000795580000, 0x00000007a9880000, 0x00000007c0000000)
  eden space 197120K, 0% used [0x0000000795580000,0x0000000795580000,0x00000007a1600000)
  from space 31744K, 34% used [0x00000007a1600000,0x00000007a20b2720,0x00000007a3500000)
  to   space 30208K, 0% used [0x00000007a7b00000,0x00000007a7b00000,0x00000007a9880000)
 ParOldGen       total 94208K, used 25854K [0x0000000740000000, 0x0000000745c00000, 0x0000000795580000)
  object space 94208K, 27% used [0x0000000740000000,0x000000074193f898,0x0000000745c00000)
 Metaspace       used 27605K, capacity 27941K, committed 28288K, reserved 1075200K
  class space    used 2222K, capacity 2310K, committed 2432K, reserved 1048576K
}
Event: 14.172 GC heap before
{Heap before GC invocations=11 (full 1):
 PSYoungGen      total 228864K, used 208073K [0x0000000795580000, 0x00000007a9880000, 0x00000007c0000000)
  eden space 197120K, 100% used [0x0000000795580000,0x00000007a1600000,0x00000007a1600000)
  from space 31744K, 34% used [0x00000007a1600000,0x00000007a20b2720,0x00000007a3500000)
  to   space 30208K, 0% used [0x00000007a7b00000,0x00000007a7b00000,0x00000007a9880000)
 ParOldGen       total 94208K, used 25854K [0x0000000740000000, 0x0000000745c00000, 0x0000000795580000)
  object space 94208K, 27% used [0x0000000740000000,0x000000074193f898,0x0000000745c00000)
 Metaspace       used 27687K, capacity 28005K, committed 28288K, reserved 1075200K
  class space    used 2222K, capacity 2310K, committed 2432K, reserved 1048576K
Event: 14.175 GC heap after
Heap after GC invocations=11 (full 1):
 PSYoungGen      total 286208K, used 448K [0x0000000795580000, 0x00000007a9200000, 0x00000007c0000000)
  eden space 262656K, 0% used [0x0000000795580000,0x0000000795580000,0x00000007a5600000)
  from space 23552K, 1% used [0x00000007a7b00000,0x00000007a7b70010,0x00000007a9200000)
  to   space 30720K, 0% used [0x00000007a5600000,0x00000007a5600000,0x00000007a7400000)
 ParOldGen       total 94208K, used 35953K [0x0000000740000000, 0x0000000745c00000, 0x0000000795580000)
  object space 94208K, 38% used [0x0000000740000000,0x000000074231c488,0x0000000745c00000)
 Metaspace       used 27687K, capacity 28005K, committed 28288K, reserved 1075200K
  class space    used 2222K, capacity 2310K, committed 2432K, reserved 1048576K
}
Event: 18.088 GC heap before
{Heap before GC invocations=12 (full 1):
 PSYoungGen      total 286208K, used 263104K [0x0000000795580000, 0x00000007a9200000, 0x00000007c0000000)
  eden space 262656K, 100% used [0x0000000795580000,0x00000007a5600000,0x00000007a5600000)
  from space 23552K, 1% used [0x00000007a7b00000,0x00000007a7b70010,0x00000007a9200000)
  to   space 30720K, 0% used [0x00000007a5600000,0x00000007a5600000,0x00000007a7400000)
 ParOldGen       total 94208K, used 35953K [0x0000000740000000, 0x0000000745c00000, 0x0000000795580000)
  object space 94208K, 38% used [0x0000000740000000,0x000000074231c488,0x0000000745c00000)
 Metaspace       used 27712K, capacity 28069K, committed 28288K, reserved 1075200K
  class space    used 2223K, capacity 2310K, committed 2432K, reserved 1048576K
Event: 18.090 GC heap after
Heap after GC invocations=12 (full 1):
 PSYoungGen      total 293376K, used 160K [0x0000000795580000, 0x00000007adc80000, 0x00000007c0000000)
  eden space 262656K, 0% used [0x0000000795580000,0x0000000795580000,0x00000007a5600000)
  from space 30720K, 0% used [0x00000007a5600000,0x00000007a5628000,0x00000007a7400000)
  to   space 30720K, 0% used [0x00000007abe80000,0x00000007abe80000,0x00000007adc80000)
 ParOldGen       total 94208K, used 36313K [0x0000000740000000, 0x0000000745c00000, 0x0000000795580000)
  object space 94208K, 38% used [0x0000000740000000,0x00000007423764f8,0x0000000745c00000)
 Metaspace       used 27712K, capacity 28069K, committed 28288K, reserved 1075200K
  class space    used 2223K, capacity 2310K, committed 2432K, reserved 1048576K
}
Event: 21.665 GC heap before
{Heap before GC invocations=13 (full 1):
 PSYoungGen      total 293376K, used 262816K [0x0000000795580000, 0x00000007adc80000, 0x00000007c0000000)
  eden space 262656K, 100% used [0x0000000795580000,0x00000007a5600000,0x00000007a5600000)
  from space 30720K, 0% used [0x00000007a5600000,0x00000007a5628000,0x00000007a7400000)
  to   space 30720K, 0% used [0x00000007abe80000,0x00000007abe80000,0x00000007adc80000)
 ParOldGen       total 94208K, used 36313K [0x0000000740000000, 0x0000000745c00000, 0x0000000795580000)
  object space 94208K, 38% used [0x0000000740000000,0x00000007423764f8,0x0000000745c00000)
 Metaspace       used 27922K, capacity 28197K, committed 28544K, reserved 1075200K
  class space    used 2223K, capacity 2310K, committed 2432K, reserved 1048576K
Event: 21.667 GC heap after
Heap after GC invocations=13 (full 1):
 PSYoungGen      total 348160K, used 192K [0x0000000795580000, 0x00000007ad200000, 0x00000007c0000000)
  eden space 328192K, 0% used [0x0000000795580000,0x0000000795580000,0x00000007a9600000)
  from space 19968K, 0% used [0x00000007abe80000,0x00000007abeb0000,0x00000007ad200000)
  to   space 30720K, 0% used [0x00000007a9600000,0x00000007a9600000,0x00000007ab400000)
 ParOldGen       total 94208K, used 36361K [0x0000000740000000, 0x0000000745c00000, 0x0000000795580000)
  object space 94208K, 38% used [0x0000000740000000,0x00000007423824f8,0x0000000745c00000)
 Metaspace       used 27922K, capacity 28197K, committed 28544K, reserved 1075200K
  class space    used 2223K, capacity 2310K, committed 2432K, reserved 1048576K
}

Deoptimization events (10 events):
Event: 23.266 Thread 0x00007f9ff0064000 Uncommon trap: reason=unstable_if action=reinterpret pc=0x0000000118c77938 method=sun.java2d.pipe.Region.contains(II)Z @ 21
Event: 23.266 Thread 0x00007f9ff0064000 Uncommon trap: reason=unstable_if action=reinterpret pc=0x00000001188cb368 method=sun.java2d.pipe.Region.contains(II)Z @ 21
Event: 24.083 Thread 0x00007f9ff030e800 Uncommon trap: reason=unstable_if action=reinterpret pc=0x0000000118ac3268 method=com.jogamp.common.util.VersionNumber.compareTo(Lcom/jogamp/common/util/VersionNumber;)I @ 21
Event: 24.084 Thread 0x00007f9ff018f800 Uncommon trap: reason=unstable_if action=reinterpret pc=0x000000011883b288 method=java.security.AccessControlContext.combine([Ljava/security/ProtectionDomain;[Ljava/security/ProtectionDomain;)[Ljava/security/ProtectionDomain; @ 151
Event: 24.086 Thread 0x00007f9ff01fc800 Uncommon trap: reason=unstable_if action=reinterpret pc=0x00000001188df4e0 method=java.awt.font.FontRenderContext.equals(Ljava/awt/font/FontRenderContext;)Z @ 2
Event: 24.086 Thread 0x00007f9ff01fc800 Uncommon trap: reason=unstable_if action=reinterpret pc=0x00000001188dca94 method=java.awt.Font.equals(Ljava/lang/Object;)Z @ 2
Event: 24.164 Thread 0x00007f9ff018f800 Uncommon trap: reason=unstable_if action=reinterpret pc=0x00000001187a737c method=java.util.HashMap.putVal(ILjava/lang/Object;Ljava/lang/Object;ZZ)Ljava/lang/Object; @ 81
Event: 24.164 Thread 0x00007f9ff018f800 Uncommon trap: reason=unstable_if action=reinterpret pc=0x00000001186d893c method=java.util.HashMap.putVal(ILjava/lang/Object;Ljava/lang/Object;ZZ)Ljava/lang/Object; @ 81
Event: 24.186 Thread 0x00007f9ff030e800 Uncommon trap: reason=unstable_if action=reinterpret pc=0x00000001188d1190 method=java.security.AccessControlContext.combine([Ljava/security/ProtectionDomain;[Ljava/security/ProtectionDomain;)[Ljava/security/ProtectionDomain; @ 151
Event: 24.187 Thread 0x00007f9ff0720800 Uncommon trap: reason=predicate action=maybe_recompile pc=0x00000001185ca06c method=java.util.Vector.indexOf(Ljava/lang/Object;I)I @ 44

Internal exceptions (10 events):
Event: 0.293 Thread 0x00007f9ff1801800 Exception <a 'java/io/FileNotFoundException'> (0x000000079580e930) thrown at [/Users/java_re/workspace/8-2-build-macosx-x86_64/jdk8u131/8869/hotspot/src/share/vm/prims/jni.cpp, line 709]
Event: 0.294 Thread 0x00007f9ff1801800 Exception <a 'java/io/FileNotFoundException'> (0x000000079580f4b8) thrown at [/Users/java_re/workspace/8-2-build-macosx-x86_64/jdk8u131/8869/hotspot/src/share/vm/prims/jni.cpp, line 709]
Event: 0.386 Thread 0x00007f9ff1801800 Exception <a 'java/io/FileNotFoundException'> (0x000000079594c438) thrown at [/Users/java_re/workspace/8-2-build-macosx-x86_64/jdk8u131/8869/hotspot/src/share/vm/prims/jni.cpp, line 709]
Event: 1.937 Thread 0x00007f9ff038d000 Exception <a 'java/lang/UnsatisfiedLinkError': com.jogamp.common.util.JarUtil.fixNativeLibAttribs(Ljava/lang/String;)Z> (0x0000000796bde3d0) thrown at [/Users/java_re/workspace/8-2-build-macosx-x86_64/jdk8u131/8869/hotspot/src/share/vm/prims/nativeLookup.
Event: 2.166 Thread 0x00007f9ff0803000 Exception <a 'java/lang/NullPointerException'> (0x00000007956a64e8) thrown at [/Users/java_re/workspace/8-2-build-macosx-x86_64/jdk8u131/8869/hotspot/src/share/vm/interpreter/linkResolver.cpp, line 1197]
Event: 2.697 Thread 0x00007f9ff030e800 Exception <a 'java/io/FileNotFoundException'> (0x0000000795f28460) thrown at [/Users/java_re/workspace/8-2-build-macosx-x86_64/jdk8u131/8869/hotspot/src/share/vm/prims/jni.cpp, line 709]
Event: 2.697 Thread 0x00007f9ff030e800 Exception <a 'java/io/FileNotFoundException'> (0x0000000795f2e450) thrown at [/Users/java_re/workspace/8-2-build-macosx-x86_64/jdk8u131/8869/hotspot/src/share/vm/prims/jni.cpp, line 709]
Event: 2.697 Thread 0x00007f9ff030e800 Implicit null exception at 0x000000011830d076 to 0x000000011830d445
Event: 3.887 Thread 0x00007f9ff030e800 Implicit null exception at 0x000000011850d806 to 0x000000011850da4d
Event: 3.906 Thread 0x00007f9ff0720800 Implicit null exception at 0x0000000118310575 to 0x0000000118310939

Events (10 events):
Event: 24.186 loading class java/awt/event/AWTEventListenerProxy
Event: 24.186 loading class java/awt/event/AWTEventListenerProxy done
Event: 24.186 loading class java/awt/Toolkit$ToolkitEventMulticaster
Event: 24.186 loading class java/awt/Toolkit$ToolkitEventMulticaster done
Event: 24.187 Thread 0x00007f9ff018f800 Thread exited: 0x00007f9ff018f800
Event: 24.187 Thread 0x00007f9ff0720800 Uncommon trap: trap_request=0xffffff86 fr.pc=0x00000001185ca06c
Event: 24.187 Thread 0x00007f9ff0720800 DEOPT PACKING pc=0x00000001185ca06c sp=0x0000700005f287e0
Event: 24.187 Thread 0x00007f9ff0720800 DEOPT UNPACKING pc=0x0000000118142229 sp=0x0000700005f287a0 mode 2
Event: 24.187 loading class java/awt/Window$1DisposeAction
Event: 24.188 loading class java/awt/Window$1DisposeAction done


Dynamic libraries:
0x00000000110d3000 	/System/Library/Frameworks/Cocoa.framework/Versions/A/Cocoa
0x00000000110d3000 	/System/Library/Frameworks/Security.framework/Versions/A/Security
0x00000000110d3000 	/System/Library/Frameworks/ApplicationServices.framework/Versions/A/ApplicationServices
0x00000000110d3000 	/usr/lib/libz.1.dylib
0x00000000110d3000 	/usr/lib/libSystem.B.dylib
0x00000000110d3000 	/usr/lib/libobjc.A.dylib
0x00000000110d3000 	/System/Library/Frameworks/CoreFoundation.framework/Versions/A/CoreFoundation
0x00000000110d3000 	/System/Library/Frameworks/Foundation.framework/Versions/C/Foundation
0x00000000110d3000 	/System/Library/Frameworks/AppKit.framework/Versions/C/AppKit
0x00000000110d3000 	/System/Library/Frameworks/CoreData.framework/Versions/A/CoreData
0x00000000110d3000 	/System/Library/PrivateFrameworks/RemoteViewServices.framework/Versions/A/RemoteViewServices
0x00000000110d3000 	/System/Library/PrivateFrameworks/UIFoundation.framework/Versions/A/UIFoundation
0x00000000110d3000 	/System/Library/PrivateFrameworks/DFRFoundation.framework/Versions/A/DFRFoundation
0x00000000110d3000 	/usr/lib/libenergytrace.dylib
0x00000000110d3000 	/System/Library/PrivateFrameworks/SkyLight.framework/Versions/A/SkyLight
0x00000000110d3000 	/System/Library/Frameworks/CoreGraphics.framework/Versions/A/CoreGraphics
0x00000000110d3000 	/usr/lib/libScreenReader.dylib
0x00000000110d3000 	/System/Library/Frameworks/Accelerate.framework/Versions/A/Accelerate
0x00000000110d3000 	/System/Library/Frameworks/IOSurface.framework/Versions/A/IOSurface
0x00000000110d3000 	/System/Library/Frameworks/AudioToolbox.framework/Versions/A/AudioToolbox
0x00000000110d3000 	/System/Library/Frameworks/AudioUnit.framework/Versions/A/AudioUnit
0x00000000110d3000 	/System/Library/PrivateFrameworks/DataDetectorsCore.framework/Versions/A/DataDetectorsCore
0x00000000110d3000 	/System/Library/PrivateFrameworks/DesktopServicesPriv.framework/Versions/A/DesktopServicesPriv
0x00000000110d3000 	/System/Library/Frameworks/Carbon.framework/Versions/A/Frameworks/HIToolbox.framework/Versions/A/HIToolbox
0x00000000110d3000 	/usr/lib/libicucore.A.dylib
0x00000000110d3000 	/System/Library/Frameworks/QuartzCore.framework/Versions/A/QuartzCore
0x00000000110d3000 	/System/Library/Frameworks/Carbon.framework/Versions/A/Frameworks/SpeechRecognition.framework/Versions/A/SpeechRecognition
0x00000000110d3000 	/usr/lib/libauto.dylib
0x00000000110d3000 	/usr/lib/libxml2.2.dylib
0x00000000110d3000 	/System/Library/PrivateFrameworks/CoreUI.framework/Versions/A/CoreUI
0x00000000110d3000 	/System/Library/Frameworks/CoreAudio.framework/Versions/A/CoreAudio
0x00000000110d3000 	/System/Library/Frameworks/DiskArbitration.framework/Versions/A/DiskArbitration
0x00000000110d3000 	/usr/lib/liblangid.dylib
0x00000000110d3000 	/System/Library/PrivateFrameworks/MultitouchSupport.framework/Versions/A/MultitouchSupport
0x00000000110d3000 	/System/Library/Frameworks/IOKit.framework/Versions/A/IOKit
0x00000000110d3000 	/usr/lib/libDiagnosticMessagesClient.dylib
0x00000000110d3000 	/System/Library/Frameworks/CoreServices.framework/Versions/A/CoreServices
0x00000000110d3000 	/System/Library/PrivateFrameworks/PerformanceAnalysis.framework/Versions/A/PerformanceAnalysis
0x00000000110d3000 	/System/Library/PrivateFrameworks/GenerationalStorage.framework/Versions/A/GenerationalStorage
0x00000000110d3000 	/System/Library/Frameworks/OpenGL.framework/Versions/A/OpenGL
0x00000000110d3000 	/System/Library/Frameworks/CoreImage.framework/Versions/A/CoreImage
0x00000000110d3000 	/System/Library/Frameworks/CoreText.framework/Versions/A/CoreText
0x00000000110d3000 	/System/Library/Frameworks/ImageIO.framework/Versions/A/ImageIO
0x00000000110d3000 	/System/Library/PrivateFrameworks/Backup.framework/Versions/A/Backup
0x00000000110d3000 	/usr/lib/libarchive.2.dylib
0x00000000110d3000 	/System/Library/Frameworks/CFNetwork.framework/Versions/A/CFNetwork
0x00000000110d3000 	/System/Library/Frameworks/SystemConfiguration.framework/Versions/A/SystemConfiguration
0x00000000110d3000 	/usr/lib/libCRFSuite.dylib
0x00000000110d3000 	/usr/lib/libc++.1.dylib
0x00000000110d3000 	/usr/lib/libc++abi.dylib
0x00000000110d3000 	/usr/lib/system/libcache.dylib
0x00000000110d3000 	/usr/lib/system/libcommonCrypto.dylib
0x00000000110d3000 	/usr/lib/system/libcompiler_rt.dylib
0x00000000110d3000 	/usr/lib/system/libcopyfile.dylib
0x00000000110d3000 	/usr/lib/system/libcorecrypto.dylib
0x00000000110d3000 	/usr/lib/system/libdispatch.dylib
0x00000000110d3000 	/usr/lib/system/libdyld.dylib
0x00000000110d3000 	/usr/lib/system/libkeymgr.dylib
0x00000000110d3000 	/usr/lib/system/liblaunch.dylib
0x00000000110d3000 	/usr/lib/system/libmacho.dylib
0x00000000110d3000 	/usr/lib/system/libquarantine.dylib
0x00000000110d3000 	/usr/lib/system/libremovefile.dylib
0x00000000110d3000 	/usr/lib/system/libsystem_asl.dylib
0x00000000110d3000 	/usr/lib/system/libsystem_blocks.dylib
0x00000000110d3000 	/usr/lib/system/libsystem_c.dylib
0x00000000110d3000 	/usr/lib/system/libsystem_configuration.dylib
0x00000000110d3000 	/usr/lib/system/libsystem_coreservices.dylib
0x00000000110d3000 	/usr/lib/system/libsystem_coretls.dylib
0x00000000110d3000 	/usr/lib/system/libsystem_dnssd.dylib
0x00000000110d3000 	/usr/lib/system/libsystem_info.dylib
0x00000000110d3000 	/usr/lib/system/libsystem_kernel.dylib
0x00000000110d3000 	/usr/lib/system/libsystem_m.dylib
0x00000000110d3000 	/usr/lib/system/libsystem_malloc.dylib
0x00000000110d3000 	/usr/lib/system/libsystem_network.dylib
0x00000000110d3000 	/usr/lib/system/libsystem_networkextension.dylib
0x00000000110d3000 	/usr/lib/system/libsystem_notify.dylib
0x00000000110d3000 	/usr/lib/system/libsystem_platform.dylib
0x00000000110d3000 	/usr/lib/system/libsystem_pthread.dylib
0x00000000110d3000 	/usr/lib/system/libsystem_sandbox.dylib
0x00000000110d3000 	/usr/lib/system/libsystem_secinit.dylib
0x00000000110d3000 	/usr/lib/system/libsystem_symptoms.dylib
0x00000000110d3000 	/usr/lib/system/libsystem_trace.dylib
0x00000000110d3000 	/usr/lib/system/libunwind.dylib
0x00000000110d3000 	/usr/lib/system/libxpc.dylib
0x00000000110d3000 	/usr/lib/libbsm.0.dylib
0x00000000110d3000 	/usr/lib/system/libkxld.dylib
0x00000000110d3000 	/usr/lib/libcoretls.dylib
0x00000000110d3000 	/usr/lib/libcoretls_cfhelpers.dylib
0x00000000110d3000 	/usr/lib/libOpenScriptingUtil.dylib
0x00000000110d3000 	/usr/lib/libpam.2.dylib
0x00000000110d3000 	/usr/lib/libsqlite3.dylib
0x00000000110d3000 	/usr/lib/libxar.1.dylib
0x00000000110d3000 	/usr/lib/libbz2.1.0.dylib
0x00000000110d3000 	/usr/lib/liblzma.5.dylib
0x00000000110d3000 	/usr/lib/libnetwork.dylib
0x00000000110d3000 	/usr/lib/libpcap.A.dylib
0x00000000110d3000 	/System/Library/Frameworks/CoreServices.framework/Versions/A/Frameworks/FSEvents.framework/Versions/A/FSEvents
0x00000000110d3000 	/System/Library/Frameworks/CoreServices.framework/Versions/A/Frameworks/CarbonCore.framework/Versions/A/CarbonCore
0x00000000110d3000 	/System/Library/Frameworks/CoreServices.framework/Versions/A/Frameworks/Metadata.framework/Versions/A/Metadata
0x00000000110d3000 	/System/Library/Frameworks/CoreServices.framework/Versions/A/Frameworks/OSServices.framework/Versions/A/OSServices
0x00000000110d3000 	/System/Library/Frameworks/CoreServices.framework/Versions/A/Frameworks/SearchKit.framework/Versions/A/SearchKit
0x00000000110d3000 	/System/Library/Frameworks/CoreServices.framework/Versions/A/Frameworks/AE.framework/Versions/A/AE
0x00000000110d3000 	/System/Library/Frameworks/CoreServices.framework/Versions/A/Frameworks/LaunchServices.framework/Versions/A/LaunchServices
0x00000000110d3000 	/System/Library/Frameworks/CoreServices.framework/Versions/A/Frameworks/DictionaryServices.framework/Versions/A/DictionaryServices
0x00000000110d3000 	/System/Library/Frameworks/CoreServices.framework/Versions/A/Frameworks/SharedFileList.framework/Versions/A/SharedFileList
0x00000000110d3000 	/System/Library/Frameworks/NetFS.framework/Versions/A/NetFS
0x00000000110d3000 	/System/Library/PrivateFrameworks/NetAuth.framework/Versions/A/NetAuth
0x00000000110d3000 	/System/Library/PrivateFrameworks/login.framework/Versions/A/Frameworks/loginsupport.framework/Versions/A/loginsupport
0x00000000110d3000 	/System/Library/PrivateFrameworks/TCC.framework/Versions/A/TCC
0x00000000110d3000 	/usr/lib/libmecabra.dylib
0x00000000110d3000 	/System/Library/Frameworks/ApplicationServices.framework/Versions/A/Frameworks/ATS.framework/Versions/A/ATS
0x00000000110d3000 	/System/Library/Frameworks/ApplicationServices.framework/Versions/A/Frameworks/ColorSync.framework/Versions/A/ColorSync
0x00000000110d3000 	/System/Library/Frameworks/ApplicationServices.framework/Versions/A/Frameworks/HIServices.framework/Versions/A/HIServices
0x00000000110d3000 	/System/Library/Frameworks/ApplicationServices.framework/Versions/A/Frameworks/LangAnalysis.framework/Versions/A/LangAnalysis
0x00000000110d3000 	/System/Library/Frameworks/ApplicationServices.framework/Versions/A/Frameworks/PrintCore.framework/Versions/A/PrintCore
0x00000000110d3000 	/System/Library/Frameworks/ApplicationServices.framework/Versions/A/Frameworks/QD.framework/Versions/A/QD
0x00000000110d3000 	/System/Library/Frameworks/ApplicationServices.framework/Versions/A/Frameworks/SpeechSynthesis.framework/Versions/A/SpeechSynthesis
0x00000000110d3000 	/System/Library/Frameworks/Accelerate.framework/Versions/A/Frameworks/vImage.framework/Versions/A/vImage
0x00000000110d3000 	/System/Library/Frameworks/Accelerate.framework/Versions/A/Frameworks/vecLib.framework/Versions/A/vecLib
0x00000000110d3000 	/System/Library/Frameworks/Accelerate.framework/Versions/A/Frameworks/vecLib.framework/Versions/A/libvDSP.dylib
0x00000000110d3000 	/System/Library/Frameworks/Accelerate.framework/Versions/A/Frameworks/vecLib.framework/Versions/A/libBNNS.dylib
0x00000000110d3000 	/System/Library/Frameworks/Accelerate.framework/Versions/A/Frameworks/vecLib.framework/Versions/A/libQuadrature.dylib
0x00000000110d3000 	/System/Library/Frameworks/Accelerate.framework/Versions/A/Frameworks/vecLib.framework/Versions/A/libvMisc.dylib
0x00000000110d3000 	/System/Library/Frameworks/Accelerate.framework/Versions/A/Frameworks/vecLib.framework/Versions/A/libLAPACK.dylib
0x00000000110d3000 	/System/Library/Frameworks/Accelerate.framework/Versions/A/Frameworks/vecLib.framework/Versions/A/libBLAS.dylib
0x00000000110d3000 	/System/Library/Frameworks/Accelerate.framework/Versions/A/Frameworks/vecLib.framework/Versions/A/libLinearAlgebra.dylib
0x00000000110d3000 	/System/Library/Frameworks/Accelerate.framework/Versions/A/Frameworks/vecLib.framework/Versions/A/libSparseBLAS.dylib
0x00000000110d3000 	/System/Library/Frameworks/ApplicationServices.framework/Versions/A/Frameworks/ATS.framework/Versions/A/Resources/libFontParser.dylib
0x00000000110d3000 	/System/Library/Frameworks/ApplicationServices.framework/Versions/A/Frameworks/ATS.framework/Versions/A/Resources/libFontRegistry.dylib
0x00000000110d3000 	/System/Library/Frameworks/ImageIO.framework/Versions/A/Resources/libJPEG.dylib
0x00000000110d3000 	/System/Library/Frameworks/ImageIO.framework/Versions/A/Resources/libTIFF.dylib
0x00000000110d3000 	/System/Library/Frameworks/ImageIO.framework/Versions/A/Resources/libPng.dylib
0x00000000110d3000 	/System/Library/Frameworks/ImageIO.framework/Versions/A/Resources/libGIF.dylib
0x00000000110d3000 	/System/Library/Frameworks/ImageIO.framework/Versions/A/Resources/libJP2.dylib
0x00000000110d3000 	/System/Library/Frameworks/ImageIO.framework/Versions/A/Resources/libRadiance.dylib
0x00000000110d3000 	/usr/lib/libcompression.dylib
0x00000000110d3000 	/System/Library/PrivateFrameworks/AppleJPEG.framework/Versions/A/AppleJPEG
0x00000000110d3000 	/usr/lib/libcups.2.dylib
0x00000000110d3000 	/System/Library/Frameworks/Kerberos.framework/Versions/A/Kerberos
0x00000000110d3000 	/System/Library/Frameworks/GSS.framework/Versions/A/GSS
0x00000000110d3000 	/usr/lib/libresolv.9.dylib
0x00000000110d3000 	/usr/lib/libiconv.2.dylib
0x00000000110d3000 	/System/Library/PrivateFrameworks/Heimdal.framework/Versions/A/Heimdal
0x00000000110d3000 	/usr/lib/libheimdal-asn1.dylib
0x00000000110d3000 	/System/Library/Frameworks/OpenDirectory.framework/Versions/A/OpenDirectory
0x00000000110d3000 	/System/Library/PrivateFrameworks/CommonAuth.framework/Versions/A/CommonAuth
0x00000000110d3000 	/System/Library/Frameworks/OpenDirectory.framework/Versions/A/Frameworks/CFOpenDirectory.framework/Versions/A/CFOpenDirectory
0x00000000110d3000 	/System/Library/Frameworks/SecurityFoundation.framework/Versions/A/SecurityFoundation
0x00000000110d3000 	/System/Library/PrivateFrameworks/LanguageModeling.framework/Versions/A/LanguageModeling
0x00000000110d3000 	/usr/lib/libmarisa.dylib
0x00000000110d3000 	/usr/lib/libChineseTokenizer.dylib
0x00000000110d3000 	/usr/lib/libcmph.dylib
0x00000000110d3000 	/System/Library/PrivateFrameworks/CoreEmoji.framework/Versions/A/CoreEmoji
0x00000000110d3000 	/System/Library/Frameworks/ServiceManagement.framework/Versions/A/ServiceManagement
0x00000000110d3000 	/usr/lib/libxslt.1.dylib
0x00000000110d3000 	/System/Library/Frameworks/Carbon.framework/Versions/A/Frameworks/Ink.framework/Versions/A/Ink
0x00000000110d3000 	/System/Library/PrivateFrameworks/TextureIO.framework/Versions/A/TextureIO
0x00000000110d3000 	/System/Library/Frameworks/Metal.framework/Versions/A/Metal
0x00000000110d3000 	/usr/lib/libate.dylib
0x00000000110d3000 	/System/Library/PrivateFrameworks/GPUCompiler.framework/libmetal_timestamp.dylib
0x00000000110d3000 	/System/Library/Frameworks/OpenGL.framework/Versions/A/Libraries/libCoreFSCache.dylib
0x00000000110d3000 	/System/Library/PrivateFrameworks/IOAccelerator.framework/Versions/A/IOAccelerator
0x00000000110d3000 	/System/Library/Frameworks/CoreVideo.framework/Versions/A/CoreVideo
0x00000000110d3000 	/usr/lib/libFosl_dynamic.dylib
0x00000000110d3000 	/System/Library/PrivateFrameworks/MetalPerformanceShaders.framework/Versions/A/MetalPerformanceShaders
0x00000000110d3000 	/System/Library/PrivateFrameworks/FaceCore.framework/Versions/A/FaceCore
0x00000000110d3000 	/System/Library/Frameworks/OpenCL.framework/Versions/A/OpenCL
0x00000000110d3000 	/System/Library/Frameworks/OpenGL.framework/Versions/A/Libraries/libGLU.dylib
0x00000000110d3000 	/System/Library/Frameworks/OpenGL.framework/Versions/A/Libraries/libGFXShared.dylib
0x00000000110d3000 	/System/Library/Frameworks/OpenGL.framework/Versions/A/Libraries/libGL.dylib
0x00000000110d3000 	/System/Library/Frameworks/OpenGL.framework/Versions/A/Libraries/libGLImage.dylib
0x00000000110d3000 	/System/Library/Frameworks/OpenGL.framework/Versions/A/Libraries/libCVMSPluginSupport.dylib
0x00000000110d3000 	/System/Library/Frameworks/OpenGL.framework/Versions/A/Libraries/libCoreVMClient.dylib
0x00000000110d3000 	/System/Library/PrivateFrameworks/CrashReporterSupport.framework/Versions/A/CrashReporterSupport
0x00000000110d3000 	/System/Library/PrivateFrameworks/Sharing.framework/Versions/A/Sharing
0x00000000110d3000 	/System/Library/PrivateFrameworks/IconServices.framework/Versions/A/IconServices
0x00000000110d3000 	/System/Library/PrivateFrameworks/ProtocolBuffer.framework/Versions/A/ProtocolBuffer
0x00000000110d3000 	/System/Library/PrivateFrameworks/Apple80211.framework/Versions/A/Apple80211
0x00000000110d3000 	/System/Library/Frameworks/CoreWLAN.framework/Versions/A/CoreWLAN
0x00000000110d3000 	/System/Library/PrivateFrameworks/CoreUtils.framework/Versions/A/CoreUtils
0x00000000110d3000 	/System/Library/Frameworks/IOBluetooth.framework/Versions/A/IOBluetooth
0x00000000110d3000 	/System/Library/PrivateFrameworks/CoreWiFi.framework/Versions/A/CoreWiFi
0x00000000110d3000 	/System/Library/Frameworks/CoreBluetooth.framework/Versions/A/CoreBluetooth
0x00000000110d3000 	/System/Library/Frameworks/CoreDisplay.framework/Versions/A/CoreDisplay
0x00000000110d3000 	/System/Library/PrivateFrameworks/IOPresentment.framework/Versions/A/IOPresentment
0x00000000110d3000 	/System/Library/PrivateFrameworks/DSExternalDisplay.framework/Versions/A/DSExternalDisplay
0x00000000110d3000 	/System/Library/PrivateFrameworks/DebugSymbols.framework/Versions/A/DebugSymbols
0x00000000110d3000 	/System/Library/PrivateFrameworks/CoreSymbolication.framework/Versions/A/CoreSymbolication
0x00000000110d3000 	/System/Library/PrivateFrameworks/Symbolication.framework/Versions/A/Symbolication
0x00000000110d3000 	/System/Library/PrivateFrameworks/AppleFSCompression.framework/Versions/A/AppleFSCompression
0x00000000110d3000 	/System/Library/PrivateFrameworks/SpeechRecognitionCore.framework/Versions/A/SpeechRecognitionCore
0x00000000110d3000 	/System/Library/PrivateFrameworks/ChunkingLibrary.framework/Versions/A/ChunkingLibrary
0x000000010d400000 	/Library/Java/JavaVirtualMachines/jdk1.8.0_131.jdk/Contents/Home/jre/lib/server/libjvm.dylib
0x00000000110d3000 	/usr/lib/libstdc++.6.dylib
0x000000010cb6c000 	/Library/Java/JavaVirtualMachines/jdk1.8.0_131.jdk/Contents/Home/jre/lib/libverify.dylib
0x000000010cb7a000 	/Library/Java/JavaVirtualMachines/jdk1.8.0_131.jdk/Contents/Home/jre/lib/libjava.dylib
0x000000010cbb9000 	/Library/Java/JavaVirtualMachines/jdk1.8.0_131.jdk/Contents/Home/jre/lib/libzip.dylib
0x0000000114cde000 	/System/Library/Frameworks/JavaVM.framework/Frameworks/JavaRuntimeSupport.framework/JavaRuntimeSupport
0x000000010cbeb000 	/System/Library/Frameworks/JavaVM.framework/Versions/A/Frameworks/JavaNativeFoundation.framework/Versions/A/JavaNativeFoundation
0x0000000114cf8000 	/System/Library/Frameworks/JavaVM.framework/Versions/A/JavaVM
0x00000000110d3000 	/System/Library/Frameworks/Carbon.framework/Versions/A/Carbon
0x0000000114d05000 	/System/Library/PrivateFrameworks/JavaLaunching.framework/Versions/A/JavaLaunching
0x00000000110d3000 	/System/Library/Frameworks/Carbon.framework/Versions/A/Frameworks/CommonPanels.framework/Versions/A/CommonPanels
0x00000000110d3000 	/System/Library/Frameworks/Carbon.framework/Versions/A/Frameworks/Help.framework/Versions/A/Help
0x00000000110d3000 	/System/Library/Frameworks/Carbon.framework/Versions/A/Frameworks/ImageCapture.framework/Versions/A/ImageCapture
0x00000000110d3000 	/System/Library/Frameworks/Carbon.framework/Versions/A/Frameworks/OpenScripting.framework/Versions/A/OpenScripting
0x00000000110d3000 	/System/Library/Frameworks/Carbon.framework/Versions/A/Frameworks/Print.framework/Versions/A/Print
0x00000000110d3000 	/System/Library/Frameworks/Carbon.framework/Versions/A/Frameworks/SecurityHI.framework/Versions/A/SecurityHI
0x0000000116614000 	/Library/Java/JavaVirtualMachines/jdk1.8.0_131.jdk/Contents/Home/jre/lib/libawt.dylib
0x00000001166bc000 	/Library/Java/JavaVirtualMachines/jdk1.8.0_131.jdk/Contents/Home/jre/lib/./libmlib_image.dylib
0x0000000116788000 	/Library/Java/JavaVirtualMachines/jdk1.8.0_131.jdk/Contents/Home/jre/lib/libawt_lwawt.dylib
0x000000011683f000 	/Library/Java/JavaVirtualMachines/jdk1.8.0_131.jdk/Contents/Home/jre/lib/./libosxapp.dylib
0x00000000110d3000 	/System/Library/Frameworks/ExceptionHandling.framework/Versions/A/ExceptionHandling
0x00000000110d3000 	/System/Library/PrivateFrameworks/CoreServicesInternal.framework/Versions/A/CoreServicesInternal
0x00000000110d3000 	/System/Library/CoreServices/RawCamera.bundle/Contents/MacOS/RawCamera
0x00000000110d3000 	/System/Library/Frameworks/Accelerate.framework/Versions/A/Frameworks/vImage.framework/Versions/A/Libraries/libCGInterfaces.dylib
0x00000000110d3000 	/System/Library/Frameworks/ApplicationServices.framework/Versions/A/Frameworks/ATS.framework/Versions/A/Resources/libTrueTypeScaler.dylib
0x0000000127a82000 	/System/Library/Frameworks/OpenGL.framework/Resources/GLEngine.bundle/GLEngine
0x00000000110d3000 	/System/Library/Frameworks/OpenGL.framework/Versions/A/Libraries/libGLProgrammability.dylib
0x0000000127c67000 	/System/Library/Extensions/AppleIntelKBLGraphicsGLDriver.bundle/Contents/MacOS/AppleIntelKBLGraphicsGLDriver
0x00000000110d3000 	/System/Library/PrivateFrameworks/GPUSupport.framework/Versions/A/Libraries/libGPUSupportMercury.dylib
0x000000011804a000 	/System/Library/Frameworks/OpenGL.framework/Resources//GLRendererFloat.bundle/GLRendererFloat
0x00000000110d3000 	/System/Library/Frameworks/OpenCL.framework/Versions/A/Libraries/libcldcpuengine.dylib
0x00000000110d3000 	/usr/lib/libcrypto.0.9.8.dylib
0x00000000110d3000 	/System/Library/PrivateFrameworks/TrustEvaluationAgent.framework/Versions/A/TrustEvaluationAgent
0x00000001289ea000 	/System/Library/Extensions/AppleIntelKBLGraphicsMTLDriver.bundle/Contents/MacOS/AppleIntelKBLGraphicsMTLDriver
0x00000000110d3000 	/System/Library/PrivateFrameworks/FamilyControls.framework/Versions/A/FamilyControls
0x00000000110d3000 	/System/Library/PrivateFrameworks/CommerceKit.framework/Versions/A/Frameworks/CommerceCore.framework/Versions/A/CommerceCore
0x00000000110d3000 	/System/Library/PrivateFrameworks/SystemAdministration.framework/Versions/A/SystemAdministration
0x00000000110d3000 	/System/Library/PrivateFrameworks/AppContainer.framework/Versions/A/AppContainer
0x00000000110d3000 	/System/Library/PrivateFrameworks/SecCodeWrapper.framework/Versions/A/SecCodeWrapper
0x00000000110d3000 	/System/Library/Frameworks/DirectoryService.framework/Versions/A/DirectoryService
0x00000000110d3000 	/System/Library/PrivateFrameworks/DiskImages.framework/Versions/A/DiskImages
0x00000000110d3000 	/System/Library/PrivateFrameworks/LoginUIKit.framework/Versions/A/Frameworks/LoginUICore.framework/Versions/A/LoginUICore
0x00000000110d3000 	/usr/lib/libCoreStorage.dylib
0x00000000110d3000 	/usr/lib/libcsfde.dylib
0x00000000110d3000 	/usr/lib/libodfde.dylib
0x00000000110d3000 	/System/Library/Frameworks/DiscRecording.framework/Versions/A/DiscRecording
0x00000000110d3000 	/usr/lib/libcurl.4.dylib
0x00000000110d3000 	/System/Library/PrivateFrameworks/MediaKit.framework/Versions/A/MediaKit
0x00000000110d3000 	/System/Library/PrivateFrameworks/ProtectedCloudStorage.framework/Versions/A/ProtectedCloudStorage
0x00000000110d3000 	/System/Library/PrivateFrameworks/EFILogin.framework/Versions/A/EFILogin
0x00000000110d3000 	/usr/lib/libutil.dylib
0x00000000110d3000 	/System/Library/Frameworks/LDAP.framework/Versions/A/LDAP
0x00000000110d3000 	/usr/lib/libsasl2.2.dylib
0x00000000110d3000 	/System/Library/PrivateFrameworks/CoreDaemon.framework/Versions/B/CoreDaemon
0x00000000110d3000 	/System/Library/PrivateFrameworks/AppleSRP.framework/Versions/A/AppleSRP
0x00000000110d3000 	/System/Library/PrivateFrameworks/APFS.framework/Versions/A/APFS
0x000000012a922000 	/Library/Java/JavaVirtualMachines/jdk1.8.0_131.jdk/Contents/Home/jre/lib/libfontmanager.dylib
0x000000012b9ed000 	/Library/Java/JavaVirtualMachines/jdk1.8.0_131.jdk/Contents/Home/jre/lib/libosxui.dylib
0x00000000110d3000 	/System/Library/PrivateFrameworks/ViewBridge.framework/Versions/A/ViewBridge
0x00000000110d3000 	/System/Library/PrivateFrameworks/XPCService.framework/Versions/A/XPCService
0x00000000110d3000 	/System/Library/PrivateFrameworks/AppSandbox.framework/Versions/A/AppSandbox
0x00000000110d3000 	/usr/lib/libsandbox.1.dylib
0x00000000110d3000 	/usr/lib/libMatch.1.dylib
0x000000012cb52000 	/Library/Java/JavaVirtualMachines/jdk1.8.0_131.jdk/Contents/Home/jre/lib/libnet.dylib
0x000000012c964000 	/Library/Java/JavaVirtualMachines/jdk1.8.0_131.jdk/Contents/Home/jre/lib/libnio.dylib
0x000000012ba7a000 	/private/var/folders/mz/ddp61nqj5pgffdgcqdjxrrfh0000gn/T/jogamp_0000/file_cache/jln1848776821414592642/jln4778538595955528522/libgluegen-rt.jnilib
0x000000012b9ea000 	/private/var/folders/mz/ddp61nqj5pgffdgcqdjxrrfh0000gn/T/jogamp_0000/file_cache/jln1848776821414592642/jln4778538595955528522/libnativewindow_awt.jnilib
0x000000012ba7e000 	/Library/Java/JavaVirtualMachines/jdk1.8.0_131.jdk/Contents/Home/jre/lib/libjawt.dylib
0x000000012baab000 	/private/var/folders/mz/ddp61nqj5pgffdgcqdjxrrfh0000gn/T/jogamp_0000/file_cache/jln1848776821414592642/jln4778538595955528522/libnativewindow_macosx.jnilib
0x000000019a77b000 	/private/var/folders/mz/ddp61nqj5pgffdgcqdjxrrfh0000gn/T/jogamp_0000/file_cache/jln1848776821414592642/jln4778538595955528522/libjogl_desktop.jnilib
0x00000001a0cfd000 	/Library/Java/JavaVirtualMachines/jdk1.8.0_131.jdk/Contents/Home/jre/lib/libt2k.dylib

VM Arguments:
jvm_args: -Djava.security.policy=java.policy.applet -Dfile.encoding=UTF-8 
java_command: sun.applet.AppletViewer module6.EarthquakeCityMap1501857441237.html
java_class_path (initial): /Users/litianlun/Downloads/UCSDUnfoldingMaps/build:/Users/litianlun/Downloads/UCSDUnfoldingMaps/lib/core.jar:/Users/litianlun/Downloads/UCSDUnfoldingMaps/lib/gluegen-rt.jar:/Users/litianlun/Downloads/UCSDUnfoldingMaps/lib/jogl-all.jar:/Users/litianlun/Downloads/UCSDUnfoldingMaps/lib/log4j-1.2.15.jar:/Users/litianlun/Downloads/UCSDUnfoldingMaps/lib/sqlite-jdbc-3.7.2.jar:/Users/litianlun/Downloads/UCSDUnfoldingMaps/lib/json4processing.jar:/Users/litianlun/Downloads/UCSDUnfoldingMaps/lib/libTUIO.jar:/Users/litianlun/Downloads/UCSDUnfoldingMaps/lib/unfolding.0.9.7-uscd.jar
Launcher Type: SUN_STANDARD

Environment Variables:
PATH=/usr/bin:/bin:/usr/sbin:/sbin
SHELL=/bin/bash

Signal Handlers:
SIGSEGV: [libjvm.dylib+0x5b1eb1], sa_mask[0]=11111111011111110111111111111111, sa_flags=SA_ONSTACK|SA_RESTART|SA_SIGINFO
SIGBUS: [libjvm.dylib+0x5b1eb1], sa_mask[0]=11111111011111110111111111111111, sa_flags=SA_RESTART|SA_SIGINFO
SIGFPE: [libjvm.dylib+0x488988], sa_mask[0]=11111111011111110111111111111111, sa_flags=SA_RESTART|SA_SIGINFO
SIGPIPE: [libjvm.dylib+0x488988], sa_mask[0]=11111111011111110111111111111111, sa_flags=SA_RESTART|SA_SIGINFO
SIGXFSZ: [libjvm.dylib+0x488988], sa_mask[0]=11111111011111110111111111111111, sa_flags=SA_RESTART|SA_SIGINFO
SIGILL: [libjvm.dylib+0x488988], sa_mask[0]=11111111011111110111111111111111, sa_flags=SA_RESTART|SA_SIGINFO
SIGUSR1: SIG_DFL, sa_mask[0]=00000000000000000000000000000000, sa_flags=none
SIGUSR2: [libjvm.dylib+0x4884a6], sa_mask[0]=00100000000000000000000000000000, sa_flags=SA_RESTART|SA_SIGINFO
SIGHUP: [libjvm.dylib+0x486a7d], sa_mask[0]=11111111011111110111111111111111, sa_flags=SA_RESTART|SA_SIGINFO
SIGINT: [libjvm.dylib+0x486a7d], sa_mask[0]=11111111011111110111111111111111, sa_flags=SA_RESTART|SA_SIGINFO
SIGTERM: [libjvm.dylib+0x486a7d], sa_mask[0]=11111111011111110111111111111111, sa_flags=SA_RESTART|SA_SIGINFO
SIGQUIT: [libjvm.dylib+0x486a7d], sa_mask[0]=11111111011111110111111111111111, sa_flags=SA_RESTART|SA_SIGINFO


---------------  S Y S T E M  ---------------

OS:Bsduname:Darwin 16.7.0 Darwin Kernel Version 16.7.0: Thu Jun 15 17:36:27 PDT 2017; root:xnu-3789.70.16~2/RELEASE_X86_64 x86_64
rlimit: STACK 8192k, CORE 0k, NPROC 709, NOFILE 10240, AS infinity
load average:1.87 1.77 2.02

CPU:total 4 (initial active 4) (2 cores per cpu, 2 threads per core) family 6 model 142 stepping 9, cmov, cx8, fxsr, mmx, sse, sse2, sse3, ssse3, sse4.1, sse4.2, popcnt, avx, avx2, aes, clmul, erms, 3dnowpref, lzcnt, ht, tsc, tscinvbit, bmi1, bmi2, adx

Memory: 4k page, physical 8388608k(68224k free)

/proc/meminfo:


vm_info: Java HotSpot(TM) 64-Bit Server VM (25.131-b11) for bsd-amd64 JRE (1.8.0_131-b11), built on Mar 15 2017 01:32:22 by "java_re" with gcc 4.2.1 (Based on Apple Inc. build 5658) (LLVM build 2336.11.00)

time: Fri Aug  4 22:37:45 2017
elapsed time: 24 seconds (0d 0h 0m 24s)

