#
# A fatal error has been detected by the Java Runtime Environment:
#
#  SIGSEGV (0xb) at pc=0x00007fffdf6b348f, pid=4741, tid=0x0000000000000307
#
# JRE version: Java(TM) SE Runtime Environment (8.0_131-b11) (build 1.8.0_131-b11)
# Java VM: Java HotSpot(TM) 64-Bit Server VM (25.131-b11 mixed mode bsd-amd64 compressed oops)
# Problematic frame:
# C  [libobjc.A.dylib+0x948f]  objc_release+0xf
#
# Failed to write core dump. Core dumps have been disabled. To enable core dumping, try "ulimit -c unlimited" before starting Java again
#
# If you would like to submit a bug report, please visit:
#   http://bugreport.java.com/bugreport/crash.jsp
# The crash happened outside the Java Virtual Machine in native code.
# See problematic frame for where to report the bug.
#

---------------  T H R E A D  ---------------

Current thread (0x00007fb8db8fb000):  JavaThread "AWT-AppKit" daemon [_thread_in_native, id=775, stack(0x00007fff5149a000,0x00007fff51c9a000)]

siginfo: si_signo: 11 (SIGSEGV), si_code: 0 (unknown), si_addr: 0x0000000000000000

Registers:
RAX=0x0000000000000008, RBX=0x0000000000000000, RCX=0x0000000000000003, RDX=0x00007fb8da7d4298
RSP=0x00007fff51c95370, RBP=0x00007fff51c95370, RSI=0x0000000113c7c010, RDI=0xb00007fb8df84c46
R8 =0x0000000000000001, R9 =0x000000000000000e, R10=0x000000019657d840, R11=0x00007fb8db2a59b0
R12=0x0000000000000000, R13=0x000000019bb038a8, R14=0x00007fb8da7c3d00, R15=0x00007fb8db8fb000
RIP=0x00007fffdf6b348f, EFLAGS=0x0000000000010246, ERR=0x0000000000000000
  TRAPNO=0x000000000000000d

Top of Stack: (sp=0x00007fff51c95370)
0x00007fff51c95370:   00007fff51c953a0 0000000113c03ebc
0x00007fff51c95380:   00007fff51c953a0 000000019657d450
0x00007fff51c95390:   000000019657d440 00007fb8db8fb000
0x00007fff51c953a0:   00007fff51c95460 000000019657b215
0x00007fff51c953b0:   000000019657d700 000000019657d6e0
0x00007fff51c953c0:   000000019657d4b0 0000000000000000
0x00007fff51c953d0:   000000019bb038a8 000000019bb038a8
0x00007fff51c953e0:   00007fb8da7d4290 000000019657d6a0
0x00007fff51c953f0:   000000019657d710 00007fffe57156d0
0x00007fff51c95400:   00007fffe63451e0 000000019657d450
0x00007fff51c95410:   000000019657d690 00007fb8da7d4290
0x00007fff51c95420:   00007fb8da7c3d00 00007fb8da55d160
0x00007fff51c95430:   00007fb8da7d4290 00007fb8da7c3d00
0x00007fff51c95440:   00007fff51c954e8 00007fb8db8fb1f8
0x00007fff51c95450:   000000019bb038a8 00007fff51c95510
0x00007fff51c95460:   00007fff51c954d8 0000000113f609f4
0x00007fff51c95470:   000000019bb038a8 00007fff51c95510
0x00007fff51c95480:   00007fff51c954d8 0000000113f60787
0x00007fff51c95490:   0000000113f60742 00007fff51c95498
0x00007fff51c954a0:   000000019bb038a8 00007fff51c95510
0x00007fff51c954b0:   000000019bb064e0 0000000000000000
0x00007fff51c954c0:   000000019bb038a8 0000000000000000
0x00007fff51c954d0:   00007fff51c954f8 00007fff51c95558
0x00007fff51c954e0:   0000000113f512bd 0000000740284a68
0x00007fff51c954f0:   0000000113f5a538 00007fb8da7d4290
0x00007fff51c95500:   00007fff51c95558 00007fb8da7c3d00
0x00007fff51c95510:   0000000113f5be02 00007fff51c95518
0x00007fff51c95520:   000000019bb03a72 00007fff51c95580
0x00007fff51c95530:   000000019bb064e0 0000000000000000
0x00007fff51c95540:   000000019bb03a80 00007fff51c954f8
0x00007fff51c95550:   00007fff51c95568 00007fff51c955c8
0x00007fff51c95560:   0000000113f512bd 00007fb8da7d4290 

Instructions: (pc=0x00007fffdf6b348f)
0x00007fffdf6b346f:   e9 38 54 00 00 90 90 90 90 90 90 90 90 90 90 90
0x00007fffdf6b347f:   90 55 48 89 e5 48 85 ff 74 67 40 f6 c7 01 75 61
0x00007fffdf6b348f:   48 8b 07 48 b9 f8 ff ff ff ff 7f 00 00 48 21 c1
0x00007fffdf6b349f:   f6 41 20 02 74 58 a8 01 74 49 48 b9 00 00 00 00 

Register to memory mapping:

RAX=0x0000000000000008 is an unknown value
RBX=0x0000000000000000 is an unknown value
RCX=0x0000000000000003 is an unknown value
RDX=0x00007fb8da7d4298 is an unknown value
RSP=0x00007fff51c95370 is pointing into the stack for thread: 0x00007fb8db8fb000
RBP=0x00007fff51c95370 is pointing into the stack for thread: 0x00007fb8db8fb000
RSI=0x0000000113c7c010: OBJC_IVAR_$_PrinterView.fCurPeekGraphics+0x1af0 in /Library/Java/JavaVirtualMachines/jdk1.8.0_131.jdk/Contents/Home/jre/lib/libawt_lwawt.dylib at 0x0000000113bff000
RDI=0xb00007fb8df84c46 is an unknown value
R8 =0x0000000000000001 is an unknown value
R9 =0x000000000000000e is an unknown value
R10=0x000000019657d840: OBJC_CLASS_$_MyCALayer+0 in /private/var/folders/mz/ddp61nqj5pgffdgcqdjxrrfh0000gn/T/jogamp_0000/file_cache/jln6344822987585544209/jln2912819015896080659/libnativewindow_macosx.jnilib at 0x0000000196576000
R11=0x00007fb8db2a59b0 is an unknown value
R12=0x0000000000000000 is an unknown value
R13={method} {0x000000019bb038a8} 'UnsetJAWTRootSurfaceLayer0' '(JJ)V' in 'jogamp/nativewindow/jawt/macosx/MacOSXJAWTWindow'
R14=0x00007fb8da7c3d00 is an unknown value
R15=0x00007fb8db8fb000 is a thread


Stack: [0x00007fff5149a000,0x00007fff51c9a000],  sp=0x00007fff51c95370,  free space=8172k
Native frames: (J=compiled Java code, j=interpreted, Vv=VM code, C=native code)
C  [libobjc.A.dylib+0x948f]  objc_release+0xf
C  [libawt_lwawt.dylib+0x4ebc]  -[AWTSurfaceLayers setLayer:]+0x54
C  [libnativewindow_macosx.jnilib+0x5215]  Java_jogamp_nativewindow_jawt_macosx_MacOSXJAWTWindow_UnsetJAWTRootSurfaceLayer0+0x1a5
j  jogamp.nativewindow.jawt.macosx.MacOSXJAWTWindow.UnsetJAWTRootSurfaceLayer0(JJ)V+0
j  jogamp.nativewindow.jawt.macosx.MacOSXJAWTWindow.access$200(JJ)V+2
j  jogamp.nativewindow.jawt.macosx.MacOSXJAWTWindow$1.run()V+38
J 2526 C1 com.jogamp.common.util.RunnableTask.run()V (345 bytes) @ 0x0000000114398634 [0x00000001143984a0+0x194]
v  ~StubRoutines::call_stub
V  [libjvm.dylib+0x2ee5b6]  JavaCalls::call_helper(JavaValue*, methodHandle*, JavaCallArguments*, Thread*)+0x6ae
V  [libjvm.dylib+0x325765]  jni_invoke_nonstatic(JNIEnv_*, JavaValue*, _jobject*, JNICallType, _jmethodID*, JNI_ArgumentPusher*, Thread*)+0x2ec
V  [libjvm.dylib+0x317f33]  jni_CallVoidMethod+0x16b
C  [libnativewindow_macosx.jnilib+0x5326]  Java_jogamp_nativewindow_jawt_macosx_MacOSXJAWTWindow_UnsetJAWTRootSurfaceLayer0+0x2b6
C  [Foundation+0x717ba]  __NSThreadPerformPerform+0x146
C  [CoreFoundation+0xa7321]  __CFRUNLOOP_IS_CALLING_OUT_TO_A_SOURCE0_PERFORM_FUNCTION__+0x11
C  [CoreFoundation+0x88197]  __CFRunLoopDoSources0+0x1a7
C  [CoreFoundation+0x87716]  __CFRunLoopRun+0x3a6
C  [CoreFoundation+0x87114]  CFRunLoopRunSpecific+0x1a4
C  [HIToolbox+0x30ebc]  RunCurrentEventLoopInMode+0xf0
C  [HIToolbox+0x30bf9]  ReceiveNextEventCommon+0xb8
C  [HIToolbox+0x30b26]  _BlockUntilNextEventMatchingListInModeWithFilter+0x47
C  [AppKit+0x46a54]  _DPSNextEvent+0x460
C  [AppKit+0x7c27ee]  -[NSApplication(NSEvent) _nextEventMatchingEventMask:untilDate:inMode:dequeue:]+0xaec
C  [libosxapp.dylib+0x23aa]  -[NSApplicationAWT nextEventMatchingMask:untilDate:inMode:dequeue:]+0x7c
C  [AppKit+0x3b3db]  -[NSApplication run]+0x39e
C  [libosxapp.dylib+0x214d]  +[NSApplicationAWT runAWTLoopWithApp:]+0x9c
C  [libawt_lwawt.dylib+0x45edf]  -[AWTStarter starter:]+0x389
C  [Foundation+0x717ba]  __NSThreadPerformPerform+0x146
C  [CoreFoundation+0xa7321]  __CFRUNLOOP_IS_CALLING_OUT_TO_A_SOURCE0_PERFORM_FUNCTION__+0x11
C  [CoreFoundation+0x8821d]  __CFRunLoopDoSources0+0x22d
C  [CoreFoundation+0x87716]  __CFRunLoopRun+0x3a6
C  [CoreFoundation+0x87114]  CFRunLoopRunSpecific+0x1a4
C  [java+0x6465]  CreateExecutionEnvironment+0x367
C  [java+0x218c]  JLI_Launch+0x7a0
C  [java+0x84c2]  main+0x65
C  [java+0x19e4]  start+0x34
C  0x0000000000000007

Java frames: (J=compiled Java code, j=interpreted, Vv=VM code)
j  jogamp.nativewindow.jawt.macosx.MacOSXJAWTWindow.UnsetJAWTRootSurfaceLayer0(JJ)V+0
j  jogamp.nativewindow.jawt.macosx.MacOSXJAWTWindow.access$200(JJ)V+2
j  jogamp.nativewindow.jawt.macosx.MacOSXJAWTWindow$1.run()V+38
J 2526 C1 com.jogamp.common.util.RunnableTask.run()V (345 bytes) @ 0x0000000114398634 [0x00000001143984a0+0x194]
v  ~StubRoutines::call_stub

---------------  P R O C E S S  ---------------

Java Threads: ( => current thread )
  0x00007fb8e1c62800 JavaThread "Thread-19" [_thread_blocked, id=38967, stack(0x0000700002d66000,0x0000700002e66000)]
  0x00007fb8dc36b800 JavaThread "AWT-EventQueue-1" [_thread_in_native, id=74019, stack(0x0000700002b5d000,0x0000700002c5d000)]
  0x00007fb8db075000 JavaThread "DestroyJavaVM" [_thread_blocked, id=7171, stack(0x0000700001515000,0x0000700001615000)]
  0x00007fb8db9c8000 JavaThread "AWT-EventQueue-0" [_thread_blocked, id=59695, stack(0x0000700002957000,0x0000700002a57000)]
  0x00007fb8da8d8000 JavaThread "Java2D Disposer" daemon [_thread_blocked, id=58139, stack(0x00007000026ce000,0x00007000027ce000)]
  0x00007fb8db953000 JavaThread "Java2D Queue Flusher" daemon [_thread_blocked, id=58375, stack(0x00007000025cb000,0x00007000026cb000)]
  0x00007fb8dc1f3000 JavaThread "AWT-Shutdown" [_thread_blocked, id=30495, stack(0x00007000023c2000,0x00007000024c2000)]
=>0x00007fb8db8fb000 JavaThread "AWT-AppKit" daemon [_thread_in_native, id=775, stack(0x00007fff5149a000,0x00007fff51c9a000)]
  0x00007fb8dc062800 JavaThread "Service Thread" daemon [_thread_blocked, id=18691, stack(0x0000700002139000,0x0000700002239000)]
  0x00007fb8db82c000 JavaThread "C1 CompilerThread2" daemon [_thread_blocked, id=18179, stack(0x0000700002036000,0x0000700002136000)]
  0x00007fb8dc057000 JavaThread "C2 CompilerThread1" daemon [_thread_blocked, id=17667, stack(0x0000700001f33000,0x0000700002033000)]
  0x00007fb8db833800 JavaThread "C2 CompilerThread0" daemon [_thread_blocked, id=17155, stack(0x0000700001e30000,0x0000700001f30000)]
  0x00007fb8dc004800 JavaThread "Signal Dispatcher" daemon [_thread_blocked, id=16643, stack(0x0000700001d2d000,0x0000700001e2d000)]
  0x00007fb8da818000 JavaThread "Finalizer" daemon [_thread_blocked, id=12547, stack(0x0000700001c2a000,0x0000700001d2a000)]
  0x00007fb8dc003800 JavaThread "Reference Handler" daemon [_thread_blocked, id=12035, stack(0x0000700001b27000,0x0000700001c27000)]

Other Threads:
  0x00007fb8db856800 VMThread [stack: 0x0000700001a24000,0x0000700001b24000] [id=11523]
  0x00007fb8db82d000 WatcherThread [stack: 0x000070000223c000,0x000070000233c000] [id=19203]

VM state:not at safepoint (normal execution)

VM Mutex/Monitor currently owned by a thread: None

Heap:
 PSYoungGen      total 55808K, used 33600K [0x0000000795580000, 0x0000000799d00000, 0x00000007c0000000)
  eden space 41472K, 80% used [0x0000000795580000,0x00000007976282c8,0x0000000797e00000)
  from space 14336K, 1% used [0x0000000798f00000,0x0000000798f28000,0x0000000799d00000)
  to   space 15872K, 0% used [0x0000000797e00000,0x0000000797e00000,0x0000000798d80000)
 ParOldGen       total 78336K, used 16319K [0x0000000740000000, 0x0000000744c80000, 0x0000000795580000)
  object space 78336K, 20% used [0x0000000740000000,0x0000000740fefc70,0x0000000744c80000)
 Metaspace       used 21529K, capacity 21875K, committed 22016K, reserved 1069056K
  class space    used 2111K, capacity 2216K, committed 2304K, reserved 1048576K

Card table byte_map: [0x000000010fba1000,0x000000010ffa2000] byte_map_base: 0x000000010c1a1000

Marking Bits: (ParMarkBitMap*) 0x000000010f0f1ea0
 Begin Bits: [0x0000000122f49000, 0x0000000124f49000)
 End Bits:   [0x0000000124f49000, 0x0000000126f49000)

Polling page: 0x000000010dff1000

CodeCache: size=245760Kb used=10013Kb max_used=10013Kb free=235747Kb
 bounds [0x0000000113f49000, 0x0000000114929000, 0x0000000122f49000]
 total_blobs=3711 nmethods=2799 adapters=825
 compilation: enabled

Compilation events (10 events):
Event: 18.260 Thread 0x00007fb8dc057000 2995  s!   4       sun.misc.URLClassPath::getLoader (243 bytes)
Event: 18.262 Thread 0x00007fb8db82c000 2996       3       sun.net.www.protocol.jar.Handler::parseContextSpec (154 bytes)
Event: 18.264 Thread 0x00007fb8db82c000 nmethod 2996 0x00000001148e0c90 code [0x00000001148e1080, 0x00000001148e3768]
Event: 18.264 Thread 0x00007fb8db82c000 2998       3       sun.awt.SunToolkit::executeOnEventHandlerThread (14 bytes)
Event: 18.265 Thread 0x00007fb8db82c000 nmethod 2998 0x00000001148dde90 code [0x00000001148de080, 0x00000001148de9d8]
Event: 18.265 Thread 0x00007fb8db82c000 2999       3       sun.awt.SunToolkit::executeOnEventHandlerThread (12 bytes)
Event: 18.265 Thread 0x00007fb8db82c000 nmethod 2999 0x0000000114914610 code [0x00000001149147c0, 0x0000000114914ea8]
Event: 18.265 Thread 0x00007fb8db82c000 2997       3       sun.net.www.ParseUtil::canonizeString (195 bytes)
Event: 18.267 Thread 0x00007fb8dc057000 nmethod 2995 0x0000000114918590 code [0x0000000114918700, 0x0000000114918ed8]
Event: 18.267 Thread 0x00007fb8db82c000 nmethod 2997 0x0000000114919290 code [0x0000000114919660, 0x000000011491baa8]

GC Heap History (10 events):
Event: 4.440 GC heap before
{Heap before GC invocations=3 (full 0):
 PSYoungGen      total 38400K, used 29879K [0x0000000795580000, 0x0000000798000000, 0x00000007c0000000)
  eden space 33280K, 74% used [0x0000000795580000,0x0000000796dae968,0x0000000797600000)
  from space 5120K, 99% used [0x0000000797b00000,0x0000000797fff500,0x0000000798000000)
  to   space 5120K, 0% used [0x0000000797600000,0x0000000797600000,0x0000000797b00000)
 ParOldGen       total 87552K, used 8320K [0x0000000740000000, 0x0000000745580000, 0x0000000795580000)
  object space 87552K, 9% used [0x0000000740000000,0x00000007408200b8,0x0000000745580000)
 Metaspace       used 20771K, capacity 21101K, committed 21248K, reserved 1069056K
  class space    used 2103K, capacity 2215K, committed 2304K, reserved 1048576K
Event: 4.446 GC heap after
Heap after GC invocations=3 (full 0):
 PSYoungGen      total 38400K, used 5117K [0x0000000795580000, 0x0000000798000000, 0x00000007c0000000)
  eden space 33280K, 0% used [0x0000000795580000,0x0000000795580000,0x0000000797600000)
  from space 5120K, 99% used [0x0000000797600000,0x0000000797aff460,0x0000000797b00000)
  to   space 5120K, 0% used [0x0000000797b00000,0x0000000797b00000,0x0000000798000000)
 ParOldGen       total 87552K, used 12752K [0x0000000740000000, 0x0000000745580000, 0x0000000795580000)
  object space 87552K, 14% used [0x0000000740000000,0x0000000740c74310,0x0000000745580000)
 Metaspace       used 20771K, capacity 21101K, committed 21248K, reserved 1069056K
  class space    used 2103K, capacity 2215K, committed 2304K, reserved 1048576K
}
Event: 4.446 GC heap before
{Heap before GC invocations=4 (full 1):
 PSYoungGen      total 38400K, used 5117K [0x0000000795580000, 0x0000000798000000, 0x00000007c0000000)
  eden space 33280K, 0% used [0x0000000795580000,0x0000000795580000,0x0000000797600000)
  from space 5120K, 99% used [0x0000000797600000,0x0000000797aff460,0x0000000797b00000)
  to   space 5120K, 0% used [0x0000000797b00000,0x0000000797b00000,0x0000000798000000)
 ParOldGen       total 87552K, used 12752K [0x0000000740000000, 0x0000000745580000, 0x0000000795580000)
  object space 87552K, 14% used [0x0000000740000000,0x0000000740c74310,0x0000000745580000)
 Metaspace       used 20771K, capacity 21101K, committed 21248K, reserved 1069056K
  class space    used 2103K, capacity 2215K, committed 2304K, reserved 1048576K
Event: 4.492 GC heap after
Heap after GC invocations=4 (full 1):
 PSYoungGen      total 38400K, used 0K [0x0000000795580000, 0x0000000798000000, 0x00000007c0000000)
  eden space 33280K, 0% used [0x0000000795580000,0x0000000795580000,0x0000000797600000)
  from space 5120K, 0% used [0x0000000797600000,0x0000000797600000,0x0000000797b00000)
  to   space 5120K, 0% used [0x0000000797b00000,0x0000000797b00000,0x0000000798000000)
 ParOldGen       total 78336K, used 16303K [0x0000000740000000, 0x0000000744c80000, 0x0000000795580000)
  object space 78336K, 20% used [0x0000000740000000,0x0000000740febc70,0x0000000744c80000)
 Metaspace       used 20771K, capacity 21101K, committed 21248K, reserved 1069056K
  class space    used 2103K, capacity 2215K, committed 2304K, reserved 1048576K
}
Event: 7.962 GC heap before
{Heap before GC invocations=5 (full 1):
 PSYoungGen      total 38400K, used 33280K [0x0000000795580000, 0x0000000798000000, 0x00000007c0000000)
  eden space 33280K, 100% used [0x0000000795580000,0x0000000797600000,0x0000000797600000)
  from space 5120K, 0% used [0x0000000797600000,0x0000000797600000,0x0000000797b00000)
  to   space 5120K, 0% used [0x0000000797b00000,0x0000000797b00000,0x0000000798000000)
 ParOldGen       total 78336K, used 16303K [0x0000000740000000, 0x0000000744c80000, 0x0000000795580000)
  object space 78336K, 20% used [0x0000000740000000,0x0000000740febc70,0x0000000744c80000)
 Metaspace       used 21058K, capacity 21421K, committed 21760K, reserved 1069056K
  class space    used 2103K, capacity 2215K, committed 2304K, reserved 1048576K
Event: 7.963 GC heap after
Heap after GC invocations=5 (full 1):
 PSYoungGen      total 38400K, used 128K [0x0000000795580000, 0x0000000798b00000, 0x00000007c0000000)
  eden space 33280K, 0% used [0x0000000795580000,0x0000000795580000,0x0000000797600000)
  from space 5120K, 2% used [0x0000000797b00000,0x0000000797b20000,0x0000000798000000)
  to   space 5120K, 0% used [0x0000000797600000,0x0000000797600000,0x0000000797b00000)
 ParOldGen       total 78336K, used 16303K [0x0000000740000000, 0x0000000744c80000, 0x0000000795580000)
  object space 78336K, 20% used [0x0000000740000000,0x0000000740febc70,0x0000000744c80000)
 Metaspace       used 21058K, capacity 21421K, committed 21760K, reserved 1069056K
  class space    used 2103K, capacity 2215K, committed 2304K, reserved 1048576K
}
Event: 11.467 GC heap before
{Heap before GC invocations=6 (full 1):
 PSYoungGen      total 38400K, used 33408K [0x0000000795580000, 0x0000000798b00000, 0x00000007c0000000)
  eden space 33280K, 100% used [0x0000000795580000,0x0000000797600000,0x0000000797600000)
  from space 5120K, 2% used [0x0000000797b00000,0x0000000797b20000,0x0000000798000000)
  to   space 5120K, 0% used [0x0000000797600000,0x0000000797600000,0x0000000797b00000)
 ParOldGen       total 78336K, used 16303K [0x0000000740000000, 0x0000000744c80000, 0x0000000795580000)
  object space 78336K, 20% used [0x0000000740000000,0x0000000740febc70,0x0000000744c80000)
 Metaspace       used 21246K, capacity 21613K, committed 21760K, reserved 1069056K
  class space    used 2103K, capacity 2215K, committed 2304K, reserved 1048576K
Event: 11.471 GC heap after
Heap after GC invocations=6 (full 1):
 PSYoungGen      total 38400K, used 96K [0x0000000795580000, 0x0000000799e80000, 0x00000007c0000000)
  eden space 33280K, 0% used [0x0000000795580000,0x0000000795580000,0x0000000797600000)
  from space 5120K, 1% used [0x0000000797600000,0x0000000797618000,0x0000000797b00000)
  to   space 15872K, 0% used [0x0000000798f00000,0x0000000798f00000,0x0000000799e80000)
 ParOldGen       total 78336K, used 16311K [0x0000000740000000, 0x0000000744c80000, 0x0000000795580000)
  object space 78336K, 20% used [0x0000000740000000,0x0000000740fedc70,0x0000000744c80000)
 Metaspace       used 21246K, capacity 21613K, committed 21760K, reserved 1069056K
  class space    used 2103K, capacity 2215K, committed 2304K, reserved 1048576K
}
Event: 14.897 GC heap before
{Heap before GC invocations=7 (full 1):
 PSYoungGen      total 38400K, used 33376K [0x0000000795580000, 0x0000000799e80000, 0x00000007c0000000)
  eden space 33280K, 100% used [0x0000000795580000,0x0000000797600000,0x0000000797600000)
  from space 5120K, 1% used [0x0000000797600000,0x0000000797618000,0x0000000797b00000)
  to   space 15872K, 0% used [0x0000000798f00000,0x0000000798f00000,0x0000000799e80000)
 ParOldGen       total 78336K, used 16311K [0x0000000740000000, 0x0000000744c80000, 0x0000000795580000)
  object space 78336K, 20% used [0x0000000740000000,0x0000000740fedc70,0x0000000744c80000)
 Metaspace       used 21491K, capacity 21811K, committed 22016K, reserved 1069056K
  class space    used 2103K, capacity 2216K, committed 2304K, reserved 1048576K
Event: 14.898 GC heap after
Heap after GC invocations=7 (full 1):
 PSYoungGen      total 55808K, used 160K [0x0000000795580000, 0x0000000799d00000, 0x00000007c0000000)
  eden space 41472K, 0% used [0x0000000795580000,0x0000000795580000,0x0000000797e00000)
  from space 14336K, 1% used [0x0000000798f00000,0x0000000798f28000,0x0000000799d00000)
  to   space 15872K, 0% used [0x0000000797e00000,0x0000000797e00000,0x0000000798d80000)
 ParOldGen       total 78336K, used 16319K [0x0000000740000000, 0x0000000744c80000, 0x0000000795580000)
  object space 78336K, 20% used [0x0000000740000000,0x0000000740fefc70,0x0000000744c80000)
 Metaspace       used 21491K, capacity 21811K, committed 22016K, reserved 1069056K
  class space    used 2103K, capacity 2216K, committed 2304K, reserved 1048576K
}

Deoptimization events (10 events):
Event: 3.622 Thread 0x00007fb8dc36b800 Uncommon trap: reason=unstable_if action=reinterpret pc=0x000000011435f49c method=sun.misc.FloatingDecimal.readJavaFormatString(Ljava/lang/String;)Lsun/misc/FloatingDecimal$ASCIIToBinaryConverter; @ 445
Event: 3.857 Thread 0x00007fb8dc36b800 Uncommon trap: reason=unstable_if action=reinterpret pc=0x0000000114306364 method=java.util.HashMap$HashIterator.<init>(Ljava/util/HashMap;)V @ 38
Event: 3.929 Thread 0x00007fb8dc36b800 Uncommon trap: reason=unstable_if action=reinterpret pc=0x0000000114357d50 method=java.lang.String.trim()Ljava/lang/String; @ 23
Event: 18.226 Thread 0x00007fb8dc36b800 Uncommon trap: reason=speculate_class_check action=maybe_recompile pc=0x00000001148eff0c method=java.awt.EventQueue.coalesceEvent(Ljava/awt/AWTEvent;I)Z @ 53
Event: 18.229 Thread 0x00007fb8dc36b800 Uncommon trap: reason=unstable_if action=reinterpret pc=0x0000000114055ba8 method=java.util.WeakHashMap.get(Ljava/lang/Object;)Ljava/lang/Object; @ 35
Event: 18.229 Thread 0x00007fb8db9c8000 Uncommon trap: reason=unstable_if action=reinterpret pc=0x00000001148ef9d8 method=java.awt.EventQueue.getPriority(Ljava/awt/AWTEvent;)I @ 71
Event: 18.233 Thread 0x00007fb8db9c8000 Uncommon trap: reason=unstable_if action=reinterpret pc=0x000000011470fbf8 method=java.awt.font.FontRenderContext.equals(Ljava/awt/font/FontRenderContext;)Z @ 2
Event: 18.243 Thread 0x00007fb8dc333000 Uncommon trap: reason=unstable_if action=reinterpret pc=0x0000000114815b94 method=java.util.HashMap.putVal(ILjava/lang/Object;Ljava/lang/Object;ZZ)Ljava/lang/Object; @ 81
Event: 18.262 Thread 0x00007fb8dc36b800 Uncommon trap: reason=unstable_if action=reinterpret pc=0x000000011482bea4 method=java.security.AccessControlContext.optimize()Ljava/security/AccessControlContext; @ 233
Event: 18.265 Thread 0x00007fb8e1c62800 Uncommon trap: reason=predicate action=maybe_recompile pc=0x0000000114724948 method=java.util.Vector.indexOf(Ljava/lang/Object;I)I @ 44

Internal exceptions (10 events):
Event: 0.163 Thread 0x00007fb8da80b800 Exception <a 'java/lang/NoSuchFieldError': method resolution failed> (0x0000000795793070) thrown at [/Users/java_re/workspace/8-2-build-macosx-x86_64/jdk8u131/8869/hotspot/src/share/vm/prims/methodHandles.cpp, line 1146]
Event: 0.383 Thread 0x00007fb8da80b800 Exception <a 'java/io/FileNotFoundException'> (0x000000079580e630) thrown at [/Users/java_re/workspace/8-2-build-macosx-x86_64/jdk8u131/8869/hotspot/src/share/vm/prims/jni.cpp, line 709]
Event: 0.383 Thread 0x00007fb8da80b800 Exception <a 'java/io/FileNotFoundException'> (0x000000079580f1b8) thrown at [/Users/java_re/workspace/8-2-build-macosx-x86_64/jdk8u131/8869/hotspot/src/share/vm/prims/jni.cpp, line 709]
Event: 0.508 Thread 0x00007fb8da80b800 Exception <a 'java/io/FileNotFoundException'> (0x000000079594a2e0) thrown at [/Users/java_re/workspace/8-2-build-macosx-x86_64/jdk8u131/8869/hotspot/src/share/vm/prims/jni.cpp, line 709]
Event: 2.495 Thread 0x00007fb8dc384000 Exception <a 'java/lang/UnsatisfiedLinkError': com.jogamp.common.util.JarUtil.fixNativeLibAttribs(Ljava/lang/String;)Z> (0x0000000796b2e188) thrown at [/Users/java_re/workspace/8-2-build-macosx-x86_64/jdk8u131/8869/hotspot/src/share/vm/prims/nativeLookup.
Event: 2.838 Thread 0x00007fb8da818000 Exception <a 'java/lang/NullPointerException'> (0x00000007956a7b00) thrown at [/Users/java_re/workspace/8-2-build-macosx-x86_64/jdk8u131/8869/hotspot/src/share/vm/interpreter/linkResolver.cpp, line 1197]
Event: 3.441 Thread 0x00007fb8dc36b800 Exception <a 'java/io/FileNotFoundException'> (0x0000000795ed8ca0) thrown at [/Users/java_re/workspace/8-2-build-macosx-x86_64/jdk8u131/8869/hotspot/src/share/vm/prims/jni.cpp, line 709]
Event: 3.441 Thread 0x00007fb8dc36b800 Exception <a 'java/io/FileNotFoundException'> (0x0000000795edecc8) thrown at [/Users/java_re/workspace/8-2-build-macosx-x86_64/jdk8u131/8869/hotspot/src/share/vm/prims/jni.cpp, line 709]
Event: 3.441 Thread 0x00007fb8dc36b800 Implicit null exception at 0x0000000114121bf6 to 0x0000000114121fc5
Event: 3.857 Thread 0x00007fb8dc36b800 Implicit null exception at 0x0000000114306106 to 0x000000011430634d

Events (10 events):
Event: 18.263 Executing VM operation: Deoptimize
Event: 18.263 Executing VM operation: Deoptimize done
Event: 18.263 loading class java/awt/Toolkit$ToolkitEventMulticaster
Event: 18.263 loading class java/awt/Toolkit$ToolkitEventMulticaster done
Event: 18.264 Thread 0x00007fb8dc333000 Thread exited: 0x00007fb8dc333000
Event: 18.265 Thread 0x00007fb8e1c62800 Uncommon trap: trap_request=0xffffff86 fr.pc=0x0000000114724948
Event: 18.265 Thread 0x00007fb8e1c62800 DEOPT PACKING pc=0x0000000114724948 sp=0x0000700002e657f0
Event: 18.265 Thread 0x00007fb8e1c62800 DEOPT UNPACKING pc=0x0000000113f4e229 sp=0x0000700002e657a0 mode 2
Event: 18.265 loading class java/awt/Window$1DisposeAction
Event: 18.265 loading class java/awt/Window$1DisposeAction done


Dynamic libraries:
0x000000005542d000 	/System/Library/Frameworks/Cocoa.framework/Versions/A/Cocoa
0x000000005542d000 	/System/Library/Frameworks/Security.framework/Versions/A/Security
0x000000005542d000 	/System/Library/Frameworks/ApplicationServices.framework/Versions/A/ApplicationServices
0x000000005542d000 	/usr/lib/libz.1.dylib
0x000000005542d000 	/usr/lib/libSystem.B.dylib
0x000000005542d000 	/usr/lib/libobjc.A.dylib
0x000000005542d000 	/System/Library/Frameworks/CoreFoundation.framework/Versions/A/CoreFoundation
0x000000005542d000 	/System/Library/Frameworks/Foundation.framework/Versions/C/Foundation
0x000000005542d000 	/System/Library/Frameworks/AppKit.framework/Versions/C/AppKit
0x000000005542d000 	/System/Library/Frameworks/CoreData.framework/Versions/A/CoreData
0x000000005542d000 	/System/Library/PrivateFrameworks/RemoteViewServices.framework/Versions/A/RemoteViewServices
0x000000005542d000 	/System/Library/PrivateFrameworks/UIFoundation.framework/Versions/A/UIFoundation
0x000000005542d000 	/System/Library/PrivateFrameworks/DFRFoundation.framework/Versions/A/DFRFoundation
0x000000005542d000 	/usr/lib/libenergytrace.dylib
0x000000005542d000 	/System/Library/PrivateFrameworks/SkyLight.framework/Versions/A/SkyLight
0x000000005542d000 	/System/Library/Frameworks/CoreGraphics.framework/Versions/A/CoreGraphics
0x000000005542d000 	/usr/lib/libScreenReader.dylib
0x000000005542d000 	/System/Library/Frameworks/Accelerate.framework/Versions/A/Accelerate
0x000000005542d000 	/System/Library/Frameworks/IOSurface.framework/Versions/A/IOSurface
0x000000005542d000 	/System/Library/Frameworks/AudioToolbox.framework/Versions/A/AudioToolbox
0x000000005542d000 	/System/Library/Frameworks/AudioUnit.framework/Versions/A/AudioUnit
0x000000005542d000 	/System/Library/PrivateFrameworks/DataDetectorsCore.framework/Versions/A/DataDetectorsCore
0x000000005542d000 	/System/Library/PrivateFrameworks/DesktopServicesPriv.framework/Versions/A/DesktopServicesPriv
0x000000005542d000 	/System/Library/Frameworks/Carbon.framework/Versions/A/Frameworks/HIToolbox.framework/Versions/A/HIToolbox
0x000000005542d000 	/usr/lib/libicucore.A.dylib
0x000000005542d000 	/System/Library/Frameworks/QuartzCore.framework/Versions/A/QuartzCore
0x000000005542d000 	/System/Library/Frameworks/Carbon.framework/Versions/A/Frameworks/SpeechRecognition.framework/Versions/A/SpeechRecognition
0x000000005542d000 	/usr/lib/libauto.dylib
0x000000005542d000 	/usr/lib/libxml2.2.dylib
0x000000005542d000 	/System/Library/PrivateFrameworks/CoreUI.framework/Versions/A/CoreUI
0x000000005542d000 	/System/Library/Frameworks/CoreAudio.framework/Versions/A/CoreAudio
0x000000005542d000 	/System/Library/Frameworks/DiskArbitration.framework/Versions/A/DiskArbitration
0x000000005542d000 	/usr/lib/liblangid.dylib
0x000000005542d000 	/System/Library/PrivateFrameworks/MultitouchSupport.framework/Versions/A/MultitouchSupport
0x000000005542d000 	/System/Library/Frameworks/IOKit.framework/Versions/A/IOKit
0x000000005542d000 	/usr/lib/libDiagnosticMessagesClient.dylib
0x000000005542d000 	/System/Library/Frameworks/CoreServices.framework/Versions/A/CoreServices
0x000000005542d000 	/System/Library/PrivateFrameworks/PerformanceAnalysis.framework/Versions/A/PerformanceAnalysis
0x000000005542d000 	/System/Library/PrivateFrameworks/GenerationalStorage.framework/Versions/A/GenerationalStorage
0x000000005542d000 	/System/Library/Frameworks/OpenGL.framework/Versions/A/OpenGL
0x000000005542d000 	/System/Library/Frameworks/CoreImage.framework/Versions/A/CoreImage
0x000000005542d000 	/System/Library/Frameworks/CoreText.framework/Versions/A/CoreText
0x000000005542d000 	/System/Library/Frameworks/ImageIO.framework/Versions/A/ImageIO
0x000000005542d000 	/System/Library/PrivateFrameworks/Backup.framework/Versions/A/Backup
0x000000005542d000 	/usr/lib/libarchive.2.dylib
0x000000005542d000 	/System/Library/Frameworks/CFNetwork.framework/Versions/A/CFNetwork
0x000000005542d000 	/System/Library/Frameworks/SystemConfiguration.framework/Versions/A/SystemConfiguration
0x000000005542d000 	/usr/lib/libCRFSuite.dylib
0x000000005542d000 	/usr/lib/libc++.1.dylib
0x000000005542d000 	/usr/lib/libc++abi.dylib
0x000000005542d000 	/usr/lib/system/libcache.dylib
0x000000005542d000 	/usr/lib/system/libcommonCrypto.dylib
0x000000005542d000 	/usr/lib/system/libcompiler_rt.dylib
0x000000005542d000 	/usr/lib/system/libcopyfile.dylib
0x000000005542d000 	/usr/lib/system/libcorecrypto.dylib
0x000000005542d000 	/usr/lib/system/libdispatch.dylib
0x000000005542d000 	/usr/lib/system/libdyld.dylib
0x000000005542d000 	/usr/lib/system/libkeymgr.dylib
0x000000005542d000 	/usr/lib/system/liblaunch.dylib
0x000000005542d000 	/usr/lib/system/libmacho.dylib
0x000000005542d000 	/usr/lib/system/libquarantine.dylib
0x000000005542d000 	/usr/lib/system/libremovefile.dylib
0x000000005542d000 	/usr/lib/system/libsystem_asl.dylib
0x000000005542d000 	/usr/lib/system/libsystem_blocks.dylib
0x000000005542d000 	/usr/lib/system/libsystem_c.dylib
0x000000005542d000 	/usr/lib/system/libsystem_configuration.dylib
0x000000005542d000 	/usr/lib/system/libsystem_coreservices.dylib
0x000000005542d000 	/usr/lib/system/libsystem_coretls.dylib
0x000000005542d000 	/usr/lib/system/libsystem_dnssd.dylib
0x000000005542d000 	/usr/lib/system/libsystem_info.dylib
0x000000005542d000 	/usr/lib/system/libsystem_kernel.dylib
0x000000005542d000 	/usr/lib/system/libsystem_m.dylib
0x000000005542d000 	/usr/lib/system/libsystem_malloc.dylib
0x000000005542d000 	/usr/lib/system/libsystem_network.dylib
0x000000005542d000 	/usr/lib/system/libsystem_networkextension.dylib
0x000000005542d000 	/usr/lib/system/libsystem_notify.dylib
0x000000005542d000 	/usr/lib/system/libsystem_platform.dylib
0x000000005542d000 	/usr/lib/system/libsystem_pthread.dylib
0x000000005542d000 	/usr/lib/system/libsystem_sandbox.dylib
0x000000005542d000 	/usr/lib/system/libsystem_secinit.dylib
0x000000005542d000 	/usr/lib/system/libsystem_symptoms.dylib
0x000000005542d000 	/usr/lib/system/libsystem_trace.dylib
0x000000005542d000 	/usr/lib/system/libunwind.dylib
0x000000005542d000 	/usr/lib/system/libxpc.dylib
0x000000005542d000 	/usr/lib/libbsm.0.dylib
0x000000005542d000 	/usr/lib/system/libkxld.dylib
0x000000005542d000 	/usr/lib/libcoretls.dylib
0x000000005542d000 	/usr/lib/libcoretls_cfhelpers.dylib
0x000000005542d000 	/usr/lib/libOpenScriptingUtil.dylib
0x000000005542d000 	/usr/lib/libpam.2.dylib
0x000000005542d000 	/usr/lib/libsqlite3.dylib
0x000000005542d000 	/usr/lib/libxar.1.dylib
0x000000005542d000 	/usr/lib/libbz2.1.0.dylib
0x000000005542d000 	/usr/lib/liblzma.5.dylib
0x000000005542d000 	/usr/lib/libnetwork.dylib
0x000000005542d000 	/usr/lib/libpcap.A.dylib
0x000000005542d000 	/System/Library/Frameworks/CoreServices.framework/Versions/A/Frameworks/FSEvents.framework/Versions/A/FSEvents
0x000000005542d000 	/System/Library/Frameworks/CoreServices.framework/Versions/A/Frameworks/CarbonCore.framework/Versions/A/CarbonCore
0x000000005542d000 	/System/Library/Frameworks/CoreServices.framework/Versions/A/Frameworks/Metadata.framework/Versions/A/Metadata
0x000000005542d000 	/System/Library/Frameworks/CoreServices.framework/Versions/A/Frameworks/OSServices.framework/Versions/A/OSServices
0x000000005542d000 	/System/Library/Frameworks/CoreServices.framework/Versions/A/Frameworks/SearchKit.framework/Versions/A/SearchKit
0x000000005542d000 	/System/Library/Frameworks/CoreServices.framework/Versions/A/Frameworks/AE.framework/Versions/A/AE
0x000000005542d000 	/System/Library/Frameworks/CoreServices.framework/Versions/A/Frameworks/LaunchServices.framework/Versions/A/LaunchServices
0x000000005542d000 	/System/Library/Frameworks/CoreServices.framework/Versions/A/Frameworks/DictionaryServices.framework/Versions/A/DictionaryServices
0x000000005542d000 	/System/Library/Frameworks/CoreServices.framework/Versions/A/Frameworks/SharedFileList.framework/Versions/A/SharedFileList
0x000000005542d000 	/System/Library/Frameworks/NetFS.framework/Versions/A/NetFS
0x000000005542d000 	/System/Library/PrivateFrameworks/NetAuth.framework/Versions/A/NetAuth
0x000000005542d000 	/System/Library/PrivateFrameworks/login.framework/Versions/A/Frameworks/loginsupport.framework/Versions/A/loginsupport
0x000000005542d000 	/System/Library/PrivateFrameworks/TCC.framework/Versions/A/TCC
0x000000005542d000 	/usr/lib/libmecabra.dylib
0x000000005542d000 	/System/Library/Frameworks/ApplicationServices.framework/Versions/A/Frameworks/ATS.framework/Versions/A/ATS
0x000000005542d000 	/System/Library/Frameworks/ApplicationServices.framework/Versions/A/Frameworks/ColorSync.framework/Versions/A/ColorSync
0x000000005542d000 	/System/Library/Frameworks/ApplicationServices.framework/Versions/A/Frameworks/HIServices.framework/Versions/A/HIServices
0x000000005542d000 	/System/Library/Frameworks/ApplicationServices.framework/Versions/A/Frameworks/LangAnalysis.framework/Versions/A/LangAnalysis
0x000000005542d000 	/System/Library/Frameworks/ApplicationServices.framework/Versions/A/Frameworks/PrintCore.framework/Versions/A/PrintCore
0x000000005542d000 	/System/Library/Frameworks/ApplicationServices.framework/Versions/A/Frameworks/QD.framework/Versions/A/QD
0x000000005542d000 	/System/Library/Frameworks/ApplicationServices.framework/Versions/A/Frameworks/SpeechSynthesis.framework/Versions/A/SpeechSynthesis
0x000000005542d000 	/System/Library/Frameworks/Accelerate.framework/Versions/A/Frameworks/vImage.framework/Versions/A/vImage
0x000000005542d000 	/System/Library/Frameworks/Accelerate.framework/Versions/A/Frameworks/vecLib.framework/Versions/A/vecLib
0x000000005542d000 	/System/Library/Frameworks/Accelerate.framework/Versions/A/Frameworks/vecLib.framework/Versions/A/libvDSP.dylib
0x000000005542d000 	/System/Library/Frameworks/Accelerate.framework/Versions/A/Frameworks/vecLib.framework/Versions/A/libBNNS.dylib
0x000000005542d000 	/System/Library/Frameworks/Accelerate.framework/Versions/A/Frameworks/vecLib.framework/Versions/A/libQuadrature.dylib
0x000000005542d000 	/System/Library/Frameworks/Accelerate.framework/Versions/A/Frameworks/vecLib.framework/Versions/A/libvMisc.dylib
0x000000005542d000 	/System/Library/Frameworks/Accelerate.framework/Versions/A/Frameworks/vecLib.framework/Versions/A/libLAPACK.dylib
0x000000005542d000 	/System/Library/Frameworks/Accelerate.framework/Versions/A/Frameworks/vecLib.framework/Versions/A/libBLAS.dylib
0x000000005542d000 	/System/Library/Frameworks/Accelerate.framework/Versions/A/Frameworks/vecLib.framework/Versions/A/libLinearAlgebra.dylib
0x000000005542d000 	/System/Library/Frameworks/Accelerate.framework/Versions/A/Frameworks/vecLib.framework/Versions/A/libSparseBLAS.dylib
0x000000005542d000 	/System/Library/Frameworks/ApplicationServices.framework/Versions/A/Frameworks/ATS.framework/Versions/A/Resources/libFontParser.dylib
0x000000005542d000 	/System/Library/Frameworks/ApplicationServices.framework/Versions/A/Frameworks/ATS.framework/Versions/A/Resources/libFontRegistry.dylib
0x000000005542d000 	/System/Library/Frameworks/ImageIO.framework/Versions/A/Resources/libJPEG.dylib
0x000000005542d000 	/System/Library/Frameworks/ImageIO.framework/Versions/A/Resources/libTIFF.dylib
0x000000005542d000 	/System/Library/Frameworks/ImageIO.framework/Versions/A/Resources/libPng.dylib
0x000000005542d000 	/System/Library/Frameworks/ImageIO.framework/Versions/A/Resources/libGIF.dylib
0x000000005542d000 	/System/Library/Frameworks/ImageIO.framework/Versions/A/Resources/libJP2.dylib
0x000000005542d000 	/System/Library/Frameworks/ImageIO.framework/Versions/A/Resources/libRadiance.dylib
0x000000005542d000 	/usr/lib/libcompression.dylib
0x000000005542d000 	/System/Library/PrivateFrameworks/AppleJPEG.framework/Versions/A/AppleJPEG
0x000000005542d000 	/usr/lib/libcups.2.dylib
0x000000005542d000 	/System/Library/Frameworks/Kerberos.framework/Versions/A/Kerberos
0x000000005542d000 	/System/Library/Frameworks/GSS.framework/Versions/A/GSS
0x000000005542d000 	/usr/lib/libresolv.9.dylib
0x000000005542d000 	/usr/lib/libiconv.2.dylib
0x000000005542d000 	/System/Library/PrivateFrameworks/Heimdal.framework/Versions/A/Heimdal
0x000000005542d000 	/usr/lib/libheimdal-asn1.dylib
0x000000005542d000 	/System/Library/Frameworks/OpenDirectory.framework/Versions/A/OpenDirectory
0x000000005542d000 	/System/Library/PrivateFrameworks/CommonAuth.framework/Versions/A/CommonAuth
0x000000005542d000 	/System/Library/Frameworks/OpenDirectory.framework/Versions/A/Frameworks/CFOpenDirectory.framework/Versions/A/CFOpenDirectory
0x000000005542d000 	/System/Library/Frameworks/SecurityFoundation.framework/Versions/A/SecurityFoundation
0x000000005542d000 	/System/Library/PrivateFrameworks/LanguageModeling.framework/Versions/A/LanguageModeling
0x000000005542d000 	/usr/lib/libmarisa.dylib
0x000000005542d000 	/usr/lib/libChineseTokenizer.dylib
0x000000005542d000 	/usr/lib/libcmph.dylib
0x000000005542d000 	/System/Library/PrivateFrameworks/CoreEmoji.framework/Versions/A/CoreEmoji
0x000000005542d000 	/System/Library/Frameworks/ServiceManagement.framework/Versions/A/ServiceManagement
0x000000005542d000 	/usr/lib/libxslt.1.dylib
0x000000005542d000 	/System/Library/Frameworks/Carbon.framework/Versions/A/Frameworks/Ink.framework/Versions/A/Ink
0x000000005542d000 	/System/Library/PrivateFrameworks/TextureIO.framework/Versions/A/TextureIO
0x000000005542d000 	/System/Library/Frameworks/Metal.framework/Versions/A/Metal
0x000000005542d000 	/usr/lib/libate.dylib
0x000000005542d000 	/System/Library/PrivateFrameworks/GPUCompiler.framework/libmetal_timestamp.dylib
0x000000005542d000 	/System/Library/Frameworks/OpenGL.framework/Versions/A/Libraries/libCoreFSCache.dylib
0x000000005542d000 	/System/Library/PrivateFrameworks/IOAccelerator.framework/Versions/A/IOAccelerator
0x000000005542d000 	/System/Library/Frameworks/CoreVideo.framework/Versions/A/CoreVideo
0x000000005542d000 	/usr/lib/libFosl_dynamic.dylib
0x000000005542d000 	/System/Library/PrivateFrameworks/MetalPerformanceShaders.framework/Versions/A/MetalPerformanceShaders
0x000000005542d000 	/System/Library/PrivateFrameworks/FaceCore.framework/Versions/A/FaceCore
0x000000005542d000 	/System/Library/Frameworks/OpenCL.framework/Versions/A/OpenCL
0x000000005542d000 	/System/Library/Frameworks/OpenGL.framework/Versions/A/Libraries/libGLU.dylib
0x000000005542d000 	/System/Library/Frameworks/OpenGL.framework/Versions/A/Libraries/libGFXShared.dylib
0x000000005542d000 	/System/Library/Frameworks/OpenGL.framework/Versions/A/Libraries/libGL.dylib
0x000000005542d000 	/System/Library/Frameworks/OpenGL.framework/Versions/A/Libraries/libGLImage.dylib
0x000000005542d000 	/System/Library/Frameworks/OpenGL.framework/Versions/A/Libraries/libCVMSPluginSupport.dylib
0x000000005542d000 	/System/Library/Frameworks/OpenGL.framework/Versions/A/Libraries/libCoreVMClient.dylib
0x000000005542d000 	/System/Library/PrivateFrameworks/CrashReporterSupport.framework/Versions/A/CrashReporterSupport
0x000000005542d000 	/System/Library/PrivateFrameworks/Sharing.framework/Versions/A/Sharing
0x000000005542d000 	/System/Library/PrivateFrameworks/IconServices.framework/Versions/A/IconServices
0x000000005542d000 	/System/Library/PrivateFrameworks/ProtocolBuffer.framework/Versions/A/ProtocolBuffer
0x000000005542d000 	/System/Library/PrivateFrameworks/Apple80211.framework/Versions/A/Apple80211
0x000000005542d000 	/System/Library/Frameworks/CoreWLAN.framework/Versions/A/CoreWLAN
0x000000005542d000 	/System/Library/PrivateFrameworks/CoreUtils.framework/Versions/A/CoreUtils
0x000000005542d000 	/System/Library/Frameworks/IOBluetooth.framework/Versions/A/IOBluetooth
0x000000005542d000 	/System/Library/PrivateFrameworks/CoreWiFi.framework/Versions/A/CoreWiFi
0x000000005542d000 	/System/Library/Frameworks/CoreBluetooth.framework/Versions/A/CoreBluetooth
0x000000005542d000 	/System/Library/Frameworks/CoreDisplay.framework/Versions/A/CoreDisplay
0x000000005542d000 	/System/Library/PrivateFrameworks/IOPresentment.framework/Versions/A/IOPresentment
0x000000005542d000 	/System/Library/PrivateFrameworks/DSExternalDisplay.framework/Versions/A/DSExternalDisplay
0x000000005542d000 	/System/Library/PrivateFrameworks/DebugSymbols.framework/Versions/A/DebugSymbols
0x000000005542d000 	/System/Library/PrivateFrameworks/CoreSymbolication.framework/Versions/A/CoreSymbolication
0x000000005542d000 	/System/Library/PrivateFrameworks/Symbolication.framework/Versions/A/Symbolication
0x000000005542d000 	/System/Library/PrivateFrameworks/AppleFSCompression.framework/Versions/A/AppleFSCompression
0x000000005542d000 	/System/Library/PrivateFrameworks/SpeechRecognitionCore.framework/Versions/A/SpeechRecognitionCore
0x000000005542d000 	/System/Library/PrivateFrameworks/ChunkingLibrary.framework/Versions/A/ChunkingLibrary
0x000000010e800000 	/Library/Java/JavaVirtualMachines/jdk1.8.0_131.jdk/Contents/Home/jre/lib/server/libjvm.dylib
0x000000005542d000 	/usr/lib/libstdc++.6.dylib
0x000000010dfe3000 	/Library/Java/JavaVirtualMachines/jdk1.8.0_131.jdk/Contents/Home/jre/lib/libverify.dylib
0x000000010f7a3000 	/Library/Java/JavaVirtualMachines/jdk1.8.0_131.jdk/Contents/Home/jre/lib/libjava.dylib
0x000000010f7d8000 	/Library/Java/JavaVirtualMachines/jdk1.8.0_131.jdk/Contents/Home/jre/lib/libzip.dylib
0x0000000112144000 	/System/Library/Frameworks/JavaVM.framework/Frameworks/JavaRuntimeSupport.framework/JavaRuntimeSupport
0x000000011215e000 	/System/Library/Frameworks/JavaVM.framework/Versions/A/Frameworks/JavaNativeFoundation.framework/Versions/A/JavaNativeFoundation
0x0000000112173000 	/System/Library/Frameworks/JavaVM.framework/Versions/A/JavaVM
0x000000005542d000 	/System/Library/Frameworks/Carbon.framework/Versions/A/Carbon
0x0000000112180000 	/System/Library/PrivateFrameworks/JavaLaunching.framework/Versions/A/JavaLaunching
0x000000005542d000 	/System/Library/Frameworks/Carbon.framework/Versions/A/Frameworks/CommonPanels.framework/Versions/A/CommonPanels
0x000000005542d000 	/System/Library/Frameworks/Carbon.framework/Versions/A/Frameworks/Help.framework/Versions/A/Help
0x000000005542d000 	/System/Library/Frameworks/Carbon.framework/Versions/A/Frameworks/ImageCapture.framework/Versions/A/ImageCapture
0x000000005542d000 	/System/Library/Frameworks/Carbon.framework/Versions/A/Frameworks/OpenScripting.framework/Versions/A/OpenScripting
0x000000005542d000 	/System/Library/Frameworks/Carbon.framework/Versions/A/Frameworks/Print.framework/Versions/A/Print
0x000000005542d000 	/System/Library/Frameworks/Carbon.framework/Versions/A/Frameworks/SecurityHI.framework/Versions/A/SecurityHI
0x0000000113a8b000 	/Library/Java/JavaVirtualMachines/jdk1.8.0_131.jdk/Contents/Home/jre/lib/libawt.dylib
0x0000000113b33000 	/Library/Java/JavaVirtualMachines/jdk1.8.0_131.jdk/Contents/Home/jre/lib/./libmlib_image.dylib
0x0000000113bff000 	/Library/Java/JavaVirtualMachines/jdk1.8.0_131.jdk/Contents/Home/jre/lib/libawt_lwawt.dylib
0x0000000113cb6000 	/Library/Java/JavaVirtualMachines/jdk1.8.0_131.jdk/Contents/Home/jre/lib/./libosxapp.dylib
0x000000005542d000 	/System/Library/Frameworks/ExceptionHandling.framework/Versions/A/ExceptionHandling
0x000000005542d000 	/System/Library/PrivateFrameworks/CoreServicesInternal.framework/Versions/A/CoreServicesInternal
0x000000005542d000 	/System/Library/CoreServices/RawCamera.bundle/Contents/MacOS/RawCamera
0x000000005542d000 	/System/Library/Frameworks/Accelerate.framework/Versions/A/Frameworks/vImage.framework/Versions/A/Libraries/libCGInterfaces.dylib
0x000000005542d000 	/System/Library/Frameworks/ApplicationServices.framework/Versions/A/Frameworks/ATS.framework/Versions/A/Resources/libTrueTypeScaler.dylib
0x0000000128e25000 	/System/Library/Frameworks/OpenGL.framework/Resources/GLEngine.bundle/GLEngine
0x000000005542d000 	/System/Library/Frameworks/OpenGL.framework/Versions/A/Libraries/libGLProgrammability.dylib
0x000000012900a000 	/System/Library/Extensions/AppleIntelKBLGraphicsGLDriver.bundle/Contents/MacOS/AppleIntelKBLGraphicsGLDriver
0x000000005542d000 	/System/Library/PrivateFrameworks/GPUSupport.framework/Versions/A/Libraries/libGPUSupportMercury.dylib
0x0000000129d8d000 	/System/Library/Frameworks/OpenGL.framework/Resources//GLRendererFloat.bundle/GLRendererFloat
0x000000005542d000 	/System/Library/Frameworks/OpenCL.framework/Versions/A/Libraries/libcldcpuengine.dylib
0x000000005542d000 	/usr/lib/libcrypto.0.9.8.dylib
0x000000005542d000 	/System/Library/PrivateFrameworks/TrustEvaluationAgent.framework/Versions/A/TrustEvaluationAgent
0x0000000129dc1000 	/System/Library/Extensions/AppleIntelKBLGraphicsMTLDriver.bundle/Contents/MacOS/AppleIntelKBLGraphicsMTLDriver
0x000000005542d000 	/System/Library/PrivateFrameworks/FamilyControls.framework/Versions/A/FamilyControls
0x000000005542d000 	/System/Library/PrivateFrameworks/CommerceKit.framework/Versions/A/Frameworks/CommerceCore.framework/Versions/A/CommerceCore
0x000000005542d000 	/System/Library/PrivateFrameworks/SystemAdministration.framework/Versions/A/SystemAdministration
0x000000005542d000 	/System/Library/PrivateFrameworks/AppContainer.framework/Versions/A/AppContainer
0x000000005542d000 	/System/Library/PrivateFrameworks/SecCodeWrapper.framework/Versions/A/SecCodeWrapper
0x000000005542d000 	/System/Library/Frameworks/DirectoryService.framework/Versions/A/DirectoryService
0x000000005542d000 	/System/Library/PrivateFrameworks/DiskImages.framework/Versions/A/DiskImages
0x000000005542d000 	/System/Library/PrivateFrameworks/LoginUIKit.framework/Versions/A/Frameworks/LoginUICore.framework/Versions/A/LoginUICore
0x000000005542d000 	/usr/lib/libCoreStorage.dylib
0x000000005542d000 	/usr/lib/libcsfde.dylib
0x000000005542d000 	/usr/lib/libodfde.dylib
0x000000005542d000 	/System/Library/Frameworks/DiscRecording.framework/Versions/A/DiscRecording
0x000000005542d000 	/usr/lib/libcurl.4.dylib
0x000000005542d000 	/System/Library/PrivateFrameworks/MediaKit.framework/Versions/A/MediaKit
0x000000005542d000 	/System/Library/PrivateFrameworks/ProtectedCloudStorage.framework/Versions/A/ProtectedCloudStorage
0x000000005542d000 	/System/Library/PrivateFrameworks/EFILogin.framework/Versions/A/EFILogin
0x000000005542d000 	/usr/lib/libutil.dylib
0x000000005542d000 	/System/Library/Frameworks/LDAP.framework/Versions/A/LDAP
0x000000005542d000 	/usr/lib/libsasl2.2.dylib
0x000000005542d000 	/System/Library/PrivateFrameworks/CoreDaemon.framework/Versions/B/CoreDaemon
0x000000005542d000 	/System/Library/PrivateFrameworks/AppleSRP.framework/Versions/A/AppleSRP
0x000000005542d000 	/System/Library/PrivateFrameworks/APFS.framework/Versions/A/APFS
0x000000012bd25000 	/Library/Java/JavaVirtualMachines/jdk1.8.0_131.jdk/Contents/Home/jre/lib/libfontmanager.dylib
0x000000012d1db000 	/Library/Java/JavaVirtualMachines/jdk1.8.0_131.jdk/Contents/Home/jre/lib/libosxui.dylib
0x000000005542d000 	/System/Library/PrivateFrameworks/ViewBridge.framework/Versions/A/ViewBridge
0x000000005542d000 	/System/Library/PrivateFrameworks/XPCService.framework/Versions/A/XPCService
0x000000005542d000 	/System/Library/PrivateFrameworks/AppSandbox.framework/Versions/A/AppSandbox
0x000000005542d000 	/usr/lib/libsandbox.1.dylib
0x000000005542d000 	/usr/lib/libMatch.1.dylib
0x000000012dda3000 	/Library/Java/JavaVirtualMachines/jdk1.8.0_131.jdk/Contents/Home/jre/lib/libnet.dylib
0x000000012ddba000 	/Library/Java/JavaVirtualMachines/jdk1.8.0_131.jdk/Contents/Home/jre/lib/libnio.dylib
0x000000012cecc000 	/private/var/folders/mz/ddp61nqj5pgffdgcqdjxrrfh0000gn/T/jogamp_0000/file_cache/jln6344822987585544209/jln2912819015896080659/libgluegen-rt.jnilib
0x000000012ced0000 	/private/var/folders/mz/ddp61nqj5pgffdgcqdjxrrfh0000gn/T/jogamp_0000/file_cache/jln6344822987585544209/jln2912819015896080659/libnativewindow_awt.jnilib
0x0000000196573000 	/Library/Java/JavaVirtualMachines/jdk1.8.0_131.jdk/Contents/Home/jre/lib/libjawt.dylib
0x0000000196576000 	/private/var/folders/mz/ddp61nqj5pgffdgcqdjxrrfh0000gn/T/jogamp_0000/file_cache/jln6344822987585544209/jln2912819015896080659/libnativewindow_macosx.jnilib
0x0000000196de4000 	/private/var/folders/mz/ddp61nqj5pgffdgcqdjxrrfh0000gn/T/jogamp_0000/file_cache/jln6344822987585544209/jln2912819015896080659/libjogl_desktop.jnilib
0x00000001289b8000 	/Library/Java/JavaVirtualMachines/jdk1.8.0_131.jdk/Contents/Home/jre/lib/libt2k.dylib

VM Arguments:
jvm_args: -Djava.security.policy=java.policy.applet -Dfile.encoding=UTF-8 
java_command: sun.applet.AppletViewer module4.EarthquakeCityMap1500834816610.html
java_class_path (initial): /Users/litianlun/Downloads/UCSDUnfoldingMaps/build:/Users/litianlun/Downloads/UCSDUnfoldingMaps/lib/core.jar:/Users/litianlun/Downloads/UCSDUnfoldingMaps/lib/gluegen-rt.jar:/Users/litianlun/Downloads/UCSDUnfoldingMaps/lib/jogl-all.jar:/Users/litianlun/Downloads/UCSDUnfoldingMaps/lib/log4j-1.2.15.jar:/Users/litianlun/Downloads/UCSDUnfoldingMaps/lib/sqlite-jdbc-3.7.2.jar:/Users/litianlun/Downloads/UCSDUnfoldingMaps/lib/json4processing.jar:/Users/litianlun/Downloads/UCSDUnfoldingMaps/lib/libTUIO.jar:/Users/litianlun/Downloads/UCSDUnfoldingMaps/lib/unfolding.0.9.7-uscd.jar
Launcher Type: SUN_STANDARD

Environment Variables:
PATH=/usr/bin:/bin:/usr/sbin:/sbin
SHELL=/bin/bash

Signal Handlers:
SIGSEGV: [libjvm.dylib+0x5b1eb1], sa_mask[0]=11111111011111110111111111111111, sa_flags=SA_ONSTACK|SA_RESTART|SA_SIGINFO
SIGBUS: [libjvm.dylib+0x5b1eb1], sa_mask[0]=11111111011111110111111111111111, sa_flags=SA_RESTART|SA_SIGINFO
SIGFPE: [libjvm.dylib+0x488988], sa_mask[0]=11111111011111110111111111111111, sa_flags=SA_RESTART|SA_SIGINFO
SIGPIPE: [libjvm.dylib+0x488988], sa_mask[0]=11111111011111110111111111111111, sa_flags=SA_RESTART|SA_SIGINFO
SIGXFSZ: [libjvm.dylib+0x488988], sa_mask[0]=11111111011111110111111111111111, sa_flags=SA_RESTART|SA_SIGINFO
SIGILL: [libjvm.dylib+0x488988], sa_mask[0]=11111111011111110111111111111111, sa_flags=SA_RESTART|SA_SIGINFO
SIGUSR1: SIG_DFL, sa_mask[0]=00000000000000000000000000000000, sa_flags=none
SIGUSR2: [libjvm.dylib+0x4884a6], sa_mask[0]=00100000000000000000000000000000, sa_flags=SA_RESTART|SA_SIGINFO
SIGHUP: [libjvm.dylib+0x486a7d], sa_mask[0]=11111111011111110111111111111111, sa_flags=SA_RESTART|SA_SIGINFO
SIGINT: [libjvm.dylib+0x486a7d], sa_mask[0]=11111111011111110111111111111111, sa_flags=SA_RESTART|SA_SIGINFO
SIGTERM: [libjvm.dylib+0x486a7d], sa_mask[0]=11111111011111110111111111111111, sa_flags=SA_RESTART|SA_SIGINFO
SIGQUIT: [libjvm.dylib+0x486a7d], sa_mask[0]=11111111011111110111111111111111, sa_flags=SA_RESTART|SA_SIGINFO


---------------  S Y S T E M  ---------------

OS:Bsduname:Darwin 16.6.0 Darwin Kernel Version 16.6.0: Fri Apr 14 16:13:31 PDT 2017; root:xnu-3789.60.24~4/RELEASE_X86_64 x86_64
rlimit: STACK 8192k, CORE 0k, NPROC 709, NOFILE 10240, AS infinity
load average:3.49 2.55 2.29

CPU:total 4 (initial active 4) (2 cores per cpu, 2 threads per core) family 6 model 142 stepping 9, cmov, cx8, fxsr, mmx, sse, sse2, sse3, ssse3, sse4.1, sse4.2, popcnt, avx, avx2, aes, clmul, erms, 3dnowpref, lzcnt, ht, tsc, tscinvbit, bmi1, bmi2, adx

Memory: 4k page, physical 8388608k(1831744k free)

/proc/meminfo:


vm_info: Java HotSpot(TM) 64-Bit Server VM (25.131-b11) for bsd-amd64 JRE (1.8.0_131-b11), built on Mar 15 2017 01:32:22 by "java_re" with gcc 4.2.1 (Based on Apple Inc. build 5658) (LLVM build 2336.11.00)

time: Sun Jul 23 14:33:54 2017
elapsed time: 18 seconds (0d 0h 0m 18s)

