#
# A fatal error has been detected by the Java Runtime Environment:
#
#  SIGSEGV (0xb) at pc=0x00007fff9b35f48f, pid=3716, tid=0x0000000000000307
#
# JRE version: Java(TM) SE Runtime Environment (8.0_131-b11) (build 1.8.0_131-b11)
# Java VM: Java HotSpot(TM) 64-Bit Server VM (25.131-b11 mixed mode bsd-amd64 compressed oops)
# Problematic frame:
# C  [libobjc.A.dylib+0x948f]  objc_release+0xf
#
# Failed to write core dump. Core dumps have been disabled. To enable core dumping, try "ulimit -c unlimited" before starting Java again
#
# If you would like to submit a bug report, please visit:
#   http://bugreport.java.com/bugreport/crash.jsp
# The crash happened outside the Java Virtual Machine in native code.
# See problematic frame for where to report the bug.
#

---------------  T H R E A D  ---------------

Current thread (0x00007fc92690f800):  JavaThread "AWT-AppKit" daemon [_thread_in_native, id=775, stack(0x00007fff59edd000,0x00007fff5a6dd000)]

siginfo: si_signo: 11 (SIGSEGV), si_code: 0 (unknown), si_addr: 0x0000000000000000

Registers:
RAX=0x0000000000000008, RBX=0x0000000000000000, RCX=0x0000000000000003, RDX=0x00007fc92c45fb18
RSP=0x00007fff5a6d8460, RBP=0x00007fff5a6d8460, RSI=0x000000010f23a010, RDI=0x900007fc92c49528
R8 =0x0000000000000001, R9 =0x000000000000001c, R10=0x000000018db6e840, R11=0x00007fc92c93a3c0
R12=0x0000000000000000, R13=0x00000001930bac40, R14=0x00007fc92c45a910, R15=0x00007fc92690f800
RIP=0x00007fff9b35f48f, EFLAGS=0x0000000000010246, ERR=0x0000000000000000
  TRAPNO=0x000000000000000d

Top of Stack: (sp=0x00007fff5a6d8460)
0x00007fff5a6d8460:   00007fff5a6d8490 000000010f1c1ebc
0x00007fff5a6d8470:   00007fff5a6d8490 000000018db6e450
0x00007fff5a6d8480:   000000018db6e440 00007fc92690f800
0x00007fff5a6d8490:   00007fff5a6d8550 000000018db6c215
0x00007fff5a6d84a0:   000000018db6e700 000000018db6e6e0
0x00007fff5a6d84b0:   000000018db6e4b0 0000000000000000
0x00007fff5a6d84c0:   00000001930bac40 00000001930bac40
0x00007fff5a6d84d0:   00007fc92c45fb10 000000018db6e6a0
0x00007fff5a6d84e0:   000000018db6e710 00007fffa13c26d0
0x00007fff5a6d84f0:   00007fffa1ff21e0 000000018db6e450
0x00007fff5a6d8500:   000000018db6e690 00007fc92c45fb10
0x00007fff5a6d8510:   00007fc92c45a910 00007fc92650f3a0
0x00007fff5a6d8520:   00007fc92c45fb10 00007fc92c45a910
0x00007fff5a6d8530:   00007fff5a6d85d8 00007fc92690f9f8
0x00007fff5a6d8540:   00000001930bac40 00007fff5a6d8600
0x00007fff5a6d8550:   00007fff5a6d85c8 00000001148c59f4
0x00007fff5a6d8560:   00000001930bac40 00007fff5a6d8600
0x00007fff5a6d8570:   00007fff5a6d85c8 00000001148c5787
0x00007fff5a6d8580:   00000001148c5742 00007fff5a6d8588
0x00007fff5a6d8590:   00000001930bac40 00007fff5a6d8600
0x00007fff5a6d85a0:   00000001930bc3f0 0000000000000000
0x00007fff5a6d85b0:   00000001930bac40 0000000000000000
0x00007fff5a6d85c0:   00007fff5a6d85e8 00007fff5a6d8648
0x00007fff5a6d85d0:   00000001148b62bd 00000007413e5878
0x00007fff5a6d85e0:   00000001148bf538 00007fc92c45fb10
0x00007fff5a6d85f0:   00007fff5a6d8648 00007fc92c45a910
0x00007fff5a6d8600:   00000001148c0e02 00007fff5a6d8608
0x00007fff5a6d8610:   00000001930bae0a 00007fff5a6d8670
0x00007fff5a6d8620:   00000001930bc3f0 0000000000000000
0x00007fff5a6d8630:   00000001930bae18 00007fff5a6d85e8
0x00007fff5a6d8640:   00007fff5a6d8658 00007fff5a6d86b8
0x00007fff5a6d8650:   00000001148b62bd 00007fc92c45fb10 

Instructions: (pc=0x00007fff9b35f48f)
0x00007fff9b35f46f:   e9 38 54 00 00 90 90 90 90 90 90 90 90 90 90 90
0x00007fff9b35f47f:   90 55 48 89 e5 48 85 ff 74 67 40 f6 c7 01 75 61
0x00007fff9b35f48f:   48 8b 07 48 b9 f8 ff ff ff ff 7f 00 00 48 21 c1
0x00007fff9b35f49f:   f6 41 20 02 74 58 a8 01 74 49 48 b9 00 00 00 00 

Register to memory mapping:

RAX=0x0000000000000008 is an unknown value
RBX=0x0000000000000000 is an unknown value
RCX=0x0000000000000003 is an unknown value
RDX=0x00007fc92c45fb18 is an unknown value
RSP=0x00007fff5a6d8460 is pointing into the stack for thread: 0x00007fc92690f800
RBP=0x00007fff5a6d8460 is pointing into the stack for thread: 0x00007fc92690f800
RSI=0x000000010f23a010: OBJC_IVAR_$_PrinterView.fCurPeekGraphics+0x1af0 in /Library/Java/JavaVirtualMachines/jdk1.8.0_131.jdk/Contents/Home/jre/lib/libawt_lwawt.dylib at 0x000000010f1bd000
RDI=0x900007fc92c49528 is an unknown value
R8 =0x0000000000000001 is an unknown value
R9 =0x000000000000001c is an unknown value
R10=0x000000018db6e840: OBJC_CLASS_$_MyCALayer+0 in /private/var/folders/mz/ddp61nqj5pgffdgcqdjxrrfh0000gn/T/jogamp_0000/file_cache/jln5872030276166176386/jln8342352953815022294/libnativewindow_macosx.jnilib at 0x000000018db67000
R11=0x00007fc92c93a3c0 is an unknown value
R12=0x0000000000000000 is an unknown value
R13={method} {0x00000001930bac40} 'UnsetJAWTRootSurfaceLayer0' '(JJ)V' in 'jogamp/nativewindow/jawt/macosx/MacOSXJAWTWindow'
R14=0x00007fc92c45a910 is an unknown value
R15=0x00007fc92690f800 is a thread


Stack: [0x00007fff59edd000,0x00007fff5a6dd000],  sp=0x00007fff5a6d8460,  free space=8173k
Native frames: (J=compiled Java code, j=interpreted, Vv=VM code, C=native code)
C  [libobjc.A.dylib+0x948f]  objc_release+0xf
C  [libawt_lwawt.dylib+0x4ebc]  -[AWTSurfaceLayers setLayer:]+0x54
C  [libnativewindow_macosx.jnilib+0x5215]  Java_jogamp_nativewindow_jawt_macosx_MacOSXJAWTWindow_UnsetJAWTRootSurfaceLayer0+0x1a5
j  jogamp.nativewindow.jawt.macosx.MacOSXJAWTWindow.UnsetJAWTRootSurfaceLayer0(JJ)V+0
j  jogamp.nativewindow.jawt.macosx.MacOSXJAWTWindow.access$200(JJ)V+2
j  jogamp.nativewindow.jawt.macosx.MacOSXJAWTWindow$1.run()V+38
j  com.jogamp.common.util.RunnableTask.run()V+24
v  ~StubRoutines::call_stub
V  [libjvm.dylib+0x2ee5b6]  JavaCalls::call_helper(JavaValue*, methodHandle*, JavaCallArguments*, Thread*)+0x6ae
V  [libjvm.dylib+0x325765]  jni_invoke_nonstatic(JNIEnv_*, JavaValue*, _jobject*, JNICallType, _jmethodID*, JNI_ArgumentPusher*, Thread*)+0x2ec
V  [libjvm.dylib+0x317f33]  jni_CallVoidMethod+0x16b
C  [libnativewindow_macosx.jnilib+0x5326]  Java_jogamp_nativewindow_jawt_macosx_MacOSXJAWTWindow_UnsetJAWTRootSurfaceLayer0+0x2b6
C  [Foundation+0x7152a]  __NSThreadPerformPerform+0x146
C  [CoreFoundation+0xa7321]  __CFRUNLOOP_IS_CALLING_OUT_TO_A_SOURCE0_PERFORM_FUNCTION__+0x11
C  [CoreFoundation+0x88197]  __CFRunLoopDoSources0+0x1a7
C  [CoreFoundation+0x87716]  __CFRunLoopRun+0x3a6
C  [CoreFoundation+0x87114]  CFRunLoopRunSpecific+0x1a4
C  [HIToolbox+0x30ebc]  RunCurrentEventLoopInMode+0xf0
C  [HIToolbox+0x30bf9]  ReceiveNextEventCommon+0xb8
C  [HIToolbox+0x30b26]  _BlockUntilNextEventMatchingListInModeWithFilter+0x47
C  [AppKit+0x46a54]  _DPSNextEvent+0x460
C  [AppKit+0x7c27ee]  -[NSApplication(NSEvent) _nextEventMatchingEventMask:untilDate:inMode:dequeue:]+0xaec
C  [libosxapp.dylib+0x23aa]  -[NSApplicationAWT nextEventMatchingMask:untilDate:inMode:dequeue:]+0x7c
C  [AppKit+0x3b3db]  -[NSApplication run]+0x39e
C  [libosxapp.dylib+0x214d]  +[NSApplicationAWT runAWTLoopWithApp:]+0x9c
C  [libawt_lwawt.dylib+0x45edf]  -[AWTStarter starter:]+0x389
C  [Foundation+0x7152a]  __NSThreadPerformPerform+0x146
C  [CoreFoundation+0xa7321]  __CFRUNLOOP_IS_CALLING_OUT_TO_A_SOURCE0_PERFORM_FUNCTION__+0x11
C  [CoreFoundation+0x8821d]  __CFRunLoopDoSources0+0x22d
C  [CoreFoundation+0x87716]  __CFRunLoopRun+0x3a6
C  [CoreFoundation+0x87114]  CFRunLoopRunSpecific+0x1a4
C  [java+0x6465]  CreateExecutionEnvironment+0x367
C  [java+0x218c]  JLI_Launch+0x7a0
C  [java+0x84c2]  main+0x65
C  [java+0x19e4]  start+0x34
C  0x0000000000000007

Java frames: (J=compiled Java code, j=interpreted, Vv=VM code)
j  jogamp.nativewindow.jawt.macosx.MacOSXJAWTWindow.UnsetJAWTRootSurfaceLayer0(JJ)V+0
j  jogamp.nativewindow.jawt.macosx.MacOSXJAWTWindow.access$200(JJ)V+2
j  jogamp.nativewindow.jawt.macosx.MacOSXJAWTWindow$1.run()V+38
j  com.jogamp.common.util.RunnableTask.run()V+24
v  ~StubRoutines::call_stub

---------------  P R O C E S S  ---------------

Java Threads: ( => current thread )
  0x00007fc926ace800 JavaThread "Thread-20" [_thread_blocked, id=72431, stack(0x0000700008cd8000,0x0000700008dd8000)]
  0x00007fc928179000 JavaThread "AWT-EventQueue-1" [_thread_in_native, id=76075, stack(0x0000700008acf000,0x0000700008bcf000)]
  0x00007fc928003800 JavaThread "DestroyJavaVM" [_thread_blocked, id=7171, stack(0x0000700007487000,0x0000700007587000)]
  0x00007fc926a50800 JavaThread "AWT-EventQueue-0" [_thread_blocked, id=61715, stack(0x00007000088c9000,0x00007000089c9000)]
  0x00007fc9269fd800 JavaThread "Java2D Disposer" daemon [_thread_blocked, id=57883, stack(0x0000700008640000,0x0000700008740000)]
  0x00007fc926976000 JavaThread "Java2D Queue Flusher" daemon [_thread_blocked, id=58119, stack(0x000070000853d000,0x000070000863d000)]
  0x00007fc9270f8800 JavaThread "AWT-Shutdown" [_thread_blocked, id=30495, stack(0x00007000083b7000,0x00007000084b7000)]
=>0x00007fc92690f800 JavaThread "AWT-AppKit" daemon [_thread_in_native, id=775, stack(0x00007fff59edd000,0x00007fff5a6dd000)]
  0x00007fc92806c800 JavaThread "Service Thread" daemon [_thread_blocked, id=18435, stack(0x00007000080ab000,0x00007000081ab000)]
  0x00007fc92780e800 JavaThread "C1 CompilerThread2" daemon [_thread_blocked, id=17923, stack(0x0000700007fa8000,0x00007000080a8000)]
  0x00007fc92682c000 JavaThread "C2 CompilerThread1" daemon [_thread_blocked, id=17411, stack(0x0000700007ea5000,0x0000700007fa5000)]
  0x00007fc92682a800 JavaThread "C2 CompilerThread0" daemon [_thread_blocked, id=16899, stack(0x0000700007da2000,0x0000700007ea2000)]
  0x00007fc926802800 JavaThread "Signal Dispatcher" daemon [_thread_blocked, id=16387, stack(0x0000700007c9f000,0x0000700007d9f000)]
  0x00007fc927029800 JavaThread "Finalizer" daemon [_thread_blocked, id=12547, stack(0x0000700007b9c000,0x0000700007c9c000)]
  0x00007fc927808000 JavaThread "Reference Handler" daemon [_thread_blocked, id=12035, stack(0x0000700007a99000,0x0000700007b99000)]

Other Threads:
  0x00007fc92680d000 VMThread [stack: 0x0000700007996000,0x0000700007a96000] [id=11523]
  0x00007fc92780f800 WatcherThread [stack: 0x00007000081ae000,0x00007000082ae000] [id=18947]

VM state:not at safepoint (normal execution)

VM Mutex/Monitor currently owned by a thread: None

Heap:
 PSYoungGen      total 44032K, used 42934K [0x0000000795580000, 0x00000007b9600000, 0x00000007c0000000)
  eden space 43520K, 98% used [0x0000000795580000,0x0000000797f55aa0,0x0000000798000000)
  from space 512K, 18% used [0x00000007b9500000,0x00000007b9518000,0x00000007b9580000)
  to   space 512K, 0% used [0x00000007b9580000,0x00000007b9580000,0x00000007b9600000)
 ParOldGen       total 89088K, used 38658K [0x0000000740000000, 0x0000000745700000, 0x0000000795580000)
  object space 89088K, 43% used [0x0000000740000000,0x00000007425c0848,0x0000000745700000)
 Metaspace       used 28062K, capacity 28373K, committed 28544K, reserved 1075200K
  class space    used 2234K, capacity 2342K, committed 2432K, reserved 1048576K

Card table byte_map: [0x00000001071c0000,0x00000001075c1000] byte_map_base: 0x00000001037c0000

Marking Bits: (ParMarkBitMap*) 0x0000000105e91ea0
 Begin Bits: [0x000000010786c000, 0x000000010986c000)
 End Bits:   [0x000000010986c000, 0x000000010b86c000)

Polling page: 0x0000000106586000

CodeCache: size=245760Kb used=12175Kb max_used=12348Kb free=233584Kb
 bounds [0x00000001148ae000, 0x000000011551e000, 0x00000001238ae000]
 total_blobs=4065 nmethods=3144 adapters=834
 compilation: enabled

Compilation events (10 events):
Event: 412.354 Thread 0x00007fc92780e800 4140       1       java.awt.Component::isEnabledImpl (5 bytes)
Event: 412.354 Thread 0x00007fc92780e800 nmethod 4140 0x0000000115065090 code [0x00000001150651e0, 0x00000001150652f0]
Event: 412.355 Thread 0x00007fc92780e800 4141       3       sun.java2d.pipe.RenderBuffer::putFloat (26 bytes)
Event: 412.355 Thread 0x00007fc92780e800 nmethod 4141 0x00000001152dc9d0 code [0x00000001152dcb40, 0x00000001152dccd0]
Event: 412.373 Thread 0x00007fc92780e800 4143       3       java.awt.Component::getInputContext (16 bytes)
Event: 412.373 Thread 0x00007fc92780e800 nmethod 4143 0x00000001153bcc10 code [0x00000001153bcd80, 0x00000001153bcfe8]
Event: 412.373 Thread 0x00007fc92780e800 4144       3       java.util.IdentityHashMap::maskNull (12 bytes)
Event: 412.374 Thread 0x00007fc92780e800 nmethod 4144 0x00000001153c26d0 code [0x00000001153c2840, 0x00000001153c29d0]
Event: 412.375 Thread 0x00007fc92682a800 4145       4       sun.java2d.SunGraphics2D::translate (68 bytes)
Event: 412.377 Thread 0x00007fc92682a800 nmethod 4145 0x000000011544e910 code [0x000000011544eaa0, 0x000000011544ed48]

GC Heap History (10 events):
Event: 411.156 GC heap before
{Heap before GC invocations=1496 (full 1):
 PSYoungGen      total 49152K, used 48736K [0x0000000795580000, 0x00000007b9600000, 0x00000007c0000000)
  eden space 48640K, 100% used [0x0000000795580000,0x0000000798500000,0x0000000798500000)
  from space 512K, 18% used [0x00000007b9580000,0x00000007b9598000,0x00000007b9600000)
  to   space 512K, 0% used [0x00000007b9500000,0x00000007b9500000,0x00000007b9580000)
 ParOldGen       total 89088K, used 38658K [0x0000000740000000, 0x0000000745700000, 0x0000000795580000)
  object space 89088K, 43% used [0x0000000740000000,0x00000007425c0848,0x0000000745700000)
 Metaspace       used 28024K, capacity 28341K, committed 28544K, reserved 1075200K
  class space    used 2226K, capacity 2310K, committed 2432K, reserved 1048576K
Event: 411.158 GC heap after
Heap after GC invocations=1496 (full 1):
 PSYoungGen      total 48128K, used 160K [0x0000000795580000, 0x00000007b9600000, 0x00000007c0000000)
  eden space 47616K, 0% used [0x0000000795580000,0x0000000795580000,0x0000000798400000)
  from space 512K, 31% used [0x00000007b9500000,0x00000007b9528000,0x00000007b9580000)
  to   space 512K, 0% used [0x00000007b9580000,0x00000007b9580000,0x00000007b9600000)
 ParOldGen       total 89088K, used 38658K [0x0000000740000000, 0x0000000745700000, 0x0000000795580000)
  object space 89088K, 43% used [0x0000000740000000,0x00000007425c0848,0x0000000745700000)
 Metaspace       used 28024K, capacity 28341K, committed 28544K, reserved 1075200K
  class space    used 2226K, capacity 2310K, committed 2432K, reserved 1048576K
}
Event: 411.535 GC heap before
{Heap before GC invocations=1497 (full 1):
 PSYoungGen      total 48128K, used 47776K [0x0000000795580000, 0x00000007b9600000, 0x00000007c0000000)
  eden space 47616K, 100% used [0x0000000795580000,0x0000000798400000,0x0000000798400000)
  from space 512K, 31% used [0x00000007b9500000,0x00000007b9528000,0x00000007b9580000)
  to   space 512K, 0% used [0x00000007b9580000,0x00000007b9580000,0x00000007b9600000)
 ParOldGen       total 89088K, used 38658K [0x0000000740000000, 0x0000000745700000, 0x0000000795580000)
  object space 89088K, 43% used [0x0000000740000000,0x00000007425c0848,0x0000000745700000)
 Metaspace       used 28024K, capacity 28341K, committed 28544K, reserved 1075200K
  class space    used 2226K, capacity 2310K, committed 2432K, reserved 1048576K
Event: 411.536 GC heap after
Heap after GC invocations=1497 (full 1):
 PSYoungGen      total 47104K, used 64K [0x0000000795580000, 0x00000007b9600000, 0x00000007c0000000)
  eden space 46592K, 0% used [0x0000000795580000,0x0000000795580000,0x0000000798300000)
  from space 512K, 12% used [0x00000007b9580000,0x00000007b9590000,0x00000007b9600000)
  to   space 512K, 0% used [0x00000007b9500000,0x00000007b9500000,0x00000007b9580000)
 ParOldGen       total 89088K, used 38658K [0x0000000740000000, 0x0000000745700000, 0x0000000795580000)
  object space 89088K, 43% used [0x0000000740000000,0x00000007425c0848,0x0000000745700000)
 Metaspace       used 28024K, capacity 28341K, committed 28544K, reserved 1075200K
  class space    used 2226K, capacity 2310K, committed 2432K, reserved 1048576K
}
Event: 411.725 GC heap before
{Heap before GC invocations=1498 (full 1):
 PSYoungGen      total 47104K, used 46656K [0x0000000795580000, 0x00000007b9600000, 0x00000007c0000000)
  eden space 46592K, 100% used [0x0000000795580000,0x0000000798300000,0x0000000798300000)
  from space 512K, 12% used [0x00000007b9580000,0x00000007b9590000,0x00000007b9600000)
  to   space 512K, 0% used [0x00000007b9500000,0x00000007b9500000,0x00000007b9580000)
 ParOldGen       total 89088K, used 38658K [0x0000000740000000, 0x0000000745700000, 0x0000000795580000)
  object space 89088K, 43% used [0x0000000740000000,0x00000007425c0848,0x0000000745700000)
 Metaspace       used 28024K, capacity 28341K, committed 28544K, reserved 1075200K
  class space    used 2226K, capacity 2310K, committed 2432K, reserved 1048576K
Event: 411.726 GC heap after
Heap after GC invocations=1498 (full 1):
 PSYoungGen      total 46080K, used 128K [0x0000000795580000, 0x00000007b9600000, 0x00000007c0000000)
  eden space 45568K, 0% used [0x0000000795580000,0x0000000795580000,0x0000000798200000)
  from space 512K, 25% used [0x00000007b9500000,0x00000007b9520000,0x00000007b9580000)
  to   space 512K, 0% used [0x00000007b9580000,0x00000007b9580000,0x00000007b9600000)
 ParOldGen       total 89088K, used 38658K [0x0000000740000000, 0x0000000745700000, 0x0000000795580000)
  object space 89088K, 43% used [0x0000000740000000,0x00000007425c0848,0x0000000745700000)
 Metaspace       used 28024K, capacity 28341K, committed 28544K, reserved 1075200K
  class space    used 2226K, capacity 2310K, committed 2432K, reserved 1048576K
}
Event: 411.912 GC heap before
{Heap before GC invocations=1499 (full 1):
 PSYoungGen      total 46080K, used 45696K [0x0000000795580000, 0x00000007b9600000, 0x00000007c0000000)
  eden space 45568K, 100% used [0x0000000795580000,0x0000000798200000,0x0000000798200000)
  from space 512K, 25% used [0x00000007b9500000,0x00000007b9520000,0x00000007b9580000)
  to   space 512K, 0% used [0x00000007b9580000,0x00000007b9580000,0x00000007b9600000)
 ParOldGen       total 89088K, used 38658K [0x0000000740000000, 0x0000000745700000, 0x0000000795580000)
  object space 89088K, 43% used [0x0000000740000000,0x00000007425c0848,0x0000000745700000)
 Metaspace       used 28024K, capacity 28341K, committed 28544K, reserved 1075200K
  class space    used 2226K, capacity 2310K, committed 2432K, reserved 1048576K
Event: 411.913 GC heap after
Heap after GC invocations=1499 (full 1):
 PSYoungGen      total 45056K, used 96K [0x0000000795580000, 0x00000007b9600000, 0x00000007c0000000)
  eden space 44544K, 0% used [0x0000000795580000,0x0000000795580000,0x0000000798100000)
  from space 512K, 18% used [0x00000007b9580000,0x00000007b9598000,0x00000007b9600000)
  to   space 512K, 0% used [0x00000007b9500000,0x00000007b9500000,0x00000007b9580000)
 ParOldGen       total 89088K, used 38658K [0x0000000740000000, 0x0000000745700000, 0x0000000795580000)
  object space 89088K, 43% used [0x0000000740000000,0x00000007425c0848,0x0000000745700000)
 Metaspace       used 28024K, capacity 28341K, committed 28544K, reserved 1075200K
  class space    used 2226K, capacity 2310K, committed 2432K, reserved 1048576K
}
Event: 412.124 GC heap before
{Heap before GC invocations=1500 (full 1):
 PSYoungGen      total 45056K, used 44640K [0x0000000795580000, 0x00000007b9600000, 0x00000007c0000000)
  eden space 44544K, 100% used [0x0000000795580000,0x0000000798100000,0x0000000798100000)
  from space 512K, 18% used [0x00000007b9580000,0x00000007b9598000,0x00000007b9600000)
  to   space 512K, 0% used [0x00000007b9500000,0x00000007b9500000,0x00000007b9580000)
 ParOldGen       total 89088K, used 38658K [0x0000000740000000, 0x0000000745700000, 0x0000000795580000)
  object space 89088K, 43% used [0x0000000740000000,0x00000007425c0848,0x0000000745700000)
 Metaspace       used 28024K, capacity 28341K, committed 28544K, reserved 1075200K
  class space    used 2226K, capacity 2310K, committed 2432K, reserved 1048576K
Event: 412.126 GC heap after
Heap after GC invocations=1500 (full 1):
 PSYoungGen      total 44032K, used 96K [0x0000000795580000, 0x00000007b9600000, 0x00000007c0000000)
  eden space 43520K, 0% used [0x0000000795580000,0x0000000795580000,0x0000000798000000)
  from space 512K, 18% used [0x00000007b9500000,0x00000007b9518000,0x00000007b9580000)
  to   space 512K, 0% used [0x00000007b9580000,0x00000007b9580000,0x00000007b9600000)
 ParOldGen       total 89088K, used 38658K [0x0000000740000000, 0x0000000745700000, 0x0000000795580000)
  object space 89088K, 43% used [0x0000000740000000,0x00000007425c0848,0x0000000745700000)
 Metaspace       used 28024K, capacity 28341K, committed 28544K, reserved 1075200K
  class space    used 2226K, capacity 2310K, committed 2432K, reserved 1048576K
}

Deoptimization events (10 events):
Event: 412.353 Thread 0x00007fc926a50800 Uncommon trap: reason=class_check action=maybe_recompile pc=0x00000001152c670c method=java.awt.Component.getGraphics()Ljava/awt/Graphics; @ 114
Event: 412.354 Thread 0x00007fc928179000 Uncommon trap: reason=class_check action=maybe_recompile pc=0x00000001154db014 method=java.awt.event.InvocationEvent.dispatch()V @ 11
Event: 412.359 Thread 0x00007fc92690f800 Uncommon trap: reason=class_check action=maybe_recompile pc=0x0000000114f48400 method=com.jogamp.common.util.RunnableTask.run()V @ 24
Event: 412.360 Thread 0x00007fc92690f800 Uncommon trap: reason=unstable_if action=reinterpret pc=0x000000011507593c method=jogamp.nativewindow.macosx.OSXUtil.RunOnMainThread(ZZLjava/lang/Runnable;)V @ 3
Event: 412.369 Thread 0x00007fc928179000 Uncommon trap: reason=unstable_if action=reinterpret pc=0x00000001154ea3e4 method=jogamp.opengl.GLContextImpl.release(Z)V @ 161
Event: 412.373 Thread 0x00007fc928179000 Uncommon trap: reason=unstable_if action=reinterpret pc=0x0000000114fdaa4c method=java.security.AccessControlContext.combine([Ljava/security/ProtectionDomain;[Ljava/security/ProtectionDomain;)[Ljava/security/ProtectionDomain; @ 151
Event: 412.374 Thread 0x00007fc926a50800 Uncommon trap: reason=class_check action=maybe_recompile pc=0x00000001152c670c method=java.awt.Component.getGraphics()Ljava/awt/Graphics; @ 114
Event: 412.375 Thread 0x00007fc926ace800 Uncommon trap: reason=predicate action=maybe_recompile pc=0x00000001153aaab8 method=java.util.Vector.indexOf(Ljava/lang/Object;I)I @ 44
Event: 412.375 Thread 0x00007fc928179000 Uncommon trap: reason=class_check action=maybe_recompile pc=0x00000001154db014 method=java.awt.event.InvocationEvent.dispatch()V @ 11
Event: 412.383 Thread 0x00007fc92690f800 Uncommon trap: reason=class_check action=maybe_recompile pc=0x0000000114f48400 method=com.jogamp.common.util.RunnableTask.run()V @ 24

Internal exceptions (10 events):
Event: 0.330 Thread 0x00007fc928003800 Exception <a 'java/io/FileNotFoundException'> (0x000000079580f4b8) thrown at [/Users/java_re/workspace/8-2-build-macosx-x86_64/jdk8u131/8869/hotspot/src/share/vm/prims/jni.cpp, line 709]
Event: 0.434 Thread 0x00007fc928003800 Exception <a 'java/io/FileNotFoundException'> (0x000000079594c438) thrown at [/Users/java_re/workspace/8-2-build-macosx-x86_64/jdk8u131/8869/hotspot/src/share/vm/prims/jni.cpp, line 709]
Event: 2.255 Thread 0x00007fc926b70800 Exception <a 'java/lang/UnsatisfiedLinkError': com.jogamp.common.util.JarUtil.fixNativeLibAttribs(Ljava/lang/String;)Z> (0x0000000796bfc238) thrown at [/Users/java_re/workspace/8-2-build-macosx-x86_64/jdk8u131/8869/hotspot/src/share/vm/prims/nativeLookup.
Event: 2.496 Thread 0x00007fc927029800 Exception <a 'java/lang/NullPointerException'> (0x00000007956a44b0) thrown at [/Users/java_re/workspace/8-2-build-macosx-x86_64/jdk8u131/8869/hotspot/src/share/vm/interpreter/linkResolver.cpp, line 1197]
Event: 3.020 Thread 0x00007fc928179000 Exception <a 'java/io/FileNotFoundException'> (0x0000000795f28c60) thrown at [/Users/java_re/workspace/8-2-build-macosx-x86_64/jdk8u131/8869/hotspot/src/share/vm/prims/jni.cpp, line 709]
Event: 3.021 Thread 0x00007fc928179000 Exception <a 'java/io/FileNotFoundException'> (0x0000000795f2ec90) thrown at [/Users/java_re/workspace/8-2-build-macosx-x86_64/jdk8u131/8869/hotspot/src/share/vm/prims/jni.cpp, line 709]
Event: 3.021 Thread 0x00007fc928179000 Implicit null exception at 0x0000000114a96b36 to 0x0000000114a96f05
Event: 4.469 Thread 0x00007fc928179000 Implicit null exception at 0x0000000114c6ab06 to 0x0000000114c6ad4d
Event: 4.498 Thread 0x00007fc92ca08800 Implicit null exception at 0x0000000114a93435 to 0x0000000114a937f9
Event: 412.337 Thread 0x00007fc928179000 Implicit null exception at 0x00000001153b3aa1 to 0x00000001153b46d1

Events (10 events):
Event: 412.375 Thread 0x00007fc926ace800 DEOPT PACKING pc=0x00000001153aaab8 sp=0x0000700008dd77e0
Event: 412.375 Thread 0x00007fc926ace800 DEOPT UNPACKING pc=0x00000001148b3229 sp=0x0000700008dd77a0 mode 2
Event: 412.375 loading class java/awt/Window$1DisposeAction
Event: 412.375 loading class java/awt/Window$1DisposeAction done
Event: 412.375 Thread 0x00007fc928179000 Uncommon trap: trap_request=0xffffffde fr.pc=0x00000001154db014
Event: 412.375 Thread 0x00007fc928179000 DEOPT PACKING pc=0x00000001154db014 sp=0x0000700008bccf70
Event: 412.375 Thread 0x00007fc928179000 DEOPT UNPACKING pc=0x00000001148b3229 sp=0x0000700008bccdf8 mode 2
Event: 412.383 Thread 0x00007fc92690f800 Uncommon trap: trap_request=0xffffffde fr.pc=0x0000000114f48400
Event: 412.383 Thread 0x00007fc92690f800 DEOPT PACKING pc=0x0000000114f48400 sp=0x00007fff5a6d8710
Event: 412.383 Thread 0x00007fc92690f800 DEOPT UNPACKING pc=0x00000001148b3229 sp=0x00007fff5a6d86b8 mode 2


Dynamic libraries:
0x00000000110d3000 	/System/Library/Frameworks/Cocoa.framework/Versions/A/Cocoa
0x00000000110d3000 	/System/Library/Frameworks/Security.framework/Versions/A/Security
0x00000000110d3000 	/System/Library/Frameworks/ApplicationServices.framework/Versions/A/ApplicationServices
0x00000000110d3000 	/usr/lib/libz.1.dylib
0x00000000110d3000 	/usr/lib/libSystem.B.dylib
0x00000000110d3000 	/usr/lib/libobjc.A.dylib
0x00000000110d3000 	/System/Library/Frameworks/CoreFoundation.framework/Versions/A/CoreFoundation
0x00000000110d3000 	/System/Library/Frameworks/Foundation.framework/Versions/C/Foundation
0x00000000110d3000 	/System/Library/Frameworks/AppKit.framework/Versions/C/AppKit
0x00000000110d3000 	/System/Library/Frameworks/CoreData.framework/Versions/A/CoreData
0x00000000110d3000 	/System/Library/PrivateFrameworks/RemoteViewServices.framework/Versions/A/RemoteViewServices
0x00000000110d3000 	/System/Library/PrivateFrameworks/UIFoundation.framework/Versions/A/UIFoundation
0x00000000110d3000 	/System/Library/PrivateFrameworks/DFRFoundation.framework/Versions/A/DFRFoundation
0x00000000110d3000 	/usr/lib/libenergytrace.dylib
0x00000000110d3000 	/System/Library/PrivateFrameworks/SkyLight.framework/Versions/A/SkyLight
0x00000000110d3000 	/System/Library/Frameworks/CoreGraphics.framework/Versions/A/CoreGraphics
0x00000000110d3000 	/usr/lib/libScreenReader.dylib
0x00000000110d3000 	/System/Library/Frameworks/Accelerate.framework/Versions/A/Accelerate
0x00000000110d3000 	/System/Library/Frameworks/IOSurface.framework/Versions/A/IOSurface
0x00000000110d3000 	/System/Library/Frameworks/AudioToolbox.framework/Versions/A/AudioToolbox
0x00000000110d3000 	/System/Library/Frameworks/AudioUnit.framework/Versions/A/AudioUnit
0x00000000110d3000 	/System/Library/PrivateFrameworks/DataDetectorsCore.framework/Versions/A/DataDetectorsCore
0x00000000110d3000 	/System/Library/PrivateFrameworks/DesktopServicesPriv.framework/Versions/A/DesktopServicesPriv
0x00000000110d3000 	/System/Library/Frameworks/Carbon.framework/Versions/A/Frameworks/HIToolbox.framework/Versions/A/HIToolbox
0x00000000110d3000 	/usr/lib/libicucore.A.dylib
0x00000000110d3000 	/System/Library/Frameworks/QuartzCore.framework/Versions/A/QuartzCore
0x00000000110d3000 	/System/Library/Frameworks/Carbon.framework/Versions/A/Frameworks/SpeechRecognition.framework/Versions/A/SpeechRecognition
0x00000000110d3000 	/usr/lib/libauto.dylib
0x00000000110d3000 	/usr/lib/libxml2.2.dylib
0x00000000110d3000 	/System/Library/PrivateFrameworks/CoreUI.framework/Versions/A/CoreUI
0x00000000110d3000 	/System/Library/Frameworks/CoreAudio.framework/Versions/A/CoreAudio
0x00000000110d3000 	/System/Library/Frameworks/DiskArbitration.framework/Versions/A/DiskArbitration
0x00000000110d3000 	/usr/lib/liblangid.dylib
0x00000000110d3000 	/System/Library/PrivateFrameworks/MultitouchSupport.framework/Versions/A/MultitouchSupport
0x00000000110d3000 	/System/Library/Frameworks/IOKit.framework/Versions/A/IOKit
0x00000000110d3000 	/usr/lib/libDiagnosticMessagesClient.dylib
0x00000000110d3000 	/System/Library/Frameworks/CoreServices.framework/Versions/A/CoreServices
0x00000000110d3000 	/System/Library/PrivateFrameworks/PerformanceAnalysis.framework/Versions/A/PerformanceAnalysis
0x00000000110d3000 	/System/Library/PrivateFrameworks/GenerationalStorage.framework/Versions/A/GenerationalStorage
0x00000000110d3000 	/System/Library/Frameworks/OpenGL.framework/Versions/A/OpenGL
0x00000000110d3000 	/System/Library/Frameworks/CoreImage.framework/Versions/A/CoreImage
0x00000000110d3000 	/System/Library/Frameworks/CoreText.framework/Versions/A/CoreText
0x00000000110d3000 	/System/Library/Frameworks/ImageIO.framework/Versions/A/ImageIO
0x00000000110d3000 	/System/Library/PrivateFrameworks/Backup.framework/Versions/A/Backup
0x00000000110d3000 	/usr/lib/libarchive.2.dylib
0x00000000110d3000 	/System/Library/Frameworks/CFNetwork.framework/Versions/A/CFNetwork
0x00000000110d3000 	/System/Library/Frameworks/SystemConfiguration.framework/Versions/A/SystemConfiguration
0x00000000110d3000 	/usr/lib/libCRFSuite.dylib
0x00000000110d3000 	/usr/lib/libc++.1.dylib
0x00000000110d3000 	/usr/lib/libc++abi.dylib
0x00000000110d3000 	/usr/lib/system/libcache.dylib
0x00000000110d3000 	/usr/lib/system/libcommonCrypto.dylib
0x00000000110d3000 	/usr/lib/system/libcompiler_rt.dylib
0x00000000110d3000 	/usr/lib/system/libcopyfile.dylib
0x00000000110d3000 	/usr/lib/system/libcorecrypto.dylib
0x00000000110d3000 	/usr/lib/system/libdispatch.dylib
0x00000000110d3000 	/usr/lib/system/libdyld.dylib
0x00000000110d3000 	/usr/lib/system/libkeymgr.dylib
0x00000000110d3000 	/usr/lib/system/liblaunch.dylib
0x00000000110d3000 	/usr/lib/system/libmacho.dylib
0x00000000110d3000 	/usr/lib/system/libquarantine.dylib
0x00000000110d3000 	/usr/lib/system/libremovefile.dylib
0x00000000110d3000 	/usr/lib/system/libsystem_asl.dylib
0x00000000110d3000 	/usr/lib/system/libsystem_blocks.dylib
0x00000000110d3000 	/usr/lib/system/libsystem_c.dylib
0x00000000110d3000 	/usr/lib/system/libsystem_configuration.dylib
0x00000000110d3000 	/usr/lib/system/libsystem_coreservices.dylib
0x00000000110d3000 	/usr/lib/system/libsystem_coretls.dylib
0x00000000110d3000 	/usr/lib/system/libsystem_dnssd.dylib
0x00000000110d3000 	/usr/lib/system/libsystem_info.dylib
0x00000000110d3000 	/usr/lib/system/libsystem_kernel.dylib
0x00000000110d3000 	/usr/lib/system/libsystem_m.dylib
0x00000000110d3000 	/usr/lib/system/libsystem_malloc.dylib
0x00000000110d3000 	/usr/lib/system/libsystem_network.dylib
0x00000000110d3000 	/usr/lib/system/libsystem_networkextension.dylib
0x00000000110d3000 	/usr/lib/system/libsystem_notify.dylib
0x00000000110d3000 	/usr/lib/system/libsystem_platform.dylib
0x00000000110d3000 	/usr/lib/system/libsystem_pthread.dylib
0x00000000110d3000 	/usr/lib/system/libsystem_sandbox.dylib
0x00000000110d3000 	/usr/lib/system/libsystem_secinit.dylib
0x00000000110d3000 	/usr/lib/system/libsystem_symptoms.dylib
0x00000000110d3000 	/usr/lib/system/libsystem_trace.dylib
0x00000000110d3000 	/usr/lib/system/libunwind.dylib
0x00000000110d3000 	/usr/lib/system/libxpc.dylib
0x00000000110d3000 	/usr/lib/libbsm.0.dylib
0x00000000110d3000 	/usr/lib/system/libkxld.dylib
0x00000000110d3000 	/usr/lib/libcoretls.dylib
0x00000000110d3000 	/usr/lib/libcoretls_cfhelpers.dylib
0x00000000110d3000 	/usr/lib/libOpenScriptingUtil.dylib
0x00000000110d3000 	/usr/lib/libpam.2.dylib
0x00000000110d3000 	/usr/lib/libsqlite3.dylib
0x00000000110d3000 	/usr/lib/libxar.1.dylib
0x00000000110d3000 	/usr/lib/libbz2.1.0.dylib
0x00000000110d3000 	/usr/lib/liblzma.5.dylib
0x00000000110d3000 	/usr/lib/libnetwork.dylib
0x00000000110d3000 	/usr/lib/libpcap.A.dylib
0x00000000110d3000 	/System/Library/Frameworks/CoreServices.framework/Versions/A/Frameworks/FSEvents.framework/Versions/A/FSEvents
0x00000000110d3000 	/System/Library/Frameworks/CoreServices.framework/Versions/A/Frameworks/CarbonCore.framework/Versions/A/CarbonCore
0x00000000110d3000 	/System/Library/Frameworks/CoreServices.framework/Versions/A/Frameworks/Metadata.framework/Versions/A/Metadata
0x00000000110d3000 	/System/Library/Frameworks/CoreServices.framework/Versions/A/Frameworks/OSServices.framework/Versions/A/OSServices
0x00000000110d3000 	/System/Library/Frameworks/CoreServices.framework/Versions/A/Frameworks/SearchKit.framework/Versions/A/SearchKit
0x00000000110d3000 	/System/Library/Frameworks/CoreServices.framework/Versions/A/Frameworks/AE.framework/Versions/A/AE
0x00000000110d3000 	/System/Library/Frameworks/CoreServices.framework/Versions/A/Frameworks/LaunchServices.framework/Versions/A/LaunchServices
0x00000000110d3000 	/System/Library/Frameworks/CoreServices.framework/Versions/A/Frameworks/DictionaryServices.framework/Versions/A/DictionaryServices
0x00000000110d3000 	/System/Library/Frameworks/CoreServices.framework/Versions/A/Frameworks/SharedFileList.framework/Versions/A/SharedFileList
0x00000000110d3000 	/System/Library/Frameworks/NetFS.framework/Versions/A/NetFS
0x00000000110d3000 	/System/Library/PrivateFrameworks/NetAuth.framework/Versions/A/NetAuth
0x00000000110d3000 	/System/Library/PrivateFrameworks/login.framework/Versions/A/Frameworks/loginsupport.framework/Versions/A/loginsupport
0x00000000110d3000 	/System/Library/PrivateFrameworks/TCC.framework/Versions/A/TCC
0x00000000110d3000 	/usr/lib/libmecabra.dylib
0x00000000110d3000 	/System/Library/Frameworks/ApplicationServices.framework/Versions/A/Frameworks/ATS.framework/Versions/A/ATS
0x00000000110d3000 	/System/Library/Frameworks/ApplicationServices.framework/Versions/A/Frameworks/ColorSync.framework/Versions/A/ColorSync
0x00000000110d3000 	/System/Library/Frameworks/ApplicationServices.framework/Versions/A/Frameworks/HIServices.framework/Versions/A/HIServices
0x00000000110d3000 	/System/Library/Frameworks/ApplicationServices.framework/Versions/A/Frameworks/LangAnalysis.framework/Versions/A/LangAnalysis
0x00000000110d3000 	/System/Library/Frameworks/ApplicationServices.framework/Versions/A/Frameworks/PrintCore.framework/Versions/A/PrintCore
0x00000000110d3000 	/System/Library/Frameworks/ApplicationServices.framework/Versions/A/Frameworks/QD.framework/Versions/A/QD
0x00000000110d3000 	/System/Library/Frameworks/ApplicationServices.framework/Versions/A/Frameworks/SpeechSynthesis.framework/Versions/A/SpeechSynthesis
0x00000000110d3000 	/System/Library/Frameworks/Accelerate.framework/Versions/A/Frameworks/vImage.framework/Versions/A/vImage
0x00000000110d3000 	/System/Library/Frameworks/Accelerate.framework/Versions/A/Frameworks/vecLib.framework/Versions/A/vecLib
0x00000000110d3000 	/System/Library/Frameworks/Accelerate.framework/Versions/A/Frameworks/vecLib.framework/Versions/A/libvDSP.dylib
0x00000000110d3000 	/System/Library/Frameworks/Accelerate.framework/Versions/A/Frameworks/vecLib.framework/Versions/A/libBNNS.dylib
0x00000000110d3000 	/System/Library/Frameworks/Accelerate.framework/Versions/A/Frameworks/vecLib.framework/Versions/A/libQuadrature.dylib
0x00000000110d3000 	/System/Library/Frameworks/Accelerate.framework/Versions/A/Frameworks/vecLib.framework/Versions/A/libvMisc.dylib
0x00000000110d3000 	/System/Library/Frameworks/Accelerate.framework/Versions/A/Frameworks/vecLib.framework/Versions/A/libLAPACK.dylib
0x00000000110d3000 	/System/Library/Frameworks/Accelerate.framework/Versions/A/Frameworks/vecLib.framework/Versions/A/libBLAS.dylib
0x00000000110d3000 	/System/Library/Frameworks/Accelerate.framework/Versions/A/Frameworks/vecLib.framework/Versions/A/libLinearAlgebra.dylib
0x00000000110d3000 	/System/Library/Frameworks/Accelerate.framework/Versions/A/Frameworks/vecLib.framework/Versions/A/libSparseBLAS.dylib
0x00000000110d3000 	/System/Library/Frameworks/ApplicationServices.framework/Versions/A/Frameworks/ATS.framework/Versions/A/Resources/libFontParser.dylib
0x00000000110d3000 	/System/Library/Frameworks/ApplicationServices.framework/Versions/A/Frameworks/ATS.framework/Versions/A/Resources/libFontRegistry.dylib
0x00000000110d3000 	/System/Library/Frameworks/ImageIO.framework/Versions/A/Resources/libJPEG.dylib
0x00000000110d3000 	/System/Library/Frameworks/ImageIO.framework/Versions/A/Resources/libTIFF.dylib
0x00000000110d3000 	/System/Library/Frameworks/ImageIO.framework/Versions/A/Resources/libPng.dylib
0x00000000110d3000 	/System/Library/Frameworks/ImageIO.framework/Versions/A/Resources/libGIF.dylib
0x00000000110d3000 	/System/Library/Frameworks/ImageIO.framework/Versions/A/Resources/libJP2.dylib
0x00000000110d3000 	/System/Library/Frameworks/ImageIO.framework/Versions/A/Resources/libRadiance.dylib
0x00000000110d3000 	/usr/lib/libcompression.dylib
0x00000000110d3000 	/System/Library/PrivateFrameworks/AppleJPEG.framework/Versions/A/AppleJPEG
0x00000000110d3000 	/usr/lib/libcups.2.dylib
0x00000000110d3000 	/System/Library/Frameworks/Kerberos.framework/Versions/A/Kerberos
0x00000000110d3000 	/System/Library/Frameworks/GSS.framework/Versions/A/GSS
0x00000000110d3000 	/usr/lib/libresolv.9.dylib
0x00000000110d3000 	/usr/lib/libiconv.2.dylib
0x00000000110d3000 	/System/Library/PrivateFrameworks/Heimdal.framework/Versions/A/Heimdal
0x00000000110d3000 	/usr/lib/libheimdal-asn1.dylib
0x00000000110d3000 	/System/Library/Frameworks/OpenDirectory.framework/Versions/A/OpenDirectory
0x00000000110d3000 	/System/Library/PrivateFrameworks/CommonAuth.framework/Versions/A/CommonAuth
0x00000000110d3000 	/System/Library/Frameworks/OpenDirectory.framework/Versions/A/Frameworks/CFOpenDirectory.framework/Versions/A/CFOpenDirectory
0x00000000110d3000 	/System/Library/Frameworks/SecurityFoundation.framework/Versions/A/SecurityFoundation
0x00000000110d3000 	/System/Library/PrivateFrameworks/LanguageModeling.framework/Versions/A/LanguageModeling
0x00000000110d3000 	/usr/lib/libmarisa.dylib
0x00000000110d3000 	/usr/lib/libChineseTokenizer.dylib
0x00000000110d3000 	/usr/lib/libcmph.dylib
0x00000000110d3000 	/System/Library/PrivateFrameworks/CoreEmoji.framework/Versions/A/CoreEmoji
0x00000000110d3000 	/System/Library/Frameworks/ServiceManagement.framework/Versions/A/ServiceManagement
0x00000000110d3000 	/usr/lib/libxslt.1.dylib
0x00000000110d3000 	/System/Library/Frameworks/Carbon.framework/Versions/A/Frameworks/Ink.framework/Versions/A/Ink
0x00000000110d3000 	/System/Library/PrivateFrameworks/TextureIO.framework/Versions/A/TextureIO
0x00000000110d3000 	/System/Library/Frameworks/Metal.framework/Versions/A/Metal
0x00000000110d3000 	/usr/lib/libate.dylib
0x00000000110d3000 	/System/Library/PrivateFrameworks/GPUCompiler.framework/libmetal_timestamp.dylib
0x00000000110d3000 	/System/Library/Frameworks/OpenGL.framework/Versions/A/Libraries/libCoreFSCache.dylib
0x00000000110d3000 	/System/Library/PrivateFrameworks/IOAccelerator.framework/Versions/A/IOAccelerator
0x00000000110d3000 	/System/Library/Frameworks/CoreVideo.framework/Versions/A/CoreVideo
0x00000000110d3000 	/usr/lib/libFosl_dynamic.dylib
0x00000000110d3000 	/System/Library/PrivateFrameworks/MetalPerformanceShaders.framework/Versions/A/MetalPerformanceShaders
0x00000000110d3000 	/System/Library/PrivateFrameworks/FaceCore.framework/Versions/A/FaceCore
0x00000000110d3000 	/System/Library/Frameworks/OpenCL.framework/Versions/A/OpenCL
0x00000000110d3000 	/System/Library/Frameworks/OpenGL.framework/Versions/A/Libraries/libGLU.dylib
0x00000000110d3000 	/System/Library/Frameworks/OpenGL.framework/Versions/A/Libraries/libGFXShared.dylib
0x00000000110d3000 	/System/Library/Frameworks/OpenGL.framework/Versions/A/Libraries/libGL.dylib
0x00000000110d3000 	/System/Library/Frameworks/OpenGL.framework/Versions/A/Libraries/libGLImage.dylib
0x00000000110d3000 	/System/Library/Frameworks/OpenGL.framework/Versions/A/Libraries/libCVMSPluginSupport.dylib
0x00000000110d3000 	/System/Library/Frameworks/OpenGL.framework/Versions/A/Libraries/libCoreVMClient.dylib
0x00000000110d3000 	/System/Library/PrivateFrameworks/CrashReporterSupport.framework/Versions/A/CrashReporterSupport
0x00000000110d3000 	/System/Library/PrivateFrameworks/Sharing.framework/Versions/A/Sharing
0x00000000110d3000 	/System/Library/PrivateFrameworks/IconServices.framework/Versions/A/IconServices
0x00000000110d3000 	/System/Library/PrivateFrameworks/ProtocolBuffer.framework/Versions/A/ProtocolBuffer
0x00000000110d3000 	/System/Library/PrivateFrameworks/Apple80211.framework/Versions/A/Apple80211
0x00000000110d3000 	/System/Library/Frameworks/CoreWLAN.framework/Versions/A/CoreWLAN
0x00000000110d3000 	/System/Library/PrivateFrameworks/CoreUtils.framework/Versions/A/CoreUtils
0x00000000110d3000 	/System/Library/Frameworks/IOBluetooth.framework/Versions/A/IOBluetooth
0x00000000110d3000 	/System/Library/PrivateFrameworks/CoreWiFi.framework/Versions/A/CoreWiFi
0x00000000110d3000 	/System/Library/Frameworks/CoreBluetooth.framework/Versions/A/CoreBluetooth
0x00000000110d3000 	/System/Library/Frameworks/CoreDisplay.framework/Versions/A/CoreDisplay
0x00000000110d3000 	/System/Library/PrivateFrameworks/IOPresentment.framework/Versions/A/IOPresentment
0x00000000110d3000 	/System/Library/PrivateFrameworks/DSExternalDisplay.framework/Versions/A/DSExternalDisplay
0x00000000110d3000 	/System/Library/PrivateFrameworks/DebugSymbols.framework/Versions/A/DebugSymbols
0x00000000110d3000 	/System/Library/PrivateFrameworks/CoreSymbolication.framework/Versions/A/CoreSymbolication
0x00000000110d3000 	/System/Library/PrivateFrameworks/Symbolication.framework/Versions/A/Symbolication
0x00000000110d3000 	/System/Library/PrivateFrameworks/AppleFSCompression.framework/Versions/A/AppleFSCompression
0x00000000110d3000 	/System/Library/PrivateFrameworks/SpeechRecognitionCore.framework/Versions/A/SpeechRecognitionCore
0x00000000110d3000 	/System/Library/PrivateFrameworks/ChunkingLibrary.framework/Versions/A/ChunkingLibrary
0x00000001055a0000 	/Library/Java/JavaVirtualMachines/jdk1.8.0_131.jdk/Contents/Home/jre/lib/server/libjvm.dylib
0x00000000110d3000 	/usr/lib/libstdc++.6.dylib
0x0000000106543000 	/Library/Java/JavaVirtualMachines/jdk1.8.0_131.jdk/Contents/Home/jre/lib/libverify.dylib
0x0000000106551000 	/Library/Java/JavaVirtualMachines/jdk1.8.0_131.jdk/Contents/Home/jre/lib/libjava.dylib
0x0000000106590000 	/Library/Java/JavaVirtualMachines/jdk1.8.0_131.jdk/Contents/Home/jre/lib/libzip.dylib
0x000000010d713000 	/System/Library/Frameworks/JavaVM.framework/Frameworks/JavaRuntimeSupport.framework/JavaRuntimeSupport
0x00000001065ea000 	/System/Library/Frameworks/JavaVM.framework/Versions/A/Frameworks/JavaNativeFoundation.framework/Versions/A/JavaNativeFoundation
0x000000010d72d000 	/System/Library/Frameworks/JavaVM.framework/Versions/A/JavaVM
0x00000000110d3000 	/System/Library/Frameworks/Carbon.framework/Versions/A/Carbon
0x000000010d73a000 	/System/Library/PrivateFrameworks/JavaLaunching.framework/Versions/A/JavaLaunching
0x00000000110d3000 	/System/Library/Frameworks/Carbon.framework/Versions/A/Frameworks/CommonPanels.framework/Versions/A/CommonPanels
0x00000000110d3000 	/System/Library/Frameworks/Carbon.framework/Versions/A/Frameworks/Help.framework/Versions/A/Help
0x00000000110d3000 	/System/Library/Frameworks/Carbon.framework/Versions/A/Frameworks/ImageCapture.framework/Versions/A/ImageCapture
0x00000000110d3000 	/System/Library/Frameworks/Carbon.framework/Versions/A/Frameworks/OpenScripting.framework/Versions/A/OpenScripting
0x00000000110d3000 	/System/Library/Frameworks/Carbon.framework/Versions/A/Frameworks/Print.framework/Versions/A/Print
0x00000000110d3000 	/System/Library/Frameworks/Carbon.framework/Versions/A/Frameworks/SecurityHI.framework/Versions/A/SecurityHI
0x000000010f049000 	/Library/Java/JavaVirtualMachines/jdk1.8.0_131.jdk/Contents/Home/jre/lib/libawt.dylib
0x000000010f0f1000 	/Library/Java/JavaVirtualMachines/jdk1.8.0_131.jdk/Contents/Home/jre/lib/./libmlib_image.dylib
0x000000010f1bd000 	/Library/Java/JavaVirtualMachines/jdk1.8.0_131.jdk/Contents/Home/jre/lib/libawt_lwawt.dylib
0x000000010f274000 	/Library/Java/JavaVirtualMachines/jdk1.8.0_131.jdk/Contents/Home/jre/lib/./libosxapp.dylib
0x00000000110d3000 	/System/Library/Frameworks/ExceptionHandling.framework/Versions/A/ExceptionHandling
0x00000000110d3000 	/System/Library/PrivateFrameworks/CoreServicesInternal.framework/Versions/A/CoreServicesInternal
0x00000000110d3000 	/System/Library/CoreServices/RawCamera.bundle/Contents/MacOS/RawCamera
0x00000000110d3000 	/System/Library/Frameworks/Accelerate.framework/Versions/A/Frameworks/vImage.framework/Versions/A/Libraries/libCGInterfaces.dylib
0x00000000110d3000 	/System/Library/Frameworks/ApplicationServices.framework/Versions/A/Frameworks/ATS.framework/Versions/A/Resources/libTrueTypeScaler.dylib
0x00000001113ba000 	/System/Library/Frameworks/OpenGL.framework/Resources/GLEngine.bundle/GLEngine
0x00000000110d3000 	/System/Library/Frameworks/OpenGL.framework/Versions/A/Libraries/libGLProgrammability.dylib
0x000000011159f000 	/System/Library/Extensions/AppleIntelKBLGraphicsGLDriver.bundle/Contents/MacOS/AppleIntelKBLGraphicsGLDriver
0x00000000110d3000 	/System/Library/PrivateFrameworks/GPUSupport.framework/Versions/A/Libraries/libGPUSupportMercury.dylib
0x0000000112325000 	/System/Library/Frameworks/OpenGL.framework/Resources//GLRendererFloat.bundle/GLRendererFloat
0x00000000110d3000 	/System/Library/Frameworks/OpenCL.framework/Versions/A/Libraries/libcldcpuengine.dylib
0x00000000110d3000 	/usr/lib/libcrypto.0.9.8.dylib
0x00000000110d3000 	/System/Library/PrivateFrameworks/TrustEvaluationAgent.framework/Versions/A/TrustEvaluationAgent
0x0000000112359000 	/System/Library/Extensions/AppleIntelKBLGraphicsMTLDriver.bundle/Contents/MacOS/AppleIntelKBLGraphicsMTLDriver
0x00000000110d3000 	/System/Library/PrivateFrameworks/FamilyControls.framework/Versions/A/FamilyControls
0x00000000110d3000 	/System/Library/PrivateFrameworks/CommerceKit.framework/Versions/A/Frameworks/CommerceCore.framework/Versions/A/CommerceCore
0x00000000110d3000 	/System/Library/PrivateFrameworks/SystemAdministration.framework/Versions/A/SystemAdministration
0x00000000110d3000 	/System/Library/PrivateFrameworks/AppContainer.framework/Versions/A/AppContainer
0x00000000110d3000 	/System/Library/PrivateFrameworks/SecCodeWrapper.framework/Versions/A/SecCodeWrapper
0x00000000110d3000 	/System/Library/Frameworks/DirectoryService.framework/Versions/A/DirectoryService
0x00000000110d3000 	/System/Library/PrivateFrameworks/DiskImages.framework/Versions/A/DiskImages
0x00000000110d3000 	/System/Library/PrivateFrameworks/LoginUIKit.framework/Versions/A/Frameworks/LoginUICore.framework/Versions/A/LoginUICore
0x00000000110d3000 	/usr/lib/libCoreStorage.dylib
0x00000000110d3000 	/usr/lib/libcsfde.dylib
0x00000000110d3000 	/usr/lib/libodfde.dylib
0x00000000110d3000 	/System/Library/Frameworks/DiscRecording.framework/Versions/A/DiscRecording
0x00000000110d3000 	/usr/lib/libcurl.4.dylib
0x00000000110d3000 	/System/Library/PrivateFrameworks/MediaKit.framework/Versions/A/MediaKit
0x00000000110d3000 	/System/Library/PrivateFrameworks/ProtectedCloudStorage.framework/Versions/A/ProtectedCloudStorage
0x00000000110d3000 	/System/Library/PrivateFrameworks/EFILogin.framework/Versions/A/EFILogin
0x00000000110d3000 	/usr/lib/libutil.dylib
0x00000000110d3000 	/System/Library/Frameworks/LDAP.framework/Versions/A/LDAP
0x00000000110d3000 	/usr/lib/libsasl2.2.dylib
0x00000000110d3000 	/System/Library/PrivateFrameworks/CoreDaemon.framework/Versions/B/CoreDaemon
0x00000000110d3000 	/System/Library/PrivateFrameworks/AppleSRP.framework/Versions/A/AppleSRP
0x00000000110d3000 	/System/Library/PrivateFrameworks/APFS.framework/Versions/A/APFS
0x00000001142d4000 	/Library/Java/JavaVirtualMachines/jdk1.8.0_131.jdk/Contents/Home/jre/lib/libfontmanager.dylib
0x00000001247f5000 	/Library/Java/JavaVirtualMachines/jdk1.8.0_131.jdk/Contents/Home/jre/lib/libosxui.dylib
0x00000000110d3000 	/System/Library/PrivateFrameworks/ViewBridge.framework/Versions/A/ViewBridge
0x00000000110d3000 	/System/Library/PrivateFrameworks/XPCService.framework/Versions/A/XPCService
0x00000000110d3000 	/System/Library/PrivateFrameworks/AppSandbox.framework/Versions/A/AppSandbox
0x00000000110d3000 	/usr/lib/libsandbox.1.dylib
0x00000000110d3000 	/usr/lib/libMatch.1.dylib
0x000000012558e000 	/Library/Java/JavaVirtualMachines/jdk1.8.0_131.jdk/Contents/Home/jre/lib/libnet.dylib
0x00000001253a3000 	/Library/Java/JavaVirtualMachines/jdk1.8.0_131.jdk/Contents/Home/jre/lib/libnio.dylib
0x0000000124758000 	/private/var/folders/mz/ddp61nqj5pgffdgcqdjxrrfh0000gn/T/jogamp_0000/file_cache/jln5872030276166176386/jln8342352953815022294/libgluegen-rt.jnilib
0x00000001243ef000 	/private/var/folders/mz/ddp61nqj5pgffdgcqdjxrrfh0000gn/T/jogamp_0000/file_cache/jln5872030276166176386/jln8342352953815022294/libnativewindow_awt.jnilib
0x000000012475c000 	/Library/Java/JavaVirtualMachines/jdk1.8.0_131.jdk/Contents/Home/jre/lib/libjawt.dylib
0x000000018db67000 	/private/var/folders/mz/ddp61nqj5pgffdgcqdjxrrfh0000gn/T/jogamp_0000/file_cache/jln5872030276166176386/jln8342352953815022294/libnativewindow_macosx.jnilib
0x00000001931bd000 	/private/var/folders/mz/ddp61nqj5pgffdgcqdjxrrfh0000gn/T/jogamp_0000/file_cache/jln5872030276166176386/jln8342352953815022294/libjogl_desktop.jnilib
0x0000000199e62000 	/Library/Java/JavaVirtualMachines/jdk1.8.0_131.jdk/Contents/Home/jre/lib/libt2k.dylib

VM Arguments:
jvm_args: -Djava.security.policy=java.policy.applet -Dfile.encoding=UTF-8 
java_command: sun.applet.AppletViewer module6.EarthquakeCityMap1501860183308.html
java_class_path (initial): /Users/litianlun/Downloads/UCSDUnfoldingMaps/build:/Users/litianlun/Downloads/UCSDUnfoldingMaps/lib/core.jar:/Users/litianlun/Downloads/UCSDUnfoldingMaps/lib/gluegen-rt.jar:/Users/litianlun/Downloads/UCSDUnfoldingMaps/lib/jogl-all.jar:/Users/litianlun/Downloads/UCSDUnfoldingMaps/lib/log4j-1.2.15.jar:/Users/litianlun/Downloads/UCSDUnfoldingMaps/lib/sqlite-jdbc-3.7.2.jar:/Users/litianlun/Downloads/UCSDUnfoldingMaps/lib/json4processing.jar:/Users/litianlun/Downloads/UCSDUnfoldingMaps/lib/libTUIO.jar:/Users/litianlun/Downloads/UCSDUnfoldingMaps/lib/unfolding.0.9.7-uscd.jar
Launcher Type: SUN_STANDARD

Environment Variables:
PATH=/usr/bin:/bin:/usr/sbin:/sbin
SHELL=/bin/bash

Signal Handlers:
SIGSEGV: [libjvm.dylib+0x5b1eb1], sa_mask[0]=11111111011111110111111111111111, sa_flags=SA_ONSTACK|SA_RESTART|SA_SIGINFO
SIGBUS: [libjvm.dylib+0x5b1eb1], sa_mask[0]=11111111011111110111111111111111, sa_flags=SA_RESTART|SA_SIGINFO
SIGFPE: [libjvm.dylib+0x488988], sa_mask[0]=11111111011111110111111111111111, sa_flags=SA_RESTART|SA_SIGINFO
SIGPIPE: [libjvm.dylib+0x488988], sa_mask[0]=11111111011111110111111111111111, sa_flags=SA_RESTART|SA_SIGINFO
SIGXFSZ: [libjvm.dylib+0x488988], sa_mask[0]=11111111011111110111111111111111, sa_flags=SA_RESTART|SA_SIGINFO
SIGILL: [libjvm.dylib+0x488988], sa_mask[0]=11111111011111110111111111111111, sa_flags=SA_RESTART|SA_SIGINFO
SIGUSR1: SIG_DFL, sa_mask[0]=00000000000000000000000000000000, sa_flags=none
SIGUSR2: [libjvm.dylib+0x4884a6], sa_mask[0]=00100000000000000000000000000000, sa_flags=SA_RESTART|SA_SIGINFO
SIGHUP: [libjvm.dylib+0x486a7d], sa_mask[0]=11111111011111110111111111111111, sa_flags=SA_RESTART|SA_SIGINFO
SIGINT: [libjvm.dylib+0x486a7d], sa_mask[0]=11111111011111110111111111111111, sa_flags=SA_RESTART|SA_SIGINFO
SIGTERM: [libjvm.dylib+0x486a7d], sa_mask[0]=11111111011111110111111111111111, sa_flags=SA_RESTART|SA_SIGINFO
SIGQUIT: [libjvm.dylib+0x486a7d], sa_mask[0]=11111111011111110111111111111111, sa_flags=SA_RESTART|SA_SIGINFO


---------------  S Y S T E M  ---------------

OS:Bsduname:Darwin 16.7.0 Darwin Kernel Version 16.7.0: Thu Jun 15 17:36:27 PDT 2017; root:xnu-3789.70.16~2/RELEASE_X86_64 x86_64
rlimit: STACK 8192k, CORE 0k, NPROC 709, NOFILE 10240, AS infinity
load average:3.87 2.63 2.04

CPU:total 4 (initial active 4) (2 cores per cpu, 2 threads per core) family 6 model 142 stepping 9, cmov, cx8, fxsr, mmx, sse, sse2, sse3, ssse3, sse4.1, sse4.2, popcnt, avx, avx2, aes, clmul, erms, 3dnowpref, lzcnt, ht, tsc, tscinvbit, bmi1, bmi2, adx

Memory: 4k page, physical 8388608k(1057280k free)

/proc/meminfo:


vm_info: Java HotSpot(TM) 64-Bit Server VM (25.131-b11) for bsd-amd64 JRE (1.8.0_131-b11), built on Mar 15 2017 01:32:22 by "java_re" with gcc 4.2.1 (Based on Apple Inc. build 5658) (LLVM build 2336.11.00)

time: Fri Aug  4 23:29:55 2017
elapsed time: 412 seconds (0d 0h 6m 52s)

