#
# A fatal error has been detected by the Java Runtime Environment:
#
#  SIGSEGV (0xb) at pc=0x00007fff9b35d05d, pid=2705, tid=0x0000000000000307
#
# JRE version: Java(TM) SE Runtime Environment (8.0_131-b11) (build 1.8.0_131-b11)
# Java VM: Java HotSpot(TM) 64-Bit Server VM (25.131-b11 mixed mode bsd-amd64 compressed oops)
# Problematic frame:
# C  [libobjc.A.dylib+0x705d]  objc_msgSend+0x1d
#
# Failed to write core dump. Core dumps have been disabled. To enable core dumping, try "ulimit -c unlimited" before starting Java again
#
# If you would like to submit a bug report, please visit:
#   http://bugreport.java.com/bugreport/crash.jsp
# The crash happened outside the Java Virtual Machine in native code.
# See problematic frame for where to report the bug.
#

---------------  T H R E A D  ---------------

Current thread (0x00007f82e0833000):  JavaThread "AWT-AppKit" daemon [_thread_in_native, id=775, stack(0x00007fff5e6d9000,0x00007fff5eed9000)]

siginfo: si_signo: 11 (SIGSEGV), si_code: 1 (SEGV_MAPERR), si_addr: 0x0000000000000018

Registers:
RAX=0x00007f82e4843f20, RBX=0x000000011fce7450, RCX=0x00007f82e1b003b0, RDX=0x0000000000000000
RSP=0x00007fff5eed4498, RBP=0x00007fff5eed4550, RSI=0x00007fff84bf1116, RDI=0x00007f82df6db820
R8 =0x0000000000000018, R9 =0x00007f82e1b00390, R10=0x0000000000000000, R11=0x00007fff84bf1116
R12=0x0000000000000000, R13=0x000000018eacd128, R14=0x000000011fce7440, R15=0x00007f82e0833000
RIP=0x00007fff9b35d05d, EFLAGS=0x0000000000010246, ERR=0x0000000000000004
  TRAPNO=0x000000000000000e

Top of Stack: (sp=0x00007fff5eed4498)
0x00007fff5eed4498:   000000011fce5157 00007fff5eed44f0
0x00007fff5eed44a8:   0000000000000003 00007fff5eed44d0
0x00007fff5eed44b8:   00000001017f36d2 000000018eacd128
0x00007fff5eed44c8:   000000018eacd128 00007f82e4843f20
0x00007fff5eed44d8:   000000011fce76a0 000000011fce7710
0x00007fff5eed44e8:   00007fffa13c26d0 00007fffa1ff21e0
0x00007fff5eed44f8:   000000011fce7450 000000011fce7690
0x00007fff5eed4508:   00007f82e4843f20 00007f82df6db820
0x00007fff5eed4518:   00007f82df6386a0 00007f82e4843f20
0x00007fff5eed4528:   00007f82df6db820 00007fff5eed45d8
0x00007fff5eed4538:   00007f82e08331f8 000000018eacd128
0x00007fff5eed4548:   00007fff5eed4600 00007fff5eed45c8
0x00007fff5eed4558:   00000001085099f4 000000018eacd128
0x00007fff5eed4568:   00007fff5eed4600 00007fff5eed45c8
0x00007fff5eed4578:   0000000108509787 0000000108509742
0x00007fff5eed4588:   00007fff5eed4588 000000018eacd128
0x00007fff5eed4598:   00007fff5eed4600 000000018e9ee2c8
0x00007fff5eed45a8:   0000000000000000 000000018eacd128
0x00007fff5eed45b8:   0000000000000000 00007fff5eed45e8
0x00007fff5eed45c8:   00007fff5eed4648 00000001084fa2bd
0x00007fff5eed45d8:   00000007415e5088 0000000108503538
0x00007fff5eed45e8:   00007f82e4843f20 00007fff5eed4648
0x00007fff5eed45f8:   00007f82df6db820 0000000108504e02
0x00007fff5eed4608:   00007fff5eed4608 000000018eacd2f2
0x00007fff5eed4618:   00007fff5eed4670 000000018e9ee2c8
0x00007fff5eed4628:   0000000000000000 000000018eacd300
0x00007fff5eed4638:   00007fff5eed45e8 00007fff5eed4658
0x00007fff5eed4648:   00007fff5eed46b8 00000001084fa2bd
0x00007fff5eed4658:   00007f82e4843f20 0000000741246778
0x00007fff5eed4668:   00007f82df6db820 0000000741246778
0x00007fff5eed4678:   00007fff5eed4678 0000000192b98786
0x00007fff5eed4688:   00007fff5eed46c8 0000000192b98840 

Instructions: (pc=0x00007fff9b35d05d)
0x00007fff9b35d03d:   0f 1f 00 48 85 ff 2e 74 62 40 f6 c7 01 2e 75 66
0x00007fff9b35d04d:   49 ba f8 ff ff ff ff 7f 00 00 4c 23 17 49 89 f3
0x00007fff9b35d05d:   45 23 5a 18 49 c1 e3 04 4d 03 5a 10 49 3b 33 75
0x00007fff9b35d06d:   04 41 ff 63 08 49 83 3b 01 76 0d 49 83 c3 10 49 

Register to memory mapping:

RAX=0x00007f82e4843f20 is an unknown value
RBX=0x000000011fce7450: Java_jogamp_nativewindow_macosx_OSXUtil_GetScreenRefreshRate0+0x1cf0 in /private/var/folders/mz/ddp61nqj5pgffdgcqdjxrrfh0000gn/T/jogamp_0000/file_cache/jln3453627460334248447/jln1343338061118335381/libnativewindow_macosx.jnilib at 0x000000011fce0000
RCX=0x00007f82e1b003b0 is an unknown value
RDX=0x0000000000000000 is an unknown value
RSP=0x00007fff5eed4498 is pointing into the stack for thread: 0x00007f82e0833000
RBP=0x00007fff5eed4550 is pointing into the stack for thread: 0x00007f82e0833000
RSI=0x00007fff84bf1116: __NSStyleNameIndexTable+0x7fd5e in /System/Library/Frameworks/AppKit.framework/Versions/C/AppKit at 0x00007fff83f84000
RDI=0x00007f82df6db820 is an unknown value
R8 =0x0000000000000018 is an unknown value
R9 =0x00007f82e1b00390 is an unknown value
R10=0x0000000000000000 is an unknown value
R11=0x00007fff84bf1116: __NSStyleNameIndexTable+0x7fd5e in /System/Library/Frameworks/AppKit.framework/Versions/C/AppKit at 0x00007fff83f84000
R12=0x0000000000000000 is an unknown value
R13={method} {0x000000018eacd128} 'UnsetJAWTRootSurfaceLayer0' '(JJ)V' in 'jogamp/nativewindow/jawt/macosx/MacOSXJAWTWindow'
R14=0x000000011fce7440: Java_jogamp_nativewindow_macosx_OSXUtil_GetScreenRefreshRate0+0x1ce0 in /private/var/folders/mz/ddp61nqj5pgffdgcqdjxrrfh0000gn/T/jogamp_0000/file_cache/jln3453627460334248447/jln1343338061118335381/libnativewindow_macosx.jnilib at 0x000000011fce0000
R15=0x00007f82e0833000 is a thread


Stack: [0x00007fff5e6d9000,0x00007fff5eed9000],  sp=0x00007fff5eed4498,  free space=8173k
Native frames: (J=compiled Java code, j=interpreted, Vv=VM code, C=native code)
C  [libobjc.A.dylib+0x705d]  objc_msgSend+0x1d
j  jogamp.nativewindow.jawt.macosx.MacOSXJAWTWindow.UnsetJAWTRootSurfaceLayer0(JJ)V+0
j  jogamp.nativewindow.jawt.macosx.MacOSXJAWTWindow.access$200(JJ)V+2
j  jogamp.nativewindow.jawt.macosx.MacOSXJAWTWindow$1.run()V+38
j  com.jogamp.common.util.RunnableTask.run()V+24
v  ~StubRoutines::call_stub
V  [libjvm.dylib+0x2ee5b6]
V  [libjvm.dylib+0x325765]
V  [libjvm.dylib+0x317f33]
C  [libnativewindow_macosx.jnilib+0x5326]  Java_jogamp_nativewindow_jawt_macosx_MacOSXJAWTWindow_UnsetJAWTRootSurfaceLayer0+0x2b6
C  [Foundation+0x7152a]  __NSThreadPerformPerform+0x146
C  [CoreFoundation+0xa7321]  __CFRUNLOOP_IS_CALLING_OUT_TO_A_SOURCE0_PERFORM_FUNCTION__+0x11
C  [CoreFoundation+0x88197]  __CFRunLoopDoSources0+0x1a7
C  [CoreFoundation+0x87716]  __CFRunLoopRun+0x3a6
C  [CoreFoundation+0x87114]  CFRunLoopRunSpecific+0x1a4
C  [HIToolbox+0x30ebc]  RunCurrentEventLoopInMode+0xf0
C  [HIToolbox+0x30bf9]  ReceiveNextEventCommon+0xb8
C  [HIToolbox+0x30b26]  _BlockUntilNextEventMatchingListInModeWithFilter+0x47
C  [AppKit+0x46a54]  _DPSNextEvent+0x460
C  [AppKit+0x7c27ee]  -[NSApplication(NSEvent) _nextEventMatchingEventMask:untilDate:inMode:dequeue:]+0xaec
C  [libosxapp.dylib+0x23aa]  -[NSApplicationAWT nextEventMatchingMask:untilDate:inMode:dequeue:]+0x7c
C  [AppKit+0x3b3db]  -[NSApplication run]+0x39e
C  [libosxapp.dylib+0x214d]  +[NSApplicationAWT runAWTLoopWithApp:]+0x9c
C  [libawt_lwawt.dylib+0x45edf]  -[AWTStarter starter:]+0x389
C  [Foundation+0x7152a]  __NSThreadPerformPerform+0x146
C  [CoreFoundation+0xa7321]  __CFRUNLOOP_IS_CALLING_OUT_TO_A_SOURCE0_PERFORM_FUNCTION__+0x11
C  [CoreFoundation+0x8821d]  __CFRunLoopDoSources0+0x22d
C  [CoreFoundation+0x87716]  __CFRunLoopRun+0x3a6
C  [CoreFoundation+0x87114]  CFRunLoopRunSpecific+0x1a4
C  [java+0x6465]  CreateExecutionEnvironment+0x367
C  [java+0x218c]  JLI_Launch+0x7a0
C  [java+0x84c2]  main+0x65
C  [java+0x19e4]  start+0x34
C  0x0000000000000007

Java frames: (J=compiled Java code, j=interpreted, Vv=VM code)
j  jogamp.nativewindow.jawt.macosx.MacOSXJAWTWindow.UnsetJAWTRootSurfaceLayer0(JJ)V+0
j  jogamp.nativewindow.jawt.macosx.MacOSXJAWTWindow.access$200(JJ)V+2
j  jogamp.nativewindow.jawt.macosx.MacOSXJAWTWindow$1.run()V+38
j  com.jogamp.common.util.RunnableTask.run()V+24
v  ~StubRoutines::call_stub

---------------  P R O C E S S  ---------------

Java Threads: ( => current thread )
  0x00007f82d49fa800 JavaThread "Thread-20" [_thread_blocked, id=77995, stack(0x0000700009917000,0x0000700009a17000)]
  0x00007f82df89b800 JavaThread "AWT-EventQueue-1" [_thread_in_native, id=63871, stack(0x0000700009791000,0x0000700009891000)]
  0x00007f82e0a4c000 JavaThread "DestroyJavaVM" [_thread_blocked, id=7171, stack(0x0000700008149000,0x0000700008249000)]
  0x00007f82e10f1800 JavaThread "AWT-EventQueue-0" [_thread_blocked, id=61971, stack(0x000070000958b000,0x000070000968b000)]
  0x00007f82df903800 JavaThread "Java2D Disposer" daemon [_thread_blocked, id=58139, stack(0x0000700009302000,0x0000700009402000)]
  0x00007f82e025f800 JavaThread "Java2D Queue Flusher" daemon [_thread_blocked, id=58375, stack(0x00007000091ff000,0x00007000092ff000)]
  0x00007f82df8ff800 JavaThread "AWT-Shutdown" [_thread_blocked, id=30495, stack(0x0000700008ff6000,0x00007000090f6000)]
=>0x00007f82e0833000 JavaThread "AWT-AppKit" daemon [_thread_in_native, id=775, stack(0x00007fff5e6d9000,0x00007fff5eed9000)]
  0x00007f82e0850800 JavaThread "Service Thread" daemon [_thread_blocked, id=18691, stack(0x0000700008d6d000,0x0000700008e6d000)]
  0x00007f82e0825000 JavaThread "C1 CompilerThread2" daemon [_thread_blocked, id=18179, stack(0x0000700008c6a000,0x0000700008d6a000)]
  0x00007f82e0824800 JavaThread "C2 CompilerThread1" daemon [_thread_blocked, id=17667, stack(0x0000700008b67000,0x0000700008c67000)]
  0x00007f82e0815800 JavaThread "C2 CompilerThread0" daemon [_thread_blocked, id=17155, stack(0x0000700008a64000,0x0000700008b64000)]
  0x00007f82e0814000 JavaThread "Signal Dispatcher" daemon [_thread_blocked, id=16643, stack(0x0000700008961000,0x0000700008a61000)]
  0x00007f82e080c800 JavaThread "Finalizer" daemon [_thread_blocked, id=12547, stack(0x000070000885e000,0x000070000895e000)]
  0x00007f82e1002000 JavaThread "Reference Handler" daemon [_thread_blocked, id=12035, stack(0x000070000875b000,0x000070000885b000)]

Other Threads:
  0x00007f82df84a800 VMThread [stack: 0x0000700008658000,0x0000700008758000] [id=11523]
  0x00007f82df84e000 WatcherThread [stack: 0x0000700008e70000,0x0000700008f70000] [id=19203]

VM state:not at safepoint (normal execution)

VM Mutex/Monitor currently owned by a thread: None

Heap:
 PSYoungGen      total 25600K, used 24141K [0x0000000795580000, 0x00000007b2780000, 0x00000007c0000000)
  eden space 25088K, 95% used [0x0000000795580000,0x0000000796cfb778,0x0000000796e00000)
  from space 512K, 18% used [0x00000007b2680000,0x00000007b2698000,0x00000007b2700000)
  to   space 512K, 0% used [0x00000007b2700000,0x00000007b2700000,0x00000007b2780000)
 ParOldGen       total 88576K, used 37686K [0x0000000740000000, 0x0000000745680000, 0x0000000795580000)
  object space 88576K, 42% used [0x0000000740000000,0x00000007424cdbb0,0x0000000745680000)
 Metaspace       used 27911K, capacity 28235K, committed 28544K, reserved 1075200K
  class space    used 2228K, capacity 2341K, committed 2432K, reserved 1048576K

Card table byte_map: [0x0000000102963000,0x0000000102d64000] byte_map_base: 0x00000000fef63000

Marking Bits: (ParMarkBitMap*) 0x0000000101ef1ea0
 Begin Bits: [0x000000010300f000, 0x000000010500f000)
 End Bits:   [0x000000010500f000, 0x000000010700f000)

Polling page: 0x0000000100de7000

CodeCache: size=245760Kb used=11206Kb max_used=11755Kb free=234553Kb
 bounds [0x00000001084f2000, 0x00000001090b2000, 0x00000001174f2000]
 total_blobs=3856 nmethods=2935 adapters=834
 compilation: enabled

Compilation events (10 events):
Event: 1145.750 Thread 0x00007f82e0824800 3673       4       java.util.HashMap::containsKey (18 bytes)
Event: 1145.751 Thread 0x00007f82e0815800 3674   !   4       sun.lwawt.LWComponentPeer::getBounds (22 bytes)
Event: 1145.755 Thread 0x00007f82e0815800 nmethod 3674 0x0000000108715c50 code [0x0000000108715da0, 0x0000000108716158]
Event: 1145.757 Thread 0x00007f82e0824800 nmethod 3673 0x0000000108cb1c90 code [0x0000000108cb1e00, 0x0000000108cb20f8]
Event: 1145.770 Thread 0x00007f82e0825000 3676       3       sun.java2d.SunGraphics2D::setColor (108 bytes)
Event: 1145.771 Thread 0x00007f82e0825000 nmethod 3676 0x0000000108d64c50 code [0x0000000108d64de0, 0x0000000108d65318]
Event: 1145.772 Thread 0x00007f82e0825000 3677       3       sun.java2d.pipe.RenderBuffer::putInt (26 bytes)
Event: 1145.773 Thread 0x00007f82e0825000 nmethod 3677 0x0000000108d31990 code [0x0000000108d31b00, 0x0000000108d31c70]
Event: 1145.774 Thread 0x00007f82e0825000 3675       1       sun.java2d.SurfaceData::isValid (5 bytes)
Event: 1145.774 Thread 0x00007f82e0825000 nmethod 3675 0x00000001089940d0 code [0x0000000108994220, 0x0000000108994330]

GC Heap History (10 events):
Event: 1143.400 GC heap before
{Heap before GC invocations=1254 (full 1):
 PSYoungGen      total 25600K, used 25216K [0x0000000795580000, 0x00000007b2780000, 0x00000007c0000000)
  eden space 25088K, 100% used [0x0000000795580000,0x0000000796e00000,0x0000000796e00000)
  from space 512K, 25% used [0x00000007b2700000,0x00000007b2720000,0x00000007b2780000)
  to   space 512K, 0% used [0x00000007b2680000,0x00000007b2680000,0x00000007b2700000)
 ParOldGen       total 88576K, used 37686K [0x0000000740000000, 0x0000000745680000, 0x0000000795580000)
  object space 88576K, 42% used [0x0000000740000000,0x00000007424cdbb0,0x0000000745680000)
 Metaspace       used 27862K, capacity 28203K, committed 28544K, reserved 1075200K
  class space    used 2220K, capacity 2309K, committed 2432K, reserved 1048576K
Event: 1143.403 GC heap after
Heap after GC invocations=1254 (full 1):
 PSYoungGen      total 25600K, used 96K [0x0000000795580000, 0x00000007b2780000, 0x00000007c0000000)
  eden space 25088K, 0% used [0x0000000795580000,0x0000000795580000,0x0000000796e00000)
  from space 512K, 18% used [0x00000007b2680000,0x00000007b2698000,0x00000007b2700000)
  to   space 512K, 0% used [0x00000007b2700000,0x00000007b2700000,0x00000007b2780000)
 ParOldGen       total 88576K, used 37686K [0x0000000740000000, 0x0000000745680000, 0x0000000795580000)
  object space 88576K, 42% used [0x0000000740000000,0x00000007424cdbb0,0x0000000745680000)
 Metaspace       used 27862K, capacity 28203K, committed 28544K, reserved 1075200K
  class space    used 2220K, capacity 2309K, committed 2432K, reserved 1048576K
}
Event: 1143.937 GC heap before
{Heap before GC invocations=1255 (full 1):
 PSYoungGen      total 25600K, used 25184K [0x0000000795580000, 0x00000007b2780000, 0x00000007c0000000)
  eden space 25088K, 100% used [0x0000000795580000,0x0000000796e00000,0x0000000796e00000)
  from space 512K, 18% used [0x00000007b2680000,0x00000007b2698000,0x00000007b2700000)
  to   space 512K, 0% used [0x00000007b2700000,0x00000007b2700000,0x00000007b2780000)
 ParOldGen       total 88576K, used 37686K [0x0000000740000000, 0x0000000745680000, 0x0000000795580000)
  object space 88576K, 42% used [0x0000000740000000,0x00000007424cdbb0,0x0000000745680000)
 Metaspace       used 27862K, capacity 28203K, committed 28544K, reserved 1075200K
  class space    used 2220K, capacity 2309K, committed 2432K, reserved 1048576K
Event: 1143.938 GC heap after
Heap after GC invocations=1255 (full 1):
 PSYoungGen      total 25600K, used 96K [0x0000000795580000, 0x00000007b2780000, 0x00000007c0000000)
  eden space 25088K, 0% used [0x0000000795580000,0x0000000795580000,0x0000000796e00000)
  from space 512K, 18% used [0x00000007b2700000,0x00000007b2718000,0x00000007b2780000)
  to   space 512K, 0% used [0x00000007b2680000,0x00000007b2680000,0x00000007b2700000)
 ParOldGen       total 88576K, used 37686K [0x0000000740000000, 0x0000000745680000, 0x0000000795580000)
  object space 88576K, 42% used [0x0000000740000000,0x00000007424cdbb0,0x0000000745680000)
 Metaspace       used 27862K, capacity 28203K, committed 28544K, reserved 1075200K
  class space    used 2220K, capacity 2309K, committed 2432K, reserved 1048576K
}
Event: 1144.463 GC heap before
{Heap before GC invocations=1256 (full 1):
 PSYoungGen      total 25600K, used 25184K [0x0000000795580000, 0x00000007b2780000, 0x00000007c0000000)
  eden space 25088K, 100% used [0x0000000795580000,0x0000000796e00000,0x0000000796e00000)
  from space 512K, 18% used [0x00000007b2700000,0x00000007b2718000,0x00000007b2780000)
  to   space 512K, 0% used [0x00000007b2680000,0x00000007b2680000,0x00000007b2700000)
 ParOldGen       total 88576K, used 37686K [0x0000000740000000, 0x0000000745680000, 0x0000000795580000)
  object space 88576K, 42% used [0x0000000740000000,0x00000007424cdbb0,0x0000000745680000)
 Metaspace       used 27862K, capacity 28203K, committed 28544K, reserved 1075200K
  class space    used 2220K, capacity 2309K, committed 2432K, reserved 1048576K
Event: 1144.465 GC heap after
Heap after GC invocations=1256 (full 1):
 PSYoungGen      total 25600K, used 64K [0x0000000795580000, 0x00000007b2780000, 0x00000007c0000000)
  eden space 25088K, 0% used [0x0000000795580000,0x0000000795580000,0x0000000796e00000)
  from space 512K, 12% used [0x00000007b2680000,0x00000007b2690000,0x00000007b2700000)
  to   space 512K, 0% used [0x00000007b2700000,0x00000007b2700000,0x00000007b2780000)
 ParOldGen       total 88576K, used 37686K [0x0000000740000000, 0x0000000745680000, 0x0000000795580000)
  object space 88576K, 42% used [0x0000000740000000,0x00000007424cdbb0,0x0000000745680000)
 Metaspace       used 27862K, capacity 28203K, committed 28544K, reserved 1075200K
  class space    used 2220K, capacity 2309K, committed 2432K, reserved 1048576K
}
Event: 1144.889 GC heap before
{Heap before GC invocations=1257 (full 1):
 PSYoungGen      total 25600K, used 25152K [0x0000000795580000, 0x00000007b2780000, 0x00000007c0000000)
  eden space 25088K, 100% used [0x0000000795580000,0x0000000796e00000,0x0000000796e00000)
  from space 512K, 12% used [0x00000007b2680000,0x00000007b2690000,0x00000007b2700000)
  to   space 512K, 0% used [0x00000007b2700000,0x00000007b2700000,0x00000007b2780000)
 ParOldGen       total 88576K, used 37686K [0x0000000740000000, 0x0000000745680000, 0x0000000795580000)
  object space 88576K, 42% used [0x0000000740000000,0x00000007424cdbb0,0x0000000745680000)
 Metaspace       used 27863K, capacity 28203K, committed 28544K, reserved 1075200K
  class space    used 2220K, capacity 2309K, committed 2432K, reserved 1048576K
Event: 1144.891 GC heap after
Heap after GC invocations=1257 (full 1):
 PSYoungGen      total 25600K, used 64K [0x0000000795580000, 0x00000007b2780000, 0x00000007c0000000)
  eden space 25088K, 0% used [0x0000000795580000,0x0000000795580000,0x0000000796e00000)
  from space 512K, 12% used [0x00000007b2700000,0x00000007b2710000,0x00000007b2780000)
  to   space 512K, 0% used [0x00000007b2680000,0x00000007b2680000,0x00000007b2700000)
 ParOldGen       total 88576K, used 37686K [0x0000000740000000, 0x0000000745680000, 0x0000000795580000)
  object space 88576K, 42% used [0x0000000740000000,0x00000007424cdbb0,0x0000000745680000)
 Metaspace       used 27863K, capacity 28203K, committed 28544K, reserved 1075200K
  class space    used 2220K, capacity 2309K, committed 2432K, reserved 1048576K
}
Event: 1145.341 GC heap before
{Heap before GC invocations=1258 (full 1):
 PSYoungGen      total 25600K, used 25152K [0x0000000795580000, 0x00000007b2780000, 0x00000007c0000000)
  eden space 25088K, 100% used [0x0000000795580000,0x0000000796e00000,0x0000000796e00000)
  from space 512K, 12% used [0x00000007b2700000,0x00000007b2710000,0x00000007b2780000)
  to   space 512K, 0% used [0x00000007b2680000,0x00000007b2680000,0x00000007b2700000)
 ParOldGen       total 88576K, used 37686K [0x0000000740000000, 0x0000000745680000, 0x0000000795580000)
  object space 88576K, 42% used [0x0000000740000000,0x00000007424cdbb0,0x0000000745680000)
 Metaspace       used 27863K, capacity 28203K, committed 28544K, reserved 1075200K
  class space    used 2220K, capacity 2309K, committed 2432K, reserved 1048576K
Event: 1145.343 GC heap after
Heap after GC invocations=1258 (full 1):
 PSYoungGen      total 25600K, used 96K [0x0000000795580000, 0x00000007b2780000, 0x00000007c0000000)
  eden space 25088K, 0% used [0x0000000795580000,0x0000000795580000,0x0000000796e00000)
  from space 512K, 18% used [0x00000007b2680000,0x00000007b2698000,0x00000007b2700000)
  to   space 512K, 0% used [0x00000007b2700000,0x00000007b2700000,0x00000007b2780000)
 ParOldGen       total 88576K, used 37686K [0x0000000740000000, 0x0000000745680000, 0x0000000795580000)
  object space 88576K, 42% used [0x0000000740000000,0x00000007424cdbb0,0x0000000745680000)
 Metaspace       used 27863K, capacity 28203K, committed 28544K, reserved 1075200K
  class space    used 2220K, capacity 2309K, committed 2432K, reserved 1048576K
}

Deoptimization events (10 events):
Event: 1145.751 Thread 0x00007f82e10f1800 Uncommon trap: reason=class_check action=maybe_recompile pc=0x0000000108afad0c method=java.awt.Component.getGraphics()Ljava/awt/Graphics; @ 114
Event: 1145.751 Thread 0x00007f82df89b800 Uncommon trap: reason=class_check action=maybe_recompile pc=0x0000000108c9b204 method=java.awt.event.InvocationEvent.dispatch()V @ 11
Event: 1145.755 Thread 0x00007f82e0833000 Uncommon trap: reason=class_check action=maybe_recompile pc=0x0000000108611d00 method=com.jogamp.common.util.RunnableTask.run()V @ 24
Event: 1145.756 Thread 0x00007f82e0833000 Uncommon trap: reason=unstable_if action=reinterpret pc=0x000000010903687c method=jogamp.nativewindow.macosx.OSXUtil.RunOnMainThread(ZZLjava/lang/Runnable;)V @ 3
Event: 1145.765 Thread 0x00007f82df89b800 Uncommon trap: reason=unstable_if action=reinterpret pc=0x0000000108cb4628 method=jogamp.opengl.GLContextImpl.release(Z)V @ 161
Event: 1145.768 Thread 0x00007f82df89b800 Uncommon trap: reason=unstable_if action=reinterpret pc=0x0000000108c5d1cc method=java.security.AccessControlContext.combine([Ljava/security/ProtectionDomain;[Ljava/security/ProtectionDomain;)[Ljava/security/ProtectionDomain; @ 151
Event: 1145.770 Thread 0x00007f82e10f1800 Uncommon trap: reason=class_check action=maybe_recompile pc=0x0000000108afad0c method=java.awt.Component.getGraphics()Ljava/awt/Graphics; @ 114
Event: 1145.770 Thread 0x00007f82d49fa800 Uncommon trap: reason=predicate action=maybe_recompile pc=0x00000001086a699c method=java.util.Vector.indexOf(Ljava/lang/Object;I)I @ 44
Event: 1145.771 Thread 0x00007f82df89b800 Uncommon trap: reason=class_check action=maybe_recompile pc=0x0000000108c9b204 method=java.awt.event.InvocationEvent.dispatch()V @ 11
Event: 1145.777 Thread 0x00007f82e0833000 Uncommon trap: reason=class_check action=maybe_recompile pc=0x0000000108611d00 method=com.jogamp.common.util.RunnableTask.run()V @ 24

Internal exceptions (10 events):
Event: 0.358 Thread 0x00007f82df803000 Exception <a 'java/io/FileNotFoundException'> (0x000000079580e930) thrown at [/Users/java_re/workspace/8-2-build-macosx-x86_64/jdk8u131/8869/hotspot/src/share/vm/prims/jni.cpp, line 709]
Event: 0.358 Thread 0x00007f82df803000 Exception <a 'java/io/FileNotFoundException'> (0x000000079580f4b8) thrown at [/Users/java_re/workspace/8-2-build-macosx-x86_64/jdk8u131/8869/hotspot/src/share/vm/prims/jni.cpp, line 709]
Event: 0.450 Thread 0x00007f82df803000 Exception <a 'java/io/FileNotFoundException'> (0x000000079594c438) thrown at [/Users/java_re/workspace/8-2-build-macosx-x86_64/jdk8u131/8869/hotspot/src/share/vm/prims/jni.cpp, line 709]
Event: 2.340 Thread 0x00007f82e10ef800 Exception <a 'java/lang/UnsatisfiedLinkError': com.jogamp.common.util.JarUtil.fixNativeLibAttribs(Ljava/lang/String;)Z> (0x0000000796bfa160) thrown at [/Users/java_re/workspace/8-2-build-macosx-x86_64/jdk8u131/8869/hotspot/src/share/vm/prims/nativeLookup.
Event: 2.641 Thread 0x00007f82e080c800 Exception <a 'java/lang/NullPointerException'> (0x00000007956a5ff8) thrown at [/Users/java_re/workspace/8-2-build-macosx-x86_64/jdk8u131/8869/hotspot/src/share/vm/interpreter/linkResolver.cpp, line 1197]
Event: 3.310 Thread 0x00007f82df89b800 Exception <a 'java/io/FileNotFoundException'> (0x0000000795f3d078) thrown at [/Users/java_re/workspace/8-2-build-macosx-x86_64/jdk8u131/8869/hotspot/src/share/vm/prims/jni.cpp, line 709]
Event: 3.311 Thread 0x00007f82df89b800 Exception <a 'java/io/FileNotFoundException'> (0x0000000795f430a8) thrown at [/Users/java_re/workspace/8-2-build-macosx-x86_64/jdk8u131/8869/hotspot/src/share/vm/prims/jni.cpp, line 709]
Event: 3.311 Thread 0x00007f82df89b800 Implicit null exception at 0x00000001086ca836 to 0x00000001086cac25
Event: 4.763 Thread 0x00007f82df89b800 Implicit null exception at 0x00000001088b3046 to 0x00000001088b328d
Event: 4.794 Thread 0x00007f82e16f5000 Implicit null exception at 0x00000001086c7f35 to 0x00000001086c82f9

Events (10 events):
Event: 1145.772 Thread 0x00007f82e0825000 flushing nmethod 0x0000000108e36a50
Event: 1145.772 Thread 0x00007f82e0825000 flushing nmethod 0x0000000108e37b50
Event: 1145.772 Thread 0x00007f82e0825000 flushing nmethod 0x0000000108e39050
Event: 1145.773 Thread 0x00007f82e0825000 flushing nmethod 0x0000000108ed2c90
Event: 1145.774 Thread 0x00007f82e0825000 flushing nmethod 0x0000000108f21d50
Event: 1145.774 Thread 0x00007f82e0825000 flushing nmethod 0x0000000108fe1cd0
Event: 1145.774 Thread 0x00007f82e0825000 flushing nmethod 0x000000010901d850
Event: 1145.777 Thread 0x00007f82e0833000 Uncommon trap: trap_request=0xffffffde fr.pc=0x0000000108611d00
Event: 1145.777 Thread 0x00007f82e0833000 DEOPT PACKING pc=0x0000000108611d00 sp=0x00007fff5eed4710
Event: 1145.777 Thread 0x00007f82e0833000 DEOPT UNPACKING pc=0x00000001084f7229 sp=0x00007fff5eed46b8 mode 2


Dynamic libraries:
0x00000000110d3000 	/System/Library/Frameworks/Cocoa.framework/Versions/A/Cocoa
0x00000000110d3000 	/System/Library/Frameworks/Security.framework/Versions/A/Security
0x00000000110d3000 	/System/Library/Frameworks/ApplicationServices.framework/Versions/A/ApplicationServices
0x00000000110d3000 	/usr/lib/libz.1.dylib
0x00000000110d3000 	/usr/lib/libSystem.B.dylib
0x00000000110d3000 	/usr/lib/libobjc.A.dylib
0x00000000110d3000 	/System/Library/Frameworks/CoreFoundation.framework/Versions/A/CoreFoundation
0x00000000110d3000 	/System/Library/Frameworks/Foundation.framework/Versions/C/Foundation
0x00000000110d3000 	/System/Library/Frameworks/AppKit.framework/Versions/C/AppKit
0x00000000110d3000 	/System/Library/Frameworks/CoreData.framework/Versions/A/CoreData
0x00000000110d3000 	/System/Library/PrivateFrameworks/RemoteViewServices.framework/Versions/A/RemoteViewServices
0x00000000110d3000 	/System/Library/PrivateFrameworks/UIFoundation.framework/Versions/A/UIFoundation
0x00000000110d3000 	/System/Library/PrivateFrameworks/DFRFoundation.framework/Versions/A/DFRFoundation
0x00000000110d3000 	/usr/lib/libenergytrace.dylib
0x00000000110d3000 	/System/Library/PrivateFrameworks/SkyLight.framework/Versions/A/SkyLight
0x00000000110d3000 	/System/Library/Frameworks/CoreGraphics.framework/Versions/A/CoreGraphics
0x00000000110d3000 	/usr/lib/libScreenReader.dylib
0x00000000110d3000 	/System/Library/Frameworks/Accelerate.framework/Versions/A/Accelerate
0x00000000110d3000 	/System/Library/Frameworks/IOSurface.framework/Versions/A/IOSurface
0x00000000110d3000 	/System/Library/Frameworks/AudioToolbox.framework/Versions/A/AudioToolbox
0x00000000110d3000 	/System/Library/Frameworks/AudioUnit.framework/Versions/A/AudioUnit
0x00000000110d3000 	/System/Library/PrivateFrameworks/DataDetectorsCore.framework/Versions/A/DataDetectorsCore
0x00000000110d3000 	/System/Library/PrivateFrameworks/DesktopServicesPriv.framework/Versions/A/DesktopServicesPriv
0x00000000110d3000 	/System/Library/Frameworks/Carbon.framework/Versions/A/Frameworks/HIToolbox.framework/Versions/A/HIToolbox
0x00000000110d3000 	/usr/lib/libicucore.A.dylib
0x00000000110d3000 	/System/Library/Frameworks/QuartzCore.framework/Versions/A/QuartzCore
0x00000000110d3000 	/System/Library/Frameworks/Carbon.framework/Versions/A/Frameworks/SpeechRecognition.framework/Versions/A/SpeechRecognition
0x00000000110d3000 	/usr/lib/libauto.dylib
0x00000000110d3000 	/usr/lib/libxml2.2.dylib
0x00000000110d3000 	/System/Library/PrivateFrameworks/CoreUI.framework/Versions/A/CoreUI
0x00000000110d3000 	/System/Library/Frameworks/CoreAudio.framework/Versions/A/CoreAudio
0x00000000110d3000 	/System/Library/Frameworks/DiskArbitration.framework/Versions/A/DiskArbitration
0x00000000110d3000 	/usr/lib/liblangid.dylib
0x00000000110d3000 	/System/Library/PrivateFrameworks/MultitouchSupport.framework/Versions/A/MultitouchSupport
0x00000000110d3000 	/System/Library/Frameworks/IOKit.framework/Versions/A/IOKit
0x00000000110d3000 	/usr/lib/libDiagnosticMessagesClient.dylib
0x00000000110d3000 	/System/Library/Frameworks/CoreServices.framework/Versions/A/CoreServices
0x00000000110d3000 	/System/Library/PrivateFrameworks/PerformanceAnalysis.framework/Versions/A/PerformanceAnalysis
0x00000000110d3000 	/System/Library/PrivateFrameworks/GenerationalStorage.framework/Versions/A/GenerationalStorage
0x00000000110d3000 	/System/Library/Frameworks/OpenGL.framework/Versions/A/OpenGL
0x00000000110d3000 	/System/Library/Frameworks/CoreImage.framework/Versions/A/CoreImage
0x00000000110d3000 	/System/Library/Frameworks/CoreText.framework/Versions/A/CoreText
0x00000000110d3000 	/System/Library/Frameworks/ImageIO.framework/Versions/A/ImageIO
0x00000000110d3000 	/System/Library/PrivateFrameworks/Backup.framework/Versions/A/Backup
0x00000000110d3000 	/usr/lib/libarchive.2.dylib
0x00000000110d3000 	/System/Library/Frameworks/CFNetwork.framework/Versions/A/CFNetwork
0x00000000110d3000 	/System/Library/Frameworks/SystemConfiguration.framework/Versions/A/SystemConfiguration
0x00000000110d3000 	/usr/lib/libCRFSuite.dylib
0x00000000110d3000 	/usr/lib/libc++.1.dylib
0x00000000110d3000 	/usr/lib/libc++abi.dylib
0x00000000110d3000 	/usr/lib/system/libcache.dylib
0x00000000110d3000 	/usr/lib/system/libcommonCrypto.dylib
0x00000000110d3000 	/usr/lib/system/libcompiler_rt.dylib
0x00000000110d3000 	/usr/lib/system/libcopyfile.dylib
0x00000000110d3000 	/usr/lib/system/libcorecrypto.dylib
0x00000000110d3000 	/usr/lib/system/libdispatch.dylib
0x00000000110d3000 	/usr/lib/system/libdyld.dylib
0x00000000110d3000 	/usr/lib/system/libkeymgr.dylib
0x00000000110d3000 	/usr/lib/system/liblaunch.dylib
0x00000000110d3000 	/usr/lib/system/libmacho.dylib
0x00000000110d3000 	/usr/lib/system/libquarantine.dylib
0x00000000110d3000 	/usr/lib/system/libremovefile.dylib
0x00000000110d3000 	/usr/lib/system/libsystem_asl.dylib
0x00000000110d3000 	/usr/lib/system/libsystem_blocks.dylib
0x00000000110d3000 	/usr/lib/system/libsystem_c.dylib
0x00000000110d3000 	/usr/lib/system/libsystem_configuration.dylib
0x00000000110d3000 	/usr/lib/system/libsystem_coreservices.dylib
0x00000000110d3000 	/usr/lib/system/libsystem_coretls.dylib
0x00000000110d3000 	/usr/lib/system/libsystem_dnssd.dylib
0x00000000110d3000 	/usr/lib/system/libsystem_info.dylib
0x00000000110d3000 	/usr/lib/system/libsystem_kernel.dylib
0x00000000110d3000 	/usr/lib/system/libsystem_m.dylib
0x00000000110d3000 	/usr/lib/system/libsystem_malloc.dylib
0x00000000110d3000 	/usr/lib/system/libsystem_network.dylib
0x00000000110d3000 	/usr/lib/system/libsystem_networkextension.dylib
0x00000000110d3000 	/usr/lib/system/libsystem_notify.dylib
0x00000000110d3000 	/usr/lib/system/libsystem_platform.dylib
0x00000000110d3000 	/usr/lib/system/libsystem_pthread.dylib
0x00000000110d3000 	/usr/lib/system/libsystem_sandbox.dylib
0x00000000110d3000 	/usr/lib/system/libsystem_secinit.dylib
0x00000000110d3000 	/usr/lib/system/libsystem_symptoms.dylib
0x00000000110d3000 	/usr/lib/system/libsystem_trace.dylib
0x00000000110d3000 	/usr/lib/system/libunwind.dylib
0x00000000110d3000 	/usr/lib/system/libxpc.dylib
0x00000000110d3000 	/usr/lib/libbsm.0.dylib
0x00000000110d3000 	/usr/lib/system/libkxld.dylib
0x00000000110d3000 	/usr/lib/libcoretls.dylib
0x00000000110d3000 	/usr/lib/libcoretls_cfhelpers.dylib
0x00000000110d3000 	/usr/lib/libOpenScriptingUtil.dylib
0x00000000110d3000 	/usr/lib/libpam.2.dylib
0x00000000110d3000 	/usr/lib/libsqlite3.dylib
0x00000000110d3000 	/usr/lib/libxar.1.dylib
0x00000000110d3000 	/usr/lib/libbz2.1.0.dylib
0x00000000110d3000 	/usr/lib/liblzma.5.dylib
0x00000000110d3000 	/usr/lib/libnetwork.dylib
0x00000000110d3000 	/usr/lib/libpcap.A.dylib
0x00000000110d3000 	/System/Library/Frameworks/CoreServices.framework/Versions/A/Frameworks/FSEvents.framework/Versions/A/FSEvents
0x00000000110d3000 	/System/Library/Frameworks/CoreServices.framework/Versions/A/Frameworks/CarbonCore.framework/Versions/A/CarbonCore
0x00000000110d3000 	/System/Library/Frameworks/CoreServices.framework/Versions/A/Frameworks/Metadata.framework/Versions/A/Metadata
0x00000000110d3000 	/System/Library/Frameworks/CoreServices.framework/Versions/A/Frameworks/OSServices.framework/Versions/A/OSServices
0x00000000110d3000 	/System/Library/Frameworks/CoreServices.framework/Versions/A/Frameworks/SearchKit.framework/Versions/A/SearchKit
0x00000000110d3000 	/System/Library/Frameworks/CoreServices.framework/Versions/A/Frameworks/AE.framework/Versions/A/AE
0x00000000110d3000 	/System/Library/Frameworks/CoreServices.framework/Versions/A/Frameworks/LaunchServices.framework/Versions/A/LaunchServices
0x00000000110d3000 	/System/Library/Frameworks/CoreServices.framework/Versions/A/Frameworks/DictionaryServices.framework/Versions/A/DictionaryServices
0x00000000110d3000 	/System/Library/Frameworks/CoreServices.framework/Versions/A/Frameworks/SharedFileList.framework/Versions/A/SharedFileList
0x00000000110d3000 	/System/Library/Frameworks/NetFS.framework/Versions/A/NetFS
0x00000000110d3000 	/System/Library/PrivateFrameworks/NetAuth.framework/Versions/A/NetAuth
0x00000000110d3000 	/System/Library/PrivateFrameworks/login.framework/Versions/A/Frameworks/loginsupport.framework/Versions/A/loginsupport
0x00000000110d3000 	/System/Library/PrivateFrameworks/TCC.framework/Versions/A/TCC
0x00000000110d3000 	/usr/lib/libmecabra.dylib
0x00000000110d3000 	/System/Library/Frameworks/ApplicationServices.framework/Versions/A/Frameworks/ATS.framework/Versions/A/ATS
0x00000000110d3000 	/System/Library/Frameworks/ApplicationServices.framework/Versions/A/Frameworks/ColorSync.framework/Versions/A/ColorSync
0x00000000110d3000 	/System/Library/Frameworks/ApplicationServices.framework/Versions/A/Frameworks/HIServices.framework/Versions/A/HIServices
0x00000000110d3000 	/System/Library/Frameworks/ApplicationServices.framework/Versions/A/Frameworks/LangAnalysis.framework/Versions/A/LangAnalysis
0x00000000110d3000 	/System/Library/Frameworks/ApplicationServices.framework/Versions/A/Frameworks/PrintCore.framework/Versions/A/PrintCore
0x00000000110d3000 	/System/Library/Frameworks/ApplicationServices.framework/Versions/A/Frameworks/QD.framework/Versions/A/QD
0x00000000110d3000 	/System/Library/Frameworks/ApplicationServices.framework/Versions/A/Frameworks/SpeechSynthesis.framework/Versions/A/SpeechSynthesis
0x00000000110d3000 	/System/Library/Frameworks/Accelerate.framework/Versions/A/Frameworks/vImage.framework/Versions/A/vImage
0x00000000110d3000 	/System/Library/Frameworks/Accelerate.framework/Versions/A/Frameworks/vecLib.framework/Versions/A/vecLib
0x00000000110d3000 	/System/Library/Frameworks/Accelerate.framework/Versions/A/Frameworks/vecLib.framework/Versions/A/libvDSP.dylib
0x00000000110d3000 	/System/Library/Frameworks/Accelerate.framework/Versions/A/Frameworks/vecLib.framework/Versions/A/libBNNS.dylib
0x00000000110d3000 	/System/Library/Frameworks/Accelerate.framework/Versions/A/Frameworks/vecLib.framework/Versions/A/libQuadrature.dylib
0x00000000110d3000 	/System/Library/Frameworks/Accelerate.framework/Versions/A/Frameworks/vecLib.framework/Versions/A/libvMisc.dylib
0x00000000110d3000 	/System/Library/Frameworks/Accelerate.framework/Versions/A/Frameworks/vecLib.framework/Versions/A/libLAPACK.dylib
0x00000000110d3000 	/System/Library/Frameworks/Accelerate.framework/Versions/A/Frameworks/vecLib.framework/Versions/A/libBLAS.dylib
0x00000000110d3000 	/System/Library/Frameworks/Accelerate.framework/Versions/A/Frameworks/vecLib.framework/Versions/A/libLinearAlgebra.dylib
0x00000000110d3000 	/System/Library/Frameworks/Accelerate.framework/Versions/A/Frameworks/vecLib.framework/Versions/A/libSparseBLAS.dylib
0x00000000110d3000 	/System/Library/Frameworks/ApplicationServices.framework/Versions/A/Frameworks/ATS.framework/Versions/A/Resources/libFontParser.dylib
0x00000000110d3000 	/System/Library/Frameworks/ApplicationServices.framework/Versions/A/Frameworks/ATS.framework/Versions/A/Resources/libFontRegistry.dylib
0x00000000110d3000 	/System/Library/Frameworks/ImageIO.framework/Versions/A/Resources/libJPEG.dylib
0x00000000110d3000 	/System/Library/Frameworks/ImageIO.framework/Versions/A/Resources/libTIFF.dylib
0x00000000110d3000 	/System/Library/Frameworks/ImageIO.framework/Versions/A/Resources/libPng.dylib
0x00000000110d3000 	/System/Library/Frameworks/ImageIO.framework/Versions/A/Resources/libGIF.dylib
0x00000000110d3000 	/System/Library/Frameworks/ImageIO.framework/Versions/A/Resources/libJP2.dylib
0x00000000110d3000 	/System/Library/Frameworks/ImageIO.framework/Versions/A/Resources/libRadiance.dylib
0x00000000110d3000 	/usr/lib/libcompression.dylib
0x00000000110d3000 	/System/Library/PrivateFrameworks/AppleJPEG.framework/Versions/A/AppleJPEG
0x00000000110d3000 	/usr/lib/libcups.2.dylib
0x00000000110d3000 	/System/Library/Frameworks/Kerberos.framework/Versions/A/Kerberos
0x00000000110d3000 	/System/Library/Frameworks/GSS.framework/Versions/A/GSS
0x00000000110d3000 	/usr/lib/libresolv.9.dylib
0x00000000110d3000 	/usr/lib/libiconv.2.dylib
0x00000000110d3000 	/System/Library/PrivateFrameworks/Heimdal.framework/Versions/A/Heimdal
0x00000000110d3000 	/usr/lib/libheimdal-asn1.dylib
0x00000000110d3000 	/System/Library/Frameworks/OpenDirectory.framework/Versions/A/OpenDirectory
0x00000000110d3000 	/System/Library/PrivateFrameworks/CommonAuth.framework/Versions/A/CommonAuth
0x00000000110d3000 	/System/Library/Frameworks/OpenDirectory.framework/Versions/A/Frameworks/CFOpenDirectory.framework/Versions/A/CFOpenDirectory
0x00000000110d3000 	/System/Library/Frameworks/SecurityFoundation.framework/Versions/A/SecurityFoundation
0x00000000110d3000 	/System/Library/PrivateFrameworks/LanguageModeling.framework/Versions/A/LanguageModeling
0x00000000110d3000 	/usr/lib/libmarisa.dylib
0x00000000110d3000 	/usr/lib/libChineseTokenizer.dylib
0x00000000110d3000 	/usr/lib/libcmph.dylib
0x00000000110d3000 	/System/Library/PrivateFrameworks/CoreEmoji.framework/Versions/A/CoreEmoji
0x00000000110d3000 	/System/Library/Frameworks/ServiceManagement.framework/Versions/A/ServiceManagement
0x00000000110d3000 	/usr/lib/libxslt.1.dylib
0x00000000110d3000 	/System/Library/Frameworks/Carbon.framework/Versions/A/Frameworks/Ink.framework/Versions/A/Ink
0x00000000110d3000 	/System/Library/PrivateFrameworks/TextureIO.framework/Versions/A/TextureIO
0x00000000110d3000 	/System/Library/Frameworks/Metal.framework/Versions/A/Metal
0x00000000110d3000 	/usr/lib/libate.dylib
0x00000000110d3000 	/System/Library/PrivateFrameworks/GPUCompiler.framework/libmetal_timestamp.dylib
0x00000000110d3000 	/System/Library/Frameworks/OpenGL.framework/Versions/A/Libraries/libCoreFSCache.dylib
0x00000000110d3000 	/System/Library/PrivateFrameworks/IOAccelerator.framework/Versions/A/IOAccelerator
0x00000000110d3000 	/System/Library/Frameworks/CoreVideo.framework/Versions/A/CoreVideo
0x00000000110d3000 	/usr/lib/libFosl_dynamic.dylib
0x00000000110d3000 	/System/Library/PrivateFrameworks/MetalPerformanceShaders.framework/Versions/A/MetalPerformanceShaders
0x00000000110d3000 	/System/Library/PrivateFrameworks/FaceCore.framework/Versions/A/FaceCore
0x00000000110d3000 	/System/Library/Frameworks/OpenCL.framework/Versions/A/OpenCL
0x00000000110d3000 	/System/Library/Frameworks/OpenGL.framework/Versions/A/Libraries/libGLU.dylib
0x00000000110d3000 	/System/Library/Frameworks/OpenGL.framework/Versions/A/Libraries/libGFXShared.dylib
0x00000000110d3000 	/System/Library/Frameworks/OpenGL.framework/Versions/A/Libraries/libGL.dylib
0x00000000110d3000 	/System/Library/Frameworks/OpenGL.framework/Versions/A/Libraries/libGLImage.dylib
0x00000000110d3000 	/System/Library/Frameworks/OpenGL.framework/Versions/A/Libraries/libCVMSPluginSupport.dylib
0x00000000110d3000 	/System/Library/Frameworks/OpenGL.framework/Versions/A/Libraries/libCoreVMClient.dylib
0x00000000110d3000 	/System/Library/PrivateFrameworks/CrashReporterSupport.framework/Versions/A/CrashReporterSupport
0x00000000110d3000 	/System/Library/PrivateFrameworks/Sharing.framework/Versions/A/Sharing
0x00000000110d3000 	/System/Library/PrivateFrameworks/IconServices.framework/Versions/A/IconServices
0x00000000110d3000 	/System/Library/PrivateFrameworks/ProtocolBuffer.framework/Versions/A/ProtocolBuffer
0x00000000110d3000 	/System/Library/PrivateFrameworks/Apple80211.framework/Versions/A/Apple80211
0x00000000110d3000 	/System/Library/Frameworks/CoreWLAN.framework/Versions/A/CoreWLAN
0x00000000110d3000 	/System/Library/PrivateFrameworks/CoreUtils.framework/Versions/A/CoreUtils
0x00000000110d3000 	/System/Library/Frameworks/IOBluetooth.framework/Versions/A/IOBluetooth
0x00000000110d3000 	/System/Library/PrivateFrameworks/CoreWiFi.framework/Versions/A/CoreWiFi
0x00000000110d3000 	/System/Library/Frameworks/CoreBluetooth.framework/Versions/A/CoreBluetooth
0x00000000110d3000 	/System/Library/Frameworks/CoreDisplay.framework/Versions/A/CoreDisplay
0x00000000110d3000 	/System/Library/PrivateFrameworks/IOPresentment.framework/Versions/A/IOPresentment
0x00000000110d3000 	/System/Library/PrivateFrameworks/DSExternalDisplay.framework/Versions/A/DSExternalDisplay
0x00000000110d3000 	/System/Library/PrivateFrameworks/DebugSymbols.framework/Versions/A/DebugSymbols
0x00000000110d3000 	/System/Library/PrivateFrameworks/CoreSymbolication.framework/Versions/A/CoreSymbolication
0x00000000110d3000 	/System/Library/PrivateFrameworks/Symbolication.framework/Versions/A/Symbolication
0x00000000110d3000 	/System/Library/PrivateFrameworks/AppleFSCompression.framework/Versions/A/AppleFSCompression
0x00000000110d3000 	/System/Library/PrivateFrameworks/SpeechRecognitionCore.framework/Versions/A/SpeechRecognitionCore
0x00000000110d3000 	/System/Library/PrivateFrameworks/ChunkingLibrary.framework/Versions/A/ChunkingLibrary
0x0000000101600000 	/Library/Java/JavaVirtualMachines/jdk1.8.0_131.jdk/Contents/Home/jre/lib/server/libjvm.dylib
0x00000000110d3000 	/usr/lib/libstdc++.6.dylib
0x0000000100da4000 	/Library/Java/JavaVirtualMachines/jdk1.8.0_131.jdk/Contents/Home/jre/lib/libverify.dylib
0x0000000100db2000 	/Library/Java/JavaVirtualMachines/jdk1.8.0_131.jdk/Contents/Home/jre/lib/libjava.dylib
0x0000000100df1000 	/Library/Java/JavaVirtualMachines/jdk1.8.0_131.jdk/Contents/Home/jre/lib/libzip.dylib
0x0000000117f92000 	/System/Library/Frameworks/JavaVM.framework/Frameworks/JavaRuntimeSupport.framework/JavaRuntimeSupport
0x0000000117fac000 	/System/Library/Frameworks/JavaVM.framework/Versions/A/Frameworks/JavaNativeFoundation.framework/Versions/A/JavaNativeFoundation
0x0000000117fc1000 	/System/Library/Frameworks/JavaVM.framework/Versions/A/JavaVM
0x00000000110d3000 	/System/Library/Frameworks/Carbon.framework/Versions/A/Carbon
0x0000000117fce000 	/System/Library/PrivateFrameworks/JavaLaunching.framework/Versions/A/JavaLaunching
0x00000000110d3000 	/System/Library/Frameworks/Carbon.framework/Versions/A/Frameworks/CommonPanels.framework/Versions/A/CommonPanels
0x00000000110d3000 	/System/Library/Frameworks/Carbon.framework/Versions/A/Frameworks/Help.framework/Versions/A/Help
0x00000000110d3000 	/System/Library/Frameworks/Carbon.framework/Versions/A/Frameworks/ImageCapture.framework/Versions/A/ImageCapture
0x00000000110d3000 	/System/Library/Frameworks/Carbon.framework/Versions/A/Frameworks/OpenScripting.framework/Versions/A/OpenScripting
0x00000000110d3000 	/System/Library/Frameworks/Carbon.framework/Versions/A/Frameworks/Print.framework/Versions/A/Print
0x00000000110d3000 	/System/Library/Frameworks/Carbon.framework/Versions/A/Frameworks/SecurityHI.framework/Versions/A/SecurityHI
0x00000001198d9000 	/Library/Java/JavaVirtualMachines/jdk1.8.0_131.jdk/Contents/Home/jre/lib/libawt.dylib
0x0000000119981000 	/Library/Java/JavaVirtualMachines/jdk1.8.0_131.jdk/Contents/Home/jre/lib/./libmlib_image.dylib
0x0000000119a4d000 	/Library/Java/JavaVirtualMachines/jdk1.8.0_131.jdk/Contents/Home/jre/lib/libawt_lwawt.dylib
0x0000000119b04000 	/Library/Java/JavaVirtualMachines/jdk1.8.0_131.jdk/Contents/Home/jre/lib/./libosxapp.dylib
0x00000000110d3000 	/System/Library/Frameworks/ExceptionHandling.framework/Versions/A/ExceptionHandling
0x00000000110d3000 	/System/Library/PrivateFrameworks/CoreServicesInternal.framework/Versions/A/CoreServicesInternal
0x00000000110d3000 	/System/Library/CoreServices/RawCamera.bundle/Contents/MacOS/RawCamera
0x00000000110d3000 	/System/Library/Frameworks/Accelerate.framework/Versions/A/Frameworks/vImage.framework/Versions/A/Libraries/libCGInterfaces.dylib
0x00000000110d3000 	/System/Library/Frameworks/ApplicationServices.framework/Versions/A/Frameworks/ATS.framework/Versions/A/Resources/libTrueTypeScaler.dylib
0x000000011bc44000 	/System/Library/Frameworks/OpenGL.framework/Resources/GLEngine.bundle/GLEngine
0x00000000110d3000 	/System/Library/Frameworks/OpenGL.framework/Versions/A/Libraries/libGLProgrammability.dylib
0x000000011be29000 	/System/Library/Extensions/AppleIntelKBLGraphicsGLDriver.bundle/Contents/MacOS/AppleIntelKBLGraphicsGLDriver
0x00000000110d3000 	/System/Library/PrivateFrameworks/GPUSupport.framework/Versions/A/Libraries/libGPUSupportMercury.dylib
0x000000011cbaf000 	/System/Library/Frameworks/OpenGL.framework/Resources//GLRendererFloat.bundle/GLRendererFloat
0x00000000110d3000 	/System/Library/Frameworks/OpenCL.framework/Versions/A/Libraries/libcldcpuengine.dylib
0x00000000110d3000 	/usr/lib/libcrypto.0.9.8.dylib
0x00000000110d3000 	/System/Library/PrivateFrameworks/TrustEvaluationAgent.framework/Versions/A/TrustEvaluationAgent
0x000000011cbe3000 	/System/Library/Extensions/AppleIntelKBLGraphicsMTLDriver.bundle/Contents/MacOS/AppleIntelKBLGraphicsMTLDriver
0x00000000110d3000 	/System/Library/PrivateFrameworks/FamilyControls.framework/Versions/A/FamilyControls
0x00000000110d3000 	/System/Library/PrivateFrameworks/CommerceKit.framework/Versions/A/Frameworks/CommerceCore.framework/Versions/A/CommerceCore
0x00000000110d3000 	/System/Library/PrivateFrameworks/SystemAdministration.framework/Versions/A/SystemAdministration
0x00000000110d3000 	/System/Library/PrivateFrameworks/AppContainer.framework/Versions/A/AppContainer
0x00000000110d3000 	/System/Library/PrivateFrameworks/SecCodeWrapper.framework/Versions/A/SecCodeWrapper
0x00000000110d3000 	/System/Library/Frameworks/DirectoryService.framework/Versions/A/DirectoryService
0x00000000110d3000 	/System/Library/PrivateFrameworks/DiskImages.framework/Versions/A/DiskImages
0x00000000110d3000 	/System/Library/PrivateFrameworks/LoginUIKit.framework/Versions/A/Frameworks/LoginUICore.framework/Versions/A/LoginUICore
0x00000000110d3000 	/usr/lib/libCoreStorage.dylib
0x00000000110d3000 	/usr/lib/libcsfde.dylib
0x00000000110d3000 	/usr/lib/libodfde.dylib
0x00000000110d3000 	/System/Library/Frameworks/DiscRecording.framework/Versions/A/DiscRecording
0x00000000110d3000 	/usr/lib/libcurl.4.dylib
0x00000000110d3000 	/System/Library/PrivateFrameworks/MediaKit.framework/Versions/A/MediaKit
0x00000000110d3000 	/System/Library/PrivateFrameworks/ProtectedCloudStorage.framework/Versions/A/ProtectedCloudStorage
0x00000000110d3000 	/System/Library/PrivateFrameworks/EFILogin.framework/Versions/A/EFILogin
0x00000000110d3000 	/usr/lib/libutil.dylib
0x00000000110d3000 	/System/Library/Frameworks/LDAP.framework/Versions/A/LDAP
0x00000000110d3000 	/usr/lib/libsasl2.2.dylib
0x00000000110d3000 	/System/Library/PrivateFrameworks/CoreDaemon.framework/Versions/B/CoreDaemon
0x00000000110d3000 	/System/Library/PrivateFrameworks/AppleSRP.framework/Versions/A/AppleSRP
0x00000000110d3000 	/System/Library/PrivateFrameworks/APFS.framework/Versions/A/APFS
0x000000011eb0e000 	/Library/Java/JavaVirtualMachines/jdk1.8.0_131.jdk/Contents/Home/jre/lib/libfontmanager.dylib
0x000000011fff4000 	/Library/Java/JavaVirtualMachines/jdk1.8.0_131.jdk/Contents/Home/jre/lib/libosxui.dylib
0x00000000110d3000 	/System/Library/PrivateFrameworks/ViewBridge.framework/Versions/A/ViewBridge
0x00000000110d3000 	/System/Library/PrivateFrameworks/XPCService.framework/Versions/A/XPCService
0x00000000110d3000 	/System/Library/PrivateFrameworks/AppSandbox.framework/Versions/A/AppSandbox
0x00000000110d3000 	/usr/lib/libsandbox.1.dylib
0x00000000110d3000 	/usr/lib/libMatch.1.dylib
0x0000000120d8b000 	/Library/Java/JavaVirtualMachines/jdk1.8.0_131.jdk/Contents/Home/jre/lib/libnet.dylib
0x0000000120ba0000 	/Library/Java/JavaVirtualMachines/jdk1.8.0_131.jdk/Contents/Home/jre/lib/libnio.dylib
0x000000011fc4b000 	/private/var/folders/mz/ddp61nqj5pgffdgcqdjxrrfh0000gn/T/jogamp_0000/file_cache/jln3453627460334248447/jln1343338061118335381/libgluegen-rt.jnilib
0x000000011fcaf000 	/private/var/folders/mz/ddp61nqj5pgffdgcqdjxrrfh0000gn/T/jogamp_0000/file_cache/jln3453627460334248447/jln1343338061118335381/libnativewindow_awt.jnilib
0x000000011fcb2000 	/Library/Java/JavaVirtualMachines/jdk1.8.0_131.jdk/Contents/Home/jre/lib/libjawt.dylib
0x000000011fce0000 	/private/var/folders/mz/ddp61nqj5pgffdgcqdjxrrfh0000gn/T/jogamp_0000/file_cache/jln3453627460334248447/jln1343338061118335381/libnativewindow_macosx.jnilib
0x0000000189498000 	/private/var/folders/mz/ddp61nqj5pgffdgcqdjxrrfh0000gn/T/jogamp_0000/file_cache/jln3453627460334248447/jln1343338061118335381/libjogl_desktop.jnilib
0x0000000195368000 	/Library/Java/JavaVirtualMachines/jdk1.8.0_131.jdk/Contents/Home/jre/lib/libt2k.dylib

VM Arguments:
jvm_args: -Djava.security.policy=java.policy.applet -Dfile.encoding=UTF-8 
java_command: sun.applet.AppletViewer module6.EarthquakeCityMap1501854281671.html
java_class_path (initial): /Users/litianlun/Downloads/UCSDUnfoldingMaps/build:/Users/litianlun/Downloads/UCSDUnfoldingMaps/lib/core.jar:/Users/litianlun/Downloads/UCSDUnfoldingMaps/lib/gluegen-rt.jar:/Users/litianlun/Downloads/UCSDUnfoldingMaps/lib/jogl-all.jar:/Users/litianlun/Downloads/UCSDUnfoldingMaps/lib/log4j-1.2.15.jar:/Users/litianlun/Downloads/UCSDUnfoldingMaps/lib/sqlite-jdbc-3.7.2.jar:/Users/litianlun/Downloads/UCSDUnfoldingMaps/lib/json4processing.jar:/Users/litianlun/Downloads/UCSDUnfoldingMaps/lib/libTUIO.jar:/Users/litianlun/Downloads/UCSDUnfoldingMaps/lib/unfolding.0.9.7-uscd.jar
Launcher Type: SUN_STANDARD

Environment Variables:
PATH=/usr/bin:/bin:/usr/sbin:/sbin
SHELL=/bin/bash

Signal Handlers:
SIGSEGV: [libjvm.dylib+0x5b1eb1], sa_mask[0]=11111111011111110111111111111111, sa_flags=SA_ONSTACK|SA_RESTART|SA_SIGINFO
SIGBUS: [libjvm.dylib+0x5b1eb1], sa_mask[0]=11111111011111110111111111111111, sa_flags=SA_RESTART|SA_SIGINFO
SIGFPE: [libjvm.dylib+0x488988], sa_mask[0]=11111111011111110111111111111111, sa_flags=SA_RESTART|SA_SIGINFO
SIGPIPE: [libjvm.dylib+0x488988], sa_mask[0]=11111111011111110111111111111111, sa_flags=SA_RESTART|SA_SIGINFO
SIGXFSZ: [libjvm.dylib+0x488988], sa_mask[0]=11111111011111110111111111111111, sa_flags=SA_RESTART|SA_SIGINFO
SIGILL: [libjvm.dylib+0x488988], sa_mask[0]=11111111011111110111111111111111, sa_flags=SA_RESTART|SA_SIGINFO
SIGUSR1: SIG_DFL, sa_mask[0]=00000000000000000000000000000000, sa_flags=none
SIGUSR2: [libjvm.dylib+0x4884a6], sa_mask[0]=00100000000000000000000000000000, sa_flags=SA_RESTART|SA_SIGINFO
SIGHUP: [libjvm.dylib+0x486a7d], sa_mask[0]=11111111011111110111111111111111, sa_flags=SA_RESTART|SA_SIGINFO
SIGINT: [libjvm.dylib+0x486a7d], sa_mask[0]=11111111011111110111111111111111, sa_flags=SA_RESTART|SA_SIGINFO
SIGTERM: [libjvm.dylib+0x486a7d], sa_mask[0]=11111111011111110111111111111111, sa_flags=SA_RESTART|SA_SIGINFO
SIGQUIT: [libjvm.dylib+0x486a7d], sa_mask[0]=11111111011111110111111111111111, sa_flags=SA_RESTART|SA_SIGINFO


---------------  S Y S T E M  ---------------

OS:Bsduname:Darwin 16.7.0 Darwin Kernel Version 16.7.0: Thu Jun 15 17:36:27 PDT 2017; root:xnu-3789.70.16~2/RELEASE_X86_64 x86_64
rlimit: STACK 8192k, CORE 0k, NPROC 709, NOFILE 10240, AS infinity
load average:5.06 5.80 4.95

CPU:total 4 (initial active 4) (2 cores per cpu, 2 threads per core) family 6 model 142 stepping 9, cmov, cx8, fxsr, mmx, sse, sse2, sse3, ssse3, sse4.1, sse4.2, popcnt, avx, avx2, aes, clmul, erms, 3dnowpref, lzcnt, ht, tsc, tscinvbit, bmi1, bmi2, adx

Memory: 4k page, physical 8388608k(1003740k free)

/proc/meminfo:


vm_info: Java HotSpot(TM) 64-Bit Server VM (25.131-b11) for bsd-amd64 JRE (1.8.0_131-b11), built on Mar 15 2017 01:32:22 by "java_re" with gcc 4.2.1 (Based on Apple Inc. build 5658) (LLVM build 2336.11.00)

time: Fri Aug  4 22:03:47 2017
elapsed time: 1145 seconds (0d 0h 19m 5s)

