#
# A fatal error has been detected by the Java Runtime Environment:
#
#  SIGSEGV (0xb) at pc=0x00007fffdf6b1fc5, pid=4406, tid=0x0000000000000307
#
# JRE version: Java(TM) SE Runtime Environment (8.0_131-b11) (build 1.8.0_131-b11)
# Java VM: Java HotSpot(TM) 64-Bit Server VM (25.131-b11 mixed mode bsd-amd64 compressed oops)
# Problematic frame:
# C  [libobjc.A.dylib+0x7fc5]  lookUpImpOrForward+0x5a
#
# Failed to write core dump. Core dumps have been disabled. To enable core dumping, try "ulimit -c unlimited" before starting Java again
#
# If you would like to submit a bug report, please visit:
#   http://bugreport.java.com/bugreport/crash.jsp
# The crash happened outside the Java Virtual Machine in native code.
# See problematic frame for where to report the bug.
#

---------------  T H R E A D  ---------------

Current thread (0x00007fb98c824800):  JavaThread "AWT-AppKit" daemon [_thread_in_native, id=775, stack(0x00007fff59532000,0x00007fff59d32000)]

siginfo: si_signo: 11 (SIGSEGV), si_code: 1 (SEGV_MAPERR), si_addr: 0x0000000000000000

Registers:
RAX=0x0000000000000000, RBX=0x000000010fbe0000, RCX=0x0000000000000000, RDX=0x00000000011449c0
RSP=0x00007fff59d2d380, RBP=0x00007fff59d2d3d0, RSI=0x0000000000000001, RDI=0x00007fffe8d542d0
R8 =0x0000000001144ac0, R9 =0x0000000000000000, R10=0x00007fffe8d542ec, R11=0x00007fffe8d542f0
R12=0x00007fffc8f4b116, R13=0x0000000000000001, R14=0x00007ffffffffff8, R15=0x00007fb9908bd6e0
RIP=0x00007fffdf6b1fc5, EFLAGS=0x0000000000010246, ERR=0x0000000000000004
  TRAPNO=0x000000000000000e

Top of Stack: (sp=0x00007fff59d2d380)
0x00007fff59d2d380:   0000000059d2d3e0 00007fffca7d66cc
0x00007fff59d2d390:   0000000110004000 ff80000000001002
0x00007fff59d2d3a0:   0000000159d2ffff 00000001155d7450
0x00007fff59d2d3b0:   0000000000000000 0000000193a9c918
0x00007fff59d2d3c0:   00000001155d7440 00007fb98c824800
0x00007fff59d2d3d0:   00007fff59d2d4a0 00007fffdf6b1ad4
0x00007fff59d2d3e0:   00007fb98d4009b0 0000000000000018
0x00007fff59d2d3f0:   00007fb98d400aa0 0000000000000000
0x00007fff59d2d400:   00007fffc8f4b116 00007fb9908bd6e0
0x00007fff59d2d410:   00007fb990cd6d90 00007fff59d2d49f
0x00007fff59d2d420:   0000000000000000 0000000000000000
0x00007fff59d2d430:   00000000000000ff 0000000000000000
0x00007fff59d2d440:   0000000000000000 0000000000000000
0x00007fff59d2d450:   6f63616d5f747761 534f63614d5f7873
0x00007fff59d2d460:   534f63614d5f7873 6e69575457414a58
0x00007fff59d2d470:   0000000043e10000 0000000000000000
0x00007fff59d2d480:   f1bf173d43af0000 0000000000000000
0x00007fff59d2d490:   0000000044610000 0000000000000000
0x00007fff59d2d4a0:   00007fff59d2d560 00000001155d5157
0x00007fff59d2d4b0:   00007fff59d2d500 0000000000000003
0x00007fff59d2d4c0:   00007fff59d2d4e0 00000001069f36d2
0x00007fff59d2d4d0:   0000000193a9c918 0000000193a9c918
0x00007fff59d2d4e0:   00007fb990cd6d90 00000001155d76a0
0x00007fff59d2d4f0:   00000001155d7710 00007fffe57156d0
0x00007fff59d2d500:   00007fffe63451e0 00000001155d7450
0x00007fff59d2d510:   00000001155d7690 00007fb990cd6d90
0x00007fff59d2d520:   00007fb9908bd6e0 00007fb98af07dd0
0x00007fff59d2d530:   00007fb990cd6d90 00007fb9908bd6e0
0x00007fff59d2d540:   00007fff59d2d5e0 00007fb98c8249f8
0x00007fff59d2d550:   0000000193a9c918 00007fff59d2d608
0x00007fff59d2d560:   00007fff59d2d5d0 00000001156879f4
0x00007fff59d2d570:   00007fff59d2d5d0 0000000115687779 

Instructions: (pc=0x00007fffdf6b1fc5)
0x00007fffdf6b1fa5:   01 00 00 49 be f8 ff ff ff ff 7f 00 00 48 8d 3d
0x00007fffdf6b1fb5:   17 23 6a 09 e8 6a 09 00 00 48 8b 43 20 4c 21 f0
0x00007fffdf6b1fc5:   83 38 00 49 89 de 78 2f 48 8d 1d fc 22 6a 09 48
0x00007fffdf6b1fd5:   89 df e8 10 0c 00 00 48 89 df e8 b4 95 ff ff 4c 

Register to memory mapping:

RAX=0x0000000000000000 is an unknown value
RBX=0x000000010fbe0000: OBJC_IVAR_$_CFileDialog.fTitle+0x318 in /Library/Java/JavaVirtualMachines/jdk1.8.0_131.jdk/Contents/Home/jre/lib/libawt_lwawt.dylib at 0x000000010fb68000
RCX=0x0000000000000000 is an unknown value
RDX=0x00000000011449c0 is an unknown value
RSP=0x00007fff59d2d380 is pointing into the stack for thread: 0x00007fb98c824800
RBP=0x00007fff59d2d3d0 is pointing into the stack for thread: 0x00007fb98c824800
RSI=0x0000000000000001 is an unknown value
RDI=0x00007fffe8d542d0: runtimeLock+0 in /usr/lib/libobjc.A.dylib at 0x00007fffdf6aa000
R8 =0x0000000001144ac0 is an unknown value
R9 =0x0000000000000000 is an unknown value
R10=0x00007fffe8d542ec: runtimeLock+0x1c in /usr/lib/libobjc.A.dylib at 0x00007fffdf6aa000
R11=0x00007fffe8d542f0: runtimeLock+0x20 in /usr/lib/libobjc.A.dylib at 0x00007fffdf6aa000
R12=0x00007fffc8f4b116: __NSStyleNameIndexTable+0x7fd5e in /System/Library/Frameworks/AppKit.framework/Versions/C/AppKit at 0x00007fffc82de000
R13=0x0000000000000001 is an unknown value
R14=0x00007ffffffffff8 is an unknown value
R15=0x00007fb9908bd6e0 is an unknown value


Stack: [0x00007fff59532000,0x00007fff59d32000],  sp=0x00007fff59d2d380,  free space=8172k
Native frames: (J=compiled Java code, j=interpreted, Vv=VM code, C=native code)
C  [libobjc.A.dylib+0x7fc5]  lookUpImpOrForward+0x5a
C  [libobjc.A.dylib+0x7ad4]  _objc_msgSend_uncached+0x44
C  [libnativewindow_macosx.jnilib+0x5157]  Java_jogamp_nativewindow_jawt_macosx_MacOSXJAWTWindow_UnsetJAWTRootSurfaceLayer0+0xe7
j  jogamp.nativewindow.jawt.macosx.MacOSXJAWTWindow.UnsetJAWTRootSurfaceLayer0(JJ)V+0
j  jogamp.nativewindow.jawt.macosx.MacOSXJAWTWindow.access$200(JJ)V+2
j  jogamp.nativewindow.jawt.macosx.MacOSXJAWTWindow$1.run()V+38
j  com.jogamp.common.util.RunnableTask.run()V+24
v  ~StubRoutines::call_stub
V  [libjvm.dylib+0x2ee5b6]  JavaCalls::call_helper(JavaValue*, methodHandle*, JavaCallArguments*, Thread*)+0x6ae
V  [libjvm.dylib+0x325765]  jni_invoke_nonstatic(JNIEnv_*, JavaValue*, _jobject*, JNICallType, _jmethodID*, JNI_ArgumentPusher*, Thread*)+0x2ec
V  [libjvm.dylib+0x317f33]  jni_CallVoidMethod+0x16b
C  [libnativewindow_macosx.jnilib+0x5326]  Java_jogamp_nativewindow_jawt_macosx_MacOSXJAWTWindow_UnsetJAWTRootSurfaceLayer0+0x2b6
C  [Foundation+0x717ba]  __NSThreadPerformPerform+0x146
C  [CoreFoundation+0xa7321]  __CFRUNLOOP_IS_CALLING_OUT_TO_A_SOURCE0_PERFORM_FUNCTION__+0x11
C  [CoreFoundation+0x88197]  __CFRunLoopDoSources0+0x1a7
C  [CoreFoundation+0x87716]  __CFRunLoopRun+0x3a6
C  [CoreFoundation+0x87114]  CFRunLoopRunSpecific+0x1a4
C  [HIToolbox+0x30ebc]  RunCurrentEventLoopInMode+0xf0
C  [HIToolbox+0x30bf9]  ReceiveNextEventCommon+0xb8
C  [HIToolbox+0x30b26]  _BlockUntilNextEventMatchingListInModeWithFilter+0x47
C  [AppKit+0x46a54]  _DPSNextEvent+0x460
C  [AppKit+0x7c27ee]  -[NSApplication(NSEvent) _nextEventMatchingEventMask:untilDate:inMode:dequeue:]+0xaec
C  [libosxapp.dylib+0x23aa]  -[NSApplicationAWT nextEventMatchingMask:untilDate:inMode:dequeue:]+0x7c
C  [AppKit+0x3b3db]  -[NSApplication run]+0x39e
C  [libosxapp.dylib+0x214d]  +[NSApplicationAWT runAWTLoopWithApp:]+0x9c
C  [libawt_lwawt.dylib+0x45edf]  -[AWTStarter starter:]+0x389
C  [Foundation+0x717ba]  __NSThreadPerformPerform+0x146
C  [CoreFoundation+0xa7321]  __CFRUNLOOP_IS_CALLING_OUT_TO_A_SOURCE0_PERFORM_FUNCTION__+0x11
C  [CoreFoundation+0x8821d]  __CFRunLoopDoSources0+0x22d
C  [CoreFoundation+0x87716]  __CFRunLoopRun+0x3a6
C  [CoreFoundation+0x87114]  CFRunLoopRunSpecific+0x1a4
C  [java+0x6465]  CreateExecutionEnvironment+0x367
C  [java+0x218c]  JLI_Launch+0x7a0
C  [java+0x84c2]  main+0x65
C  [java+0x19e4]  start+0x34
C  0x0000000000000007

Java frames: (J=compiled Java code, j=interpreted, Vv=VM code)
j  jogamp.nativewindow.jawt.macosx.MacOSXJAWTWindow.UnsetJAWTRootSurfaceLayer0(JJ)V+0
j  jogamp.nativewindow.jawt.macosx.MacOSXJAWTWindow.access$200(JJ)V+2
j  jogamp.nativewindow.jawt.macosx.MacOSXJAWTWindow$1.run()V+38
j  com.jogamp.common.util.RunnableTask.run()V+24
v  ~StubRoutines::call_stub

---------------  P R O C E S S  ---------------

Java Threads: ( => current thread )
  0x00007fb991829800 JavaThread "Thread-19" [_thread_blocked, id=81035, stack(0x000070000208c000,0x000070000218c000)]
  0x00007fb98bc0a000 JavaThread "Image Fetcher 2" daemon [_thread_blocked, id=83203, stack(0x00007000027a1000,0x00007000028a1000)]
  0x00007fb98c7f7000 JavaThread "Image Fetcher 1" daemon [_thread_blocked, id=82691, stack(0x000070000269e000,0x000070000279e000)]
  0x00007fb98badc800 JavaThread "Image Fetcher 0" daemon [_thread_blocked, id=82179, stack(0x000070000259b000,0x000070000269b000)]
  0x00007fb98b28d000 JavaThread "Keep-Alive-Timer" daemon [_thread_blocked, id=81667, stack(0x0000700002498000,0x0000700002598000)]
  0x00007fb98b11e000 JavaThread "AWT-EventQueue-1" [_thread_in_native, id=69267, stack(0x0000700001e83000,0x0000700001f83000)]
  0x00007fb98ba30800 JavaThread "DestroyJavaVM" [_thread_blocked, id=7171, stack(0x00007000008be000,0x00007000009be000)]
  0x00007fb98ba1f000 JavaThread "AWT-EventQueue-0" [_thread_blocked, id=61443, stack(0x0000700001c7d000,0x0000700001d7d000)]
  0x00007fb98c985800 JavaThread "Java2D Disposer" daemon [_thread_blocked, id=57627, stack(0x00007000019f4000,0x0000700001af4000)]
  0x00007fb98c183800 JavaThread "Java2D Queue Flusher" daemon [_thread_blocked, id=57863, stack(0x00007000018f1000,0x00007000019f1000)]
  0x00007fb98b9a2000 JavaThread "AWT-Shutdown" [_thread_blocked, id=30239, stack(0x000070000176b000,0x000070000186b000)]
=>0x00007fb98c824800 JavaThread "AWT-AppKit" daemon [_thread_in_native, id=775, stack(0x00007fff59532000,0x00007fff59d32000)]
  0x00007fb98c047800 JavaThread "Service Thread" daemon [_thread_blocked, id=18691, stack(0x00007000014e2000,0x00007000015e2000)]
  0x00007fb98c047000 JavaThread "C1 CompilerThread2" daemon [_thread_blocked, id=18179, stack(0x00007000013df000,0x00007000014df000)]
  0x00007fb98c81a000 JavaThread "C2 CompilerThread1" daemon [_thread_blocked, id=17667, stack(0x00007000012dc000,0x00007000013dc000)]
  0x00007fb98c054800 JavaThread "C2 CompilerThread0" daemon [_thread_blocked, id=17155, stack(0x00007000011d9000,0x00007000012d9000)]
  0x00007fb98c813000 JavaThread "Signal Dispatcher" daemon [_thread_blocked, id=16643, stack(0x00007000010d6000,0x00007000011d6000)]
  0x00007fb98c03b000 JavaThread "Finalizer" daemon [_thread_blocked, id=12547, stack(0x0000700000fd3000,0x00007000010d3000)]
  0x00007fb98c032800 JavaThread "Reference Handler" daemon [_thread_blocked, id=12035, stack(0x0000700000ed0000,0x0000700000fd0000)]

Other Threads:
  0x00007fb98b01d800 VMThread [stack: 0x0000700000dcd000,0x0000700000ecd000] [id=11523]
  0x00007fb98b803000 WatcherThread [stack: 0x00007000015e5000,0x00007000016e5000] [id=19203]

VM state:not at safepoint (normal execution)

VM Mutex/Monitor currently owned by a thread: None

Heap:
 PSYoungGen      total 38400K, used 14528K [0x0000000795580000, 0x0000000798000000, 0x00000007c0000000)
  eden space 33280K, 43% used [0x0000000795580000,0x00000007963b01e8,0x0000000797600000)
  from space 5120K, 0% used [0x0000000797600000,0x0000000797600000,0x0000000797b00000)
  to   space 5120K, 0% used [0x0000000797b00000,0x0000000797b00000,0x0000000798000000)
 ParOldGen       total 79360K, used 16321K [0x0000000740000000, 0x0000000744d80000, 0x0000000795580000)
  object space 79360K, 20% used [0x0000000740000000,0x0000000740ff0578,0x0000000744d80000)
 Metaspace       used 21037K, capacity 21363K, committed 21504K, reserved 1069056K
  class space    used 2113K, capacity 2216K, committed 2304K, reserved 1048576K

Card table byte_map: [0x0000000107b63000,0x0000000107f64000] byte_map_base: 0x0000000104163000

Marking Bits: (ParMarkBitMap*) 0x00000001070f1ea0
 Begin Bits: [0x000000010820f000, 0x000000010a20f000)
 End Bits:   [0x000000010a20f000, 0x000000010c20f000)

Polling page: 0x0000000105f8e000

CodeCache: size=245760Kb used=8369Kb max_used=8382Kb free=237390Kb
 bounds [0x0000000115670000, 0x0000000115eb0000, 0x0000000124670000]
 total_blobs=3261 nmethods=2349 adapters=825
 compilation: enabled

Compilation events (10 events):
Event: 5.917 Thread 0x00007fb98c047000 nmethod 2345 0x0000000115ea0a10 code [0x0000000115ea0b60, 0x0000000115ea0c70]
Event: 5.921 Thread 0x00007fb98c047000 2347       3       processing.opengl.PGraphicsOpenGL::createPolyBuffers (479 bytes)
Event: 5.925 Thread 0x00007fb98c047000 nmethod 2347 0x0000000115ea1190 code [0x0000000115ea1500, 0x0000000115ea2ee8]
Event: 5.983 Thread 0x00007fb98c054800 2348  s!   4       sun.misc.URLClassPath::getLoader (243 bytes)
Event: 5.984 Thread 0x00007fb98c047000 2349  s    2       sun.misc.URLClassPath::getNextLoader (88 bytes)
Event: 5.985 Thread 0x00007fb98c047000 nmethod 2349 0x0000000115e9fe90 code [0x0000000115ea0040, 0x0000000115ea0608]
Event: 5.990 Thread 0x00007fb98c047000 2351       3       sun.awt.image.PixelConverter$ArgbPre::rgbToPixel (100 bytes)
Event: 5.991 Thread 0x00007fb98c047000 nmethod 2351 0x0000000115e9fa90 code [0x0000000115e9fc00, 0x0000000115e9fdf0]
Event: 5.991 Thread 0x00007fb98c047000 2350       3       java.lang.Math::round (70 bytes)
Event: 5.991 Thread 0x00007fb98c047000 nmethod 2350 0x0000000115e9f610 code [0x0000000115e9f780, 0x0000000115e9f9f0]

GC Heap History (8 events):
Event: 2.525 GC heap before
{Heap before GC invocations=1 (full 0):
 PSYoungGen      total 38400K, used 33280K [0x0000000795580000, 0x0000000798000000, 0x00000007c0000000)
  eden space 33280K, 100% used [0x0000000795580000,0x0000000797600000,0x0000000797600000)
  from space 5120K, 0% used [0x0000000797b00000,0x0000000797b00000,0x0000000798000000)
  to   space 5120K, 0% used [0x0000000797600000,0x0000000797600000,0x0000000797b00000)
 ParOldGen       total 87552K, used 0K [0x0000000740000000, 0x0000000745580000, 0x0000000795580000)
  object space 87552K, 0% used [0x0000000740000000,0x0000000740000000,0x0000000745580000)
 Metaspace       used 16358K, capacity 16685K, committed 17024K, reserved 1064960K
  class space    used 1691K, capacity 1793K, committed 1920K, reserved 1048576K
Event: 2.531 GC heap after
Heap after GC invocations=1 (full 0):
 PSYoungGen      total 38400K, used 5113K [0x0000000795580000, 0x0000000798000000, 0x00000007c0000000)
  eden space 33280K, 0% used [0x0000000795580000,0x0000000795580000,0x0000000797600000)
  from space 5120K, 99% used [0x0000000797600000,0x0000000797afe668,0x0000000797b00000)
  to   space 5120K, 0% used [0x0000000797b00000,0x0000000797b00000,0x0000000798000000)
 ParOldGen       total 87552K, used 117K [0x0000000740000000, 0x0000000745580000, 0x0000000795580000)
  object space 87552K, 0% used [0x0000000740000000,0x000000074001d710,0x0000000745580000)
 Metaspace       used 16358K, capacity 16685K, committed 17024K, reserved 1064960K
  class space    used 1691K, capacity 1793K, committed 1920K, reserved 1048576K
}
Event: 3.536 GC heap before
{Heap before GC invocations=2 (full 0):
 PSYoungGen      total 38400K, used 38393K [0x0000000795580000, 0x0000000798000000, 0x00000007c0000000)
  eden space 33280K, 100% used [0x0000000795580000,0x0000000797600000,0x0000000797600000)
  from space 5120K, 99% used [0x0000000797600000,0x0000000797afe668,0x0000000797b00000)
  to   space 5120K, 0% used [0x0000000797b00000,0x0000000797b00000,0x0000000798000000)
 ParOldGen       total 87552K, used 117K [0x0000000740000000, 0x0000000745580000, 0x0000000795580000)
  object space 87552K, 0% used [0x0000000740000000,0x000000074001d710,0x0000000745580000)
 Metaspace       used 20050K, capacity 20387K, committed 20608K, reserved 1067008K
  class space    used 2063K, capacity 2150K, committed 2176K, reserved 1048576K
Event: 3.549 GC heap after
Heap after GC invocations=2 (full 0):
 PSYoungGen      total 38400K, used 5101K [0x0000000795580000, 0x0000000798000000, 0x00000007c0000000)
  eden space 33280K, 0% used [0x0000000795580000,0x0000000795580000,0x0000000797600000)
  from space 5120K, 99% used [0x0000000797b00000,0x0000000797ffb480,0x0000000798000000)
  to   space 5120K, 0% used [0x0000000797600000,0x0000000797600000,0x0000000797b00000)
 ParOldGen       total 87552K, used 8825K [0x0000000740000000, 0x0000000745580000, 0x0000000795580000)
  object space 87552K, 10% used [0x0000000740000000,0x000000074089e4e8,0x0000000745580000)
 Metaspace       used 20050K, capacity 20387K, committed 20608K, reserved 1067008K
  class space    used 2063K, capacity 2150K, committed 2176K, reserved 1048576K
}
Event: 4.144 GC heap before
{Heap before GC invocations=3 (full 0):
 PSYoungGen      total 38400K, used 28831K [0x0000000795580000, 0x0000000798000000, 0x00000007c0000000)
  eden space 33280K, 71% used [0x0000000795580000,0x0000000796caca68,0x0000000797600000)
  from space 5120K, 99% used [0x0000000797b00000,0x0000000797ffb480,0x0000000798000000)
  to   space 5120K, 0% used [0x0000000797600000,0x0000000797600000,0x0000000797b00000)
 ParOldGen       total 87552K, used 8825K [0x0000000740000000, 0x0000000745580000, 0x0000000795580000)
  object space 87552K, 10% used [0x0000000740000000,0x000000074089e4e8,0x0000000745580000)
 Metaspace       used 20788K, capacity 21101K, committed 21248K, reserved 1069056K
  class space    used 2105K, capacity 2215K, committed 2304K, reserved 1048576K
Event: 4.152 GC heap after
Heap after GC invocations=3 (full 0):
 PSYoungGen      total 38400K, used 5117K [0x0000000795580000, 0x0000000798000000, 0x00000007c0000000)
  eden space 33280K, 0% used [0x0000000795580000,0x0000000795580000,0x0000000797600000)
  from space 5120K, 99% used [0x0000000797600000,0x0000000797aff430,0x0000000797b00000)
  to   space 5120K, 0% used [0x0000000797b00000,0x0000000797b00000,0x0000000798000000)
 ParOldGen       total 87552K, used 12285K [0x0000000740000000, 0x0000000745580000, 0x0000000795580000)
  object space 87552K, 14% used [0x0000000740000000,0x0000000740bff5b0,0x0000000745580000)
 Metaspace       used 20788K, capacity 21101K, committed 21248K, reserved 1069056K
  class space    used 2105K, capacity 2215K, committed 2304K, reserved 1048576K
}
Event: 4.152 GC heap before
{Heap before GC invocations=4 (full 1):
 PSYoungGen      total 38400K, used 5117K [0x0000000795580000, 0x0000000798000000, 0x00000007c0000000)
  eden space 33280K, 0% used [0x0000000795580000,0x0000000795580000,0x0000000797600000)
  from space 5120K, 99% used [0x0000000797600000,0x0000000797aff430,0x0000000797b00000)
  to   space 5120K, 0% used [0x0000000797b00000,0x0000000797b00000,0x0000000798000000)
 ParOldGen       total 87552K, used 12285K [0x0000000740000000, 0x0000000745580000, 0x0000000795580000)
  object space 87552K, 14% used [0x0000000740000000,0x0000000740bff5b0,0x0000000745580000)
 Metaspace       used 20788K, capacity 21101K, committed 21248K, reserved 1069056K
  class space    used 2105K, capacity 2215K, committed 2304K, reserved 1048576K
Event: 4.210 GC heap after
Heap after GC invocations=4 (full 1):
 PSYoungGen      total 38400K, used 0K [0x0000000795580000, 0x0000000798000000, 0x00000007c0000000)
  eden space 33280K, 0% used [0x0000000795580000,0x0000000795580000,0x0000000797600000)
  from space 5120K, 0% used [0x0000000797600000,0x0000000797600000,0x0000000797b00000)
  to   space 5120K, 0% used [0x0000000797b00000,0x0000000797b00000,0x0000000798000000)
 ParOldGen       total 79360K, used 16321K [0x0000000740000000, 0x0000000744d80000, 0x0000000795580000)
  object space 79360K, 20% used [0x0000000740000000,0x0000000740ff0578,0x0000000744d80000)
 Metaspace       used 20788K, capacity 21101K, committed 21248K, reserved 1069056K
  class space    used 2105K, capacity 2215K, committed 2304K, reserved 1048576K
}

Deoptimization events (10 events):
Event: 3.068 Thread 0x00007fb98b11e000 Uncommon trap: reason=unstable_if action=reinterpret pc=0x000000011585305c method=java.lang.AbstractStringBuilder.append(Ljava/lang/String;)Ljava/lang/AbstractStringBuilder; @ 1
Event: 3.286 Thread 0x00007fb98b11e000 Uncommon trap: reason=unstable_if action=reinterpret pc=0x0000000115a88658 method=sun.misc.FloatingDecimal.readJavaFormatString(Ljava/lang/String;)Lsun/misc/FloatingDecimal$ASCIIToBinaryConverter; @ 445
Event: 3.451 Thread 0x00007fb98b11e000 Uncommon trap: reason=unstable_if action=reinterpret pc=0x0000000115a34ee4 method=java.util.HashMap$HashIterator.<init>(Ljava/util/HashMap;)V @ 38
Event: 3.480 Thread 0x00007fb98b11e000 Uncommon trap: reason=unstable_if action=reinterpret pc=0x0000000115b792bc method=com.jogamp.common.util.IntIntHashMap.get(I)I @ 28
Event: 3.555 Thread 0x00007fb98b11e000 Uncommon trap: reason=unstable_if action=reinterpret pc=0x0000000115a710d0 method=java.lang.String.trim()Ljava/lang/String; @ 23
Event: 5.915 Thread 0x00007fb98ba1f000 Uncommon trap: reason=unstable_if action=reinterpret pc=0x0000000115e24d38 method=java.awt.font.FontRenderContext.equals(Ljava/awt/font/FontRenderContext;)Z @ 2
Event: 5.915 Thread 0x00007fb98ba1f000 Uncommon trap: reason=unstable_if action=reinterpret pc=0x0000000115e711d4 method=java.awt.Font.equals(Ljava/lang/Object;)Z @ 2
Event: 5.960 Thread 0x00007fb98ba26800 Uncommon trap: reason=unstable_if action=reinterpret pc=0x0000000115c57a70 method=java.util.HashMap.putVal(ILjava/lang/Object;Ljava/lang/Object;ZZ)Ljava/lang/Object; @ 81
Event: 5.960 Thread 0x00007fb98ba26800 Uncommon trap: reason=unstable_if action=reinterpret pc=0x0000000115b6a1c4 method=java.util.HashMap.putVal(ILjava/lang/Object;Ljava/lang/Object;ZZ)Ljava/lang/Object; @ 81
Event: 5.989 Thread 0x00007fb991829800 Uncommon trap: reason=predicate action=maybe_recompile pc=0x0000000115e2d060 method=java.util.Vector.indexOf(Ljava/lang/Object;I)I @ 44

Internal exceptions (10 events):
Event: 0.215 Thread 0x00007fb98b000000 Exception <a 'java/lang/NoSuchFieldError': method resolution failed> (0x0000000795793070) thrown at [/Users/java_re/workspace/8-2-build-macosx-x86_64/jdk8u131/8869/hotspot/src/share/vm/prims/methodHandles.cpp, line 1146]
Event: 0.456 Thread 0x00007fb98b000000 Exception <a 'java/io/FileNotFoundException'> (0x000000079580e630) thrown at [/Users/java_re/workspace/8-2-build-macosx-x86_64/jdk8u131/8869/hotspot/src/share/vm/prims/jni.cpp, line 709]
Event: 0.456 Thread 0x00007fb98b000000 Exception <a 'java/io/FileNotFoundException'> (0x000000079580f1b8) thrown at [/Users/java_re/workspace/8-2-build-macosx-x86_64/jdk8u131/8869/hotspot/src/share/vm/prims/jni.cpp, line 709]
Event: 0.553 Thread 0x00007fb98b000000 Exception <a 'java/io/FileNotFoundException'> (0x000000079594a2e0) thrown at [/Users/java_re/workspace/8-2-build-macosx-x86_64/jdk8u131/8869/hotspot/src/share/vm/prims/jni.cpp, line 709]
Event: 2.283 Thread 0x00007fb98c26e800 Exception <a 'java/lang/UnsatisfiedLinkError': com.jogamp.common.util.JarUtil.fixNativeLibAttribs(Ljava/lang/String;)Z> (0x0000000796bd1880) thrown at [/Users/java_re/workspace/8-2-build-macosx-x86_64/jdk8u131/8869/hotspot/src/share/vm/prims/nativeLookup.
Event: 2.534 Thread 0x00007fb98c03b000 Exception <a 'java/lang/NullPointerException'> (0x00000007956a9c78) thrown at [/Users/java_re/workspace/8-2-build-macosx-x86_64/jdk8u131/8869/hotspot/src/share/vm/interpreter/linkResolver.cpp, line 1197]
Event: 3.068 Thread 0x00007fb98b11e000 Exception <a 'java/io/FileNotFoundException'> (0x0000000795ee1618) thrown at [/Users/java_re/workspace/8-2-build-macosx-x86_64/jdk8u131/8869/hotspot/src/share/vm/prims/jni.cpp, line 709]
Event: 3.068 Thread 0x00007fb98b11e000 Exception <a 'java/io/FileNotFoundException'> (0x0000000795ee7648) thrown at [/Users/java_re/workspace/8-2-build-macosx-x86_64/jdk8u131/8869/hotspot/src/share/vm/prims/jni.cpp, line 709]
Event: 3.068 Thread 0x00007fb98b11e000 Implicit null exception at 0x0000000115852c76 to 0x0000000115853045
Event: 3.451 Thread 0x00007fb98b11e000 Implicit null exception at 0x0000000115a34c86 to 0x0000000115a34ecd

Events (10 events):
Event: 5.987 loading class java/awt/event/AWTEventListenerProxy
Event: 5.987 loading class java/awt/event/AWTEventListenerProxy done
Event: 5.987 loading class java/awt/Toolkit$ToolkitEventMulticaster
Event: 5.987 loading class java/awt/Toolkit$ToolkitEventMulticaster done
Event: 5.989 Thread 0x00007fb98ba26800 Thread exited: 0x00007fb98ba26800
Event: 5.989 Thread 0x00007fb991829800 Uncommon trap: trap_request=0xffffff86 fr.pc=0x0000000115e2d060
Event: 5.989 Thread 0x00007fb991829800 DEOPT PACKING pc=0x0000000115e2d060 sp=0x000070000218b7f0
Event: 5.989 Thread 0x00007fb991829800 DEOPT UNPACKING pc=0x0000000115675229 sp=0x000070000218b7a0 mode 2
Event: 5.989 loading class java/awt/Window$1DisposeAction
Event: 5.989 loading class java/awt/Window$1DisposeAction done


Dynamic libraries:
0x000000005542d000 	/System/Library/Frameworks/Cocoa.framework/Versions/A/Cocoa
0x000000005542d000 	/System/Library/Frameworks/Security.framework/Versions/A/Security
0x000000005542d000 	/System/Library/Frameworks/ApplicationServices.framework/Versions/A/ApplicationServices
0x000000005542d000 	/usr/lib/libz.1.dylib
0x000000005542d000 	/usr/lib/libSystem.B.dylib
0x000000005542d000 	/usr/lib/libobjc.A.dylib
0x000000005542d000 	/System/Library/Frameworks/CoreFoundation.framework/Versions/A/CoreFoundation
0x000000005542d000 	/System/Library/Frameworks/Foundation.framework/Versions/C/Foundation
0x000000005542d000 	/System/Library/Frameworks/AppKit.framework/Versions/C/AppKit
0x000000005542d000 	/System/Library/Frameworks/CoreData.framework/Versions/A/CoreData
0x000000005542d000 	/System/Library/PrivateFrameworks/RemoteViewServices.framework/Versions/A/RemoteViewServices
0x000000005542d000 	/System/Library/PrivateFrameworks/UIFoundation.framework/Versions/A/UIFoundation
0x000000005542d000 	/System/Library/PrivateFrameworks/DFRFoundation.framework/Versions/A/DFRFoundation
0x000000005542d000 	/usr/lib/libenergytrace.dylib
0x000000005542d000 	/System/Library/PrivateFrameworks/SkyLight.framework/Versions/A/SkyLight
0x000000005542d000 	/System/Library/Frameworks/CoreGraphics.framework/Versions/A/CoreGraphics
0x000000005542d000 	/usr/lib/libScreenReader.dylib
0x000000005542d000 	/System/Library/Frameworks/Accelerate.framework/Versions/A/Accelerate
0x000000005542d000 	/System/Library/Frameworks/IOSurface.framework/Versions/A/IOSurface
0x000000005542d000 	/System/Library/Frameworks/AudioToolbox.framework/Versions/A/AudioToolbox
0x000000005542d000 	/System/Library/Frameworks/AudioUnit.framework/Versions/A/AudioUnit
0x000000005542d000 	/System/Library/PrivateFrameworks/DataDetectorsCore.framework/Versions/A/DataDetectorsCore
0x000000005542d000 	/System/Library/PrivateFrameworks/DesktopServicesPriv.framework/Versions/A/DesktopServicesPriv
0x000000005542d000 	/System/Library/Frameworks/Carbon.framework/Versions/A/Frameworks/HIToolbox.framework/Versions/A/HIToolbox
0x000000005542d000 	/usr/lib/libicucore.A.dylib
0x000000005542d000 	/System/Library/Frameworks/QuartzCore.framework/Versions/A/QuartzCore
0x000000005542d000 	/System/Library/Frameworks/Carbon.framework/Versions/A/Frameworks/SpeechRecognition.framework/Versions/A/SpeechRecognition
0x000000005542d000 	/usr/lib/libauto.dylib
0x000000005542d000 	/usr/lib/libxml2.2.dylib
0x000000005542d000 	/System/Library/PrivateFrameworks/CoreUI.framework/Versions/A/CoreUI
0x000000005542d000 	/System/Library/Frameworks/CoreAudio.framework/Versions/A/CoreAudio
0x000000005542d000 	/System/Library/Frameworks/DiskArbitration.framework/Versions/A/DiskArbitration
0x000000005542d000 	/usr/lib/liblangid.dylib
0x000000005542d000 	/System/Library/PrivateFrameworks/MultitouchSupport.framework/Versions/A/MultitouchSupport
0x000000005542d000 	/System/Library/Frameworks/IOKit.framework/Versions/A/IOKit
0x000000005542d000 	/usr/lib/libDiagnosticMessagesClient.dylib
0x000000005542d000 	/System/Library/Frameworks/CoreServices.framework/Versions/A/CoreServices
0x000000005542d000 	/System/Library/PrivateFrameworks/PerformanceAnalysis.framework/Versions/A/PerformanceAnalysis
0x000000005542d000 	/System/Library/PrivateFrameworks/GenerationalStorage.framework/Versions/A/GenerationalStorage
0x000000005542d000 	/System/Library/Frameworks/OpenGL.framework/Versions/A/OpenGL
0x000000005542d000 	/System/Library/Frameworks/CoreImage.framework/Versions/A/CoreImage
0x000000005542d000 	/System/Library/Frameworks/CoreText.framework/Versions/A/CoreText
0x000000005542d000 	/System/Library/Frameworks/ImageIO.framework/Versions/A/ImageIO
0x000000005542d000 	/System/Library/PrivateFrameworks/Backup.framework/Versions/A/Backup
0x000000005542d000 	/usr/lib/libarchive.2.dylib
0x000000005542d000 	/System/Library/Frameworks/CFNetwork.framework/Versions/A/CFNetwork
0x000000005542d000 	/System/Library/Frameworks/SystemConfiguration.framework/Versions/A/SystemConfiguration
0x000000005542d000 	/usr/lib/libCRFSuite.dylib
0x000000005542d000 	/usr/lib/libc++.1.dylib
0x000000005542d000 	/usr/lib/libc++abi.dylib
0x000000005542d000 	/usr/lib/system/libcache.dylib
0x000000005542d000 	/usr/lib/system/libcommonCrypto.dylib
0x000000005542d000 	/usr/lib/system/libcompiler_rt.dylib
0x000000005542d000 	/usr/lib/system/libcopyfile.dylib
0x000000005542d000 	/usr/lib/system/libcorecrypto.dylib
0x000000005542d000 	/usr/lib/system/libdispatch.dylib
0x000000005542d000 	/usr/lib/system/libdyld.dylib
0x000000005542d000 	/usr/lib/system/libkeymgr.dylib
0x000000005542d000 	/usr/lib/system/liblaunch.dylib
0x000000005542d000 	/usr/lib/system/libmacho.dylib
0x000000005542d000 	/usr/lib/system/libquarantine.dylib
0x000000005542d000 	/usr/lib/system/libremovefile.dylib
0x000000005542d000 	/usr/lib/system/libsystem_asl.dylib
0x000000005542d000 	/usr/lib/system/libsystem_blocks.dylib
0x000000005542d000 	/usr/lib/system/libsystem_c.dylib
0x000000005542d000 	/usr/lib/system/libsystem_configuration.dylib
0x000000005542d000 	/usr/lib/system/libsystem_coreservices.dylib
0x000000005542d000 	/usr/lib/system/libsystem_coretls.dylib
0x000000005542d000 	/usr/lib/system/libsystem_dnssd.dylib
0x000000005542d000 	/usr/lib/system/libsystem_info.dylib
0x000000005542d000 	/usr/lib/system/libsystem_kernel.dylib
0x000000005542d000 	/usr/lib/system/libsystem_m.dylib
0x000000005542d000 	/usr/lib/system/libsystem_malloc.dylib
0x000000005542d000 	/usr/lib/system/libsystem_network.dylib
0x000000005542d000 	/usr/lib/system/libsystem_networkextension.dylib
0x000000005542d000 	/usr/lib/system/libsystem_notify.dylib
0x000000005542d000 	/usr/lib/system/libsystem_platform.dylib
0x000000005542d000 	/usr/lib/system/libsystem_pthread.dylib
0x000000005542d000 	/usr/lib/system/libsystem_sandbox.dylib
0x000000005542d000 	/usr/lib/system/libsystem_secinit.dylib
0x000000005542d000 	/usr/lib/system/libsystem_symptoms.dylib
0x000000005542d000 	/usr/lib/system/libsystem_trace.dylib
0x000000005542d000 	/usr/lib/system/libunwind.dylib
0x000000005542d000 	/usr/lib/system/libxpc.dylib
0x000000005542d000 	/usr/lib/libbsm.0.dylib
0x000000005542d000 	/usr/lib/system/libkxld.dylib
0x000000005542d000 	/usr/lib/libcoretls.dylib
0x000000005542d000 	/usr/lib/libcoretls_cfhelpers.dylib
0x000000005542d000 	/usr/lib/libOpenScriptingUtil.dylib
0x000000005542d000 	/usr/lib/libpam.2.dylib
0x000000005542d000 	/usr/lib/libsqlite3.dylib
0x000000005542d000 	/usr/lib/libxar.1.dylib
0x000000005542d000 	/usr/lib/libbz2.1.0.dylib
0x000000005542d000 	/usr/lib/liblzma.5.dylib
0x000000005542d000 	/usr/lib/libnetwork.dylib
0x000000005542d000 	/usr/lib/libpcap.A.dylib
0x000000005542d000 	/System/Library/Frameworks/CoreServices.framework/Versions/A/Frameworks/FSEvents.framework/Versions/A/FSEvents
0x000000005542d000 	/System/Library/Frameworks/CoreServices.framework/Versions/A/Frameworks/CarbonCore.framework/Versions/A/CarbonCore
0x000000005542d000 	/System/Library/Frameworks/CoreServices.framework/Versions/A/Frameworks/Metadata.framework/Versions/A/Metadata
0x000000005542d000 	/System/Library/Frameworks/CoreServices.framework/Versions/A/Frameworks/OSServices.framework/Versions/A/OSServices
0x000000005542d000 	/System/Library/Frameworks/CoreServices.framework/Versions/A/Frameworks/SearchKit.framework/Versions/A/SearchKit
0x000000005542d000 	/System/Library/Frameworks/CoreServices.framework/Versions/A/Frameworks/AE.framework/Versions/A/AE
0x000000005542d000 	/System/Library/Frameworks/CoreServices.framework/Versions/A/Frameworks/LaunchServices.framework/Versions/A/LaunchServices
0x000000005542d000 	/System/Library/Frameworks/CoreServices.framework/Versions/A/Frameworks/DictionaryServices.framework/Versions/A/DictionaryServices
0x000000005542d000 	/System/Library/Frameworks/CoreServices.framework/Versions/A/Frameworks/SharedFileList.framework/Versions/A/SharedFileList
0x000000005542d000 	/System/Library/Frameworks/NetFS.framework/Versions/A/NetFS
0x000000005542d000 	/System/Library/PrivateFrameworks/NetAuth.framework/Versions/A/NetAuth
0x000000005542d000 	/System/Library/PrivateFrameworks/login.framework/Versions/A/Frameworks/loginsupport.framework/Versions/A/loginsupport
0x000000005542d000 	/System/Library/PrivateFrameworks/TCC.framework/Versions/A/TCC
0x000000005542d000 	/usr/lib/libmecabra.dylib
0x000000005542d000 	/System/Library/Frameworks/ApplicationServices.framework/Versions/A/Frameworks/ATS.framework/Versions/A/ATS
0x000000005542d000 	/System/Library/Frameworks/ApplicationServices.framework/Versions/A/Frameworks/ColorSync.framework/Versions/A/ColorSync
0x000000005542d000 	/System/Library/Frameworks/ApplicationServices.framework/Versions/A/Frameworks/HIServices.framework/Versions/A/HIServices
0x000000005542d000 	/System/Library/Frameworks/ApplicationServices.framework/Versions/A/Frameworks/LangAnalysis.framework/Versions/A/LangAnalysis
0x000000005542d000 	/System/Library/Frameworks/ApplicationServices.framework/Versions/A/Frameworks/PrintCore.framework/Versions/A/PrintCore
0x000000005542d000 	/System/Library/Frameworks/ApplicationServices.framework/Versions/A/Frameworks/QD.framework/Versions/A/QD
0x000000005542d000 	/System/Library/Frameworks/ApplicationServices.framework/Versions/A/Frameworks/SpeechSynthesis.framework/Versions/A/SpeechSynthesis
0x000000005542d000 	/System/Library/Frameworks/Accelerate.framework/Versions/A/Frameworks/vImage.framework/Versions/A/vImage
0x000000005542d000 	/System/Library/Frameworks/Accelerate.framework/Versions/A/Frameworks/vecLib.framework/Versions/A/vecLib
0x000000005542d000 	/System/Library/Frameworks/Accelerate.framework/Versions/A/Frameworks/vecLib.framework/Versions/A/libvDSP.dylib
0x000000005542d000 	/System/Library/Frameworks/Accelerate.framework/Versions/A/Frameworks/vecLib.framework/Versions/A/libBNNS.dylib
0x000000005542d000 	/System/Library/Frameworks/Accelerate.framework/Versions/A/Frameworks/vecLib.framework/Versions/A/libQuadrature.dylib
0x000000005542d000 	/System/Library/Frameworks/Accelerate.framework/Versions/A/Frameworks/vecLib.framework/Versions/A/libvMisc.dylib
0x000000005542d000 	/System/Library/Frameworks/Accelerate.framework/Versions/A/Frameworks/vecLib.framework/Versions/A/libLAPACK.dylib
0x000000005542d000 	/System/Library/Frameworks/Accelerate.framework/Versions/A/Frameworks/vecLib.framework/Versions/A/libBLAS.dylib
0x000000005542d000 	/System/Library/Frameworks/Accelerate.framework/Versions/A/Frameworks/vecLib.framework/Versions/A/libLinearAlgebra.dylib
0x000000005542d000 	/System/Library/Frameworks/Accelerate.framework/Versions/A/Frameworks/vecLib.framework/Versions/A/libSparseBLAS.dylib
0x000000005542d000 	/System/Library/Frameworks/ApplicationServices.framework/Versions/A/Frameworks/ATS.framework/Versions/A/Resources/libFontParser.dylib
0x000000005542d000 	/System/Library/Frameworks/ApplicationServices.framework/Versions/A/Frameworks/ATS.framework/Versions/A/Resources/libFontRegistry.dylib
0x000000005542d000 	/System/Library/Frameworks/ImageIO.framework/Versions/A/Resources/libJPEG.dylib
0x000000005542d000 	/System/Library/Frameworks/ImageIO.framework/Versions/A/Resources/libTIFF.dylib
0x000000005542d000 	/System/Library/Frameworks/ImageIO.framework/Versions/A/Resources/libPng.dylib
0x000000005542d000 	/System/Library/Frameworks/ImageIO.framework/Versions/A/Resources/libGIF.dylib
0x000000005542d000 	/System/Library/Frameworks/ImageIO.framework/Versions/A/Resources/libJP2.dylib
0x000000005542d000 	/System/Library/Frameworks/ImageIO.framework/Versions/A/Resources/libRadiance.dylib
0x000000005542d000 	/usr/lib/libcompression.dylib
0x000000005542d000 	/System/Library/PrivateFrameworks/AppleJPEG.framework/Versions/A/AppleJPEG
0x000000005542d000 	/usr/lib/libcups.2.dylib
0x000000005542d000 	/System/Library/Frameworks/Kerberos.framework/Versions/A/Kerberos
0x000000005542d000 	/System/Library/Frameworks/GSS.framework/Versions/A/GSS
0x000000005542d000 	/usr/lib/libresolv.9.dylib
0x000000005542d000 	/usr/lib/libiconv.2.dylib
0x000000005542d000 	/System/Library/PrivateFrameworks/Heimdal.framework/Versions/A/Heimdal
0x000000005542d000 	/usr/lib/libheimdal-asn1.dylib
0x000000005542d000 	/System/Library/Frameworks/OpenDirectory.framework/Versions/A/OpenDirectory
0x000000005542d000 	/System/Library/PrivateFrameworks/CommonAuth.framework/Versions/A/CommonAuth
0x000000005542d000 	/System/Library/Frameworks/OpenDirectory.framework/Versions/A/Frameworks/CFOpenDirectory.framework/Versions/A/CFOpenDirectory
0x000000005542d000 	/System/Library/Frameworks/SecurityFoundation.framework/Versions/A/SecurityFoundation
0x000000005542d000 	/System/Library/PrivateFrameworks/LanguageModeling.framework/Versions/A/LanguageModeling
0x000000005542d000 	/usr/lib/libmarisa.dylib
0x000000005542d000 	/usr/lib/libChineseTokenizer.dylib
0x000000005542d000 	/usr/lib/libcmph.dylib
0x000000005542d000 	/System/Library/PrivateFrameworks/CoreEmoji.framework/Versions/A/CoreEmoji
0x000000005542d000 	/System/Library/Frameworks/ServiceManagement.framework/Versions/A/ServiceManagement
0x000000005542d000 	/usr/lib/libxslt.1.dylib
0x000000005542d000 	/System/Library/Frameworks/Carbon.framework/Versions/A/Frameworks/Ink.framework/Versions/A/Ink
0x000000005542d000 	/System/Library/PrivateFrameworks/TextureIO.framework/Versions/A/TextureIO
0x000000005542d000 	/System/Library/Frameworks/Metal.framework/Versions/A/Metal
0x000000005542d000 	/usr/lib/libate.dylib
0x000000005542d000 	/System/Library/PrivateFrameworks/GPUCompiler.framework/libmetal_timestamp.dylib
0x000000005542d000 	/System/Library/Frameworks/OpenGL.framework/Versions/A/Libraries/libCoreFSCache.dylib
0x000000005542d000 	/System/Library/PrivateFrameworks/IOAccelerator.framework/Versions/A/IOAccelerator
0x000000005542d000 	/System/Library/Frameworks/CoreVideo.framework/Versions/A/CoreVideo
0x000000005542d000 	/usr/lib/libFosl_dynamic.dylib
0x000000005542d000 	/System/Library/PrivateFrameworks/MetalPerformanceShaders.framework/Versions/A/MetalPerformanceShaders
0x000000005542d000 	/System/Library/PrivateFrameworks/FaceCore.framework/Versions/A/FaceCore
0x000000005542d000 	/System/Library/Frameworks/OpenCL.framework/Versions/A/OpenCL
0x000000005542d000 	/System/Library/Frameworks/OpenGL.framework/Versions/A/Libraries/libGLU.dylib
0x000000005542d000 	/System/Library/Frameworks/OpenGL.framework/Versions/A/Libraries/libGFXShared.dylib
0x000000005542d000 	/System/Library/Frameworks/OpenGL.framework/Versions/A/Libraries/libGL.dylib
0x000000005542d000 	/System/Library/Frameworks/OpenGL.framework/Versions/A/Libraries/libGLImage.dylib
0x000000005542d000 	/System/Library/Frameworks/OpenGL.framework/Versions/A/Libraries/libCVMSPluginSupport.dylib
0x000000005542d000 	/System/Library/Frameworks/OpenGL.framework/Versions/A/Libraries/libCoreVMClient.dylib
0x000000005542d000 	/System/Library/PrivateFrameworks/CrashReporterSupport.framework/Versions/A/CrashReporterSupport
0x000000005542d000 	/System/Library/PrivateFrameworks/Sharing.framework/Versions/A/Sharing
0x000000005542d000 	/System/Library/PrivateFrameworks/IconServices.framework/Versions/A/IconServices
0x000000005542d000 	/System/Library/PrivateFrameworks/ProtocolBuffer.framework/Versions/A/ProtocolBuffer
0x000000005542d000 	/System/Library/PrivateFrameworks/Apple80211.framework/Versions/A/Apple80211
0x000000005542d000 	/System/Library/Frameworks/CoreWLAN.framework/Versions/A/CoreWLAN
0x000000005542d000 	/System/Library/PrivateFrameworks/CoreUtils.framework/Versions/A/CoreUtils
0x000000005542d000 	/System/Library/Frameworks/IOBluetooth.framework/Versions/A/IOBluetooth
0x000000005542d000 	/System/Library/PrivateFrameworks/CoreWiFi.framework/Versions/A/CoreWiFi
0x000000005542d000 	/System/Library/Frameworks/CoreBluetooth.framework/Versions/A/CoreBluetooth
0x000000005542d000 	/System/Library/Frameworks/CoreDisplay.framework/Versions/A/CoreDisplay
0x000000005542d000 	/System/Library/PrivateFrameworks/IOPresentment.framework/Versions/A/IOPresentment
0x000000005542d000 	/System/Library/PrivateFrameworks/DSExternalDisplay.framework/Versions/A/DSExternalDisplay
0x000000005542d000 	/System/Library/PrivateFrameworks/DebugSymbols.framework/Versions/A/DebugSymbols
0x000000005542d000 	/System/Library/PrivateFrameworks/CoreSymbolication.framework/Versions/A/CoreSymbolication
0x000000005542d000 	/System/Library/PrivateFrameworks/Symbolication.framework/Versions/A/Symbolication
0x000000005542d000 	/System/Library/PrivateFrameworks/AppleFSCompression.framework/Versions/A/AppleFSCompression
0x000000005542d000 	/System/Library/PrivateFrameworks/SpeechRecognitionCore.framework/Versions/A/SpeechRecognitionCore
0x000000005542d000 	/System/Library/PrivateFrameworks/ChunkingLibrary.framework/Versions/A/ChunkingLibrary
0x0000000106800000 	/Library/Java/JavaVirtualMachines/jdk1.8.0_131.jdk/Contents/Home/jre/lib/server/libjvm.dylib
0x000000005542d000 	/usr/lib/libstdc++.6.dylib
0x0000000105f4b000 	/Library/Java/JavaVirtualMachines/jdk1.8.0_131.jdk/Contents/Home/jre/lib/libverify.dylib
0x0000000105f59000 	/Library/Java/JavaVirtualMachines/jdk1.8.0_131.jdk/Contents/Home/jre/lib/libjava.dylib
0x0000000105f98000 	/Library/Java/JavaVirtualMachines/jdk1.8.0_131.jdk/Contents/Home/jre/lib/libzip.dylib
0x000000010e0b6000 	/System/Library/Frameworks/JavaVM.framework/Frameworks/JavaRuntimeSupport.framework/JavaRuntimeSupport
0x000000010e0d0000 	/System/Library/Frameworks/JavaVM.framework/Versions/A/Frameworks/JavaNativeFoundation.framework/Versions/A/JavaNativeFoundation
0x0000000105ff2000 	/System/Library/Frameworks/JavaVM.framework/Versions/A/JavaVM
0x000000005542d000 	/System/Library/Frameworks/Carbon.framework/Versions/A/Carbon
0x000000010e0e5000 	/System/Library/PrivateFrameworks/JavaLaunching.framework/Versions/A/JavaLaunching
0x000000005542d000 	/System/Library/Frameworks/Carbon.framework/Versions/A/Frameworks/CommonPanels.framework/Versions/A/CommonPanels
0x000000005542d000 	/System/Library/Frameworks/Carbon.framework/Versions/A/Frameworks/Help.framework/Versions/A/Help
0x000000005542d000 	/System/Library/Frameworks/Carbon.framework/Versions/A/Frameworks/ImageCapture.framework/Versions/A/ImageCapture
0x000000005542d000 	/System/Library/Frameworks/Carbon.framework/Versions/A/Frameworks/OpenScripting.framework/Versions/A/OpenScripting
0x000000005542d000 	/System/Library/Frameworks/Carbon.framework/Versions/A/Frameworks/Print.framework/Versions/A/Print
0x000000005542d000 	/System/Library/Frameworks/Carbon.framework/Versions/A/Frameworks/SecurityHI.framework/Versions/A/SecurityHI
0x000000010f9f4000 	/Library/Java/JavaVirtualMachines/jdk1.8.0_131.jdk/Contents/Home/jre/lib/libawt.dylib
0x000000010fa9c000 	/Library/Java/JavaVirtualMachines/jdk1.8.0_131.jdk/Contents/Home/jre/lib/./libmlib_image.dylib
0x000000010fb68000 	/Library/Java/JavaVirtualMachines/jdk1.8.0_131.jdk/Contents/Home/jre/lib/libawt_lwawt.dylib
0x000000010fc1f000 	/Library/Java/JavaVirtualMachines/jdk1.8.0_131.jdk/Contents/Home/jre/lib/./libosxapp.dylib
0x000000005542d000 	/System/Library/Frameworks/ExceptionHandling.framework/Versions/A/ExceptionHandling
0x000000005542d000 	/System/Library/PrivateFrameworks/CoreServicesInternal.framework/Versions/A/CoreServicesInternal
0x000000005542d000 	/System/Library/CoreServices/RawCamera.bundle/Contents/MacOS/RawCamera
0x000000005542d000 	/System/Library/Frameworks/Accelerate.framework/Versions/A/Frameworks/vImage.framework/Versions/A/Libraries/libCGInterfaces.dylib
0x000000005542d000 	/System/Library/Frameworks/ApplicationServices.framework/Versions/A/Frameworks/ATS.framework/Versions/A/Resources/libTrueTypeScaler.dylib
0x0000000111cee000 	/System/Library/Frameworks/OpenGL.framework/Resources/GLEngine.bundle/GLEngine
0x000000005542d000 	/System/Library/Frameworks/OpenGL.framework/Versions/A/Libraries/libGLProgrammability.dylib
0x0000000111ed3000 	/System/Library/Extensions/AppleIntelKBLGraphicsGLDriver.bundle/Contents/MacOS/AppleIntelKBLGraphicsGLDriver
0x000000005542d000 	/System/Library/PrivateFrameworks/GPUSupport.framework/Versions/A/Libraries/libGPUSupportMercury.dylib
0x0000000112c59000 	/System/Library/Frameworks/OpenGL.framework/Resources//GLRendererFloat.bundle/GLRendererFloat
0x000000005542d000 	/System/Library/Frameworks/OpenCL.framework/Versions/A/Libraries/libcldcpuengine.dylib
0x000000005542d000 	/usr/lib/libcrypto.0.9.8.dylib
0x000000005542d000 	/System/Library/PrivateFrameworks/TrustEvaluationAgent.framework/Versions/A/TrustEvaluationAgent
0x0000000112c8d000 	/System/Library/Extensions/AppleIntelKBLGraphicsMTLDriver.bundle/Contents/MacOS/AppleIntelKBLGraphicsMTLDriver
0x000000005542d000 	/System/Library/PrivateFrameworks/FamilyControls.framework/Versions/A/FamilyControls
0x000000005542d000 	/System/Library/PrivateFrameworks/CommerceKit.framework/Versions/A/Frameworks/CommerceCore.framework/Versions/A/CommerceCore
0x000000005542d000 	/System/Library/PrivateFrameworks/SystemAdministration.framework/Versions/A/SystemAdministration
0x000000005542d000 	/System/Library/PrivateFrameworks/AppContainer.framework/Versions/A/AppContainer
0x000000005542d000 	/System/Library/PrivateFrameworks/SecCodeWrapper.framework/Versions/A/SecCodeWrapper
0x000000005542d000 	/System/Library/Frameworks/DirectoryService.framework/Versions/A/DirectoryService
0x000000005542d000 	/System/Library/PrivateFrameworks/DiskImages.framework/Versions/A/DiskImages
0x000000005542d000 	/System/Library/PrivateFrameworks/LoginUIKit.framework/Versions/A/Frameworks/LoginUICore.framework/Versions/A/LoginUICore
0x000000005542d000 	/usr/lib/libCoreStorage.dylib
0x000000005542d000 	/usr/lib/libcsfde.dylib
0x000000005542d000 	/usr/lib/libodfde.dylib
0x000000005542d000 	/System/Library/Frameworks/DiscRecording.framework/Versions/A/DiscRecording
0x000000005542d000 	/usr/lib/libcurl.4.dylib
0x000000005542d000 	/System/Library/PrivateFrameworks/MediaKit.framework/Versions/A/MediaKit
0x000000005542d000 	/System/Library/PrivateFrameworks/ProtectedCloudStorage.framework/Versions/A/ProtectedCloudStorage
0x000000005542d000 	/System/Library/PrivateFrameworks/EFILogin.framework/Versions/A/EFILogin
0x000000005542d000 	/usr/lib/libutil.dylib
0x000000005542d000 	/System/Library/Frameworks/LDAP.framework/Versions/A/LDAP
0x000000005542d000 	/usr/lib/libsasl2.2.dylib
0x000000005542d000 	/System/Library/PrivateFrameworks/CoreDaemon.framework/Versions/B/CoreDaemon
0x000000005542d000 	/System/Library/PrivateFrameworks/AppleSRP.framework/Versions/A/AppleSRP
0x000000005542d000 	/System/Library/PrivateFrameworks/APFS.framework/Versions/A/APFS
0x0000000114c05000 	/Library/Java/JavaVirtualMachines/jdk1.8.0_131.jdk/Contents/Home/jre/lib/libfontmanager.dylib
0x000000011550f000 	/Library/Java/JavaVirtualMachines/jdk1.8.0_131.jdk/Contents/Home/jre/lib/libosxui.dylib
0x000000005542d000 	/System/Library/PrivateFrameworks/ViewBridge.framework/Versions/A/ViewBridge
0x000000005542d000 	/System/Library/PrivateFrameworks/XPCService.framework/Versions/A/XPCService
0x000000005542d000 	/System/Library/PrivateFrameworks/AppSandbox.framework/Versions/A/AppSandbox
0x000000005542d000 	/usr/lib/libsandbox.1.dylib
0x000000005542d000 	/usr/lib/libMatch.1.dylib
0x0000000125cec000 	/Library/Java/JavaVirtualMachines/jdk1.8.0_131.jdk/Contents/Home/jre/lib/libnet.dylib
0x0000000125d03000 	/Library/Java/JavaVirtualMachines/jdk1.8.0_131.jdk/Contents/Home/jre/lib/libnio.dylib
0x000000011559c000 	/private/var/folders/mz/ddp61nqj5pgffdgcqdjxrrfh0000gn/T/jogamp_0000/file_cache/jln727490755331788492/jln1744509910979842585/libgluegen-rt.jnilib
0x00000001155a0000 	/private/var/folders/mz/ddp61nqj5pgffdgcqdjxrrfh0000gn/T/jogamp_0000/file_cache/jln727490755331788492/jln1744509910979842585/libnativewindow_awt.jnilib
0x00000001155cd000 	/Library/Java/JavaVirtualMachines/jdk1.8.0_131.jdk/Contents/Home/jre/lib/libjawt.dylib
0x00000001155d0000 	/private/var/folders/mz/ddp61nqj5pgffdgcqdjxrrfh0000gn/T/jogamp_0000/file_cache/jln727490755331788492/jln1744509910979842585/libnativewindow_macosx.jnilib
0x000000018ec84000 	/private/var/folders/mz/ddp61nqj5pgffdgcqdjxrrfh0000gn/T/jogamp_0000/file_cache/jln727490755331788492/jln1744509910979842585/libjogl_desktop.jnilib
0x0000000195e56000 	/Library/Java/JavaVirtualMachines/jdk1.8.0_131.jdk/Contents/Home/jre/lib/libt2k.dylib

VM Arguments:
jvm_args: -Djava.security.policy=java.policy.applet -Dfile.encoding=UTF-8 
java_command: sun.applet.AppletViewer module4.EarthquakeCityMap1500833471449.html
java_class_path (initial): /Users/litianlun/Downloads/UCSDUnfoldingMaps/build:/Users/litianlun/Downloads/UCSDUnfoldingMaps/lib/core.jar:/Users/litianlun/Downloads/UCSDUnfoldingMaps/lib/gluegen-rt.jar:/Users/litianlun/Downloads/UCSDUnfoldingMaps/lib/jogl-all.jar:/Users/litianlun/Downloads/UCSDUnfoldingMaps/lib/log4j-1.2.15.jar:/Users/litianlun/Downloads/UCSDUnfoldingMaps/lib/sqlite-jdbc-3.7.2.jar:/Users/litianlun/Downloads/UCSDUnfoldingMaps/lib/json4processing.jar:/Users/litianlun/Downloads/UCSDUnfoldingMaps/lib/libTUIO.jar:/Users/litianlun/Downloads/UCSDUnfoldingMaps/lib/unfolding.0.9.7-uscd.jar
Launcher Type: SUN_STANDARD

Environment Variables:
PATH=/usr/bin:/bin:/usr/sbin:/sbin
SHELL=/bin/bash

Signal Handlers:
SIGSEGV: [libjvm.dylib+0x5b1eb1], sa_mask[0]=11111111011111110111111111111111, sa_flags=SA_ONSTACK|SA_RESTART|SA_SIGINFO
SIGBUS: [libjvm.dylib+0x5b1eb1], sa_mask[0]=11111111011111110111111111111111, sa_flags=SA_RESTART|SA_SIGINFO
SIGFPE: [libjvm.dylib+0x488988], sa_mask[0]=11111111011111110111111111111111, sa_flags=SA_RESTART|SA_SIGINFO
SIGPIPE: [libjvm.dylib+0x488988], sa_mask[0]=11111111011111110111111111111111, sa_flags=SA_RESTART|SA_SIGINFO
SIGXFSZ: [libjvm.dylib+0x488988], sa_mask[0]=11111111011111110111111111111111, sa_flags=SA_RESTART|SA_SIGINFO
SIGILL: [libjvm.dylib+0x488988], sa_mask[0]=11111111011111110111111111111111, sa_flags=SA_RESTART|SA_SIGINFO
SIGUSR1: SIG_DFL, sa_mask[0]=00000000000000000000000000000000, sa_flags=none
SIGUSR2: [libjvm.dylib+0x4884a6], sa_mask[0]=00100000000000000000000000000000, sa_flags=SA_RESTART|SA_SIGINFO
SIGHUP: [libjvm.dylib+0x486a7d], sa_mask[0]=11111111011111110111111111111111, sa_flags=SA_RESTART|SA_SIGINFO
SIGINT: [libjvm.dylib+0x486a7d], sa_mask[0]=11111111011111110111111111111111, sa_flags=SA_RESTART|SA_SIGINFO
SIGTERM: [libjvm.dylib+0x486a7d], sa_mask[0]=11111111011111110111111111111111, sa_flags=SA_RESTART|SA_SIGINFO
SIGQUIT: [libjvm.dylib+0x486a7d], sa_mask[0]=11111111011111110111111111111111, sa_flags=SA_RESTART|SA_SIGINFO


---------------  S Y S T E M  ---------------

OS:Bsduname:Darwin 16.6.0 Darwin Kernel Version 16.6.0: Fri Apr 14 16:13:31 PDT 2017; root:xnu-3789.60.24~4/RELEASE_X86_64 x86_64
rlimit: STACK 8192k, CORE 0k, NPROC 709, NOFILE 10240, AS infinity
load average:2.40 2.38 2.10

CPU:total 4 (initial active 4) (2 cores per cpu, 2 threads per core) family 6 model 142 stepping 9, cmov, cx8, fxsr, mmx, sse, sse2, sse3, ssse3, sse4.1, sse4.2, popcnt, avx, avx2, aes, clmul, erms, 3dnowpref, lzcnt, ht, tsc, tscinvbit, bmi1, bmi2, adx

Memory: 4k page, physical 8388608k(62264k free)

/proc/meminfo:


vm_info: Java HotSpot(TM) 64-Bit Server VM (25.131-b11) for bsd-amd64 JRE (1.8.0_131-b11), built on Mar 15 2017 01:32:22 by "java_re" with gcc 4.2.1 (Based on Apple Inc. build 5658) (LLVM build 2336.11.00)

time: Sun Jul 23 14:11:17 2017
elapsed time: 6 seconds (0d 0h 0m 6s)

