#
# A fatal error has been detected by the Java Runtime Environment:
#
#  SIGSEGV (0xb) at pc=0x00007fffa625905d, pid=629, tid=0x0000000000000307
#
# JRE version: Java(TM) SE Runtime Environment (8.0_131-b11) (build 1.8.0_131-b11)
# Java VM: Java HotSpot(TM) 64-Bit Server VM (25.131-b11 mixed mode bsd-amd64 compressed oops)
# Problematic frame:
# C  [libobjc.A.dylib+0x705d]  objc_msgSend+0x1d
#
# Failed to write core dump. Core dumps have been disabled. To enable core dumping, try "ulimit -c unlimited" before starting Java again
#
# If you would like to submit a bug report, please visit:
#   http://bugreport.java.com/bugreport/crash.jsp
# The crash happened outside the Java Virtual Machine in native code.
# See problematic frame for where to report the bug.
#

---------------  T H R E A D  ---------------

Current thread (0x00007fdb4291f000):  JavaThread "AWT-AppKit" daemon [_thread_in_native, id=775, stack(0x00007fff59bc4000,0x00007fff5a3c4000)]

siginfo: si_signo: 11 (SIGSEGV), si_code: 1 (SEGV_MAPERR), si_addr: 0x0000000000000018

Registers:
RAX=0x00007fdb4693c0f0, RBX=0x000000018ddd3450, RCX=0x00007fdb43201dc0, RDX=0x0000000000000000
RSP=0x00007fff5a3bf3b8, RBP=0x00007fff5a3bf470, RSI=0x00007fff8faed116, RDI=0x00007fdb46c11530
R8 =0x0000000000000018, R9 =0x00007fdb43201560, R10=0x0000000000000000, R11=0x00007fff8faed116
R12=0x0000000000000000, R13=0x0000000193ce4b90, R14=0x000000018ddd3440, R15=0x00007fdb4291f000
RIP=0x00007fffa625905d, EFLAGS=0x0000000000010246, ERR=0x0000000000000004
  TRAPNO=0x000000000000000e

Top of Stack: (sp=0x00007fff5a3bf3b8)
0x00007fff5a3bf3b8:   000000018ddd1157 00007fff5a3bf410
0x00007fff5a3bf3c8:   0000000000000003 00007fff5a3bf3f0
0x00007fff5a3bf3d8:   00000001063f36d2 0000000193ce4b90
0x00007fff5a3bf3e8:   0000000193ce4b90 00007fdb4693c0f0
0x00007fff5a3bf3f8:   000000018ddd36a0 000000018ddd3710
0x00007fff5a3bf408:   00007fffac2be6d0 00007fffaceee1e0
0x00007fff5a3bf418:   000000018ddd3450 000000018ddd3690
0x00007fff5a3bf428:   00007fdb4693c0f0 00007fdb46c11530
0x00007fff5a3bf438:   00007fdb40c21280 00007fdb4693c0f0
0x00007fff5a3bf448:   00007fdb46c11530 00007fff5a3bf4f8
0x00007fff5a3bf458:   00007fdb4291f1f8 0000000193ce4b90
0x00007fff5a3bf468:   00007fff5a3bf520 00007fff5a3bf4e8
0x00007fff5a3bf478:   0000000107bc19f4 0000000193ce4b90
0x00007fff5a3bf488:   00007fff5a3bf520 00007fff5a3bf4e8
0x00007fff5a3bf498:   0000000107bc1787 0000000107bc1742
0x00007fff5a3bf4a8:   00007fff5a3bf4a8 0000000193ce4b90
0x00007fff5a3bf4b8:   00007fff5a3bf520 0000000193ce6340
0x00007fff5a3bf4c8:   0000000000000000 0000000193ce4b90
0x00007fff5a3bf4d8:   0000000000000000 00007fff5a3bf508
0x00007fff5a3bf4e8:   00007fff5a3bf568 0000000107bb22bd
0x00007fff5a3bf4f8:   000000074114c6a8 0000000107bbb538
0x00007fff5a3bf508:   00007fdb4693c0f0 00007fff5a3bf568
0x00007fff5a3bf518:   00007fdb46c11530 0000000107bbce02
0x00007fff5a3bf528:   00007fff5a3bf528 0000000193ce4d5a
0x00007fff5a3bf538:   00007fff5a3bf590 0000000193ce6340
0x00007fff5a3bf548:   0000000000000000 0000000193ce4d68
0x00007fff5a3bf558:   00007fff5a3bf508 00007fff5a3bf578
0x00007fff5a3bf568:   00007fff5a3bf5d8 0000000107bb22bd
0x00007fff5a3bf578:   00007fdb4693c0f0 00000007410d3b40
0x00007fff5a3bf588:   00007fdb46c11530 00000007410d3b40
0x00007fff5a3bf598:   00007fff5a3bf598 00000001977b5ef6
0x00007fff5a3bf5a8:   00007fff5a3bf5e8 00000001977b5fb0 

Instructions: (pc=0x00007fffa625905d)
0x00007fffa625903d:   0f 1f 00 48 85 ff 2e 74 62 40 f6 c7 01 2e 75 66
0x00007fffa625904d:   49 ba f8 ff ff ff ff 7f 00 00 4c 23 17 49 89 f3
0x00007fffa625905d:   45 23 5a 18 49 c1 e3 04 4d 03 5a 10 49 3b 33 75
0x00007fffa625906d:   04 41 ff 63 08 49 83 3b 01 76 0d 49 83 c3 10 49 

Register to memory mapping:

RAX=0x00007fdb4693c0f0 is an unknown value
RBX=0x000000018ddd3450: Java_jogamp_nativewindow_macosx_OSXUtil_GetScreenRefreshRate0+0x1cf0 in /private/var/folders/mz/ddp61nqj5pgffdgcqdjxrrfh0000gn/T/jogamp_0000/file_cache/jln4586556171738451873/jln1886756112082004464/libnativewindow_macosx.jnilib at 0x000000018ddcc000
RCX=0x00007fdb43201dc0 is an unknown value
RDX=0x0000000000000000 is an unknown value
RSP=0x00007fff5a3bf3b8 is pointing into the stack for thread: 0x00007fdb4291f000
RBP=0x00007fff5a3bf470 is pointing into the stack for thread: 0x00007fdb4291f000
RSI=0x00007fff8faed116: __NSStyleNameIndexTable+0x7fd5e in /System/Library/Frameworks/AppKit.framework/Versions/C/AppKit at 0x00007fff8ee80000
RDI=0x00007fdb46c11530 is an unknown value
R8 =0x0000000000000018 is an unknown value
R9 =0x00007fdb43201560 is an unknown value
R10=0x0000000000000000 is an unknown value
R11=0x00007fff8faed116: __NSStyleNameIndexTable+0x7fd5e in /System/Library/Frameworks/AppKit.framework/Versions/C/AppKit at 0x00007fff8ee80000
R12=0x0000000000000000 is an unknown value
R13={method} {0x0000000193ce4b90} 'UnsetJAWTRootSurfaceLayer0' '(JJ)V' in 'jogamp/nativewindow/jawt/macosx/MacOSXJAWTWindow'
R14=0x000000018ddd3440: Java_jogamp_nativewindow_macosx_OSXUtil_GetScreenRefreshRate0+0x1ce0 in /private/var/folders/mz/ddp61nqj5pgffdgcqdjxrrfh0000gn/T/jogamp_0000/file_cache/jln4586556171738451873/jln1886756112082004464/libnativewindow_macosx.jnilib at 0x000000018ddcc000
R15=0x00007fdb4291f000 is a thread


Stack: [0x00007fff59bc4000,0x00007fff5a3c4000],  sp=0x00007fff5a3bf3b8,  free space=8172k
Native frames: (J=compiled Java code, j=interpreted, Vv=VM code, C=native code)
C  [libobjc.A.dylib+0x705d]  objc_msgSend+0x1d
j  jogamp.nativewindow.jawt.macosx.MacOSXJAWTWindow.UnsetJAWTRootSurfaceLayer0(JJ)V+0
j  jogamp.nativewindow.jawt.macosx.MacOSXJAWTWindow.access$200(JJ)V+2
j  jogamp.nativewindow.jawt.macosx.MacOSXJAWTWindow$1.run()V+38
J 3478 C1 com.jogamp.common.util.RunnableTask.run()V (345 bytes) @ 0x0000000108060ff4 [0x0000000108060e60+0x194]
v  ~StubRoutines::call_stub
V  [libjvm.dylib+0x2ee5b6]  JavaCalls::call_helper(JavaValue*, methodHandle*, JavaCallArguments*, Thread*)+0x6ae
V  [libjvm.dylib+0x325765]  jni_invoke_nonstatic(JNIEnv_*, JavaValue*, _jobject*, JNICallType, _jmethodID*, JNI_ArgumentPusher*, Thread*)+0x2ec
V  [libjvm.dylib+0x317f33]  jni_CallVoidMethod+0x16b
C  [libnativewindow_macosx.jnilib+0x5326]  Java_jogamp_nativewindow_jawt_macosx_MacOSXJAWTWindow_UnsetJAWTRootSurfaceLayer0+0x2b6
C  [Foundation+0x7152a]  __NSThreadPerformPerform+0x146
C  [CoreFoundation+0xa7321]  __CFRUNLOOP_IS_CALLING_OUT_TO_A_SOURCE0_PERFORM_FUNCTION__+0x11
C  [CoreFoundation+0x88197]  __CFRunLoopDoSources0+0x1a7
C  [CoreFoundation+0x87716]  __CFRunLoopRun+0x3a6
C  [CoreFoundation+0x87114]  CFRunLoopRunSpecific+0x1a4
C  [HIToolbox+0x30ebc]  RunCurrentEventLoopInMode+0xf0
C  [HIToolbox+0x30bf9]  ReceiveNextEventCommon+0xb8
C  [HIToolbox+0x30b26]  _BlockUntilNextEventMatchingListInModeWithFilter+0x47
C  [AppKit+0x46a54]  _DPSNextEvent+0x460
C  [AppKit+0x7c27ee]  -[NSApplication(NSEvent) _nextEventMatchingEventMask:untilDate:inMode:dequeue:]+0xaec
C  [libosxapp.dylib+0x23aa]  -[NSApplicationAWT nextEventMatchingMask:untilDate:inMode:dequeue:]+0x7c
C  [AppKit+0x3b3db]  -[NSApplication run]+0x39e
C  [libosxapp.dylib+0x214d]  +[NSApplicationAWT runAWTLoopWithApp:]+0x9c
C  [libawt_lwawt.dylib+0x45edf]  -[AWTStarter starter:]+0x389
C  [Foundation+0x7152a]  __NSThreadPerformPerform+0x146
C  [CoreFoundation+0xa7321]  __CFRUNLOOP_IS_CALLING_OUT_TO_A_SOURCE0_PERFORM_FUNCTION__+0x11
C  [CoreFoundation+0x8821d]  __CFRunLoopDoSources0+0x22d
C  [CoreFoundation+0x87716]  __CFRunLoopRun+0x3a6
C  [CoreFoundation+0x87114]  CFRunLoopRunSpecific+0x1a4
C  [java+0x6465]  CreateExecutionEnvironment+0x367
C  [java+0x218c]  JLI_Launch+0x7a0
C  [java+0x84c2]  main+0x65
C  [java+0x19e4]  start+0x34
C  0x0000000000000007

Java frames: (J=compiled Java code, j=interpreted, Vv=VM code)
j  jogamp.nativewindow.jawt.macosx.MacOSXJAWTWindow.UnsetJAWTRootSurfaceLayer0(JJ)V+0
j  jogamp.nativewindow.jawt.macosx.MacOSXJAWTWindow.access$200(JJ)V+2
j  jogamp.nativewindow.jawt.macosx.MacOSXJAWTWindow$1.run()V+38
J 3478 C1 com.jogamp.common.util.RunnableTask.run()V (345 bytes) @ 0x0000000108060ff4 [0x0000000108060e60+0x194]
v  ~StubRoutines::call_stub

---------------  P R O C E S S  ---------------

Java Threads: ( => current thread )
  0x00007fdb41c77800 JavaThread "Thread-53" [_thread_blocked, id=37835, stack(0x0000700010a37000,0x0000700010b37000)]
  0x00007fdb417f6000 JavaThread "Image Fetcher 1" daemon [_thread_blocked, id=71379, stack(0x0000700011049000,0x0000700011149000)]
  0x00007fdb41a59800 JavaThread "Image Fetcher 0" daemon [_thread_blocked, id=73747, stack(0x0000700010f46000,0x0000700011046000)]
  0x00007fdb41a78800 JavaThread "Keep-Alive-Timer" daemon [_thread_blocked, id=13543, stack(0x0000700010e43000,0x0000700010f43000)]
  0x00007fdb412cc000 JavaThread "AWT-EventQueue-1" [_thread_in_native, id=71495, stack(0x00007000108b1000,0x00007000109b1000)]
  0x00007fdb42963800 JavaThread "DestroyJavaVM" [_thread_blocked, id=6915, stack(0x000070000f1e6000,0x000070000f2e6000)]
  0x00007fdb4126c000 JavaThread "AWT-EventQueue-0" [_thread_blocked, id=61971, stack(0x00007000106ab000,0x00007000107ab000)]
  0x00007fdb411e9800 JavaThread "Java2D Disposer" daemon [_thread_blocked, id=58139, stack(0x0000700010422000,0x0000700010522000)]
  0x00007fdb411f2800 JavaThread "Java2D Queue Flusher" daemon [_thread_blocked, id=58375, stack(0x000070001031f000,0x000070001041f000)]
  0x00007fdb418f5000 JavaThread "AWT-Shutdown" [_thread_blocked, id=30495, stack(0x0000700010116000,0x0000700010216000)]
=>0x00007fdb4291f000 JavaThread "AWT-AppKit" daemon [_thread_in_native, id=775, stack(0x00007fff59bc4000,0x00007fff5a3c4000)]
  0x00007fdb42023000 JavaThread "Service Thread" daemon [_thread_blocked, id=18691, stack(0x000070000fe8d000,0x000070000ff8d000)]
  0x00007fdb4101c800 JavaThread "C1 CompilerThread2" daemon [_thread_blocked, id=18179, stack(0x000070000fd8a000,0x000070000fe8a000)]
  0x00007fdb42806000 JavaThread "C2 CompilerThread1" daemon [_thread_blocked, id=17667, stack(0x000070000fc87000,0x000070000fd87000)]
  0x00007fdb41853800 JavaThread "C2 CompilerThread0" daemon [_thread_blocked, id=17155, stack(0x000070000fb84000,0x000070000fc84000)]
  0x00007fdb4101b800 JavaThread "Signal Dispatcher" daemon [_thread_blocked, id=16643, stack(0x000070000fa81000,0x000070000fb81000)]
  0x00007fdb42000800 JavaThread "Finalizer" daemon [_thread_blocked, id=12291, stack(0x000070000f8fb000,0x000070000f9fb000)]
  0x00007fdb42826800 JavaThread "Reference Handler" daemon [_thread_blocked, id=11779, stack(0x000070000f7f8000,0x000070000f8f8000)]

Other Threads:
  0x00007fdb4182f800 VMThread [stack: 0x000070000f6f5000,0x000070000f7f5000] [id=11267]
  0x00007fdb41026000 WatcherThread [stack: 0x000070000ff90000,0x0000700010090000] [id=19203]

VM state:not at safepoint (normal execution)

VM Mutex/Monitor currently owned by a thread: None

Heap:
 PSYoungGen      total 584192K, used 256200K [0x0000000795580000, 0x00000007bd480000, 0x00000007c0000000)
  eden space 562688K, 43% used [0x0000000795580000,0x00000007a42b9e50,0x00000007b7b00000)
  from space 21504K, 61% used [0x00000007b7b00000,0x00000007b87f8340,0x00000007b9000000)
  to   space 22016K, 0% used [0x00000007bbf00000,0x00000007bbf00000,0x00000007bd480000)
 ParOldGen       total 91648K, used 22386K [0x0000000740000000, 0x0000000745980000, 0x0000000795580000)
  object space 91648K, 24% used [0x0000000740000000,0x00000007415dc9c0,0x0000000745980000)
 Metaspace       used 21766K, capacity 22107K, committed 22272K, reserved 1069056K
  class space    used 2137K, capacity 2248K, committed 2304K, reserved 1048576K

Card table byte_map: [0x0000000107563000,0x0000000107964000] byte_map_base: 0x0000000103b63000

Marking Bits: (ParMarkBitMap*) 0x0000000106af1ea0
 Begin Bits: [0x0000000116e55000, 0x0000000118e55000)
 End Bits:   [0x0000000118e55000, 0x000000011ae55000)

Polling page: 0x00000001058fc000

CodeCache: size=245760Kb used=9910Kb max_used=11209Kb free=235849Kb
 bounds [0x0000000107baa000, 0x00000001086aa000, 0x0000000116baa000]
 total_blobs=3819 nmethods=2905 adapters=827
 compilation: enabled

Compilation events (10 events):
Event: 33.179 Thread 0x00007fdb41853800 nmethod 3767 0x00000001084d28d0 code [0x00000001084d2a40, 0x00000001084d3218]
Event: 33.180 Thread 0x00007fdb42806000 nmethod 3770 0x000000010858b7d0 code [0x000000010858b940, 0x000000010858c0b8]
Event: 33.184 Thread 0x00007fdb41853800 3771       4       java.lang.CharacterDataLatin1::toUpperCase (53 bytes)
Event: 33.185 Thread 0x00007fdb41853800 nmethod 3771 0x00000001084a21d0 code [0x00000001084a2320, 0x00000001084a23f8]
Event: 33.186 Thread 0x00007fdb4101c800 3772       3       sun.lwawt.LWComponentPeer::localToWindow (14 bytes)
Event: 33.187 Thread 0x00007fdb4101c800 nmethod 3772 0x00000001085e0410 code [0x00000001085e05a0, 0x00000001085e0928]
Event: 33.187 Thread 0x00007fdb4101c800 3774       3       sun.java2d.pipe.RenderBuffer::putFloat (26 bytes)
Event: 33.188 Thread 0x00007fdb4101c800 nmethod 3774 0x00000001084a1dd0 code [0x00000001084a1f40, 0x00000001084a20d0]
Event: 33.188 Thread 0x00007fdb4101c800 3773       1       sun.java2d.SurfaceData::isValid (5 bytes)
Event: 33.189 Thread 0x00007fdb4101c800 nmethod 3773 0x000000010828b2d0 code [0x000000010828b420, 0x000000010828b530]

GC Heap History (10 events):
Event: 21.999 GC heap before
{Heap before GC invocations=18 (full 1):
 PSYoungGen      total 496640K, used 486080K [0x0000000795580000, 0x00000007b5c00000, 0x00000007c0000000)
  eden space 481792K, 100% used [0x0000000795580000,0x00000007b2c00000,0x00000007b2c00000)
  from space 14848K, 28% used [0x00000007b4d80000,0x00000007b51b0100,0x00000007b5c00000)
  to   space 24576K, 0% used [0x00000007b2c00000,0x00000007b2c00000,0x00000007b4400000)
 ParOldGen       total 91648K, used 22354K [0x0000000740000000, 0x0000000745980000, 0x0000000795580000)
  object space 91648K, 24% used [0x0000000740000000,0x00000007415d49c0,0x0000000745980000)
 Metaspace       used 21576K, capacity 21915K, committed 22016K, reserved 1069056K
  class space    used 2129K, capacity 2248K, committed 2304K, reserved 1048576K
Event: 22.003 GC heap after
Heap after GC invocations=18 (full 1):
 PSYoungGen      total 506368K, used 5584K [0x0000000795580000, 0x00000007b8200000, 0x00000007c0000000)
  eden space 481792K, 0% used [0x0000000795580000,0x0000000795580000,0x00000007b2c00000)
  from space 24576K, 22% used [0x00000007b2c00000,0x00000007b3174170,0x00000007b4400000)
  to   space 23040K, 0% used [0x00000007b6b80000,0x00000007b6b80000,0x00000007b8200000)
 ParOldGen       total 91648K, used 22362K [0x0000000740000000, 0x0000000745980000, 0x0000000795580000)
  object space 91648K, 24% used [0x0000000740000000,0x00000007415d69c0,0x0000000745980000)
 Metaspace       used 21576K, capacity 21915K, committed 22016K, reserved 1069056K
  class space    used 2129K, capacity 2248K, committed 2304K, reserved 1048576K
}
Event: 24.340 GC heap before
{Heap before GC invocations=19 (full 1):
 PSYoungGen      total 506368K, used 487376K [0x0000000795580000, 0x00000007b8200000, 0x00000007c0000000)
  eden space 481792K, 100% used [0x0000000795580000,0x00000007b2c00000,0x00000007b2c00000)
  from space 24576K, 22% used [0x00000007b2c00000,0x00000007b3174170,0x00000007b4400000)
  to   space 23040K, 0% used [0x00000007b6b80000,0x00000007b6b80000,0x00000007b8200000)
 ParOldGen       total 91648K, used 22362K [0x0000000740000000, 0x0000000745980000, 0x0000000795580000)
  object space 91648K, 24% used [0x0000000740000000,0x00000007415d69c0,0x0000000745980000)
 Metaspace       used 21619K, capacity 21979K, committed 22272K, reserved 1069056K
  class space    used 2129K, capacity 2248K, committed 2304K, reserved 1048576K
Event: 24.347 GC heap after
Heap after GC invocations=19 (full 1):
 PSYoungGen      total 543744K, used 5488K [0x0000000795580000, 0x00000007b7f00000, 0x00000007c0000000)
  eden space 523776K, 0% used [0x0000000795580000,0x0000000795580000,0x00000007b5500000)
  from space 19968K, 27% used [0x00000007b6b80000,0x00000007b70dc170,0x00000007b7f00000)
  to   space 21504K, 0% used [0x00000007b5500000,0x00000007b5500000,0x00000007b6a00000)
 ParOldGen       total 91648K, used 22370K [0x0000000740000000, 0x0000000745980000, 0x0000000795580000)
  object space 91648K, 24% used [0x0000000740000000,0x00000007415d89c0,0x0000000745980000)
 Metaspace       used 21619K, capacity 21979K, committed 22272K, reserved 1069056K
  class space    used 2129K, capacity 2248K, committed 2304K, reserved 1048576K
}
Event: 27.115 GC heap before
{Heap before GC invocations=20 (full 1):
 PSYoungGen      total 543744K, used 529264K [0x0000000795580000, 0x00000007b7f00000, 0x00000007c0000000)
  eden space 523776K, 100% used [0x0000000795580000,0x00000007b5500000,0x00000007b5500000)
  from space 19968K, 27% used [0x00000007b6b80000,0x00000007b70dc170,0x00000007b7f00000)
  to   space 21504K, 0% used [0x00000007b5500000,0x00000007b5500000,0x00000007b6a00000)
 ParOldGen       total 91648K, used 22370K [0x0000000740000000, 0x0000000745980000, 0x0000000795580000)
  object space 91648K, 24% used [0x0000000740000000,0x00000007415d89c0,0x0000000745980000)
 Metaspace       used 21700K, capacity 22043K, committed 22272K, reserved 1069056K
  class space    used 2129K, capacity 2248K, committed 2304K, reserved 1048576K
Event: 27.118 GC heap after
Heap after GC invocations=20 (full 1):
 PSYoungGen      total 545280K, used 5824K [0x0000000795580000, 0x00000007ba380000, 0x00000007c0000000)
  eden space 523776K, 0% used [0x0000000795580000,0x0000000795580000,0x00000007b5500000)
  from space 21504K, 27% used [0x00000007b5500000,0x00000007b5ab0190,0x00000007b6a00000)
  to   space 19968K, 0% used [0x00000007b9000000,0x00000007b9000000,0x00000007ba380000)
 ParOldGen       total 91648K, used 22378K [0x0000000740000000, 0x0000000745980000, 0x0000000795580000)
  object space 91648K, 24% used [0x0000000740000000,0x00000007415da9c0,0x0000000745980000)
 Metaspace       used 21700K, capacity 22043K, committed 22272K, reserved 1069056K
  class space    used 2129K, capacity 2248K, committed 2304K, reserved 1048576K
}
Event: 29.326 GC heap before
{Heap before GC invocations=21 (full 1):
 PSYoungGen      total 545280K, used 529600K [0x0000000795580000, 0x00000007ba380000, 0x00000007c0000000)
  eden space 523776K, 100% used [0x0000000795580000,0x00000007b5500000,0x00000007b5500000)
  from space 21504K, 27% used [0x00000007b5500000,0x00000007b5ab0190,0x00000007b6a00000)
  to   space 19968K, 0% used [0x00000007b9000000,0x00000007b9000000,0x00000007ba380000)
 ParOldGen       total 91648K, used 22378K [0x0000000740000000, 0x0000000745980000, 0x0000000795580000)
  object space 91648K, 24% used [0x0000000740000000,0x00000007415da9c0,0x0000000745980000)
 Metaspace       used 21726K, capacity 22107K, committed 22272K, reserved 1069056K
  class space    used 2129K, capacity 2248K, committed 2304K, reserved 1048576K
Event: 29.332 GC heap after
Heap after GC invocations=21 (full 1):
 PSYoungGen      total 582656K, used 13296K [0x0000000795580000, 0x00000007ba800000, 0x00000007c0000000)
  eden space 562688K, 0% used [0x0000000795580000,0x0000000795580000,0x00000007b7b00000)
  from space 19968K, 66% used [0x00000007b9000000,0x00000007b9cfc350,0x00000007ba380000)
  to   space 21504K, 0% used [0x00000007b7b00000,0x00000007b7b00000,0x00000007b9000000)
 ParOldGen       total 91648K, used 22386K [0x0000000740000000, 0x0000000745980000, 0x0000000795580000)
  object space 91648K, 24% used [0x0000000740000000,0x00000007415dc9c0,0x0000000745980000)
 Metaspace       used 21726K, capacity 22107K, committed 22272K, reserved 1069056K
  class space    used 2129K, capacity 2248K, committed 2304K, reserved 1048576K
}
Event: 32.046 GC heap before
{Heap before GC invocations=22 (full 1):
 PSYoungGen      total 582656K, used 575984K [0x0000000795580000, 0x00000007ba800000, 0x00000007c0000000)
  eden space 562688K, 100% used [0x0000000795580000,0x00000007b7b00000,0x00000007b7b00000)
  from space 19968K, 66% used [0x00000007b9000000,0x00000007b9cfc350,0x00000007ba380000)
  to   space 21504K, 0% used [0x00000007b7b00000,0x00000007b7b00000,0x00000007b9000000)
 ParOldGen       total 91648K, used 22386K [0x0000000740000000, 0x0000000745980000, 0x0000000795580000)
  object space 91648K, 24% used [0x0000000740000000,0x00000007415dc9c0,0x0000000745980000)
 Metaspace       used 21728K, capacity 22107K, committed 22272K, reserved 1069056K
  class space    used 2129K, capacity 2248K, committed 2304K, reserved 1048576K
Event: 32.054 GC heap after
Heap after GC invocations=22 (full 1):
 PSYoungGen      total 584192K, used 13280K [0x0000000795580000, 0x00000007bd480000, 0x00000007c0000000)
  eden space 562688K, 0% used [0x0000000795580000,0x0000000795580000,0x00000007b7b00000)
  from space 21504K, 61% used [0x00000007b7b00000,0x00000007b87f8340,0x00000007b9000000)
  to   space 22016K, 0% used [0x00000007bbf00000,0x00000007bbf00000,0x00000007bd480000)
 ParOldGen       total 91648K, used 22386K [0x0000000740000000, 0x0000000745980000, 0x0000000795580000)
  object space 91648K, 24% used [0x0000000740000000,0x00000007415dc9c0,0x0000000745980000)
 Metaspace       used 21728K, capacity 22107K, committed 22272K, reserved 1069056K
  class space    used 2129K, capacity 2248K, committed 2304K, reserved 1048576K
}

Deoptimization events (10 events):
Event: 21.435 Thread 0x00007fdb412cc000 Uncommon trap: reason=unstable_if action=reinterpret pc=0x0000000108523954 method=de.fhpotsdam.unfolding.mapdisplay.Java2DMapDisplay.getTransformedPosition(FFZ)[F @ 1
Event: 21.461 Thread 0x00007fdb412cc000 Uncommon trap: reason=unstable_if action=reinterpret pc=0x0000000107d9324c method=module6.CommonMarker.draw(Lprocessing/core/PGraphics;FF)V @ 4
Event: 21.582 Thread 0x00007fdb412cc000 Uncommon trap: reason=unstable_if action=reinterpret pc=0x00000001085dc384 method=de.fhpotsdam.unfolding.core.Coordinate.equals(Ljava/lang/Object;)Z @ 38
Event: 21.969 Thread 0x00007fdb412cc000 Uncommon trap: reason=unstable_if action=reinterpret pc=0x0000000108522a60 method=java.lang.Math.round(F)I @ 36
Event: 21.970 Thread 0x00007fdb412cc000 Uncommon trap: reason=unstable_if action=reinterpret pc=0x00000001084a2424 method=java.lang.Math.round(F)I @ 36
Event: 22.697 Thread 0x00007fdb412cc000 Uncommon trap: reason=unstable_if action=reinterpret pc=0x00000001084ef3b8 method=java.text.DigitList.getDataChars(I)[C @ 13
Event: 22.697 Thread 0x00007fdb412cc000 Uncommon trap: reason=unstable_if action=reinterpret pc=0x000000010854d2f0 method=java.text.DecimalFormat.subformat(Ljava/lang/StringBuffer;Ljava/text/Format$FieldDelegate;ZZIIII)Ljava/lang/StringBuffer; @ 753
Event: 33.071 Thread 0x00007fdb412cc000 Uncommon trap: reason=unstable_if action=reinterpret pc=0x000000010816b9a8 method=com.jogamp.common.util.VersionNumber.compareTo(Lcom/jogamp/common/util/VersionNumber;)I @ 21
Event: 33.073 Thread 0x00007fdb4126c000 Uncommon trap: reason=unstable_if action=reinterpret pc=0x00000001085ff714 method=java.awt.Font.equals(Ljava/lang/Object;)Z @ 2
Event: 33.186 Thread 0x00007fdb412cc000 Uncommon trap: reason=unstable_if action=reinterpret pc=0x0000000107f25fdc method=java.security.AccessControlContext.optimize()Ljava/security/AccessControlContext; @ 233

Internal exceptions (10 events):
Event: 0.450 Thread 0x00007fdb4180c000 Exception <a 'java/io/FileNotFoundException'> (0x000000079580f4a0) thrown at [/Users/java_re/workspace/8-2-build-macosx-x86_64/jdk8u131/8869/hotspot/src/share/vm/prims/jni.cpp, line 709]
Event: 0.565 Thread 0x00007fdb4180c000 Exception <a 'java/io/FileNotFoundException'> (0x000000079594c438) thrown at [/Users/java_re/workspace/8-2-build-macosx-x86_64/jdk8u131/8869/hotspot/src/share/vm/prims/jni.cpp, line 709]
Event: 2.217 Thread 0x00007fdb412f5000 Exception <a 'java/lang/UnsatisfiedLinkError': com.jogamp.common.util.JarUtil.fixNativeLibAttribs(Ljava/lang/String;)Z> (0x0000000796bf4130) thrown at [/Users/java_re/workspace/8-2-build-macosx-x86_64/jdk8u131/8869/hotspot/src/share/vm/prims/nativeLookup.
Event: 2.460 Thread 0x00007fdb42000800 Exception <a 'java/lang/NullPointerException'> (0x00000007956a5b70) thrown at [/Users/java_re/workspace/8-2-build-macosx-x86_64/jdk8u131/8869/hotspot/src/share/vm/interpreter/linkResolver.cpp, line 1197]
Event: 2.993 Thread 0x00007fdb412cc000 Exception <a 'java/io/FileNotFoundException'> (0x0000000795f39408) thrown at [/Users/java_re/workspace/8-2-build-macosx-x86_64/jdk8u131/8869/hotspot/src/share/vm/prims/jni.cpp, line 709]
Event: 2.993 Thread 0x00007fdb412cc000 Exception <a 'java/io/FileNotFoundException'> (0x0000000795f3f438) thrown at [/Users/java_re/workspace/8-2-build-macosx-x86_64/jdk8u131/8869/hotspot/src/share/vm/prims/jni.cpp, line 709]
Event: 2.994 Thread 0x00007fdb412cc000 Implicit null exception at 0x0000000107d8af36 to 0x0000000107d8b305
Event: 4.613 Thread 0x00007fdb412cc000 Implicit null exception at 0x0000000107f72706 to 0x0000000107f7294d
Event: 12.519 Thread 0x00007fdb412cc000 Implicit null exception at 0x000000010865dd07 to 0x000000010865e639
Event: 12.520 Thread 0x00007fdb412cc000 Implicit null exception at 0x000000010865b1aa to 0x000000010865b21d

Events (10 events):
Event: 33.186 Thread 0x00007fdb412cc000 DEOPT UNPACKING pc=0x0000000107baf229 sp=0x00007000109ae880 mode 2
Event: 33.186 loading class java/awt/LightweightDispatcher$2
Event: 33.186 loading class java/awt/LightweightDispatcher$2 done
Event: 33.186 loading class java/awt/event/AWTEventListenerProxy
Event: 33.186 loading class java/awt/event/AWTEventListenerProxy done
Event: 33.186 loading class java/awt/Toolkit$ToolkitEventMulticaster
Event: 33.186 loading class java/awt/Toolkit$ToolkitEventMulticaster done
Event: 33.186 Thread 0x00007fdb429aa800 Thread exited: 0x00007fdb429aa800
Event: 33.187 loading class java/awt/Window$1DisposeAction
Event: 33.187 loading class java/awt/Window$1DisposeAction done


Dynamic libraries:
0x000000001bfcf000 	/System/Library/Frameworks/Cocoa.framework/Versions/A/Cocoa
0x000000001bfcf000 	/System/Library/Frameworks/Security.framework/Versions/A/Security
0x000000001bfcf000 	/System/Library/Frameworks/ApplicationServices.framework/Versions/A/ApplicationServices
0x000000001bfcf000 	/usr/lib/libz.1.dylib
0x000000001bfcf000 	/usr/lib/libSystem.B.dylib
0x000000001bfcf000 	/usr/lib/libobjc.A.dylib
0x000000001bfcf000 	/System/Library/Frameworks/CoreFoundation.framework/Versions/A/CoreFoundation
0x000000001bfcf000 	/System/Library/Frameworks/Foundation.framework/Versions/C/Foundation
0x000000001bfcf000 	/System/Library/Frameworks/AppKit.framework/Versions/C/AppKit
0x000000001bfcf000 	/System/Library/Frameworks/CoreData.framework/Versions/A/CoreData
0x000000001bfcf000 	/System/Library/PrivateFrameworks/RemoteViewServices.framework/Versions/A/RemoteViewServices
0x000000001bfcf000 	/System/Library/PrivateFrameworks/UIFoundation.framework/Versions/A/UIFoundation
0x000000001bfcf000 	/System/Library/PrivateFrameworks/DFRFoundation.framework/Versions/A/DFRFoundation
0x000000001bfcf000 	/usr/lib/libenergytrace.dylib
0x000000001bfcf000 	/System/Library/PrivateFrameworks/SkyLight.framework/Versions/A/SkyLight
0x000000001bfcf000 	/System/Library/Frameworks/CoreGraphics.framework/Versions/A/CoreGraphics
0x000000001bfcf000 	/usr/lib/libScreenReader.dylib
0x000000001bfcf000 	/System/Library/Frameworks/Accelerate.framework/Versions/A/Accelerate
0x000000001bfcf000 	/System/Library/Frameworks/IOSurface.framework/Versions/A/IOSurface
0x000000001bfcf000 	/System/Library/Frameworks/AudioToolbox.framework/Versions/A/AudioToolbox
0x000000001bfcf000 	/System/Library/Frameworks/AudioUnit.framework/Versions/A/AudioUnit
0x000000001bfcf000 	/System/Library/PrivateFrameworks/DataDetectorsCore.framework/Versions/A/DataDetectorsCore
0x000000001bfcf000 	/System/Library/PrivateFrameworks/DesktopServicesPriv.framework/Versions/A/DesktopServicesPriv
0x000000001bfcf000 	/System/Library/Frameworks/Carbon.framework/Versions/A/Frameworks/HIToolbox.framework/Versions/A/HIToolbox
0x000000001bfcf000 	/usr/lib/libicucore.A.dylib
0x000000001bfcf000 	/System/Library/Frameworks/QuartzCore.framework/Versions/A/QuartzCore
0x000000001bfcf000 	/System/Library/Frameworks/Carbon.framework/Versions/A/Frameworks/SpeechRecognition.framework/Versions/A/SpeechRecognition
0x000000001bfcf000 	/usr/lib/libauto.dylib
0x000000001bfcf000 	/usr/lib/libxml2.2.dylib
0x000000001bfcf000 	/System/Library/PrivateFrameworks/CoreUI.framework/Versions/A/CoreUI
0x000000001bfcf000 	/System/Library/Frameworks/CoreAudio.framework/Versions/A/CoreAudio
0x000000001bfcf000 	/System/Library/Frameworks/DiskArbitration.framework/Versions/A/DiskArbitration
0x000000001bfcf000 	/usr/lib/liblangid.dylib
0x000000001bfcf000 	/System/Library/PrivateFrameworks/MultitouchSupport.framework/Versions/A/MultitouchSupport
0x000000001bfcf000 	/System/Library/Frameworks/IOKit.framework/Versions/A/IOKit
0x000000001bfcf000 	/usr/lib/libDiagnosticMessagesClient.dylib
0x000000001bfcf000 	/System/Library/Frameworks/CoreServices.framework/Versions/A/CoreServices
0x000000001bfcf000 	/System/Library/PrivateFrameworks/PerformanceAnalysis.framework/Versions/A/PerformanceAnalysis
0x000000001bfcf000 	/System/Library/PrivateFrameworks/GenerationalStorage.framework/Versions/A/GenerationalStorage
0x000000001bfcf000 	/System/Library/Frameworks/OpenGL.framework/Versions/A/OpenGL
0x000000001bfcf000 	/System/Library/Frameworks/CoreImage.framework/Versions/A/CoreImage
0x000000001bfcf000 	/System/Library/Frameworks/CoreText.framework/Versions/A/CoreText
0x000000001bfcf000 	/System/Library/Frameworks/ImageIO.framework/Versions/A/ImageIO
0x000000001bfcf000 	/System/Library/PrivateFrameworks/Backup.framework/Versions/A/Backup
0x000000001bfcf000 	/usr/lib/libarchive.2.dylib
0x000000001bfcf000 	/System/Library/Frameworks/CFNetwork.framework/Versions/A/CFNetwork
0x000000001bfcf000 	/System/Library/Frameworks/SystemConfiguration.framework/Versions/A/SystemConfiguration
0x000000001bfcf000 	/usr/lib/libCRFSuite.dylib
0x000000001bfcf000 	/usr/lib/libc++.1.dylib
0x000000001bfcf000 	/usr/lib/libc++abi.dylib
0x000000001bfcf000 	/usr/lib/system/libcache.dylib
0x000000001bfcf000 	/usr/lib/system/libcommonCrypto.dylib
0x000000001bfcf000 	/usr/lib/system/libcompiler_rt.dylib
0x000000001bfcf000 	/usr/lib/system/libcopyfile.dylib
0x000000001bfcf000 	/usr/lib/system/libcorecrypto.dylib
0x000000001bfcf000 	/usr/lib/system/libdispatch.dylib
0x000000001bfcf000 	/usr/lib/system/libdyld.dylib
0x000000001bfcf000 	/usr/lib/system/libkeymgr.dylib
0x000000001bfcf000 	/usr/lib/system/liblaunch.dylib
0x000000001bfcf000 	/usr/lib/system/libmacho.dylib
0x000000001bfcf000 	/usr/lib/system/libquarantine.dylib
0x000000001bfcf000 	/usr/lib/system/libremovefile.dylib
0x000000001bfcf000 	/usr/lib/system/libsystem_asl.dylib
0x000000001bfcf000 	/usr/lib/system/libsystem_blocks.dylib
0x000000001bfcf000 	/usr/lib/system/libsystem_c.dylib
0x000000001bfcf000 	/usr/lib/system/libsystem_configuration.dylib
0x000000001bfcf000 	/usr/lib/system/libsystem_coreservices.dylib
0x000000001bfcf000 	/usr/lib/system/libsystem_coretls.dylib
0x000000001bfcf000 	/usr/lib/system/libsystem_dnssd.dylib
0x000000001bfcf000 	/usr/lib/system/libsystem_info.dylib
0x000000001bfcf000 	/usr/lib/system/libsystem_kernel.dylib
0x000000001bfcf000 	/usr/lib/system/libsystem_m.dylib
0x000000001bfcf000 	/usr/lib/system/libsystem_malloc.dylib
0x000000001bfcf000 	/usr/lib/system/libsystem_network.dylib
0x000000001bfcf000 	/usr/lib/system/libsystem_networkextension.dylib
0x000000001bfcf000 	/usr/lib/system/libsystem_notify.dylib
0x000000001bfcf000 	/usr/lib/system/libsystem_platform.dylib
0x000000001bfcf000 	/usr/lib/system/libsystem_pthread.dylib
0x000000001bfcf000 	/usr/lib/system/libsystem_sandbox.dylib
0x000000001bfcf000 	/usr/lib/system/libsystem_secinit.dylib
0x000000001bfcf000 	/usr/lib/system/libsystem_symptoms.dylib
0x000000001bfcf000 	/usr/lib/system/libsystem_trace.dylib
0x000000001bfcf000 	/usr/lib/system/libunwind.dylib
0x000000001bfcf000 	/usr/lib/system/libxpc.dylib
0x000000001bfcf000 	/usr/lib/libbsm.0.dylib
0x000000001bfcf000 	/usr/lib/system/libkxld.dylib
0x000000001bfcf000 	/usr/lib/libcoretls.dylib
0x000000001bfcf000 	/usr/lib/libcoretls_cfhelpers.dylib
0x000000001bfcf000 	/usr/lib/libOpenScriptingUtil.dylib
0x000000001bfcf000 	/usr/lib/libpam.2.dylib
0x000000001bfcf000 	/usr/lib/libsqlite3.dylib
0x000000001bfcf000 	/usr/lib/libxar.1.dylib
0x000000001bfcf000 	/usr/lib/libbz2.1.0.dylib
0x000000001bfcf000 	/usr/lib/liblzma.5.dylib
0x000000001bfcf000 	/usr/lib/libnetwork.dylib
0x000000001bfcf000 	/usr/lib/libpcap.A.dylib
0x000000001bfcf000 	/System/Library/Frameworks/CoreServices.framework/Versions/A/Frameworks/FSEvents.framework/Versions/A/FSEvents
0x000000001bfcf000 	/System/Library/Frameworks/CoreServices.framework/Versions/A/Frameworks/CarbonCore.framework/Versions/A/CarbonCore
0x000000001bfcf000 	/System/Library/Frameworks/CoreServices.framework/Versions/A/Frameworks/Metadata.framework/Versions/A/Metadata
0x000000001bfcf000 	/System/Library/Frameworks/CoreServices.framework/Versions/A/Frameworks/OSServices.framework/Versions/A/OSServices
0x000000001bfcf000 	/System/Library/Frameworks/CoreServices.framework/Versions/A/Frameworks/SearchKit.framework/Versions/A/SearchKit
0x000000001bfcf000 	/System/Library/Frameworks/CoreServices.framework/Versions/A/Frameworks/AE.framework/Versions/A/AE
0x000000001bfcf000 	/System/Library/Frameworks/CoreServices.framework/Versions/A/Frameworks/LaunchServices.framework/Versions/A/LaunchServices
0x000000001bfcf000 	/System/Library/Frameworks/CoreServices.framework/Versions/A/Frameworks/DictionaryServices.framework/Versions/A/DictionaryServices
0x000000001bfcf000 	/System/Library/Frameworks/CoreServices.framework/Versions/A/Frameworks/SharedFileList.framework/Versions/A/SharedFileList
0x000000001bfcf000 	/System/Library/Frameworks/NetFS.framework/Versions/A/NetFS
0x000000001bfcf000 	/System/Library/PrivateFrameworks/NetAuth.framework/Versions/A/NetAuth
0x000000001bfcf000 	/System/Library/PrivateFrameworks/login.framework/Versions/A/Frameworks/loginsupport.framework/Versions/A/loginsupport
0x000000001bfcf000 	/System/Library/PrivateFrameworks/TCC.framework/Versions/A/TCC
0x000000001bfcf000 	/usr/lib/libmecabra.dylib
0x000000001bfcf000 	/System/Library/Frameworks/ApplicationServices.framework/Versions/A/Frameworks/ATS.framework/Versions/A/ATS
0x000000001bfcf000 	/System/Library/Frameworks/ApplicationServices.framework/Versions/A/Frameworks/ColorSync.framework/Versions/A/ColorSync
0x000000001bfcf000 	/System/Library/Frameworks/ApplicationServices.framework/Versions/A/Frameworks/HIServices.framework/Versions/A/HIServices
0x000000001bfcf000 	/System/Library/Frameworks/ApplicationServices.framework/Versions/A/Frameworks/LangAnalysis.framework/Versions/A/LangAnalysis
0x000000001bfcf000 	/System/Library/Frameworks/ApplicationServices.framework/Versions/A/Frameworks/PrintCore.framework/Versions/A/PrintCore
0x000000001bfcf000 	/System/Library/Frameworks/ApplicationServices.framework/Versions/A/Frameworks/QD.framework/Versions/A/QD
0x000000001bfcf000 	/System/Library/Frameworks/ApplicationServices.framework/Versions/A/Frameworks/SpeechSynthesis.framework/Versions/A/SpeechSynthesis
0x000000001bfcf000 	/System/Library/Frameworks/Accelerate.framework/Versions/A/Frameworks/vImage.framework/Versions/A/vImage
0x000000001bfcf000 	/System/Library/Frameworks/Accelerate.framework/Versions/A/Frameworks/vecLib.framework/Versions/A/vecLib
0x000000001bfcf000 	/System/Library/Frameworks/Accelerate.framework/Versions/A/Frameworks/vecLib.framework/Versions/A/libvDSP.dylib
0x000000001bfcf000 	/System/Library/Frameworks/Accelerate.framework/Versions/A/Frameworks/vecLib.framework/Versions/A/libBNNS.dylib
0x000000001bfcf000 	/System/Library/Frameworks/Accelerate.framework/Versions/A/Frameworks/vecLib.framework/Versions/A/libQuadrature.dylib
0x000000001bfcf000 	/System/Library/Frameworks/Accelerate.framework/Versions/A/Frameworks/vecLib.framework/Versions/A/libvMisc.dylib
0x000000001bfcf000 	/System/Library/Frameworks/Accelerate.framework/Versions/A/Frameworks/vecLib.framework/Versions/A/libLAPACK.dylib
0x000000001bfcf000 	/System/Library/Frameworks/Accelerate.framework/Versions/A/Frameworks/vecLib.framework/Versions/A/libBLAS.dylib
0x000000001bfcf000 	/System/Library/Frameworks/Accelerate.framework/Versions/A/Frameworks/vecLib.framework/Versions/A/libLinearAlgebra.dylib
0x000000001bfcf000 	/System/Library/Frameworks/Accelerate.framework/Versions/A/Frameworks/vecLib.framework/Versions/A/libSparseBLAS.dylib
0x000000001bfcf000 	/System/Library/Frameworks/ApplicationServices.framework/Versions/A/Frameworks/ATS.framework/Versions/A/Resources/libFontParser.dylib
0x000000001bfcf000 	/System/Library/Frameworks/ApplicationServices.framework/Versions/A/Frameworks/ATS.framework/Versions/A/Resources/libFontRegistry.dylib
0x000000001bfcf000 	/System/Library/Frameworks/ImageIO.framework/Versions/A/Resources/libJPEG.dylib
0x000000001bfcf000 	/System/Library/Frameworks/ImageIO.framework/Versions/A/Resources/libTIFF.dylib
0x000000001bfcf000 	/System/Library/Frameworks/ImageIO.framework/Versions/A/Resources/libPng.dylib
0x000000001bfcf000 	/System/Library/Frameworks/ImageIO.framework/Versions/A/Resources/libGIF.dylib
0x000000001bfcf000 	/System/Library/Frameworks/ImageIO.framework/Versions/A/Resources/libJP2.dylib
0x000000001bfcf000 	/System/Library/Frameworks/ImageIO.framework/Versions/A/Resources/libRadiance.dylib
0x000000001bfcf000 	/usr/lib/libcompression.dylib
0x000000001bfcf000 	/System/Library/PrivateFrameworks/AppleJPEG.framework/Versions/A/AppleJPEG
0x000000001bfcf000 	/usr/lib/libcups.2.dylib
0x000000001bfcf000 	/System/Library/Frameworks/Kerberos.framework/Versions/A/Kerberos
0x000000001bfcf000 	/System/Library/Frameworks/GSS.framework/Versions/A/GSS
0x000000001bfcf000 	/usr/lib/libresolv.9.dylib
0x000000001bfcf000 	/usr/lib/libiconv.2.dylib
0x000000001bfcf000 	/System/Library/PrivateFrameworks/Heimdal.framework/Versions/A/Heimdal
0x000000001bfcf000 	/usr/lib/libheimdal-asn1.dylib
0x000000001bfcf000 	/System/Library/Frameworks/OpenDirectory.framework/Versions/A/OpenDirectory
0x000000001bfcf000 	/System/Library/PrivateFrameworks/CommonAuth.framework/Versions/A/CommonAuth
0x000000001bfcf000 	/System/Library/Frameworks/OpenDirectory.framework/Versions/A/Frameworks/CFOpenDirectory.framework/Versions/A/CFOpenDirectory
0x000000001bfcf000 	/System/Library/Frameworks/SecurityFoundation.framework/Versions/A/SecurityFoundation
0x000000001bfcf000 	/System/Library/PrivateFrameworks/LanguageModeling.framework/Versions/A/LanguageModeling
0x000000001bfcf000 	/usr/lib/libmarisa.dylib
0x000000001bfcf000 	/usr/lib/libChineseTokenizer.dylib
0x000000001bfcf000 	/usr/lib/libcmph.dylib
0x000000001bfcf000 	/System/Library/PrivateFrameworks/CoreEmoji.framework/Versions/A/CoreEmoji
0x000000001bfcf000 	/System/Library/Frameworks/ServiceManagement.framework/Versions/A/ServiceManagement
0x000000001bfcf000 	/usr/lib/libxslt.1.dylib
0x000000001bfcf000 	/System/Library/Frameworks/Carbon.framework/Versions/A/Frameworks/Ink.framework/Versions/A/Ink
0x000000001bfcf000 	/System/Library/PrivateFrameworks/TextureIO.framework/Versions/A/TextureIO
0x000000001bfcf000 	/System/Library/Frameworks/Metal.framework/Versions/A/Metal
0x000000001bfcf000 	/usr/lib/libate.dylib
0x000000001bfcf000 	/System/Library/PrivateFrameworks/GPUCompiler.framework/libmetal_timestamp.dylib
0x000000001bfcf000 	/System/Library/Frameworks/OpenGL.framework/Versions/A/Libraries/libCoreFSCache.dylib
0x000000001bfcf000 	/System/Library/PrivateFrameworks/IOAccelerator.framework/Versions/A/IOAccelerator
0x000000001bfcf000 	/System/Library/Frameworks/CoreVideo.framework/Versions/A/CoreVideo
0x000000001bfcf000 	/usr/lib/libFosl_dynamic.dylib
0x000000001bfcf000 	/System/Library/PrivateFrameworks/MetalPerformanceShaders.framework/Versions/A/MetalPerformanceShaders
0x000000001bfcf000 	/System/Library/PrivateFrameworks/FaceCore.framework/Versions/A/FaceCore
0x000000001bfcf000 	/System/Library/Frameworks/OpenCL.framework/Versions/A/OpenCL
0x000000001bfcf000 	/System/Library/Frameworks/OpenGL.framework/Versions/A/Libraries/libGLU.dylib
0x000000001bfcf000 	/System/Library/Frameworks/OpenGL.framework/Versions/A/Libraries/libGFXShared.dylib
0x000000001bfcf000 	/System/Library/Frameworks/OpenGL.framework/Versions/A/Libraries/libGL.dylib
0x000000001bfcf000 	/System/Library/Frameworks/OpenGL.framework/Versions/A/Libraries/libGLImage.dylib
0x000000001bfcf000 	/System/Library/Frameworks/OpenGL.framework/Versions/A/Libraries/libCVMSPluginSupport.dylib
0x000000001bfcf000 	/System/Library/Frameworks/OpenGL.framework/Versions/A/Libraries/libCoreVMClient.dylib
0x000000001bfcf000 	/System/Library/PrivateFrameworks/CrashReporterSupport.framework/Versions/A/CrashReporterSupport
0x000000001bfcf000 	/System/Library/PrivateFrameworks/Sharing.framework/Versions/A/Sharing
0x000000001bfcf000 	/System/Library/PrivateFrameworks/IconServices.framework/Versions/A/IconServices
0x000000001bfcf000 	/System/Library/PrivateFrameworks/ProtocolBuffer.framework/Versions/A/ProtocolBuffer
0x000000001bfcf000 	/System/Library/PrivateFrameworks/Apple80211.framework/Versions/A/Apple80211
0x000000001bfcf000 	/System/Library/Frameworks/CoreWLAN.framework/Versions/A/CoreWLAN
0x000000001bfcf000 	/System/Library/PrivateFrameworks/CoreUtils.framework/Versions/A/CoreUtils
0x000000001bfcf000 	/System/Library/Frameworks/IOBluetooth.framework/Versions/A/IOBluetooth
0x000000001bfcf000 	/System/Library/PrivateFrameworks/CoreWiFi.framework/Versions/A/CoreWiFi
0x000000001bfcf000 	/System/Library/Frameworks/CoreBluetooth.framework/Versions/A/CoreBluetooth
0x000000001bfcf000 	/System/Library/Frameworks/CoreDisplay.framework/Versions/A/CoreDisplay
0x000000001bfcf000 	/System/Library/PrivateFrameworks/IOPresentment.framework/Versions/A/IOPresentment
0x000000001bfcf000 	/System/Library/PrivateFrameworks/DSExternalDisplay.framework/Versions/A/DSExternalDisplay
0x000000001bfcf000 	/System/Library/PrivateFrameworks/DebugSymbols.framework/Versions/A/DebugSymbols
0x000000001bfcf000 	/System/Library/PrivateFrameworks/CoreSymbolication.framework/Versions/A/CoreSymbolication
0x000000001bfcf000 	/System/Library/PrivateFrameworks/Symbolication.framework/Versions/A/Symbolication
0x000000001bfcf000 	/System/Library/PrivateFrameworks/AppleFSCompression.framework/Versions/A/AppleFSCompression
0x000000001bfcf000 	/System/Library/PrivateFrameworks/SpeechRecognitionCore.framework/Versions/A/SpeechRecognitionCore
0x000000001bfcf000 	/System/Library/PrivateFrameworks/ChunkingLibrary.framework/Versions/A/ChunkingLibrary
0x0000000106200000 	/Library/Java/JavaVirtualMachines/jdk1.8.0_131.jdk/Contents/Home/jre/lib/server/libjvm.dylib
0x000000001bfcf000 	/usr/lib/libstdc++.6.dylib
0x00000001058b9000 	/Library/Java/JavaVirtualMachines/jdk1.8.0_131.jdk/Contents/Home/jre/lib/libverify.dylib
0x00000001058c7000 	/Library/Java/JavaVirtualMachines/jdk1.8.0_131.jdk/Contents/Home/jre/lib/libjava.dylib
0x0000000105906000 	/Library/Java/JavaVirtualMachines/jdk1.8.0_131.jdk/Contents/Home/jre/lib/libzip.dylib
0x0000000107a8b000 	/System/Library/Frameworks/JavaVM.framework/Frameworks/JavaRuntimeSupport.framework/JavaRuntimeSupport
0x0000000107aa5000 	/System/Library/Frameworks/JavaVM.framework/Versions/A/Frameworks/JavaNativeFoundation.framework/Versions/A/JavaNativeFoundation
0x0000000107aba000 	/System/Library/Frameworks/JavaVM.framework/Versions/A/JavaVM
0x000000001bfcf000 	/System/Library/Frameworks/Carbon.framework/Versions/A/Carbon
0x0000000107ac7000 	/System/Library/PrivateFrameworks/JavaLaunching.framework/Versions/A/JavaLaunching
0x000000001bfcf000 	/System/Library/Frameworks/Carbon.framework/Versions/A/Frameworks/CommonPanels.framework/Versions/A/CommonPanels
0x000000001bfcf000 	/System/Library/Frameworks/Carbon.framework/Versions/A/Frameworks/Help.framework/Versions/A/Help
0x000000001bfcf000 	/System/Library/Frameworks/Carbon.framework/Versions/A/Frameworks/ImageCapture.framework/Versions/A/ImageCapture
0x000000001bfcf000 	/System/Library/Frameworks/Carbon.framework/Versions/A/Frameworks/OpenScripting.framework/Versions/A/OpenScripting
0x000000001bfcf000 	/System/Library/Frameworks/Carbon.framework/Versions/A/Frameworks/Print.framework/Versions/A/Print
0x000000001bfcf000 	/System/Library/Frameworks/Carbon.framework/Versions/A/Frameworks/SecurityHI.framework/Versions/A/SecurityHI
0x000000011e3f3000 	/Library/Java/JavaVirtualMachines/jdk1.8.0_131.jdk/Contents/Home/jre/lib/libawt.dylib
0x000000011e49b000 	/Library/Java/JavaVirtualMachines/jdk1.8.0_131.jdk/Contents/Home/jre/lib/./libmlib_image.dylib
0x000000011e567000 	/Library/Java/JavaVirtualMachines/jdk1.8.0_131.jdk/Contents/Home/jre/lib/libawt_lwawt.dylib
0x000000011e61e000 	/Library/Java/JavaVirtualMachines/jdk1.8.0_131.jdk/Contents/Home/jre/lib/./libosxapp.dylib
0x000000001bfcf000 	/System/Library/Frameworks/ExceptionHandling.framework/Versions/A/ExceptionHandling
0x000000001bfcf000 	/System/Library/PrivateFrameworks/CoreServicesInternal.framework/Versions/A/CoreServicesInternal
0x000000001bfcf000 	/System/Library/CoreServices/RawCamera.bundle/Contents/MacOS/RawCamera
0x000000001bfcf000 	/System/Library/Frameworks/Accelerate.framework/Versions/A/Frameworks/vImage.framework/Versions/A/Libraries/libCGInterfaces.dylib
0x000000001bfcf000 	/System/Library/Frameworks/ApplicationServices.framework/Versions/A/Frameworks/ATS.framework/Versions/A/Resources/libTrueTypeScaler.dylib
0x000000012074a000 	/System/Library/Frameworks/OpenGL.framework/Resources/GLEngine.bundle/GLEngine
0x000000001bfcf000 	/System/Library/Frameworks/OpenGL.framework/Versions/A/Libraries/libGLProgrammability.dylib
0x000000012092f000 	/System/Library/Extensions/AppleIntelKBLGraphicsGLDriver.bundle/Contents/MacOS/AppleIntelKBLGraphicsGLDriver
0x000000001bfcf000 	/System/Library/PrivateFrameworks/GPUSupport.framework/Versions/A/Libraries/libGPUSupportMercury.dylib
0x000000011f103000 	/System/Library/Frameworks/OpenGL.framework/Resources//GLRendererFloat.bundle/GLRendererFloat
0x000000001bfcf000 	/System/Library/Frameworks/OpenCL.framework/Versions/A/Libraries/libcldcpuengine.dylib
0x000000001bfcf000 	/usr/lib/libcrypto.0.9.8.dylib
0x000000001bfcf000 	/System/Library/PrivateFrameworks/TrustEvaluationAgent.framework/Versions/A/TrustEvaluationAgent
0x00000001216b2000 	/System/Library/Extensions/AppleIntelKBLGraphicsMTLDriver.bundle/Contents/MacOS/AppleIntelKBLGraphicsMTLDriver
0x000000001bfcf000 	/System/Library/PrivateFrameworks/FamilyControls.framework/Versions/A/FamilyControls
0x000000001bfcf000 	/System/Library/PrivateFrameworks/CommerceKit.framework/Versions/A/Frameworks/CommerceCore.framework/Versions/A/CommerceCore
0x000000001bfcf000 	/System/Library/PrivateFrameworks/SystemAdministration.framework/Versions/A/SystemAdministration
0x000000001bfcf000 	/System/Library/PrivateFrameworks/AppContainer.framework/Versions/A/AppContainer
0x000000001bfcf000 	/System/Library/PrivateFrameworks/SecCodeWrapper.framework/Versions/A/SecCodeWrapper
0x000000001bfcf000 	/System/Library/Frameworks/DirectoryService.framework/Versions/A/DirectoryService
0x000000001bfcf000 	/System/Library/PrivateFrameworks/DiskImages.framework/Versions/A/DiskImages
0x000000001bfcf000 	/System/Library/PrivateFrameworks/LoginUIKit.framework/Versions/A/Frameworks/LoginUICore.framework/Versions/A/LoginUICore
0x000000001bfcf000 	/usr/lib/libCoreStorage.dylib
0x000000001bfcf000 	/usr/lib/libcsfde.dylib
0x000000001bfcf000 	/usr/lib/libodfde.dylib
0x000000001bfcf000 	/System/Library/Frameworks/DiscRecording.framework/Versions/A/DiscRecording
0x000000001bfcf000 	/usr/lib/libcurl.4.dylib
0x000000001bfcf000 	/System/Library/PrivateFrameworks/MediaKit.framework/Versions/A/MediaKit
0x000000001bfcf000 	/System/Library/PrivateFrameworks/ProtectedCloudStorage.framework/Versions/A/ProtectedCloudStorage
0x000000001bfcf000 	/System/Library/PrivateFrameworks/EFILogin.framework/Versions/A/EFILogin
0x000000001bfcf000 	/usr/lib/libutil.dylib
0x000000001bfcf000 	/System/Library/Frameworks/LDAP.framework/Versions/A/LDAP
0x000000001bfcf000 	/usr/lib/libsasl2.2.dylib
0x000000001bfcf000 	/System/Library/PrivateFrameworks/CoreDaemon.framework/Versions/B/CoreDaemon
0x000000001bfcf000 	/System/Library/PrivateFrameworks/AppleSRP.framework/Versions/A/AppleSRP
0x000000001bfcf000 	/System/Library/PrivateFrameworks/APFS.framework/Versions/A/APFS
0x0000000123609000 	/Library/Java/JavaVirtualMachines/jdk1.8.0_131.jdk/Contents/Home/jre/lib/libfontmanager.dylib
0x0000000124a9f000 	/Library/Java/JavaVirtualMachines/jdk1.8.0_131.jdk/Contents/Home/jre/lib/libosxui.dylib
0x000000001bfcf000 	/System/Library/PrivateFrameworks/ViewBridge.framework/Versions/A/ViewBridge
0x000000001bfcf000 	/System/Library/PrivateFrameworks/XPCService.framework/Versions/A/XPCService
0x000000001bfcf000 	/System/Library/PrivateFrameworks/AppSandbox.framework/Versions/A/AppSandbox
0x000000001bfcf000 	/usr/lib/libsandbox.1.dylib
0x000000001bfcf000 	/usr/lib/libMatch.1.dylib
0x0000000125830000 	/Library/Java/JavaVirtualMachines/jdk1.8.0_131.jdk/Contents/Home/jre/lib/libnet.dylib
0x0000000125646000 	/Library/Java/JavaVirtualMachines/jdk1.8.0_131.jdk/Contents/Home/jre/lib/libnio.dylib
0x0000000124790000 	/private/var/folders/mz/ddp61nqj5pgffdgcqdjxrrfh0000gn/T/jogamp_0000/file_cache/jln4586556171738451873/jln1886756112082004464/libgluegen-rt.jnilib
0x0000000124794000 	/private/var/folders/mz/ddp61nqj5pgffdgcqdjxrrfh0000gn/T/jogamp_0000/file_cache/jln4586556171738451873/jln1886756112082004464/libnativewindow_awt.jnilib
0x000000018ddc9000 	/Library/Java/JavaVirtualMachines/jdk1.8.0_131.jdk/Contents/Home/jre/lib/libjawt.dylib
0x000000018ddcc000 	/private/var/folders/mz/ddp61nqj5pgffdgcqdjxrrfh0000gn/T/jogamp_0000/file_cache/jln4586556171738451873/jln1886756112082004464/libnativewindow_macosx.jnilib
0x000000018dfd6000 	/private/var/folders/mz/ddp61nqj5pgffdgcqdjxrrfh0000gn/T/jogamp_0000/file_cache/jln4586556171738451873/jln1886756112082004464/libjogl_desktop.jnilib
0x0000000199637000 	/Library/Java/JavaVirtualMachines/jdk1.8.0_131.jdk/Contents/Home/jre/lib/libt2k.dylib

VM Arguments:
jvm_args: -Djava.security.policy=java.policy.applet -Dfile.encoding=UTF-8 
java_command: sun.applet.AppletViewer module6.EarthquakeCityMap1502114315901.html
java_class_path (initial): /Users/litianlun/Downloads/UCSDUnfoldingMaps/build:/Users/litianlun/Downloads/UCSDUnfoldingMaps/lib/core.jar:/Users/litianlun/Downloads/UCSDUnfoldingMaps/lib/gluegen-rt.jar:/Users/litianlun/Downloads/UCSDUnfoldingMaps/lib/jogl-all.jar:/Users/litianlun/Downloads/UCSDUnfoldingMaps/lib/log4j-1.2.15.jar:/Users/litianlun/Downloads/UCSDUnfoldingMaps/lib/sqlite-jdbc-3.7.2.jar:/Users/litianlun/Downloads/UCSDUnfoldingMaps/lib/json4processing.jar:/Users/litianlun/Downloads/UCSDUnfoldingMaps/lib/libTUIO.jar:/Users/litianlun/Downloads/UCSDUnfoldingMaps/lib/unfolding.0.9.7-uscd.jar
Launcher Type: SUN_STANDARD

Environment Variables:
PATH=/usr/bin:/bin:/usr/sbin:/sbin
SHELL=/bin/bash

Signal Handlers:
SIGSEGV: [libjvm.dylib+0x5b1eb1], sa_mask[0]=11111111011111110111111111111111, sa_flags=SA_ONSTACK|SA_RESTART|SA_SIGINFO
SIGBUS: [libjvm.dylib+0x5b1eb1], sa_mask[0]=11111111011111110111111111111111, sa_flags=SA_RESTART|SA_SIGINFO
SIGFPE: [libjvm.dylib+0x488988], sa_mask[0]=11111111011111110111111111111111, sa_flags=SA_RESTART|SA_SIGINFO
SIGPIPE: [libjvm.dylib+0x488988], sa_mask[0]=11111111011111110111111111111111, sa_flags=SA_RESTART|SA_SIGINFO
SIGXFSZ: [libjvm.dylib+0x488988], sa_mask[0]=11111111011111110111111111111111, sa_flags=SA_RESTART|SA_SIGINFO
SIGILL: [libjvm.dylib+0x488988], sa_mask[0]=11111111011111110111111111111111, sa_flags=SA_RESTART|SA_SIGINFO
SIGUSR1: SIG_DFL, sa_mask[0]=00000000000000000000000000000000, sa_flags=none
SIGUSR2: [libjvm.dylib+0x4884a6], sa_mask[0]=00100000000000000000000000000000, sa_flags=SA_RESTART|SA_SIGINFO
SIGHUP: [libjvm.dylib+0x486a7d], sa_mask[0]=11111111011111110111111111111111, sa_flags=SA_RESTART|SA_SIGINFO
SIGINT: [libjvm.dylib+0x486a7d], sa_mask[0]=11111111011111110111111111111111, sa_flags=SA_RESTART|SA_SIGINFO
SIGTERM: [libjvm.dylib+0x486a7d], sa_mask[0]=11111111011111110111111111111111, sa_flags=SA_RESTART|SA_SIGINFO
SIGQUIT: [libjvm.dylib+0x486a7d], sa_mask[0]=11111111011111110111111111111111, sa_flags=SA_RESTART|SA_SIGINFO


---------------  S Y S T E M  ---------------

OS:Bsduname:Darwin 16.7.0 Darwin Kernel Version 16.7.0: Thu Jun 15 17:36:27 PDT 2017; root:xnu-3789.70.16~2/RELEASE_X86_64 x86_64
rlimit: STACK 8192k, CORE 0k, NPROC 709, NOFILE 10240, AS infinity
load average:3.16 2.86 2.18

CPU:total 4 (initial active 4) (2 cores per cpu, 2 threads per core) family 6 model 142 stepping 9, cmov, cx8, fxsr, mmx, sse, sse2, sse3, ssse3, sse4.1, sse4.2, popcnt, avx, avx2, aes, clmul, erms, 3dnowpref, lzcnt, ht, tsc, tscinvbit, bmi1, bmi2, adx

Memory: 4k page, physical 8388608k(69456k free)

/proc/meminfo:


vm_info: Java HotSpot(TM) 64-Bit Server VM (25.131-b11) for bsd-amd64 JRE (1.8.0_131-b11), built on Mar 15 2017 01:32:22 by "java_re" with gcc 4.2.1 (Based on Apple Inc. build 5658) (LLVM build 2336.11.00)

time: Mon Aug  7 21:59:09 2017
elapsed time: 33 seconds (0d 0h 0m 33s)

