#
# A fatal error has been detected by the Java Runtime Environment:
#
#  SIGSEGV (0xb) at pc=0x00007fffa625b48f, pid=599, tid=0x0000000000000307
#
# JRE version: Java(TM) SE Runtime Environment (8.0_131-b11) (build 1.8.0_131-b11)
# Java VM: Java HotSpot(TM) 64-Bit Server VM (25.131-b11 mixed mode bsd-amd64 compressed oops)
# Problematic frame:
# C  [libobjc.A.dylib+0x948f]  objc_release+0xf
#
# Failed to write core dump. Core dumps have been disabled. To enable core dumping, try "ulimit -c unlimited" before starting Java again
#
# If you would like to submit a bug report, please visit:
#   http://bugreport.java.com/bugreport/crash.jsp
# The crash happened outside the Java Virtual Machine in native code.
# See problematic frame for where to report the bug.
#

---------------  T H R E A D  ---------------

Current thread (0x00007f875a858800):  JavaThread "AWT-AppKit" daemon [_thread_in_native, id=775, stack(0x00007fff59794000,0x00007fff59f94000)]

siginfo: si_signo: 11 (SIGSEGV), si_code: 0 (unknown), si_addr: 0x0000000000000000

Registers:
RAX=0x0000000000000008, RBX=0x0000000000000000, RCX=0x0000000000000003, RDX=0x00007f8759e672d8
RSP=0x00007fff59f8f380, RBP=0x00007fff59f8f380, RSI=0x000000010f982010, RDI=0xf00007f8759e4748
R8 =0x0000000000000001, R9 =0x0000000000000018, R10=0x0000000124bb9840, R11=0x00007f87671961c0
R12=0x0000000000000000, R13=0x0000000193732c40, R14=0x00007f8759e76a10, R15=0x00007f875a858800
RIP=0x00007fffa625b48f, EFLAGS=0x0000000000010246, ERR=0x0000000000000000
  TRAPNO=0x000000000000000d

Top of Stack: (sp=0x00007fff59f8f380)
0x00007fff59f8f380:   00007fff59f8f3b0 000000010f909ebc
0x00007fff59f8f390:   00007fff59f8f3b0 0000000124bb9450
0x00007fff59f8f3a0:   0000000124bb9440 00007f875a858800
0x00007fff59f8f3b0:   00007fff59f8f470 0000000124bb7215
0x00007fff59f8f3c0:   0000000124bb9700 0000000124bb96e0
0x00007fff59f8f3d0:   0000000124bb94b0 0000000000000000
0x00007fff59f8f3e0:   0000000193732c40 0000000193732c40
0x00007fff59f8f3f0:   00007f8759e672d0 0000000124bb96a0
0x00007fff59f8f400:   0000000124bb9710 00007fffac2be6d0
0x00007fff59f8f410:   00007fffaceee1e0 0000000124bb9450
0x00007fff59f8f420:   0000000124bb9690 00007f8759e672d0
0x00007fff59f8f430:   00007f8759e76a10 00007f8759d44400
0x00007fff59f8f440:   00007f8759e672d0 00007f8759e76a10
0x00007fff59f8f450:   00007fff59f8f4f8 00007f875a8589f8
0x00007fff59f8f460:   0000000193732c40 00007fff59f8f520
0x00007fff59f8f470:   00007fff59f8f4e8 000000011218d9f4
0x00007fff59f8f480:   0000000193732c40 00007fff59f8f520
0x00007fff59f8f490:   00007fff59f8f4e8 000000011218d787
0x00007fff59f8f4a0:   000000011218d742 00007fff59f8f4a8
0x00007fff59f8f4b0:   0000000193732c40 00007fff59f8f520
0x00007fff59f8f4c0:   00000001937343f0 0000000000000000
0x00007fff59f8f4d0:   0000000193732c40 0000000000000000
0x00007fff59f8f4e0:   00007fff59f8f508 00007fff59f8f568
0x00007fff59f8f4f0:   000000011217e2bd 000000074138e350
0x00007fff59f8f500:   0000000112187538 00007f8759e672d0
0x00007fff59f8f510:   00007fff59f8f568 00007f8759e76a10
0x00007fff59f8f520:   0000000112188e02 00007fff59f8f528
0x00007fff59f8f530:   0000000193732e0a 00007fff59f8f590
0x00007fff59f8f540:   00000001937343f0 0000000000000000
0x00007fff59f8f550:   0000000193732e18 00007fff59f8f508
0x00007fff59f8f560:   00007fff59f8f578 00007fff59f8f5d8
0x00007fff59f8f570:   000000011217e2bd 00007f8759e672d0 

Instructions: (pc=0x00007fffa625b48f)
0x00007fffa625b46f:   e9 38 54 00 00 90 90 90 90 90 90 90 90 90 90 90
0x00007fffa625b47f:   90 55 48 89 e5 48 85 ff 74 67 40 f6 c7 01 75 61
0x00007fffa625b48f:   48 8b 07 48 b9 f8 ff ff ff ff 7f 00 00 48 21 c1
0x00007fffa625b49f:   f6 41 20 02 74 58 a8 01 74 49 48 b9 00 00 00 00 

Register to memory mapping:

RAX=0x0000000000000008 is an unknown value
RBX=0x0000000000000000 is an unknown value
RCX=0x0000000000000003 is an unknown value
RDX=0x00007f8759e672d8 is an unknown value
RSP=0x00007fff59f8f380 is pointing into the stack for thread: 0x00007f875a858800
RBP=0x00007fff59f8f380 is pointing into the stack for thread: 0x00007f875a858800
RSI=0x000000010f982010: OBJC_IVAR_$_PrinterView.fCurPeekGraphics+0x1af0 in /Library/Java/JavaVirtualMachines/jdk1.8.0_131.jdk/Contents/Home/jre/lib/libawt_lwawt.dylib at 0x000000010f905000
RDI=0xf00007f8759e4748 is an unknown value
R8 =0x0000000000000001 is an unknown value
R9 =0x0000000000000018 is an unknown value
R10=0x0000000124bb9840: OBJC_CLASS_$_MyCALayer+0 in /private/var/folders/mz/ddp61nqj5pgffdgcqdjxrrfh0000gn/T/jogamp_0000/file_cache/jln6453308407280007941/jln165410527888835712/libnativewindow_macosx.jnilib at 0x0000000124bb2000
R11=0x00007f87671961c0 is an unknown value
R12=0x0000000000000000 is an unknown value
R13={method} {0x0000000193732c40} 'UnsetJAWTRootSurfaceLayer0' '(JJ)V' in 'jogamp/nativewindow/jawt/macosx/MacOSXJAWTWindow'
R14=0x00007f8759e76a10 is an unknown value
R15=0x00007f875a858800 is a thread


Stack: [0x00007fff59794000,0x00007fff59f94000],  sp=0x00007fff59f8f380,  free space=8172k
Native frames: (J=compiled Java code, j=interpreted, Vv=VM code, C=native code)
C  [libobjc.A.dylib+0x948f]  objc_release+0xf
C  [libawt_lwawt.dylib+0x4ebc]  -[AWTSurfaceLayers setLayer:]+0x54
C  [libnativewindow_macosx.jnilib+0x5215]  Java_jogamp_nativewindow_jawt_macosx_MacOSXJAWTWindow_UnsetJAWTRootSurfaceLayer0+0x1a5
j  jogamp.nativewindow.jawt.macosx.MacOSXJAWTWindow.UnsetJAWTRootSurfaceLayer0(JJ)V+0
j  jogamp.nativewindow.jawt.macosx.MacOSXJAWTWindow.access$200(JJ)V+2
j  jogamp.nativewindow.jawt.macosx.MacOSXJAWTWindow$1.run()V+38
J 2836 C1 com.jogamp.common.util.RunnableTask.run()V (345 bytes) @ 0x0000000112889e34 [0x0000000112889ca0+0x194]
v  ~StubRoutines::call_stub
V  [libjvm.dylib+0x2ee5b6]
V  [libjvm.dylib+0x325765]
V  [libjvm.dylib+0x317f33]
C  [libnativewindow_macosx.jnilib+0x5326]  Java_jogamp_nativewindow_jawt_macosx_MacOSXJAWTWindow_UnsetJAWTRootSurfaceLayer0+0x2b6
C  [Foundation+0x7152a]  __NSThreadPerformPerform+0x146
C  [CoreFoundation+0xa7321]  __CFRUNLOOP_IS_CALLING_OUT_TO_A_SOURCE0_PERFORM_FUNCTION__+0x11
C  [CoreFoundation+0x88197]  __CFRunLoopDoSources0+0x1a7
C  [CoreFoundation+0x87716]  __CFRunLoopRun+0x3a6
C  [CoreFoundation+0x87114]  CFRunLoopRunSpecific+0x1a4
C  [HIToolbox+0x30ebc]  RunCurrentEventLoopInMode+0xf0
C  [HIToolbox+0x30bf9]  ReceiveNextEventCommon+0xb8
C  [HIToolbox+0x30b26]  _BlockUntilNextEventMatchingListInModeWithFilter+0x47
C  [AppKit+0x46a54]  _DPSNextEvent+0x460
C  [AppKit+0x7c27ee]  -[NSApplication(NSEvent) _nextEventMatchingEventMask:untilDate:inMode:dequeue:]+0xaec
C  [libosxapp.dylib+0x23aa]  -[NSApplicationAWT nextEventMatchingMask:untilDate:inMode:dequeue:]+0x7c
C  [AppKit+0x3b3db]  -[NSApplication run]+0x39e
C  [libosxapp.dylib+0x214d]  +[NSApplicationAWT runAWTLoopWithApp:]+0x9c
C  [libawt_lwawt.dylib+0x45edf]  -[AWTStarter starter:]+0x389
C  [Foundation+0x7152a]  __NSThreadPerformPerform+0x146
C  [CoreFoundation+0xa7321]  __CFRUNLOOP_IS_CALLING_OUT_TO_A_SOURCE0_PERFORM_FUNCTION__+0x11
C  [CoreFoundation+0x8821d]  __CFRunLoopDoSources0+0x22d
C  [CoreFoundation+0x87716]  __CFRunLoopRun+0x3a6
C  [CoreFoundation+0x87114]  CFRunLoopRunSpecific+0x1a4
C  [java+0x6465]  CreateExecutionEnvironment+0x367
C  [java+0x218c]  JLI_Launch+0x7a0
C  [java+0x84c2]  main+0x65
C  [java+0x19e4]  start+0x34
C  0x0000000000000007

Java frames: (J=compiled Java code, j=interpreted, Vv=VM code)
j  jogamp.nativewindow.jawt.macosx.MacOSXJAWTWindow.UnsetJAWTRootSurfaceLayer0(JJ)V+0
j  jogamp.nativewindow.jawt.macosx.MacOSXJAWTWindow.access$200(JJ)V+2
j  jogamp.nativewindow.jawt.macosx.MacOSXJAWTWindow$1.run()V+38
J 2836 C1 com.jogamp.common.util.RunnableTask.run()V (345 bytes) @ 0x0000000112889e34 [0x0000000112889ca0+0x194]
v  ~StubRoutines::call_stub

---------------  P R O C E S S  ---------------

Java Threads: ( => current thread )
  0x00007f874f0e0800 JavaThread "Thread-20" [_thread_blocked, id=39331, stack(0x000070000ef1e000,0x000070000f01e000)]
  0x00007f875ac0f000 JavaThread "AWT-EventQueue-1" [_thread_in_native, id=72831, stack(0x000070001066f000,0x000070001076f000)]
  0x00007f875b002800 JavaThread "DestroyJavaVM" [_thread_blocked, id=3587, stack(0x000070000ee1b000,0x000070000ef1b000)]
  0x00007f875ab55800 JavaThread "AWT-EventQueue-0" [_thread_blocked, id=62467, stack(0x0000700010469000,0x0000700010569000)]
  0x00007f875b94e000 JavaThread "Java2D Disposer" daemon [_thread_blocked, id=58651, stack(0x00007000101e0000,0x00007000102e0000)]
  0x00007f875aa4e800 JavaThread "Java2D Queue Flusher" daemon [_thread_blocked, id=58887, stack(0x00007000100dd000,0x00007000101dd000)]
  0x00007f875a09f000 JavaThread "AWT-Shutdown" [_thread_blocked, id=30495, stack(0x000070000fe51000,0x000070000ff51000)]
=>0x00007f875a858800 JavaThread "AWT-AppKit" daemon [_thread_in_native, id=775, stack(0x00007fff59794000,0x00007fff59f94000)]
  0x00007f875b86f800 JavaThread "Service Thread" daemon [_thread_blocked, id=18691, stack(0x000070000fbc8000,0x000070000fcc8000)]
  0x00007f875a02b000 JavaThread "C1 CompilerThread2" daemon [_thread_blocked, id=18179, stack(0x000070000fac5000,0x000070000fbc5000)]
  0x00007f875b033000 JavaThread "C2 CompilerThread1" daemon [_thread_blocked, id=17667, stack(0x000070000f9c2000,0x000070000fac2000)]
  0x00007f875b822800 JavaThread "C2 CompilerThread0" daemon [_thread_blocked, id=17155, stack(0x000070000f8bf000,0x000070000f9bf000)]
  0x00007f875b821800 JavaThread "Signal Dispatcher" daemon [_thread_blocked, id=16643, stack(0x000070000f7bc000,0x000070000f8bc000)]
  0x00007f875a834800 JavaThread "Finalizer" daemon [_thread_blocked, id=12547, stack(0x000070000f6b9000,0x000070000f7b9000)]
  0x00007f875a833800 JavaThread "Reference Handler" daemon [_thread_blocked, id=12035, stack(0x000070000f5b6000,0x000070000f6b6000)]

Other Threads:
  0x00007f875a831000 VMThread [stack: 0x000070000f4b3000,0x000070000f5b3000] [id=11523]
  0x00007f875a002800 WatcherThread [stack: 0x000070000fccb000,0x000070000fdcb000] [id=19203]

VM state:not at safepoint (normal execution)

VM Mutex/Monitor currently owned by a thread: None

Heap:
 PSYoungGen      total 292352K, used 52933K [0x0000000795580000, 0x00000007adf80000, 0x00000007c0000000)
  eden space 264192K, 19% used [0x0000000795580000,0x0000000798919708,0x00000007a5780000)
  from space 28160K, 0% used [0x00000007a5780000,0x00000007a5798000,0x00000007a7300000)
  to   space 28672K, 0% used [0x00000007ac380000,0x00000007ac380000,0x00000007adf80000)
 ParOldGen       total 89600K, used 37453K [0x0000000740000000, 0x0000000745780000, 0x0000000795580000)
  object space 89600K, 41% used [0x0000000740000000,0x00000007424935a8,0x0000000745780000)
 Metaspace       used 27682K, capacity 27989K, committed 28288K, reserved 1075200K
  class space    used 2233K, capacity 2342K, committed 2432K, reserved 1048576K

Card table byte_map: [0x0000000107a00000,0x0000000107e01000] byte_map_base: 0x0000000104000000

Marking Bits: (ParMarkBitMap*) 0x00000001065daea0
 Begin Bits: [0x00000001080ac000, 0x000000010a0ac000)
 End Bits:   [0x000000010a0ac000, 0x000000010c0ac000)

Polling page: 0x0000000106ccf000

CodeCache: size=245760Kb used=11286Kb max_used=11286Kb free=234473Kb
 bounds [0x0000000112176000, 0x0000000112c96000, 0x0000000121176000]
 total_blobs=3733 nmethods=2812 adapters=834
 compilation: enabled

Compilation events (10 events):
Event: 12.138 Thread 0x00007f875a02b000 3280       3       sun.java2d.pipe.Region::getIntersection (21 bytes)
Event: 12.138 Thread 0x00007f875a02b000 nmethod 3280 0x0000000112c86450 code [0x0000000112c865e0, 0x0000000112c86aa8]
Event: 12.138 Thread 0x00007f875a02b000 3281       3       sun.java2d.pipe.Region::getIntersectionXYWH (18 bytes)
Event: 12.138 Thread 0x00007f875a02b000 nmethod 3281 0x0000000112c85dd0 code [0x0000000112c85f60, 0x0000000112c86328]
Event: 12.138 Thread 0x00007f875a02b000 3282  s    3       sun.font.FontAccess::getFontAccess (4 bytes)
Event: 12.138 Thread 0x00007f875a02b000 nmethod 3282 0x0000000112c85910 code [0x0000000112c85a80, 0x0000000112c85d30]
Event: 12.138 Thread 0x00007f875a02b000 3283       1       sun.java2d.SurfaceData::isValid (5 bytes)
Event: 12.139 Thread 0x00007f875a02b000 nmethod 3283 0x0000000112c75650 code [0x0000000112c757a0, 0x0000000112c758b0]
Event: 12.148 Thread 0x00007f875a02b000 3284       3       sun.java2d.pipe.RenderBuffer::putFloat (26 bytes)
Event: 12.148 Thread 0x00007f875a02b000 nmethod 3284 0x0000000112c85210 code [0x0000000112c85380, 0x0000000112c85510]

GC Heap History (10 events):
Event: 7.666 GC heap before
{Heap before GC invocations=8 (full 1):
 PSYoungGen      total 133120K, used 120708K [0x0000000795580000, 0x00000007a0580000, 0x00000007c0000000)
  eden space 116736K, 100% used [0x0000000795580000,0x000000079c780000,0x000000079c780000)
  from space 16384K, 24% used [0x000000079f580000,0x000000079f961210,0x00000007a0580000)
  to   space 31744K, 0% used [0x000000079c780000,0x000000079c780000,0x000000079e680000)
 ParOldGen       total 89600K, used 23456K [0x0000000740000000, 0x0000000745780000, 0x0000000795580000)
  object space 89600K, 26% used [0x0000000740000000,0x00000007416e8398,0x0000000745780000)
 Metaspace       used 27370K, capacity 27689K, committed 28032K, reserved 1075200K
  class space    used 2224K, capacity 2308K, committed 2432K, reserved 1048576K
Event: 7.673 GC heap after
Heap after GC invocations=8 (full 1):
 PSYoungGen      total 148480K, used 13081K [0x0000000795580000, 0x00000007a5300000, 0x00000007c0000000)
  eden space 116736K, 0% used [0x0000000795580000,0x0000000795580000,0x000000079c780000)
  from space 31744K, 41% used [0x000000079c780000,0x000000079d446790,0x000000079e680000)
  to   space 29696K, 0% used [0x00000007a3600000,0x00000007a3600000,0x00000007a5300000)
 ParOldGen       total 89600K, used 23464K [0x0000000740000000, 0x0000000745780000, 0x0000000795580000)
  object space 89600K, 26% used [0x0000000740000000,0x00000007416ea398,0x0000000745780000)
 Metaspace       used 27370K, capacity 27689K, committed 28032K, reserved 1075200K
  class space    used 2224K, capacity 2308K, committed 2432K, reserved 1048576K
}
Event: 8.346 GC heap before
{Heap before GC invocations=9 (full 1):
 PSYoungGen      total 148480K, used 129817K [0x0000000795580000, 0x00000007a5300000, 0x00000007c0000000)
  eden space 116736K, 100% used [0x0000000795580000,0x000000079c780000,0x000000079c780000)
  from space 31744K, 41% used [0x000000079c780000,0x000000079d446790,0x000000079e680000)
  to   space 29696K, 0% used [0x00000007a3600000,0x00000007a3600000,0x00000007a5300000)
 ParOldGen       total 89600K, used 23464K [0x0000000740000000, 0x0000000745780000, 0x0000000795580000)
  object space 89600K, 26% used [0x0000000740000000,0x00000007416ea398,0x0000000745780000)
 Metaspace       used 27485K, capacity 27823K, committed 28032K, reserved 1075200K
  class space    used 2225K, capacity 2309K, committed 2432K, reserved 1048576K
Event: 8.352 GC heap after
Heap after GC invocations=9 (full 1):
 PSYoungGen      total 218624K, used 14153K [0x0000000795580000, 0x00000007a4c00000, 0x00000007c0000000)
  eden space 196096K, 0% used [0x0000000795580000,0x0000000795580000,0x00000007a1500000)
  from space 22528K, 62% used [0x00000007a3600000,0x00000007a43d2660,0x00000007a4c00000)
  to   space 28160K, 0% used [0x00000007a1500000,0x00000007a1500000,0x00000007a3080000)
 ParOldGen       total 89600K, used 23472K [0x0000000740000000, 0x0000000745780000, 0x0000000795580000)
  object space 89600K, 26% used [0x0000000740000000,0x00000007416ec398,0x0000000745780000)
 Metaspace       used 27485K, capacity 27823K, committed 28032K, reserved 1075200K
  class space    used 2225K, capacity 2309K, committed 2432K, reserved 1048576K
}
Event: 9.457 GC heap before
{Heap before GC invocations=10 (full 1):
 PSYoungGen      total 218624K, used 210249K [0x0000000795580000, 0x00000007a4c00000, 0x00000007c0000000)
  eden space 196096K, 100% used [0x0000000795580000,0x00000007a1500000,0x00000007a1500000)
  from space 22528K, 62% used [0x00000007a3600000,0x00000007a43d2660,0x00000007a4c00000)
  to   space 28160K, 0% used [0x00000007a1500000,0x00000007a1500000,0x00000007a3080000)
 ParOldGen       total 89600K, used 23472K [0x0000000740000000, 0x0000000745780000, 0x0000000795580000)
  object space 89600K, 26% used [0x0000000740000000,0x00000007416ec398,0x0000000745780000)
 Metaspace       used 27570K, capacity 27887K, committed 28288K, reserved 1075200K
  class space    used 2225K, capacity 2309K, committed 2432K, reserved 1048576K
Event: 9.463 GC heap after
Heap after GC invocations=10 (full 1):
 PSYoungGen      total 224256K, used 10937K [0x0000000795580000, 0x00000007a9300000, 0x00000007c0000000)
  eden space 196096K, 0% used [0x0000000795580000,0x0000000795580000,0x00000007a1500000)
  from space 28160K, 38% used [0x00000007a1500000,0x00000007a1fae590,0x00000007a3080000)
  to   space 27136K, 0% used [0x00000007a7880000,0x00000007a7880000,0x00000007a9300000)
 ParOldGen       total 89600K, used 27185K [0x0000000740000000, 0x0000000745780000, 0x0000000795580000)
  object space 89600K, 30% used [0x0000000740000000,0x0000000741a8c568,0x0000000745780000)
 Metaspace       used 27570K, capacity 27887K, committed 28288K, reserved 1075200K
  class space    used 2225K, capacity 2309K, committed 2432K, reserved 1048576K
}
Event: 10.450 GC heap before
{Heap before GC invocations=11 (full 1):
 PSYoungGen      total 224256K, used 207033K [0x0000000795580000, 0x00000007a9300000, 0x00000007c0000000)
  eden space 196096K, 100% used [0x0000000795580000,0x00000007a1500000,0x00000007a1500000)
  from space 28160K, 38% used [0x00000007a1500000,0x00000007a1fae590,0x00000007a3080000)
  to   space 27136K, 0% used [0x00000007a7880000,0x00000007a7880000,0x00000007a9300000)
 ParOldGen       total 89600K, used 27185K [0x0000000740000000, 0x0000000745780000, 0x0000000795580000)
  object space 89600K, 30% used [0x0000000740000000,0x0000000741a8c568,0x0000000745780000)
 Metaspace       used 27600K, capacity 27893K, committed 28288K, reserved 1075200K
  class space    used 2225K, capacity 2310K, committed 2432K, reserved 1048576K
Event: 10.453 GC heap after
Heap after GC invocations=11 (full 1):
 PSYoungGen      total 286720K, used 416K [0x0000000795580000, 0x00000007a8e80000, 0x00000007c0000000)
  eden space 264192K, 0% used [0x0000000795580000,0x0000000795580000,0x00000007a5780000)
  from space 22528K, 1% used [0x00000007a7880000,0x00000007a78e8010,0x00000007a8e80000)
  to   space 28160K, 0% used [0x00000007a5780000,0x00000007a5780000,0x00000007a7300000)
 ParOldGen       total 89600K, used 37125K [0x0000000740000000, 0x0000000745780000, 0x0000000795580000)
  object space 89600K, 41% used [0x0000000740000000,0x0000000742441518,0x0000000745780000)
 Metaspace       used 27600K, capacity 27893K, committed 28288K, reserved 1075200K
  class space    used 2225K, capacity 2310K, committed 2432K, reserved 1048576K
}
Event: 11.870 GC heap before
{Heap before GC invocations=12 (full 1):
 PSYoungGen      total 286720K, used 264608K [0x0000000795580000, 0x00000007a8e80000, 0x00000007c0000000)
  eden space 264192K, 100% used [0x0000000795580000,0x00000007a5780000,0x00000007a5780000)
  from space 22528K, 1% used [0x00000007a7880000,0x00000007a78e8010,0x00000007a8e80000)
  to   space 28160K, 0% used [0x00000007a5780000,0x00000007a5780000,0x00000007a7300000)
 ParOldGen       total 89600K, used 37125K [0x0000000740000000, 0x0000000745780000, 0x0000000795580000)
  object space 89600K, 41% used [0x0000000740000000,0x0000000742441518,0x0000000745780000)
 Metaspace       used 27636K, capacity 27957K, committed 28288K, reserved 1075200K
  class space    used 2225K, capacity 2310K, committed 2432K, reserved 1048576K
Event: 11.872 GC heap after
Heap after GC invocations=12 (full 1):
 PSYoungGen      total 292352K, used 96K [0x0000000795580000, 0x00000007adf80000, 0x00000007c0000000)
  eden space 264192K, 0% used [0x0000000795580000,0x0000000795580000,0x00000007a5780000)
  from space 28160K, 0% used [0x00000007a5780000,0x00000007a5798000,0x00000007a7300000)
  to   space 28672K, 0% used [0x00000007ac380000,0x00000007ac380000,0x00000007adf80000)
 ParOldGen       total 89600K, used 37453K [0x0000000740000000, 0x0000000745780000, 0x0000000795580000)
  object space 89600K, 41% used [0x0000000740000000,0x00000007424935a8,0x0000000745780000)
 Metaspace       used 27636K, capacity 27957K, committed 28288K, reserved 1075200K
  class space    used 2225K, capacity 2310K, committed 2432K, reserved 1048576K
}

Deoptimization events (10 events):
Event: 6.576 Thread 0x00007f875ac0f000 Uncommon trap: reason=bimorphic action=maybe_recompile pc=0x000000011299dd70 method=de.fhpotsdam.unfolding.marker.AbstractMarker.getScreenPosition(Lde/fhpotsdam/unfolding/UnfoldingMap;)Lde/fhpotsdam/unfolding/utils/ScreenPosition; @ 5
Event: 6.576 Thread 0x00007f875ac0f000 Uncommon trap: reason=bimorphic action=maybe_recompile pc=0x000000011299dd70 method=de.fhpotsdam.unfolding.marker.AbstractMarker.getScreenPosition(Lde/fhpotsdam/unfolding/UnfoldingMap;)Lde/fhpotsdam/unfolding/utils/ScreenPosition; @ 5
Event: 6.576 Thread 0x00007f875ac0f000 Uncommon trap: reason=bimorphic action=maybe_recompile pc=0x000000011299dd70 method=de.fhpotsdam.unfolding.marker.AbstractMarker.getScreenPosition(Lde/fhpotsdam/unfolding/UnfoldingMap;)Lde/fhpotsdam/unfolding/utils/ScreenPosition; @ 5
Event: 6.576 Thread 0x00007f875ac0f000 Uncommon trap: reason=bimorphic action=maybe_recompile pc=0x000000011299dd70 method=de.fhpotsdam.unfolding.marker.AbstractMarker.getScreenPosition(Lde/fhpotsdam/unfolding/UnfoldingMap;)Lde/fhpotsdam/unfolding/utils/ScreenPosition; @ 5
Event: 6.737 Thread 0x00007f875ac0f000 Uncommon trap: reason=unstable_if action=reinterpret pc=0x00000001129de12c method=processing.opengl.PGraphicsOpenGL$Tessellator.noCapsJoins()Z @ 23
Event: 7.116 Thread 0x00007f875a8f8000 Uncommon trap: reason=unstable_if action=reinterpret pc=0x000000011298b9ec method=java.util.concurrent.ConcurrentHashMap.get(Ljava/lang/Object;)Ljava/lang/Object; @ 138
Event: 12.056 Thread 0x00007f875aa83800 Uncommon trap: reason=unstable_if action=reinterpret pc=0x0000000112c46b10 method=java.security.AccessControlContext.combine([Ljava/security/ProtectionDomain;[Ljava/security/ProtectionDomain;)[Ljava/security/ProtectionDomain; @ 151
Event: 12.058 Thread 0x00007f875ab55800 Uncommon trap: reason=unstable_if action=reinterpret pc=0x0000000112c69d3c method=java.awt.font.FontRenderContext.equals(Ljava/awt/font/FontRenderContext;)Z @ 2
Event: 12.058 Thread 0x00007f875ab55800 Uncommon trap: reason=unstable_if action=reinterpret pc=0x0000000112c63494 method=java.awt.Font.equals(Ljava/lang/Object;)Z @ 2
Event: 12.137 Thread 0x00007f875aa83800 Uncommon trap: reason=unstable_if action=reinterpret pc=0x00000001127602a4 method=java.util.HashMap.putVal(ILjava/lang/Object;Ljava/lang/Object;ZZ)Ljava/lang/Object; @ 81

Internal exceptions (10 events):
Event: 0.506 Thread 0x00007f875b002800 Exception <a 'java/io/FileNotFoundException'> (0x000000079580e918) thrown at [/Users/java_re/workspace/8-2-build-macosx-x86_64/jdk8u131/8869/hotspot/src/share/vm/prims/jni.cpp, line 709]
Event: 0.506 Thread 0x00007f875b002800 Exception <a 'java/io/FileNotFoundException'> (0x000000079580f4a0) thrown at [/Users/java_re/workspace/8-2-build-macosx-x86_64/jdk8u131/8869/hotspot/src/share/vm/prims/jni.cpp, line 709]
Event: 0.673 Thread 0x00007f875b002800 Exception <a 'java/io/FileNotFoundException'> (0x000000079594c438) thrown at [/Users/java_re/workspace/8-2-build-macosx-x86_64/jdk8u131/8869/hotspot/src/share/vm/prims/jni.cpp, line 709]
Event: 3.058 Thread 0x00007f875a1f2800 Exception <a 'java/lang/UnsatisfiedLinkError': com.jogamp.common.util.JarUtil.fixNativeLibAttribs(Ljava/lang/String;)Z> (0x0000000796be8260) thrown at [/Users/java_re/workspace/8-2-build-macosx-x86_64/jdk8u131/8869/hotspot/src/share/vm/prims/nativeLookup.
Event: 3.328 Thread 0x00007f875a834800 Exception <a 'java/lang/NullPointerException'> (0x00000007956a6258) thrown at [/Users/java_re/workspace/8-2-build-macosx-x86_64/jdk8u131/8869/hotspot/src/share/vm/interpreter/linkResolver.cpp, line 1197]
Event: 3.893 Thread 0x00007f875ac0f000 Exception <a 'java/io/FileNotFoundException'> (0x0000000795ecb8b0) thrown at [/Users/java_re/workspace/8-2-build-macosx-x86_64/jdk8u131/8869/hotspot/src/share/vm/prims/jni.cpp, line 709]
Event: 3.894 Thread 0x00007f875ac0f000 Exception <a 'java/io/FileNotFoundException'> (0x0000000795ed18e0) thrown at [/Users/java_re/workspace/8-2-build-macosx-x86_64/jdk8u131/8869/hotspot/src/share/vm/prims/jni.cpp, line 709]
Event: 3.894 Thread 0x00007f875ac0f000 Implicit null exception at 0x00000001123571f6 to 0x00000001123575c5
Event: 5.669 Thread 0x00007f875ac0f000 Implicit null exception at 0x0000000112541f46 to 0x000000011254218d
Event: 5.703 Thread 0x00007f8761b08000 Implicit null exception at 0x0000000112357b35 to 0x0000000112357ef9

Events (10 events):
Event: 12.146 loading class jogamp/nativewindow/jawt/macosx/MacOSXJAWTWindow$1 done
Event: 12.147 loading class java/awt/LightweightDispatcher$2
Event: 12.147 loading class java/awt/LightweightDispatcher$2 done
Event: 12.147 loading class java/awt/event/AWTEventListenerProxy
Event: 12.147 loading class java/awt/event/AWTEventListenerProxy done
Event: 12.148 loading class java/awt/Toolkit$ToolkitEventMulticaster
Event: 12.148 loading class java/awt/Toolkit$ToolkitEventMulticaster done
Event: 12.148 Thread 0x00007f875aa83800 Thread exited: 0x00007f875aa83800
Event: 12.148 loading class java/awt/Window$1DisposeAction
Event: 12.148 loading class java/awt/Window$1DisposeAction done


Dynamic libraries:
0x000000001bfcf000 	/System/Library/Frameworks/Cocoa.framework/Versions/A/Cocoa
0x000000001bfcf000 	/System/Library/Frameworks/Security.framework/Versions/A/Security
0x000000001bfcf000 	/System/Library/Frameworks/ApplicationServices.framework/Versions/A/ApplicationServices
0x000000001bfcf000 	/usr/lib/libz.1.dylib
0x000000001bfcf000 	/usr/lib/libSystem.B.dylib
0x000000001bfcf000 	/usr/lib/libobjc.A.dylib
0x000000001bfcf000 	/System/Library/Frameworks/CoreFoundation.framework/Versions/A/CoreFoundation
0x000000001bfcf000 	/System/Library/Frameworks/Foundation.framework/Versions/C/Foundation
0x000000001bfcf000 	/System/Library/Frameworks/AppKit.framework/Versions/C/AppKit
0x000000001bfcf000 	/System/Library/Frameworks/CoreData.framework/Versions/A/CoreData
0x000000001bfcf000 	/System/Library/PrivateFrameworks/RemoteViewServices.framework/Versions/A/RemoteViewServices
0x000000001bfcf000 	/System/Library/PrivateFrameworks/UIFoundation.framework/Versions/A/UIFoundation
0x000000001bfcf000 	/System/Library/PrivateFrameworks/DFRFoundation.framework/Versions/A/DFRFoundation
0x000000001bfcf000 	/usr/lib/libenergytrace.dylib
0x000000001bfcf000 	/System/Library/PrivateFrameworks/SkyLight.framework/Versions/A/SkyLight
0x000000001bfcf000 	/System/Library/Frameworks/CoreGraphics.framework/Versions/A/CoreGraphics
0x000000001bfcf000 	/usr/lib/libScreenReader.dylib
0x000000001bfcf000 	/System/Library/Frameworks/Accelerate.framework/Versions/A/Accelerate
0x000000001bfcf000 	/System/Library/Frameworks/IOSurface.framework/Versions/A/IOSurface
0x000000001bfcf000 	/System/Library/Frameworks/AudioToolbox.framework/Versions/A/AudioToolbox
0x000000001bfcf000 	/System/Library/Frameworks/AudioUnit.framework/Versions/A/AudioUnit
0x000000001bfcf000 	/System/Library/PrivateFrameworks/DataDetectorsCore.framework/Versions/A/DataDetectorsCore
0x000000001bfcf000 	/System/Library/PrivateFrameworks/DesktopServicesPriv.framework/Versions/A/DesktopServicesPriv
0x000000001bfcf000 	/System/Library/Frameworks/Carbon.framework/Versions/A/Frameworks/HIToolbox.framework/Versions/A/HIToolbox
0x000000001bfcf000 	/usr/lib/libicucore.A.dylib
0x000000001bfcf000 	/System/Library/Frameworks/QuartzCore.framework/Versions/A/QuartzCore
0x000000001bfcf000 	/System/Library/Frameworks/Carbon.framework/Versions/A/Frameworks/SpeechRecognition.framework/Versions/A/SpeechRecognition
0x000000001bfcf000 	/usr/lib/libauto.dylib
0x000000001bfcf000 	/usr/lib/libxml2.2.dylib
0x000000001bfcf000 	/System/Library/PrivateFrameworks/CoreUI.framework/Versions/A/CoreUI
0x000000001bfcf000 	/System/Library/Frameworks/CoreAudio.framework/Versions/A/CoreAudio
0x000000001bfcf000 	/System/Library/Frameworks/DiskArbitration.framework/Versions/A/DiskArbitration
0x000000001bfcf000 	/usr/lib/liblangid.dylib
0x000000001bfcf000 	/System/Library/PrivateFrameworks/MultitouchSupport.framework/Versions/A/MultitouchSupport
0x000000001bfcf000 	/System/Library/Frameworks/IOKit.framework/Versions/A/IOKit
0x000000001bfcf000 	/usr/lib/libDiagnosticMessagesClient.dylib
0x000000001bfcf000 	/System/Library/Frameworks/CoreServices.framework/Versions/A/CoreServices
0x000000001bfcf000 	/System/Library/PrivateFrameworks/PerformanceAnalysis.framework/Versions/A/PerformanceAnalysis
0x000000001bfcf000 	/System/Library/PrivateFrameworks/GenerationalStorage.framework/Versions/A/GenerationalStorage
0x000000001bfcf000 	/System/Library/Frameworks/OpenGL.framework/Versions/A/OpenGL
0x000000001bfcf000 	/System/Library/Frameworks/CoreImage.framework/Versions/A/CoreImage
0x000000001bfcf000 	/System/Library/Frameworks/CoreText.framework/Versions/A/CoreText
0x000000001bfcf000 	/System/Library/Frameworks/ImageIO.framework/Versions/A/ImageIO
0x000000001bfcf000 	/System/Library/PrivateFrameworks/Backup.framework/Versions/A/Backup
0x000000001bfcf000 	/usr/lib/libarchive.2.dylib
0x000000001bfcf000 	/System/Library/Frameworks/CFNetwork.framework/Versions/A/CFNetwork
0x000000001bfcf000 	/System/Library/Frameworks/SystemConfiguration.framework/Versions/A/SystemConfiguration
0x000000001bfcf000 	/usr/lib/libCRFSuite.dylib
0x000000001bfcf000 	/usr/lib/libc++.1.dylib
0x000000001bfcf000 	/usr/lib/libc++abi.dylib
0x000000001bfcf000 	/usr/lib/system/libcache.dylib
0x000000001bfcf000 	/usr/lib/system/libcommonCrypto.dylib
0x000000001bfcf000 	/usr/lib/system/libcompiler_rt.dylib
0x000000001bfcf000 	/usr/lib/system/libcopyfile.dylib
0x000000001bfcf000 	/usr/lib/system/libcorecrypto.dylib
0x000000001bfcf000 	/usr/lib/system/libdispatch.dylib
0x000000001bfcf000 	/usr/lib/system/libdyld.dylib
0x000000001bfcf000 	/usr/lib/system/libkeymgr.dylib
0x000000001bfcf000 	/usr/lib/system/liblaunch.dylib
0x000000001bfcf000 	/usr/lib/system/libmacho.dylib
0x000000001bfcf000 	/usr/lib/system/libquarantine.dylib
0x000000001bfcf000 	/usr/lib/system/libremovefile.dylib
0x000000001bfcf000 	/usr/lib/system/libsystem_asl.dylib
0x000000001bfcf000 	/usr/lib/system/libsystem_blocks.dylib
0x000000001bfcf000 	/usr/lib/system/libsystem_c.dylib
0x000000001bfcf000 	/usr/lib/system/libsystem_configuration.dylib
0x000000001bfcf000 	/usr/lib/system/libsystem_coreservices.dylib
0x000000001bfcf000 	/usr/lib/system/libsystem_coretls.dylib
0x000000001bfcf000 	/usr/lib/system/libsystem_dnssd.dylib
0x000000001bfcf000 	/usr/lib/system/libsystem_info.dylib
0x000000001bfcf000 	/usr/lib/system/libsystem_kernel.dylib
0x000000001bfcf000 	/usr/lib/system/libsystem_m.dylib
0x000000001bfcf000 	/usr/lib/system/libsystem_malloc.dylib
0x000000001bfcf000 	/usr/lib/system/libsystem_network.dylib
0x000000001bfcf000 	/usr/lib/system/libsystem_networkextension.dylib
0x000000001bfcf000 	/usr/lib/system/libsystem_notify.dylib
0x000000001bfcf000 	/usr/lib/system/libsystem_platform.dylib
0x000000001bfcf000 	/usr/lib/system/libsystem_pthread.dylib
0x000000001bfcf000 	/usr/lib/system/libsystem_sandbox.dylib
0x000000001bfcf000 	/usr/lib/system/libsystem_secinit.dylib
0x000000001bfcf000 	/usr/lib/system/libsystem_symptoms.dylib
0x000000001bfcf000 	/usr/lib/system/libsystem_trace.dylib
0x000000001bfcf000 	/usr/lib/system/libunwind.dylib
0x000000001bfcf000 	/usr/lib/system/libxpc.dylib
0x000000001bfcf000 	/usr/lib/libbsm.0.dylib
0x000000001bfcf000 	/usr/lib/system/libkxld.dylib
0x000000001bfcf000 	/usr/lib/libcoretls.dylib
0x000000001bfcf000 	/usr/lib/libcoretls_cfhelpers.dylib
0x000000001bfcf000 	/usr/lib/libOpenScriptingUtil.dylib
0x000000001bfcf000 	/usr/lib/libpam.2.dylib
0x000000001bfcf000 	/usr/lib/libsqlite3.dylib
0x000000001bfcf000 	/usr/lib/libxar.1.dylib
0x000000001bfcf000 	/usr/lib/libbz2.1.0.dylib
0x000000001bfcf000 	/usr/lib/liblzma.5.dylib
0x000000001bfcf000 	/usr/lib/libnetwork.dylib
0x000000001bfcf000 	/usr/lib/libpcap.A.dylib
0x000000001bfcf000 	/System/Library/Frameworks/CoreServices.framework/Versions/A/Frameworks/FSEvents.framework/Versions/A/FSEvents
0x000000001bfcf000 	/System/Library/Frameworks/CoreServices.framework/Versions/A/Frameworks/CarbonCore.framework/Versions/A/CarbonCore
0x000000001bfcf000 	/System/Library/Frameworks/CoreServices.framework/Versions/A/Frameworks/Metadata.framework/Versions/A/Metadata
0x000000001bfcf000 	/System/Library/Frameworks/CoreServices.framework/Versions/A/Frameworks/OSServices.framework/Versions/A/OSServices
0x000000001bfcf000 	/System/Library/Frameworks/CoreServices.framework/Versions/A/Frameworks/SearchKit.framework/Versions/A/SearchKit
0x000000001bfcf000 	/System/Library/Frameworks/CoreServices.framework/Versions/A/Frameworks/AE.framework/Versions/A/AE
0x000000001bfcf000 	/System/Library/Frameworks/CoreServices.framework/Versions/A/Frameworks/LaunchServices.framework/Versions/A/LaunchServices
0x000000001bfcf000 	/System/Library/Frameworks/CoreServices.framework/Versions/A/Frameworks/DictionaryServices.framework/Versions/A/DictionaryServices
0x000000001bfcf000 	/System/Library/Frameworks/CoreServices.framework/Versions/A/Frameworks/SharedFileList.framework/Versions/A/SharedFileList
0x000000001bfcf000 	/System/Library/Frameworks/NetFS.framework/Versions/A/NetFS
0x000000001bfcf000 	/System/Library/PrivateFrameworks/NetAuth.framework/Versions/A/NetAuth
0x000000001bfcf000 	/System/Library/PrivateFrameworks/login.framework/Versions/A/Frameworks/loginsupport.framework/Versions/A/loginsupport
0x000000001bfcf000 	/System/Library/PrivateFrameworks/TCC.framework/Versions/A/TCC
0x000000001bfcf000 	/usr/lib/libmecabra.dylib
0x000000001bfcf000 	/System/Library/Frameworks/ApplicationServices.framework/Versions/A/Frameworks/ATS.framework/Versions/A/ATS
0x000000001bfcf000 	/System/Library/Frameworks/ApplicationServices.framework/Versions/A/Frameworks/ColorSync.framework/Versions/A/ColorSync
0x000000001bfcf000 	/System/Library/Frameworks/ApplicationServices.framework/Versions/A/Frameworks/HIServices.framework/Versions/A/HIServices
0x000000001bfcf000 	/System/Library/Frameworks/ApplicationServices.framework/Versions/A/Frameworks/LangAnalysis.framework/Versions/A/LangAnalysis
0x000000001bfcf000 	/System/Library/Frameworks/ApplicationServices.framework/Versions/A/Frameworks/PrintCore.framework/Versions/A/PrintCore
0x000000001bfcf000 	/System/Library/Frameworks/ApplicationServices.framework/Versions/A/Frameworks/QD.framework/Versions/A/QD
0x000000001bfcf000 	/System/Library/Frameworks/ApplicationServices.framework/Versions/A/Frameworks/SpeechSynthesis.framework/Versions/A/SpeechSynthesis
0x000000001bfcf000 	/System/Library/Frameworks/Accelerate.framework/Versions/A/Frameworks/vImage.framework/Versions/A/vImage
0x000000001bfcf000 	/System/Library/Frameworks/Accelerate.framework/Versions/A/Frameworks/vecLib.framework/Versions/A/vecLib
0x000000001bfcf000 	/System/Library/Frameworks/Accelerate.framework/Versions/A/Frameworks/vecLib.framework/Versions/A/libvDSP.dylib
0x000000001bfcf000 	/System/Library/Frameworks/Accelerate.framework/Versions/A/Frameworks/vecLib.framework/Versions/A/libBNNS.dylib
0x000000001bfcf000 	/System/Library/Frameworks/Accelerate.framework/Versions/A/Frameworks/vecLib.framework/Versions/A/libQuadrature.dylib
0x000000001bfcf000 	/System/Library/Frameworks/Accelerate.framework/Versions/A/Frameworks/vecLib.framework/Versions/A/libvMisc.dylib
0x000000001bfcf000 	/System/Library/Frameworks/Accelerate.framework/Versions/A/Frameworks/vecLib.framework/Versions/A/libLAPACK.dylib
0x000000001bfcf000 	/System/Library/Frameworks/Accelerate.framework/Versions/A/Frameworks/vecLib.framework/Versions/A/libBLAS.dylib
0x000000001bfcf000 	/System/Library/Frameworks/Accelerate.framework/Versions/A/Frameworks/vecLib.framework/Versions/A/libLinearAlgebra.dylib
0x000000001bfcf000 	/System/Library/Frameworks/Accelerate.framework/Versions/A/Frameworks/vecLib.framework/Versions/A/libSparseBLAS.dylib
0x000000001bfcf000 	/System/Library/Frameworks/ApplicationServices.framework/Versions/A/Frameworks/ATS.framework/Versions/A/Resources/libFontParser.dylib
0x000000001bfcf000 	/System/Library/Frameworks/ApplicationServices.framework/Versions/A/Frameworks/ATS.framework/Versions/A/Resources/libFontRegistry.dylib
0x000000001bfcf000 	/System/Library/Frameworks/ImageIO.framework/Versions/A/Resources/libJPEG.dylib
0x000000001bfcf000 	/System/Library/Frameworks/ImageIO.framework/Versions/A/Resources/libTIFF.dylib
0x000000001bfcf000 	/System/Library/Frameworks/ImageIO.framework/Versions/A/Resources/libPng.dylib
0x000000001bfcf000 	/System/Library/Frameworks/ImageIO.framework/Versions/A/Resources/libGIF.dylib
0x000000001bfcf000 	/System/Library/Frameworks/ImageIO.framework/Versions/A/Resources/libJP2.dylib
0x000000001bfcf000 	/System/Library/Frameworks/ImageIO.framework/Versions/A/Resources/libRadiance.dylib
0x000000001bfcf000 	/usr/lib/libcompression.dylib
0x000000001bfcf000 	/System/Library/PrivateFrameworks/AppleJPEG.framework/Versions/A/AppleJPEG
0x000000001bfcf000 	/usr/lib/libcups.2.dylib
0x000000001bfcf000 	/System/Library/Frameworks/Kerberos.framework/Versions/A/Kerberos
0x000000001bfcf000 	/System/Library/Frameworks/GSS.framework/Versions/A/GSS
0x000000001bfcf000 	/usr/lib/libresolv.9.dylib
0x000000001bfcf000 	/usr/lib/libiconv.2.dylib
0x000000001bfcf000 	/System/Library/PrivateFrameworks/Heimdal.framework/Versions/A/Heimdal
0x000000001bfcf000 	/usr/lib/libheimdal-asn1.dylib
0x000000001bfcf000 	/System/Library/Frameworks/OpenDirectory.framework/Versions/A/OpenDirectory
0x000000001bfcf000 	/System/Library/PrivateFrameworks/CommonAuth.framework/Versions/A/CommonAuth
0x000000001bfcf000 	/System/Library/Frameworks/OpenDirectory.framework/Versions/A/Frameworks/CFOpenDirectory.framework/Versions/A/CFOpenDirectory
0x000000001bfcf000 	/System/Library/Frameworks/SecurityFoundation.framework/Versions/A/SecurityFoundation
0x000000001bfcf000 	/System/Library/PrivateFrameworks/LanguageModeling.framework/Versions/A/LanguageModeling
0x000000001bfcf000 	/usr/lib/libmarisa.dylib
0x000000001bfcf000 	/usr/lib/libChineseTokenizer.dylib
0x000000001bfcf000 	/usr/lib/libcmph.dylib
0x000000001bfcf000 	/System/Library/PrivateFrameworks/CoreEmoji.framework/Versions/A/CoreEmoji
0x000000001bfcf000 	/System/Library/Frameworks/ServiceManagement.framework/Versions/A/ServiceManagement
0x000000001bfcf000 	/usr/lib/libxslt.1.dylib
0x000000001bfcf000 	/System/Library/Frameworks/Carbon.framework/Versions/A/Frameworks/Ink.framework/Versions/A/Ink
0x000000001bfcf000 	/System/Library/PrivateFrameworks/TextureIO.framework/Versions/A/TextureIO
0x000000001bfcf000 	/System/Library/Frameworks/Metal.framework/Versions/A/Metal
0x000000001bfcf000 	/usr/lib/libate.dylib
0x000000001bfcf000 	/System/Library/PrivateFrameworks/GPUCompiler.framework/libmetal_timestamp.dylib
0x000000001bfcf000 	/System/Library/Frameworks/OpenGL.framework/Versions/A/Libraries/libCoreFSCache.dylib
0x000000001bfcf000 	/System/Library/PrivateFrameworks/IOAccelerator.framework/Versions/A/IOAccelerator
0x000000001bfcf000 	/System/Library/Frameworks/CoreVideo.framework/Versions/A/CoreVideo
0x000000001bfcf000 	/usr/lib/libFosl_dynamic.dylib
0x000000001bfcf000 	/System/Library/PrivateFrameworks/MetalPerformanceShaders.framework/Versions/A/MetalPerformanceShaders
0x000000001bfcf000 	/System/Library/PrivateFrameworks/FaceCore.framework/Versions/A/FaceCore
0x000000001bfcf000 	/System/Library/Frameworks/OpenCL.framework/Versions/A/OpenCL
0x000000001bfcf000 	/System/Library/Frameworks/OpenGL.framework/Versions/A/Libraries/libGLU.dylib
0x000000001bfcf000 	/System/Library/Frameworks/OpenGL.framework/Versions/A/Libraries/libGFXShared.dylib
0x000000001bfcf000 	/System/Library/Frameworks/OpenGL.framework/Versions/A/Libraries/libGL.dylib
0x000000001bfcf000 	/System/Library/Frameworks/OpenGL.framework/Versions/A/Libraries/libGLImage.dylib
0x000000001bfcf000 	/System/Library/Frameworks/OpenGL.framework/Versions/A/Libraries/libCVMSPluginSupport.dylib
0x000000001bfcf000 	/System/Library/Frameworks/OpenGL.framework/Versions/A/Libraries/libCoreVMClient.dylib
0x000000001bfcf000 	/System/Library/PrivateFrameworks/CrashReporterSupport.framework/Versions/A/CrashReporterSupport
0x000000001bfcf000 	/System/Library/PrivateFrameworks/Sharing.framework/Versions/A/Sharing
0x000000001bfcf000 	/System/Library/PrivateFrameworks/IconServices.framework/Versions/A/IconServices
0x000000001bfcf000 	/System/Library/PrivateFrameworks/ProtocolBuffer.framework/Versions/A/ProtocolBuffer
0x000000001bfcf000 	/System/Library/PrivateFrameworks/Apple80211.framework/Versions/A/Apple80211
0x000000001bfcf000 	/System/Library/Frameworks/CoreWLAN.framework/Versions/A/CoreWLAN
0x000000001bfcf000 	/System/Library/PrivateFrameworks/CoreUtils.framework/Versions/A/CoreUtils
0x000000001bfcf000 	/System/Library/Frameworks/IOBluetooth.framework/Versions/A/IOBluetooth
0x000000001bfcf000 	/System/Library/PrivateFrameworks/CoreWiFi.framework/Versions/A/CoreWiFi
0x000000001bfcf000 	/System/Library/Frameworks/CoreBluetooth.framework/Versions/A/CoreBluetooth
0x000000001bfcf000 	/System/Library/Frameworks/CoreDisplay.framework/Versions/A/CoreDisplay
0x000000001bfcf000 	/System/Library/PrivateFrameworks/IOPresentment.framework/Versions/A/IOPresentment
0x000000001bfcf000 	/System/Library/PrivateFrameworks/DSExternalDisplay.framework/Versions/A/DSExternalDisplay
0x000000001bfcf000 	/System/Library/PrivateFrameworks/DebugSymbols.framework/Versions/A/DebugSymbols
0x000000001bfcf000 	/System/Library/PrivateFrameworks/CoreSymbolication.framework/Versions/A/CoreSymbolication
0x000000001bfcf000 	/System/Library/PrivateFrameworks/Symbolication.framework/Versions/A/Symbolication
0x000000001bfcf000 	/System/Library/PrivateFrameworks/AppleFSCompression.framework/Versions/A/AppleFSCompression
0x000000001bfcf000 	/System/Library/PrivateFrameworks/SpeechRecognitionCore.framework/Versions/A/SpeechRecognitionCore
0x000000001bfcf000 	/System/Library/PrivateFrameworks/ChunkingLibrary.framework/Versions/A/ChunkingLibrary
0x0000000105ce9000 	/Library/Java/JavaVirtualMachines/jdk1.8.0_131.jdk/Contents/Home/jre/lib/server/libjvm.dylib
0x000000001bfcf000 	/usr/lib/libstdc++.6.dylib
0x0000000106c8c000 	/Library/Java/JavaVirtualMachines/jdk1.8.0_131.jdk/Contents/Home/jre/lib/libverify.dylib
0x0000000106c9a000 	/Library/Java/JavaVirtualMachines/jdk1.8.0_131.jdk/Contents/Home/jre/lib/libjava.dylib
0x0000000106cd9000 	/Library/Java/JavaVirtualMachines/jdk1.8.0_131.jdk/Contents/Home/jre/lib/libzip.dylib
0x00000001071e4000 	/System/Library/Frameworks/JavaVM.framework/Frameworks/JavaRuntimeSupport.framework/JavaRuntimeSupport
0x000000010de62000 	/System/Library/Frameworks/JavaVM.framework/Versions/A/Frameworks/JavaNativeFoundation.framework/Versions/A/JavaNativeFoundation
0x000000010de77000 	/System/Library/Frameworks/JavaVM.framework/Versions/A/JavaVM
0x000000001bfcf000 	/System/Library/Frameworks/Carbon.framework/Versions/A/Carbon
0x000000010de84000 	/System/Library/PrivateFrameworks/JavaLaunching.framework/Versions/A/JavaLaunching
0x000000001bfcf000 	/System/Library/Frameworks/Carbon.framework/Versions/A/Frameworks/CommonPanels.framework/Versions/A/CommonPanels
0x000000001bfcf000 	/System/Library/Frameworks/Carbon.framework/Versions/A/Frameworks/Help.framework/Versions/A/Help
0x000000001bfcf000 	/System/Library/Frameworks/Carbon.framework/Versions/A/Frameworks/ImageCapture.framework/Versions/A/ImageCapture
0x000000001bfcf000 	/System/Library/Frameworks/Carbon.framework/Versions/A/Frameworks/OpenScripting.framework/Versions/A/OpenScripting
0x000000001bfcf000 	/System/Library/Frameworks/Carbon.framework/Versions/A/Frameworks/Print.framework/Versions/A/Print
0x000000001bfcf000 	/System/Library/Frameworks/Carbon.framework/Versions/A/Frameworks/SecurityHI.framework/Versions/A/SecurityHI
0x000000010f791000 	/Library/Java/JavaVirtualMachines/jdk1.8.0_131.jdk/Contents/Home/jre/lib/libawt.dylib
0x000000010f839000 	/Library/Java/JavaVirtualMachines/jdk1.8.0_131.jdk/Contents/Home/jre/lib/./libmlib_image.dylib
0x000000010f905000 	/Library/Java/JavaVirtualMachines/jdk1.8.0_131.jdk/Contents/Home/jre/lib/libawt_lwawt.dylib
0x000000010f9bc000 	/Library/Java/JavaVirtualMachines/jdk1.8.0_131.jdk/Contents/Home/jre/lib/./libosxapp.dylib
0x000000001bfcf000 	/System/Library/Frameworks/ExceptionHandling.framework/Versions/A/ExceptionHandling
0x000000001bfcf000 	/System/Library/PrivateFrameworks/CoreServicesInternal.framework/Versions/A/CoreServicesInternal
0x000000001bfcf000 	/System/Library/CoreServices/RawCamera.bundle/Contents/MacOS/RawCamera
0x000000001bfcf000 	/System/Library/Frameworks/Accelerate.framework/Versions/A/Frameworks/vImage.framework/Versions/A/Libraries/libCGInterfaces.dylib
0x000000001bfcf000 	/System/Library/Frameworks/ApplicationServices.framework/Versions/A/Frameworks/ATS.framework/Versions/A/Resources/libTrueTypeScaler.dylib
0x0000000111aef000 	/System/Library/Frameworks/OpenGL.framework/Resources/GLEngine.bundle/GLEngine
0x000000001bfcf000 	/System/Library/Frameworks/OpenGL.framework/Versions/A/Libraries/libGLProgrammability.dylib
0x0000000121176000 	/System/Library/Extensions/AppleIntelKBLGraphicsGLDriver.bundle/Contents/MacOS/AppleIntelKBLGraphicsGLDriver
0x000000001bfcf000 	/System/Library/PrivateFrameworks/GPUSupport.framework/Versions/A/Libraries/libGPUSupportMercury.dylib
0x00000001104a7000 	/System/Library/Frameworks/OpenGL.framework/Resources//GLRendererFloat.bundle/GLRendererFloat
0x000000001bfcf000 	/System/Library/Frameworks/OpenCL.framework/Versions/A/Libraries/libcldcpuengine.dylib
0x000000001bfcf000 	/usr/lib/libcrypto.0.9.8.dylib
0x000000001bfcf000 	/System/Library/PrivateFrameworks/TrustEvaluationAgent.framework/Versions/A/TrustEvaluationAgent
0x0000000111cd4000 	/System/Library/Extensions/AppleIntelKBLGraphicsMTLDriver.bundle/Contents/MacOS/AppleIntelKBLGraphicsMTLDriver
0x000000001bfcf000 	/System/Library/PrivateFrameworks/FamilyControls.framework/Versions/A/FamilyControls
0x000000001bfcf000 	/System/Library/PrivateFrameworks/CommerceKit.framework/Versions/A/Frameworks/CommerceCore.framework/Versions/A/CommerceCore
0x000000001bfcf000 	/System/Library/PrivateFrameworks/SystemAdministration.framework/Versions/A/SystemAdministration
0x000000001bfcf000 	/System/Library/PrivateFrameworks/AppContainer.framework/Versions/A/AppContainer
0x000000001bfcf000 	/System/Library/PrivateFrameworks/SecCodeWrapper.framework/Versions/A/SecCodeWrapper
0x000000001bfcf000 	/System/Library/Frameworks/DirectoryService.framework/Versions/A/DirectoryService
0x000000001bfcf000 	/System/Library/PrivateFrameworks/DiskImages.framework/Versions/A/DiskImages
0x000000001bfcf000 	/System/Library/PrivateFrameworks/LoginUIKit.framework/Versions/A/Frameworks/LoginUICore.framework/Versions/A/LoginUICore
0x000000001bfcf000 	/usr/lib/libCoreStorage.dylib
0x000000001bfcf000 	/usr/lib/libcsfde.dylib
0x000000001bfcf000 	/usr/lib/libodfde.dylib
0x000000001bfcf000 	/System/Library/Frameworks/DiscRecording.framework/Versions/A/DiscRecording
0x000000001bfcf000 	/usr/lib/libcurl.4.dylib
0x000000001bfcf000 	/System/Library/PrivateFrameworks/MediaKit.framework/Versions/A/MediaKit
0x000000001bfcf000 	/System/Library/PrivateFrameworks/ProtectedCloudStorage.framework/Versions/A/ProtectedCloudStorage
0x000000001bfcf000 	/System/Library/PrivateFrameworks/EFILogin.framework/Versions/A/EFILogin
0x000000001bfcf000 	/usr/lib/libutil.dylib
0x000000001bfcf000 	/System/Library/Frameworks/LDAP.framework/Versions/A/LDAP
0x000000001bfcf000 	/usr/lib/libsasl2.2.dylib
0x000000001bfcf000 	/System/Library/PrivateFrameworks/CoreDaemon.framework/Versions/B/CoreDaemon
0x000000001bfcf000 	/System/Library/PrivateFrameworks/AppleSRP.framework/Versions/A/AppleSRP
0x000000001bfcf000 	/System/Library/PrivateFrameworks/APFS.framework/Versions/A/APFS
0x0000000123a3b000 	/Library/Java/JavaVirtualMachines/jdk1.8.0_131.jdk/Contents/Home/jre/lib/libfontmanager.dylib
0x000000001bfcf000 	/System/Library/PrivateFrameworks/ViewBridge.framework/Versions/A/ViewBridge
0x000000001bfcf000 	/System/Library/PrivateFrameworks/XPCService.framework/Versions/A/XPCService
0x000000001bfcf000 	/System/Library/PrivateFrameworks/AppSandbox.framework/Versions/A/AppSandbox
0x000000001bfcf000 	/usr/lib/libsandbox.1.dylib
0x000000001bfcf000 	/usr/lib/libMatch.1.dylib
0x0000000124b04000 	/Library/Java/JavaVirtualMachines/jdk1.8.0_131.jdk/Contents/Home/jre/lib/libosxui.dylib
0x0000000125c61000 	/Library/Java/JavaVirtualMachines/jdk1.8.0_131.jdk/Contents/Home/jre/lib/libnet.dylib
0x0000000125a74000 	/Library/Java/JavaVirtualMachines/jdk1.8.0_131.jdk/Contents/Home/jre/lib/libnio.dylib
0x0000000124b81000 	/private/var/folders/mz/ddp61nqj5pgffdgcqdjxrrfh0000gn/T/jogamp_0000/file_cache/jln6453308407280007941/jln165410527888835712/libgluegen-rt.jnilib
0x0000000124b01000 	/private/var/folders/mz/ddp61nqj5pgffdgcqdjxrrfh0000gn/T/jogamp_0000/file_cache/jln6453308407280007941/jln165410527888835712/libnativewindow_awt.jnilib
0x0000000124b85000 	/Library/Java/JavaVirtualMachines/jdk1.8.0_131.jdk/Contents/Home/jre/lib/libjawt.dylib
0x0000000124bb2000 	/private/var/folders/mz/ddp61nqj5pgffdgcqdjxrrfh0000gn/T/jogamp_0000/file_cache/jln6453308407280007941/jln165410527888835712/libnativewindow_macosx.jnilib
0x0000000193835000 	/private/var/folders/mz/ddp61nqj5pgffdgcqdjxrrfh0000gn/T/jogamp_0000/file_cache/jln6453308407280007941/jln165410527888835712/libjogl_desktop.jnilib
0x000000019a462000 	/Library/Java/JavaVirtualMachines/jdk1.8.0_131.jdk/Contents/Home/jre/lib/libt2k.dylib

VM Arguments:
jvm_args: -Djava.security.policy=java.policy.applet -Dfile.encoding=UTF-8 
java_command: sun.applet.AppletViewer module6.EarthquakeCityMap1502114275947.html
java_class_path (initial): /Users/litianlun/Downloads/UCSDUnfoldingMaps/build:/Users/litianlun/Downloads/UCSDUnfoldingMaps/lib/core.jar:/Users/litianlun/Downloads/UCSDUnfoldingMaps/lib/gluegen-rt.jar:/Users/litianlun/Downloads/UCSDUnfoldingMaps/lib/jogl-all.jar:/Users/litianlun/Downloads/UCSDUnfoldingMaps/lib/log4j-1.2.15.jar:/Users/litianlun/Downloads/UCSDUnfoldingMaps/lib/sqlite-jdbc-3.7.2.jar:/Users/litianlun/Downloads/UCSDUnfoldingMaps/lib/json4processing.jar:/Users/litianlun/Downloads/UCSDUnfoldingMaps/lib/libTUIO.jar:/Users/litianlun/Downloads/UCSDUnfoldingMaps/lib/unfolding.0.9.7-uscd.jar
Launcher Type: SUN_STANDARD

Environment Variables:
PATH=/usr/bin:/bin:/usr/sbin:/sbin
SHELL=/bin/bash

Signal Handlers:
SIGSEGV: [libjvm.dylib+0x5b1eb1], sa_mask[0]=11111111011111110111111111111111, sa_flags=SA_ONSTACK|SA_RESTART|SA_SIGINFO
SIGBUS: [libjvm.dylib+0x5b1eb1], sa_mask[0]=11111111011111110111111111111111, sa_flags=SA_RESTART|SA_SIGINFO
SIGFPE: [libjvm.dylib+0x488988], sa_mask[0]=11111111011111110111111111111111, sa_flags=SA_RESTART|SA_SIGINFO
SIGPIPE: [libjvm.dylib+0x488988], sa_mask[0]=11111111011111110111111111111111, sa_flags=SA_RESTART|SA_SIGINFO
SIGXFSZ: [libjvm.dylib+0x488988], sa_mask[0]=11111111011111110111111111111111, sa_flags=SA_RESTART|SA_SIGINFO
SIGILL: [libjvm.dylib+0x488988], sa_mask[0]=11111111011111110111111111111111, sa_flags=SA_RESTART|SA_SIGINFO
SIGUSR1: SIG_DFL, sa_mask[0]=00000000000000000000000000000000, sa_flags=none
SIGUSR2: [libjvm.dylib+0x4884a6], sa_mask[0]=00100000000000000000000000000000, sa_flags=SA_RESTART|SA_SIGINFO
SIGHUP: [libjvm.dylib+0x486a7d], sa_mask[0]=11111111011111110111111111111111, sa_flags=SA_RESTART|SA_SIGINFO
SIGINT: [libjvm.dylib+0x486a7d], sa_mask[0]=11111111011111110111111111111111, sa_flags=SA_RESTART|SA_SIGINFO
SIGTERM: [libjvm.dylib+0x486a7d], sa_mask[0]=11111111011111110111111111111111, sa_flags=SA_RESTART|SA_SIGINFO
SIGQUIT: [libjvm.dylib+0x486a7d], sa_mask[0]=11111111011111110111111111111111, sa_flags=SA_RESTART|SA_SIGINFO


---------------  S Y S T E M  ---------------

OS:Bsduname:Darwin 16.7.0 Darwin Kernel Version 16.7.0: Thu Jun 15 17:36:27 PDT 2017; root:xnu-3789.70.16~2/RELEASE_X86_64 x86_64
rlimit: STACK 8192k, CORE 0k, NPROC 709, NOFILE 10240, AS infinity
load average:4.33 2.97 2.17

CPU:total 4 (initial active 4) (2 cores per cpu, 2 threads per core) family 6 model 142 stepping 9, cmov, cx8, fxsr, mmx, sse, sse2, sse3, ssse3, sse4.1, sse4.2, popcnt, avx, avx2, aes, clmul, erms, 3dnowpref, lzcnt, ht, tsc, tscinvbit, bmi1, bmi2, adx

Memory: 4k page, physical 8388608k(122708k free)

/proc/meminfo:


vm_info: Java HotSpot(TM) 64-Bit Server VM (25.131-b11) for bsd-amd64 JRE (1.8.0_131-b11), built on Mar 15 2017 01:32:22 by "java_re" with gcc 4.2.1 (Based on Apple Inc. build 5658) (LLVM build 2336.11.00)

time: Mon Aug  7 21:58:08 2017
elapsed time: 12 seconds (0d 0h 0m 12s)

