#
# A fatal error has been detected by the Java Runtime Environment:
#
#  SIGSEGV (0xb) at pc=0x00007fff9b35d05d, pid=3837, tid=0x0000000000000307
#
# JRE version: Java(TM) SE Runtime Environment (8.0_131-b11) (build 1.8.0_131-b11)
# Java VM: Java HotSpot(TM) 64-Bit Server VM (25.131-b11 mixed mode bsd-amd64 compressed oops)
# Problematic frame:
# C  [libobjc.A.dylib+0x705d]  objc_msgSend+0x1d
#
# Failed to write core dump. Core dumps have been disabled. To enable core dumping, try "ulimit -c unlimited" before starting Java again
#
# If you would like to submit a bug report, please visit:
#   http://bugreport.java.com/bugreport/crash.jsp
# The crash happened outside the Java Virtual Machine in native code.
# See problematic frame for where to report the bug.
#

---------------  T H R E A D  ---------------

Current thread (0x00007fc082049000):  JavaThread "AWT-AppKit" daemon [_thread_in_native, id=775, stack(0x00007fff5db40000,0x00007fff5e340000)]

siginfo: si_signo: 11 (SIGSEGV), si_code: 1 (SEGV_MAPERR), si_addr: 0x0000000000000018

Registers:
RAX=0x00007fc08048c170, RBX=0x00000001208ab450, RCX=0x00007fc082c00560, RDX=0x0000000000000000
RSP=0x00007fff5e33b498, RBP=0x00007fff5e33b550, RSI=0x00007fff84bf1116, RDI=0x00007fc0864c7ed0
R8 =0x0000000000000018, R9 =0x00007fc082c000c0, R10=0x0000000000000000, R11=0x00007fff84bf1116
R12=0x0000000000000000, R13=0x000000018fdf6be8, R14=0x00000001208ab440, R15=0x00007fc082049000
RIP=0x00007fff9b35d05d, EFLAGS=0x0000000000010246, ERR=0x0000000000000004
  TRAPNO=0x000000000000000e

Top of Stack: (sp=0x00007fff5e33b498)
0x00007fff5e33b498:   00000001208a9157 00007fff5e33b4f0
0x00007fff5e33b4a8:   0000000000000003 00007fff5e33b4d0
0x00007fff5e33b4b8:   0000000101b306d2 000000018fdf6be8
0x00007fff5e33b4c8:   000000018fdf6be8 00007fc08048c170
0x00007fff5e33b4d8:   00000001208ab6a0 00000001208ab710
0x00007fff5e33b4e8:   00007fffa13c26d0 00007fffa1ff21e0
0x00007fff5e33b4f8:   00000001208ab450 00000001208ab690
0x00007fff5e33b508:   00007fc08048c170 00007fc0864c7ed0
0x00007fff5e33b518:   00007fc080506830 00007fc08048c170
0x00007fff5e33b528:   00007fc0864c7ed0 00007fff5e33b5d8
0x00007fff5e33b538:   00007fc0820491f8 000000018fdf6be8
0x00007fff5e33b548:   00007fff5e33b600 00007fff5e33b5c8
0x00007fff5e33b558:   0000000104d1a9f4 000000018fdf6be8
0x00007fff5e33b568:   00007fff5e33b600 00007fff5e33b5c8
0x00007fff5e33b578:   0000000104d1a787 0000000104d1a742
0x00007fff5e33b588:   00007fff5e33b588 000000018fdf6be8
0x00007fff5e33b598:   00007fff5e33b600 000000018fdf8398
0x00007fff5e33b5a8:   0000000000000000 000000018fdf6be8
0x00007fff5e33b5b8:   0000000000000000 00007fff5e33b5e8
0x00007fff5e33b5c8:   00007fff5e33b648 0000000104d0b2bd
0x00007fff5e33b5d8:   00000007416d7490 0000000104d14538
0x00007fff5e33b5e8:   00007fc08048c170 00007fff5e33b648
0x00007fff5e33b5f8:   00007fc0864c7ed0 0000000104d15e02
0x00007fff5e33b608:   00007fff5e33b608 000000018fdf6db2
0x00007fff5e33b618:   00007fff5e33b670 000000018fdf8398
0x00007fff5e33b628:   0000000000000000 000000018fdf6dc0
0x00007fff5e33b638:   00007fff5e33b5e8 00007fff5e33b658
0x00007fff5e33b648:   00007fff5e33b6b8 0000000104d0b2bd
0x00007fff5e33b658:   00007fc08048c170 00000007413df098
0x00007fff5e33b668:   00007fc0864c7ed0 00000007413df098
0x00007fff5e33b678:   00007fff5e33b678 00000001937dce0e
0x00007fff5e33b688:   00007fff5e33b6c8 00000001937dcec8 

Instructions: (pc=0x00007fff9b35d05d)
0x00007fff9b35d03d:   0f 1f 00 48 85 ff 2e 74 62 40 f6 c7 01 2e 75 66
0x00007fff9b35d04d:   49 ba f8 ff ff ff ff 7f 00 00 4c 23 17 49 89 f3
0x00007fff9b35d05d:   45 23 5a 18 49 c1 e3 04 4d 03 5a 10 49 3b 33 75
0x00007fff9b35d06d:   04 41 ff 63 08 49 83 3b 01 76 0d 49 83 c3 10 49 

Register to memory mapping:

RAX=0x00007fc08048c170 is an unknown value
RBX=0x00000001208ab450: Java_jogamp_nativewindow_macosx_OSXUtil_GetScreenRefreshRate0+0x1cf0 in /private/var/folders/mz/ddp61nqj5pgffdgcqdjxrrfh0000gn/T/jogamp_0000/file_cache/jln7236126726551289865/jln7378381622871722954/libnativewindow_macosx.jnilib at 0x00000001208a4000
RCX=0x00007fc082c00560 is an unknown value
RDX=0x0000000000000000 is an unknown value
RSP=0x00007fff5e33b498 is pointing into the stack for thread: 0x00007fc082049000
RBP=0x00007fff5e33b550 is pointing into the stack for thread: 0x00007fc082049000
RSI=0x00007fff84bf1116: __NSStyleNameIndexTable+0x7fd5e in /System/Library/Frameworks/AppKit.framework/Versions/C/AppKit at 0x00007fff83f84000
RDI=0x00007fc0864c7ed0 is an unknown value
R8 =0x0000000000000018 is an unknown value
R9 =0x00007fc082c000c0 is an unknown value
R10=0x0000000000000000 is an unknown value
R11=0x00007fff84bf1116: __NSStyleNameIndexTable+0x7fd5e in /System/Library/Frameworks/AppKit.framework/Versions/C/AppKit at 0x00007fff83f84000
R12=0x0000000000000000 is an unknown value
R13={method} {0x000000018fdf6be8} 'UnsetJAWTRootSurfaceLayer0' '(JJ)V' in 'jogamp/nativewindow/jawt/macosx/MacOSXJAWTWindow'
R14=0x00000001208ab440: Java_jogamp_nativewindow_macosx_OSXUtil_GetScreenRefreshRate0+0x1ce0 in /private/var/folders/mz/ddp61nqj5pgffdgcqdjxrrfh0000gn/T/jogamp_0000/file_cache/jln7236126726551289865/jln7378381622871722954/libnativewindow_macosx.jnilib at 0x00000001208a4000
R15=0x00007fc082049000 is a thread


Stack: [0x00007fff5db40000,0x00007fff5e340000],  sp=0x00007fff5e33b498,  free space=8173k
Native frames: (J=compiled Java code, j=interpreted, Vv=VM code, C=native code)
C  [libobjc.A.dylib+0x705d]  objc_msgSend+0x1d
j  jogamp.nativewindow.jawt.macosx.MacOSXJAWTWindow.UnsetJAWTRootSurfaceLayer0(JJ)V+0
j  jogamp.nativewindow.jawt.macosx.MacOSXJAWTWindow.access$200(JJ)V+2
j  jogamp.nativewindow.jawt.macosx.MacOSXJAWTWindow$1.run()V+38
j  com.jogamp.common.util.RunnableTask.run()V+24
v  ~StubRoutines::call_stub
V  [libjvm.dylib+0x2ee5b6]
V  [libjvm.dylib+0x325765]
V  [libjvm.dylib+0x317f33]
C  [libnativewindow_macosx.jnilib+0x5326]  Java_jogamp_nativewindow_jawt_macosx_MacOSXJAWTWindow_UnsetJAWTRootSurfaceLayer0+0x2b6
C  [Foundation+0x7152a]  __NSThreadPerformPerform+0x146
C  [CoreFoundation+0xa7321]  __CFRUNLOOP_IS_CALLING_OUT_TO_A_SOURCE0_PERFORM_FUNCTION__+0x11
C  [CoreFoundation+0x88197]  __CFRunLoopDoSources0+0x1a7
C  [CoreFoundation+0x87716]  __CFRunLoopRun+0x3a6
C  [CoreFoundation+0x87114]  CFRunLoopRunSpecific+0x1a4
C  [HIToolbox+0x30ebc]  RunCurrentEventLoopInMode+0xf0
C  [HIToolbox+0x30bf9]  ReceiveNextEventCommon+0xb8
C  [HIToolbox+0x30b26]  _BlockUntilNextEventMatchingListInModeWithFilter+0x47
C  [AppKit+0x46a54]  _DPSNextEvent+0x460
C  [AppKit+0x7c27ee]  -[NSApplication(NSEvent) _nextEventMatchingEventMask:untilDate:inMode:dequeue:]+0xaec
C  [libosxapp.dylib+0x23aa]  -[NSApplicationAWT nextEventMatchingMask:untilDate:inMode:dequeue:]+0x7c
C  [AppKit+0x3b3db]  -[NSApplication run]+0x39e
C  [libosxapp.dylib+0x214d]  +[NSApplicationAWT runAWTLoopWithApp:]+0x9c
C  [libawt_lwawt.dylib+0x45edf]  -[AWTStarter starter:]+0x389
C  [Foundation+0x7152a]  __NSThreadPerformPerform+0x146
C  [CoreFoundation+0xa7321]  __CFRUNLOOP_IS_CALLING_OUT_TO_A_SOURCE0_PERFORM_FUNCTION__+0x11
C  [CoreFoundation+0x8821d]  __CFRunLoopDoSources0+0x22d
C  [CoreFoundation+0x87716]  __CFRunLoopRun+0x3a6
C  [CoreFoundation+0x87114]  CFRunLoopRunSpecific+0x1a4
C  [java+0x6465]  CreateExecutionEnvironment+0x367
C  [java+0x218c]  JLI_Launch+0x7a0
C  [java+0x84c2]  main+0x65
C  [java+0x19e4]  start+0x34
C  0x0000000000000007

Java frames: (J=compiled Java code, j=interpreted, Vv=VM code)
j  jogamp.nativewindow.jawt.macosx.MacOSXJAWTWindow.UnsetJAWTRootSurfaceLayer0(JJ)V+0
j  jogamp.nativewindow.jawt.macosx.MacOSXJAWTWindow.access$200(JJ)V+2
j  jogamp.nativewindow.jawt.macosx.MacOSXJAWTWindow$1.run()V+38
j  com.jogamp.common.util.RunnableTask.run()V+24
v  ~StubRoutines::call_stub

---------------  P R O C E S S  ---------------

Java Threads: ( => current thread )
  0x00007fc081502800 JavaThread "Thread-103" [_thread_blocked, id=5343, stack(0x000070000a400000,0x000070000a500000)]
  0x00007fc080ca2800 JavaThread "AWT-EventQueue-1" [_thread_in_native, id=74139, stack(0x000070000a27a000,0x000070000a37a000)]
  0x00007fc080bf8000 JavaThread "DestroyJavaVM" [_thread_blocked, id=7171, stack(0x0000700008c32000,0x0000700008d32000)]
  0x00007fc0821be800 JavaThread "AWT-EventQueue-0" [_thread_blocked, id=61955, stack(0x000070000a074000,0x000070000a174000)]
  0x00007fc080a6a000 JavaThread "Java2D Disposer" daemon [_thread_blocked, id=58139, stack(0x0000700009deb000,0x0000700009eeb000)]
  0x00007fc0818d4000 JavaThread "Java2D Queue Flusher" daemon [_thread_blocked, id=58375, stack(0x0000700009ce8000,0x0000700009de8000)]
  0x00007fc0809cb800 JavaThread "AWT-Shutdown" [_thread_blocked, id=30495, stack(0x0000700009adf000,0x0000700009bdf000)]
=>0x00007fc082049000 JavaThread "AWT-AppKit" daemon [_thread_in_native, id=775, stack(0x00007fff5db40000,0x00007fff5e340000)]
  0x00007fc08203b800 JavaThread "Service Thread" daemon [_thread_blocked, id=18691, stack(0x0000700009856000,0x0000700009956000)]
  0x00007fc081800800 JavaThread "C1 CompilerThread2" daemon [_thread_blocked, id=18179, stack(0x0000700009753000,0x0000700009853000)]
  0x00007fc080825800 JavaThread "C2 CompilerThread1" daemon [_thread_blocked, id=17667, stack(0x0000700009650000,0x0000700009750000)]
  0x00007fc08081e800 JavaThread "C2 CompilerThread0" daemon [_thread_blocked, id=17155, stack(0x000070000954d000,0x000070000964d000)]
  0x00007fc080824800 JavaThread "Signal Dispatcher" daemon [_thread_blocked, id=16643, stack(0x000070000944a000,0x000070000954a000)]
  0x00007fc08101d800 JavaThread "Finalizer" daemon [_thread_blocked, id=12547, stack(0x0000700009347000,0x0000700009447000)]
  0x00007fc08202c000 JavaThread "Reference Handler" daemon [_thread_blocked, id=12035, stack(0x0000700009244000,0x0000700009344000)]

Other Threads:
  0x00007fc082027800 VMThread [stack: 0x0000700009141000,0x0000700009241000] [id=11523]
  0x00007fc082034000 WatcherThread [stack: 0x0000700009959000,0x0000700009a59000] [id=19203]

VM state:not at safepoint (normal execution)

VM Mutex/Monitor currently owned by a thread: None

Heap:
 PSYoungGen      total 148992K, used 69601K [0x0000000795580000, 0x00000007b6a80000, 0x00000007c0000000)
  eden space 147456K, 46% used [0x0000000795580000,0x0000000799830448,0x000000079e580000)
  from space 1536K, 85% used [0x00000007b6080000,0x00000007b61c8040,0x00000007b6200000)
  to   space 5120K, 0% used [0x00000007b6580000,0x00000007b6580000,0x00000007b6a80000)
 ParOldGen       total 88576K, used 60031K [0x0000000740000000, 0x0000000745680000, 0x0000000795580000)
  object space 88576K, 67% used [0x0000000740000000,0x0000000743a9ff00,0x0000000745680000)
 Metaspace       used 28519K, capacity 28885K, committed 29056K, reserved 1075200K
  class space    used 2235K, capacity 2342K, committed 2432K, reserved 1048576K

Card table byte_map: [0x00000001035c0000,0x00000001039c1000] byte_map_base: 0x00000000ffbc0000

Marking Bits: (ParMarkBitMap*) 0x000000010222eea0
 Begin Bits: [0x0000000113d03000, 0x0000000115d03000)
 End Bits:   [0x0000000115d03000, 0x0000000117d03000)

Polling page: 0x0000000102923000

CodeCache: size=245760Kb used=16008Kb max_used=16033Kb free=229751Kb
 bounds [0x0000000104d03000, 0x0000000105cc3000, 0x0000000113d03000]
 total_blobs=4399 nmethods=3477 adapters=835
 compilation: enabled

Compilation events (10 events):
Event: 1071.824 Thread 0x00007fc08081e800 4561   !   4       sun.lwawt.LWComponentPeer::isVisible (19 bytes)
Event: 1071.826 Thread 0x00007fc08081e800 nmethod 4561 0x00000001054c5e90 code [0x00000001054c5fe0, 0x00000001054c61f8]
Event: 1071.829 Thread 0x00007fc081800800 4562       1       sun.java2d.SurfaceData::isValid (5 bytes)
Event: 1071.830 Thread 0x00007fc081800800 nmethod 4562 0x0000000105483a50 code [0x0000000105483ba0, 0x0000000105483cb0]
Event: 1071.831 Thread 0x00007fc081800800 4563       3       sun.java2d.pipe.RenderBuffer::putInt (26 bytes)
Event: 1071.831 Thread 0x00007fc081800800 nmethod 4563 0x0000000105cadc10 code [0x0000000105cadd80, 0x0000000105cadef0]
Event: 1071.847 Thread 0x00007fc081800800 4564       3       sun.java2d.pipe.RenderBuffer::putFloat (26 bytes)
Event: 1071.848 Thread 0x00007fc081800800 nmethod 4564 0x0000000105caf710 code [0x0000000105caf880, 0x0000000105cafa10]
Event: 1071.928 Thread 0x00007fc081800800 4566       3       java.util.HashMap::put (13 bytes)
Event: 1071.929 Thread 0x00007fc081800800 nmethod 4566 0x0000000105cbdb90 code [0x0000000105cbdd20, 0x0000000105cbe0d8]

GC Heap History (10 events):
Event: 1069.469 GC heap before
{Heap before GC invocations=4786 (full 1):
 PSYoungGen      total 118784K, used 118528K [0x0000000795580000, 0x00000007b7180000, 0x00000007c0000000)
  eden space 116224K, 100% used [0x0000000795580000,0x000000079c700000,0x000000079c700000)
  from space 2560K, 90% used [0x00000007b6f00000,0x00000007b7140080,0x00000007b7180000)
  to   space 4608K, 0% used [0x00000007b6880000,0x00000007b6880000,0x00000007b6d00000)
 ParOldGen       total 88576K, used 57147K [0x0000000740000000, 0x0000000745680000, 0x0000000795580000)
  object space 88576K, 64% used [0x0000000740000000,0x00000007437cee00,0x0000000745680000)
 Metaspace       used 28461K, capacity 28821K, committed 29056K, reserved 1075200K
  class space    used 2227K, capacity 2342K, committed 2432K, reserved 1048576K
Event: 1069.473 GC heap after
Heap after GC invocations=4786 (full 1):
 PSYoungGen      total 114688K, used 2336K [0x0000000795580000, 0x00000007b6f80000, 0x00000007c0000000)
  eden space 112128K, 0% used [0x0000000795580000,0x0000000795580000,0x000000079c300000)
  from space 2560K, 91% used [0x00000007b6880000,0x00000007b6ac8080,0x00000007b6b00000)
  to   space 4608K, 0% used [0x00000007b6b00000,0x00000007b6b00000,0x00000007b6f80000)
 ParOldGen       total 88576K, used 57147K [0x0000000740000000, 0x0000000745680000, 0x0000000795580000)
  object space 88576K, 64% used [0x0000000740000000,0x00000007437cee00,0x0000000745680000)
 Metaspace       used 28461K, capacity 28821K, committed 29056K, reserved 1075200K
  class space    used 2227K, capacity 2342K, committed 2432K, reserved 1048576K
}
Event: 1070.015 GC heap before
{Heap before GC invocations=4787 (full 1):
 PSYoungGen      total 114688K, used 114464K [0x0000000795580000, 0x00000007b6f80000, 0x00000007c0000000)
  eden space 112128K, 100% used [0x0000000795580000,0x000000079c300000,0x000000079c300000)
  from space 2560K, 91% used [0x00000007b6880000,0x00000007b6ac8080,0x00000007b6b00000)
  to   space 4608K, 0% used [0x00000007b6b00000,0x00000007b6b00000,0x00000007b6f80000)
 ParOldGen       total 88576K, used 57147K [0x0000000740000000, 0x0000000745680000, 0x0000000795580000)
  object space 88576K, 64% used [0x0000000740000000,0x00000007437cee00,0x0000000745680000)
 Metaspace       used 28482K, capacity 28821K, committed 29056K, reserved 1075200K
  class space    used 2227K, capacity 2342K, committed 2432K, reserved 1048576K
Event: 1070.019 GC heap after
Heap after GC invocations=4787 (full 1):
 PSYoungGen      total 112640K, used 4160K [0x0000000795580000, 0x00000007b6f80000, 0x00000007c0000000)
  eden space 108032K, 0% used [0x0000000795580000,0x0000000795580000,0x000000079bf00000)
  from space 4608K, 90% used [0x00000007b6b00000,0x00000007b6f100f0,0x00000007b6f80000)
  to   space 5120K, 0% used [0x00000007b6580000,0x00000007b6580000,0x00000007b6a80000)
 ParOldGen       total 88576K, used 57147K [0x0000000740000000, 0x0000000745680000, 0x0000000795580000)
  object space 88576K, 64% used [0x0000000740000000,0x00000007437cee00,0x0000000745680000)
 Metaspace       used 28482K, capacity 28821K, committed 29056K, reserved 1075200K
  class space    used 2227K, capacity 2342K, committed 2432K, reserved 1048576K
}
Event: 1070.490 GC heap before
{Heap before GC invocations=4788 (full 1):
 PSYoungGen      total 112640K, used 112192K [0x0000000795580000, 0x00000007b6f80000, 0x00000007c0000000)
  eden space 108032K, 100% used [0x0000000795580000,0x000000079bf00000,0x000000079bf00000)
  from space 4608K, 90% used [0x00000007b6b00000,0x00000007b6f100f0,0x00000007b6f80000)
  to   space 5120K, 0% used [0x00000007b6580000,0x00000007b6580000,0x00000007b6a80000)
 ParOldGen       total 88576K, used 57147K [0x0000000740000000, 0x0000000745680000, 0x0000000795580000)
  object space 88576K, 64% used [0x0000000740000000,0x00000007437cee00,0x0000000745680000)
 Metaspace       used 28482K, capacity 28821K, committed 29056K, reserved 1075200K
  class space    used 2227K, capacity 2342K, committed 2432K, reserved 1048576K
Event: 1070.502 GC heap after
Heap after GC invocations=4788 (full 1):
 PSYoungGen      total 124928K, used 4160K [0x0000000795580000, 0x00000007b6b80000, 0x00000007c0000000)
  eden space 120320K, 0% used [0x0000000795580000,0x0000000795580000,0x000000079cb00000)
  from space 4608K, 90% used [0x00000007b6580000,0x00000007b69900f0,0x00000007b6a00000)
  to   space 1536K, 0% used [0x00000007b6a00000,0x00000007b6a00000,0x00000007b6b80000)
 ParOldGen       total 88576K, used 57147K [0x0000000740000000, 0x0000000745680000, 0x0000000795580000)
  object space 88576K, 64% used [0x0000000740000000,0x00000007437cee00,0x0000000745680000)
 Metaspace       used 28482K, capacity 28821K, committed 29056K, reserved 1075200K
  class space    used 2227K, capacity 2342K, committed 2432K, reserved 1048576K
}
Event: 1071.010 GC heap before
{Heap before GC invocations=4789 (full 1):
 PSYoungGen      total 124928K, used 124480K [0x0000000795580000, 0x00000007b6b80000, 0x00000007c0000000)
  eden space 120320K, 100% used [0x0000000795580000,0x000000079cb00000,0x000000079cb00000)
  from space 4608K, 90% used [0x00000007b6580000,0x00000007b69900f0,0x00000007b6a00000)
  to   space 1536K, 0% used [0x00000007b6a00000,0x00000007b6a00000,0x00000007b6b80000)
 ParOldGen       total 88576K, used 57147K [0x0000000740000000, 0x0000000745680000, 0x0000000795580000)
  object space 88576K, 64% used [0x0000000740000000,0x00000007437cee00,0x0000000745680000)
 Metaspace       used 28484K, capacity 28821K, committed 29056K, reserved 1075200K
  class space    used 2227K, capacity 2342K, committed 2432K, reserved 1048576K
Event: 1071.016 GC heap after
Heap after GC invocations=4789 (full 1):
 PSYoungGen      total 135168K, used 1312K [0x0000000795580000, 0x00000007b6b80000, 0x00000007c0000000)
  eden space 133632K, 0% used [0x0000000795580000,0x0000000795580000,0x000000079d800000)
  from space 1536K, 85% used [0x00000007b6a00000,0x00000007b6b48040,0x00000007b6b80000)
  to   space 5632K, 0% used [0x00000007b6080000,0x00000007b6080000,0x00000007b6600000)
 ParOldGen       total 88576K, used 60015K [0x0000000740000000, 0x0000000745680000, 0x0000000795580000)
  object space 88576K, 67% used [0x0000000740000000,0x0000000743a9bf00,0x0000000745680000)
 Metaspace       used 28484K, capacity 28821K, committed 29056K, reserved 1075200K
  class space    used 2227K, capacity 2342K, committed 2432K, reserved 1048576K
}
Event: 1071.572 GC heap before
{Heap before GC invocations=4790 (full 1):
 PSYoungGen      total 135168K, used 134944K [0x0000000795580000, 0x00000007b6b80000, 0x00000007c0000000)
  eden space 133632K, 100% used [0x0000000795580000,0x000000079d800000,0x000000079d800000)
  from space 1536K, 85% used [0x00000007b6a00000,0x00000007b6b48040,0x00000007b6b80000)
  to   space 5632K, 0% used [0x00000007b6080000,0x00000007b6080000,0x00000007b6600000)
 ParOldGen       total 88576K, used 60015K [0x0000000740000000, 0x0000000745680000, 0x0000000795580000)
  object space 88576K, 67% used [0x0000000740000000,0x0000000743a9bf00,0x0000000745680000)
 Metaspace       used 28484K, capacity 28821K, committed 29056K, reserved 1075200K
  class space    used 2227K, capacity 2342K, committed 2432K, reserved 1048576K
Event: 1071.575 GC heap after
Heap after GC invocations=4790 (full 1):
 PSYoungGen      total 148992K, used 1312K [0x0000000795580000, 0x00000007b6a80000, 0x00000007c0000000)
  eden space 147456K, 0% used [0x0000000795580000,0x0000000795580000,0x000000079e580000)
  from space 1536K, 85% used [0x00000007b6080000,0x00000007b61c8040,0x00000007b6200000)
  to   space 5120K, 0% used [0x00000007b6580000,0x00000007b6580000,0x00000007b6a80000)
 ParOldGen       total 88576K, used 60031K [0x0000000740000000, 0x0000000745680000, 0x0000000795580000)
  object space 88576K, 67% used [0x0000000740000000,0x0000000743a9ff00,0x0000000745680000)
 Metaspace       used 28484K, capacity 28821K, committed 29056K, reserved 1075200K
  class space    used 2227K, capacity 2342K, committed 2432K, reserved 1048576K
}

Deoptimization events (10 events):
Event: 1071.919 Thread 0x00007fc0821be800 Uncommon trap: reason=class_check action=maybe_recompile pc=0x00000001051f5a30 method=java.awt.Component.getGraphics()Ljava/awt/Graphics; @ 114
Event: 1071.919 Thread 0x00007fc080ca2800 Uncommon trap: reason=class_check action=maybe_recompile pc=0x0000000105593c38 method=java.awt.event.InvocationEvent.dispatch()V @ 11
Event: 1071.928 Thread 0x00007fc082049000 Uncommon trap: reason=class_check action=maybe_recompile pc=0x00000001050c2c80 method=com.jogamp.common.util.RunnableTask.run()V @ 24
Event: 1071.929 Thread 0x00007fc082049000 Uncommon trap: reason=unstable_if action=reinterpret pc=0x000000010542887c method=jogamp.nativewindow.macosx.OSXUtil.RunOnMainThread(ZZLjava/lang/Runnable;)V @ 3
Event: 1071.938 Thread 0x00007fc080ca2800 Uncommon trap: reason=unstable_if action=reinterpret pc=0x00000001051a2328 method=jogamp.opengl.GLContextImpl.release(Z)V @ 161
Event: 1071.942 Thread 0x00007fc080ca2800 Uncommon trap: reason=unstable_if action=reinterpret pc=0x000000010582530c method=java.security.AccessControlContext.combine([Ljava/security/ProtectionDomain;[Ljava/security/ProtectionDomain;)[Ljava/security/ProtectionDomain; @ 151
Event: 1071.944 Thread 0x00007fc0821be800 Uncommon trap: reason=class_check action=maybe_recompile pc=0x00000001051f5a30 method=java.awt.Component.getGraphics()Ljava/awt/Graphics; @ 114
Event: 1071.944 Thread 0x00007fc081502800 Uncommon trap: reason=predicate action=maybe_recompile pc=0x00000001053ef5bc method=java.util.Vector.indexOf(Ljava/lang/Object;I)I @ 44
Event: 1071.944 Thread 0x00007fc080ca2800 Uncommon trap: reason=class_check action=maybe_recompile pc=0x0000000105593c38 method=java.awt.event.InvocationEvent.dispatch()V @ 11
Event: 1071.952 Thread 0x00007fc082049000 Uncommon trap: reason=class_check action=maybe_recompile pc=0x00000001050c2c80 method=com.jogamp.common.util.RunnableTask.run()V @ 24

Internal exceptions (10 events):
Event: 0.305 Thread 0x00007fc081801800 Exception <a 'java/io/FileNotFoundException'> (0x000000079580e930) thrown at [/Users/java_re/workspace/8-2-build-macosx-x86_64/jdk8u131/8869/hotspot/src/share/vm/prims/jni.cpp, line 709]
Event: 0.305 Thread 0x00007fc081801800 Exception <a 'java/io/FileNotFoundException'> (0x000000079580f4b8) thrown at [/Users/java_re/workspace/8-2-build-macosx-x86_64/jdk8u131/8869/hotspot/src/share/vm/prims/jni.cpp, line 709]
Event: 0.395 Thread 0x00007fc081801800 Exception <a 'java/io/FileNotFoundException'> (0x000000079594c438) thrown at [/Users/java_re/workspace/8-2-build-macosx-x86_64/jdk8u131/8869/hotspot/src/share/vm/prims/jni.cpp, line 709]
Event: 2.072 Thread 0x00007fc081467000 Exception <a 'java/lang/UnsatisfiedLinkError': com.jogamp.common.util.JarUtil.fixNativeLibAttribs(Ljava/lang/String;)Z> (0x0000000796bdaa80) thrown at [/Users/java_re/workspace/8-2-build-macosx-x86_64/jdk8u131/8869/hotspot/src/share/vm/prims/nativeLookup.
Event: 2.308 Thread 0x00007fc08101d800 Exception <a 'java/lang/NullPointerException'> (0x00000007956a4a88) thrown at [/Users/java_re/workspace/8-2-build-macosx-x86_64/jdk8u131/8869/hotspot/src/share/vm/interpreter/linkResolver.cpp, line 1197]
Event: 2.831 Thread 0x00007fc080ca2800 Exception <a 'java/io/FileNotFoundException'> (0x0000000795eb4f00) thrown at [/Users/java_re/workspace/8-2-build-macosx-x86_64/jdk8u131/8869/hotspot/src/share/vm/prims/jni.cpp, line 709]
Event: 2.831 Thread 0x00007fc080ca2800 Exception <a 'java/io/FileNotFoundException'> (0x0000000795ebaf30) thrown at [/Users/java_re/workspace/8-2-build-macosx-x86_64/jdk8u131/8869/hotspot/src/share/vm/prims/jni.cpp, line 709]
Event: 2.831 Thread 0x00007fc080ca2800 Implicit null exception at 0x0000000104ee62f6 to 0x0000000104ee66c1
Event: 4.232 Thread 0x00007fc080ca2800 Implicit null exception at 0x00000001050c3506 to 0x00000001050c374d
Event: 4.251 Thread 0x00007fc081b7f800 Implicit null exception at 0x0000000104eea0b5 to 0x0000000104eea479

Events (10 events):
Event: 1071.944 Thread 0x00007fc081502800 DEOPT PACKING pc=0x00000001053ef5bc sp=0x000070000a4ff7e0
Event: 1071.944 Thread 0x00007fc081502800 DEOPT UNPACKING pc=0x0000000104d08229 sp=0x000070000a4ff7a0 mode 2
Event: 1071.944 loading class java/awt/Window$1DisposeAction
Event: 1071.944 loading class java/awt/Window$1DisposeAction done
Event: 1071.944 Thread 0x00007fc080ca2800 Uncommon trap: trap_request=0xffffffde fr.pc=0x0000000105593c38
Event: 1071.944 Thread 0x00007fc080ca2800 DEOPT PACKING pc=0x0000000105593c38 sp=0x000070000a377fd0
Event: 1071.944 Thread 0x00007fc080ca2800 DEOPT UNPACKING pc=0x0000000104d08229 sp=0x000070000a377e68 mode 2
Event: 1071.952 Thread 0x00007fc082049000 Uncommon trap: trap_request=0xffffffde fr.pc=0x00000001050c2c80
Event: 1071.952 Thread 0x00007fc082049000 DEOPT PACKING pc=0x00000001050c2c80 sp=0x00007fff5e33b710
Event: 1071.952 Thread 0x00007fc082049000 DEOPT UNPACKING pc=0x0000000104d08229 sp=0x00007fff5e33b6b8 mode 2


Dynamic libraries:
0x00000000110d3000 	/System/Library/Frameworks/Cocoa.framework/Versions/A/Cocoa
0x00000000110d3000 	/System/Library/Frameworks/Security.framework/Versions/A/Security
0x00000000110d3000 	/System/Library/Frameworks/ApplicationServices.framework/Versions/A/ApplicationServices
0x00000000110d3000 	/usr/lib/libz.1.dylib
0x00000000110d3000 	/usr/lib/libSystem.B.dylib
0x00000000110d3000 	/usr/lib/libobjc.A.dylib
0x00000000110d3000 	/System/Library/Frameworks/CoreFoundation.framework/Versions/A/CoreFoundation
0x00000000110d3000 	/System/Library/Frameworks/Foundation.framework/Versions/C/Foundation
0x00000000110d3000 	/System/Library/Frameworks/AppKit.framework/Versions/C/AppKit
0x00000000110d3000 	/System/Library/Frameworks/CoreData.framework/Versions/A/CoreData
0x00000000110d3000 	/System/Library/PrivateFrameworks/RemoteViewServices.framework/Versions/A/RemoteViewServices
0x00000000110d3000 	/System/Library/PrivateFrameworks/UIFoundation.framework/Versions/A/UIFoundation
0x00000000110d3000 	/System/Library/PrivateFrameworks/DFRFoundation.framework/Versions/A/DFRFoundation
0x00000000110d3000 	/usr/lib/libenergytrace.dylib
0x00000000110d3000 	/System/Library/PrivateFrameworks/SkyLight.framework/Versions/A/SkyLight
0x00000000110d3000 	/System/Library/Frameworks/CoreGraphics.framework/Versions/A/CoreGraphics
0x00000000110d3000 	/usr/lib/libScreenReader.dylib
0x00000000110d3000 	/System/Library/Frameworks/Accelerate.framework/Versions/A/Accelerate
0x00000000110d3000 	/System/Library/Frameworks/IOSurface.framework/Versions/A/IOSurface
0x00000000110d3000 	/System/Library/Frameworks/AudioToolbox.framework/Versions/A/AudioToolbox
0x00000000110d3000 	/System/Library/Frameworks/AudioUnit.framework/Versions/A/AudioUnit
0x00000000110d3000 	/System/Library/PrivateFrameworks/DataDetectorsCore.framework/Versions/A/DataDetectorsCore
0x00000000110d3000 	/System/Library/PrivateFrameworks/DesktopServicesPriv.framework/Versions/A/DesktopServicesPriv
0x00000000110d3000 	/System/Library/Frameworks/Carbon.framework/Versions/A/Frameworks/HIToolbox.framework/Versions/A/HIToolbox
0x00000000110d3000 	/usr/lib/libicucore.A.dylib
0x00000000110d3000 	/System/Library/Frameworks/QuartzCore.framework/Versions/A/QuartzCore
0x00000000110d3000 	/System/Library/Frameworks/Carbon.framework/Versions/A/Frameworks/SpeechRecognition.framework/Versions/A/SpeechRecognition
0x00000000110d3000 	/usr/lib/libauto.dylib
0x00000000110d3000 	/usr/lib/libxml2.2.dylib
0x00000000110d3000 	/System/Library/PrivateFrameworks/CoreUI.framework/Versions/A/CoreUI
0x00000000110d3000 	/System/Library/Frameworks/CoreAudio.framework/Versions/A/CoreAudio
0x00000000110d3000 	/System/Library/Frameworks/DiskArbitration.framework/Versions/A/DiskArbitration
0x00000000110d3000 	/usr/lib/liblangid.dylib
0x00000000110d3000 	/System/Library/PrivateFrameworks/MultitouchSupport.framework/Versions/A/MultitouchSupport
0x00000000110d3000 	/System/Library/Frameworks/IOKit.framework/Versions/A/IOKit
0x00000000110d3000 	/usr/lib/libDiagnosticMessagesClient.dylib
0x00000000110d3000 	/System/Library/Frameworks/CoreServices.framework/Versions/A/CoreServices
0x00000000110d3000 	/System/Library/PrivateFrameworks/PerformanceAnalysis.framework/Versions/A/PerformanceAnalysis
0x00000000110d3000 	/System/Library/PrivateFrameworks/GenerationalStorage.framework/Versions/A/GenerationalStorage
0x00000000110d3000 	/System/Library/Frameworks/OpenGL.framework/Versions/A/OpenGL
0x00000000110d3000 	/System/Library/Frameworks/CoreImage.framework/Versions/A/CoreImage
0x00000000110d3000 	/System/Library/Frameworks/CoreText.framework/Versions/A/CoreText
0x00000000110d3000 	/System/Library/Frameworks/ImageIO.framework/Versions/A/ImageIO
0x00000000110d3000 	/System/Library/PrivateFrameworks/Backup.framework/Versions/A/Backup
0x00000000110d3000 	/usr/lib/libarchive.2.dylib
0x00000000110d3000 	/System/Library/Frameworks/CFNetwork.framework/Versions/A/CFNetwork
0x00000000110d3000 	/System/Library/Frameworks/SystemConfiguration.framework/Versions/A/SystemConfiguration
0x00000000110d3000 	/usr/lib/libCRFSuite.dylib
0x00000000110d3000 	/usr/lib/libc++.1.dylib
0x00000000110d3000 	/usr/lib/libc++abi.dylib
0x00000000110d3000 	/usr/lib/system/libcache.dylib
0x00000000110d3000 	/usr/lib/system/libcommonCrypto.dylib
0x00000000110d3000 	/usr/lib/system/libcompiler_rt.dylib
0x00000000110d3000 	/usr/lib/system/libcopyfile.dylib
0x00000000110d3000 	/usr/lib/system/libcorecrypto.dylib
0x00000000110d3000 	/usr/lib/system/libdispatch.dylib
0x00000000110d3000 	/usr/lib/system/libdyld.dylib
0x00000000110d3000 	/usr/lib/system/libkeymgr.dylib
0x00000000110d3000 	/usr/lib/system/liblaunch.dylib
0x00000000110d3000 	/usr/lib/system/libmacho.dylib
0x00000000110d3000 	/usr/lib/system/libquarantine.dylib
0x00000000110d3000 	/usr/lib/system/libremovefile.dylib
0x00000000110d3000 	/usr/lib/system/libsystem_asl.dylib
0x00000000110d3000 	/usr/lib/system/libsystem_blocks.dylib
0x00000000110d3000 	/usr/lib/system/libsystem_c.dylib
0x00000000110d3000 	/usr/lib/system/libsystem_configuration.dylib
0x00000000110d3000 	/usr/lib/system/libsystem_coreservices.dylib
0x00000000110d3000 	/usr/lib/system/libsystem_coretls.dylib
0x00000000110d3000 	/usr/lib/system/libsystem_dnssd.dylib
0x00000000110d3000 	/usr/lib/system/libsystem_info.dylib
0x00000000110d3000 	/usr/lib/system/libsystem_kernel.dylib
0x00000000110d3000 	/usr/lib/system/libsystem_m.dylib
0x00000000110d3000 	/usr/lib/system/libsystem_malloc.dylib
0x00000000110d3000 	/usr/lib/system/libsystem_network.dylib
0x00000000110d3000 	/usr/lib/system/libsystem_networkextension.dylib
0x00000000110d3000 	/usr/lib/system/libsystem_notify.dylib
0x00000000110d3000 	/usr/lib/system/libsystem_platform.dylib
0x00000000110d3000 	/usr/lib/system/libsystem_pthread.dylib
0x00000000110d3000 	/usr/lib/system/libsystem_sandbox.dylib
0x00000000110d3000 	/usr/lib/system/libsystem_secinit.dylib
0x00000000110d3000 	/usr/lib/system/libsystem_symptoms.dylib
0x00000000110d3000 	/usr/lib/system/libsystem_trace.dylib
0x00000000110d3000 	/usr/lib/system/libunwind.dylib
0x00000000110d3000 	/usr/lib/system/libxpc.dylib
0x00000000110d3000 	/usr/lib/libbsm.0.dylib
0x00000000110d3000 	/usr/lib/system/libkxld.dylib
0x00000000110d3000 	/usr/lib/libcoretls.dylib
0x00000000110d3000 	/usr/lib/libcoretls_cfhelpers.dylib
0x00000000110d3000 	/usr/lib/libOpenScriptingUtil.dylib
0x00000000110d3000 	/usr/lib/libpam.2.dylib
0x00000000110d3000 	/usr/lib/libsqlite3.dylib
0x00000000110d3000 	/usr/lib/libxar.1.dylib
0x00000000110d3000 	/usr/lib/libbz2.1.0.dylib
0x00000000110d3000 	/usr/lib/liblzma.5.dylib
0x00000000110d3000 	/usr/lib/libnetwork.dylib
0x00000000110d3000 	/usr/lib/libpcap.A.dylib
0x00000000110d3000 	/System/Library/Frameworks/CoreServices.framework/Versions/A/Frameworks/FSEvents.framework/Versions/A/FSEvents
0x00000000110d3000 	/System/Library/Frameworks/CoreServices.framework/Versions/A/Frameworks/CarbonCore.framework/Versions/A/CarbonCore
0x00000000110d3000 	/System/Library/Frameworks/CoreServices.framework/Versions/A/Frameworks/Metadata.framework/Versions/A/Metadata
0x00000000110d3000 	/System/Library/Frameworks/CoreServices.framework/Versions/A/Frameworks/OSServices.framework/Versions/A/OSServices
0x00000000110d3000 	/System/Library/Frameworks/CoreServices.framework/Versions/A/Frameworks/SearchKit.framework/Versions/A/SearchKit
0x00000000110d3000 	/System/Library/Frameworks/CoreServices.framework/Versions/A/Frameworks/AE.framework/Versions/A/AE
0x00000000110d3000 	/System/Library/Frameworks/CoreServices.framework/Versions/A/Frameworks/LaunchServices.framework/Versions/A/LaunchServices
0x00000000110d3000 	/System/Library/Frameworks/CoreServices.framework/Versions/A/Frameworks/DictionaryServices.framework/Versions/A/DictionaryServices
0x00000000110d3000 	/System/Library/Frameworks/CoreServices.framework/Versions/A/Frameworks/SharedFileList.framework/Versions/A/SharedFileList
0x00000000110d3000 	/System/Library/Frameworks/NetFS.framework/Versions/A/NetFS
0x00000000110d3000 	/System/Library/PrivateFrameworks/NetAuth.framework/Versions/A/NetAuth
0x00000000110d3000 	/System/Library/PrivateFrameworks/login.framework/Versions/A/Frameworks/loginsupport.framework/Versions/A/loginsupport
0x00000000110d3000 	/System/Library/PrivateFrameworks/TCC.framework/Versions/A/TCC
0x00000000110d3000 	/usr/lib/libmecabra.dylib
0x00000000110d3000 	/System/Library/Frameworks/ApplicationServices.framework/Versions/A/Frameworks/ATS.framework/Versions/A/ATS
0x00000000110d3000 	/System/Library/Frameworks/ApplicationServices.framework/Versions/A/Frameworks/ColorSync.framework/Versions/A/ColorSync
0x00000000110d3000 	/System/Library/Frameworks/ApplicationServices.framework/Versions/A/Frameworks/HIServices.framework/Versions/A/HIServices
0x00000000110d3000 	/System/Library/Frameworks/ApplicationServices.framework/Versions/A/Frameworks/LangAnalysis.framework/Versions/A/LangAnalysis
0x00000000110d3000 	/System/Library/Frameworks/ApplicationServices.framework/Versions/A/Frameworks/PrintCore.framework/Versions/A/PrintCore
0x00000000110d3000 	/System/Library/Frameworks/ApplicationServices.framework/Versions/A/Frameworks/QD.framework/Versions/A/QD
0x00000000110d3000 	/System/Library/Frameworks/ApplicationServices.framework/Versions/A/Frameworks/SpeechSynthesis.framework/Versions/A/SpeechSynthesis
0x00000000110d3000 	/System/Library/Frameworks/Accelerate.framework/Versions/A/Frameworks/vImage.framework/Versions/A/vImage
0x00000000110d3000 	/System/Library/Frameworks/Accelerate.framework/Versions/A/Frameworks/vecLib.framework/Versions/A/vecLib
0x00000000110d3000 	/System/Library/Frameworks/Accelerate.framework/Versions/A/Frameworks/vecLib.framework/Versions/A/libvDSP.dylib
0x00000000110d3000 	/System/Library/Frameworks/Accelerate.framework/Versions/A/Frameworks/vecLib.framework/Versions/A/libBNNS.dylib
0x00000000110d3000 	/System/Library/Frameworks/Accelerate.framework/Versions/A/Frameworks/vecLib.framework/Versions/A/libQuadrature.dylib
0x00000000110d3000 	/System/Library/Frameworks/Accelerate.framework/Versions/A/Frameworks/vecLib.framework/Versions/A/libvMisc.dylib
0x00000000110d3000 	/System/Library/Frameworks/Accelerate.framework/Versions/A/Frameworks/vecLib.framework/Versions/A/libLAPACK.dylib
0x00000000110d3000 	/System/Library/Frameworks/Accelerate.framework/Versions/A/Frameworks/vecLib.framework/Versions/A/libBLAS.dylib
0x00000000110d3000 	/System/Library/Frameworks/Accelerate.framework/Versions/A/Frameworks/vecLib.framework/Versions/A/libLinearAlgebra.dylib
0x00000000110d3000 	/System/Library/Frameworks/Accelerate.framework/Versions/A/Frameworks/vecLib.framework/Versions/A/libSparseBLAS.dylib
0x00000000110d3000 	/System/Library/Frameworks/ApplicationServices.framework/Versions/A/Frameworks/ATS.framework/Versions/A/Resources/libFontParser.dylib
0x00000000110d3000 	/System/Library/Frameworks/ApplicationServices.framework/Versions/A/Frameworks/ATS.framework/Versions/A/Resources/libFontRegistry.dylib
0x00000000110d3000 	/System/Library/Frameworks/ImageIO.framework/Versions/A/Resources/libJPEG.dylib
0x00000000110d3000 	/System/Library/Frameworks/ImageIO.framework/Versions/A/Resources/libTIFF.dylib
0x00000000110d3000 	/System/Library/Frameworks/ImageIO.framework/Versions/A/Resources/libPng.dylib
0x00000000110d3000 	/System/Library/Frameworks/ImageIO.framework/Versions/A/Resources/libGIF.dylib
0x00000000110d3000 	/System/Library/Frameworks/ImageIO.framework/Versions/A/Resources/libJP2.dylib
0x00000000110d3000 	/System/Library/Frameworks/ImageIO.framework/Versions/A/Resources/libRadiance.dylib
0x00000000110d3000 	/usr/lib/libcompression.dylib
0x00000000110d3000 	/System/Library/PrivateFrameworks/AppleJPEG.framework/Versions/A/AppleJPEG
0x00000000110d3000 	/usr/lib/libcups.2.dylib
0x00000000110d3000 	/System/Library/Frameworks/Kerberos.framework/Versions/A/Kerberos
0x00000000110d3000 	/System/Library/Frameworks/GSS.framework/Versions/A/GSS
0x00000000110d3000 	/usr/lib/libresolv.9.dylib
0x00000000110d3000 	/usr/lib/libiconv.2.dylib
0x00000000110d3000 	/System/Library/PrivateFrameworks/Heimdal.framework/Versions/A/Heimdal
0x00000000110d3000 	/usr/lib/libheimdal-asn1.dylib
0x00000000110d3000 	/System/Library/Frameworks/OpenDirectory.framework/Versions/A/OpenDirectory
0x00000000110d3000 	/System/Library/PrivateFrameworks/CommonAuth.framework/Versions/A/CommonAuth
0x00000000110d3000 	/System/Library/Frameworks/OpenDirectory.framework/Versions/A/Frameworks/CFOpenDirectory.framework/Versions/A/CFOpenDirectory
0x00000000110d3000 	/System/Library/Frameworks/SecurityFoundation.framework/Versions/A/SecurityFoundation
0x00000000110d3000 	/System/Library/PrivateFrameworks/LanguageModeling.framework/Versions/A/LanguageModeling
0x00000000110d3000 	/usr/lib/libmarisa.dylib
0x00000000110d3000 	/usr/lib/libChineseTokenizer.dylib
0x00000000110d3000 	/usr/lib/libcmph.dylib
0x00000000110d3000 	/System/Library/PrivateFrameworks/CoreEmoji.framework/Versions/A/CoreEmoji
0x00000000110d3000 	/System/Library/Frameworks/ServiceManagement.framework/Versions/A/ServiceManagement
0x00000000110d3000 	/usr/lib/libxslt.1.dylib
0x00000000110d3000 	/System/Library/Frameworks/Carbon.framework/Versions/A/Frameworks/Ink.framework/Versions/A/Ink
0x00000000110d3000 	/System/Library/PrivateFrameworks/TextureIO.framework/Versions/A/TextureIO
0x00000000110d3000 	/System/Library/Frameworks/Metal.framework/Versions/A/Metal
0x00000000110d3000 	/usr/lib/libate.dylib
0x00000000110d3000 	/System/Library/PrivateFrameworks/GPUCompiler.framework/libmetal_timestamp.dylib
0x00000000110d3000 	/System/Library/Frameworks/OpenGL.framework/Versions/A/Libraries/libCoreFSCache.dylib
0x00000000110d3000 	/System/Library/PrivateFrameworks/IOAccelerator.framework/Versions/A/IOAccelerator
0x00000000110d3000 	/System/Library/Frameworks/CoreVideo.framework/Versions/A/CoreVideo
0x00000000110d3000 	/usr/lib/libFosl_dynamic.dylib
0x00000000110d3000 	/System/Library/PrivateFrameworks/MetalPerformanceShaders.framework/Versions/A/MetalPerformanceShaders
0x00000000110d3000 	/System/Library/PrivateFrameworks/FaceCore.framework/Versions/A/FaceCore
0x00000000110d3000 	/System/Library/Frameworks/OpenCL.framework/Versions/A/OpenCL
0x00000000110d3000 	/System/Library/Frameworks/OpenGL.framework/Versions/A/Libraries/libGLU.dylib
0x00000000110d3000 	/System/Library/Frameworks/OpenGL.framework/Versions/A/Libraries/libGFXShared.dylib
0x00000000110d3000 	/System/Library/Frameworks/OpenGL.framework/Versions/A/Libraries/libGL.dylib
0x00000000110d3000 	/System/Library/Frameworks/OpenGL.framework/Versions/A/Libraries/libGLImage.dylib
0x00000000110d3000 	/System/Library/Frameworks/OpenGL.framework/Versions/A/Libraries/libCVMSPluginSupport.dylib
0x00000000110d3000 	/System/Library/Frameworks/OpenGL.framework/Versions/A/Libraries/libCoreVMClient.dylib
0x00000000110d3000 	/System/Library/PrivateFrameworks/CrashReporterSupport.framework/Versions/A/CrashReporterSupport
0x00000000110d3000 	/System/Library/PrivateFrameworks/Sharing.framework/Versions/A/Sharing
0x00000000110d3000 	/System/Library/PrivateFrameworks/IconServices.framework/Versions/A/IconServices
0x00000000110d3000 	/System/Library/PrivateFrameworks/ProtocolBuffer.framework/Versions/A/ProtocolBuffer
0x00000000110d3000 	/System/Library/PrivateFrameworks/Apple80211.framework/Versions/A/Apple80211
0x00000000110d3000 	/System/Library/Frameworks/CoreWLAN.framework/Versions/A/CoreWLAN
0x00000000110d3000 	/System/Library/PrivateFrameworks/CoreUtils.framework/Versions/A/CoreUtils
0x00000000110d3000 	/System/Library/Frameworks/IOBluetooth.framework/Versions/A/IOBluetooth
0x00000000110d3000 	/System/Library/PrivateFrameworks/CoreWiFi.framework/Versions/A/CoreWiFi
0x00000000110d3000 	/System/Library/Frameworks/CoreBluetooth.framework/Versions/A/CoreBluetooth
0x00000000110d3000 	/System/Library/Frameworks/CoreDisplay.framework/Versions/A/CoreDisplay
0x00000000110d3000 	/System/Library/PrivateFrameworks/IOPresentment.framework/Versions/A/IOPresentment
0x00000000110d3000 	/System/Library/PrivateFrameworks/DSExternalDisplay.framework/Versions/A/DSExternalDisplay
0x00000000110d3000 	/System/Library/PrivateFrameworks/DebugSymbols.framework/Versions/A/DebugSymbols
0x00000000110d3000 	/System/Library/PrivateFrameworks/CoreSymbolication.framework/Versions/A/CoreSymbolication
0x00000000110d3000 	/System/Library/PrivateFrameworks/Symbolication.framework/Versions/A/Symbolication
0x00000000110d3000 	/System/Library/PrivateFrameworks/AppleFSCompression.framework/Versions/A/AppleFSCompression
0x00000000110d3000 	/System/Library/PrivateFrameworks/SpeechRecognitionCore.framework/Versions/A/SpeechRecognitionCore
0x00000000110d3000 	/System/Library/PrivateFrameworks/ChunkingLibrary.framework/Versions/A/ChunkingLibrary
0x000000010193d000 	/Library/Java/JavaVirtualMachines/jdk1.8.0_131.jdk/Contents/Home/jre/lib/server/libjvm.dylib
0x00000000110d3000 	/usr/lib/libstdc++.6.dylib
0x00000001028e0000 	/Library/Java/JavaVirtualMachines/jdk1.8.0_131.jdk/Contents/Home/jre/lib/libverify.dylib
0x00000001028ee000 	/Library/Java/JavaVirtualMachines/jdk1.8.0_131.jdk/Contents/Home/jre/lib/libjava.dylib
0x000000010292d000 	/Library/Java/JavaVirtualMachines/jdk1.8.0_131.jdk/Contents/Home/jre/lib/libzip.dylib
0x00000001029e2000 	/System/Library/Frameworks/JavaVM.framework/Frameworks/JavaRuntimeSupport.framework/JavaRuntimeSupport
0x0000000118b43000 	/System/Library/Frameworks/JavaVM.framework/Versions/A/Frameworks/JavaNativeFoundation.framework/Versions/A/JavaNativeFoundation
0x0000000118b58000 	/System/Library/Frameworks/JavaVM.framework/Versions/A/JavaVM
0x00000000110d3000 	/System/Library/Frameworks/Carbon.framework/Versions/A/Carbon
0x0000000118b65000 	/System/Library/PrivateFrameworks/JavaLaunching.framework/Versions/A/JavaLaunching
0x00000000110d3000 	/System/Library/Frameworks/Carbon.framework/Versions/A/Frameworks/CommonPanels.framework/Versions/A/CommonPanels
0x00000000110d3000 	/System/Library/Frameworks/Carbon.framework/Versions/A/Frameworks/Help.framework/Versions/A/Help
0x00000000110d3000 	/System/Library/Frameworks/Carbon.framework/Versions/A/Frameworks/ImageCapture.framework/Versions/A/ImageCapture
0x00000000110d3000 	/System/Library/Frameworks/Carbon.framework/Versions/A/Frameworks/OpenScripting.framework/Versions/A/OpenScripting
0x00000000110d3000 	/System/Library/Frameworks/Carbon.framework/Versions/A/Frameworks/Print.framework/Versions/A/Print
0x00000000110d3000 	/System/Library/Frameworks/Carbon.framework/Versions/A/Frameworks/SecurityHI.framework/Versions/A/SecurityHI
0x000000011a470000 	/Library/Java/JavaVirtualMachines/jdk1.8.0_131.jdk/Contents/Home/jre/lib/libawt.dylib
0x000000011a518000 	/Library/Java/JavaVirtualMachines/jdk1.8.0_131.jdk/Contents/Home/jre/lib/./libmlib_image.dylib
0x000000011a5e4000 	/Library/Java/JavaVirtualMachines/jdk1.8.0_131.jdk/Contents/Home/jre/lib/libawt_lwawt.dylib
0x000000011a69b000 	/Library/Java/JavaVirtualMachines/jdk1.8.0_131.jdk/Contents/Home/jre/lib/./libosxapp.dylib
0x00000000110d3000 	/System/Library/Frameworks/ExceptionHandling.framework/Versions/A/ExceptionHandling
0x00000000110d3000 	/System/Library/PrivateFrameworks/CoreServicesInternal.framework/Versions/A/CoreServicesInternal
0x00000000110d3000 	/System/Library/CoreServices/RawCamera.bundle/Contents/MacOS/RawCamera
0x00000000110d3000 	/System/Library/Frameworks/Accelerate.framework/Versions/A/Frameworks/vImage.framework/Versions/A/Libraries/libCGInterfaces.dylib
0x00000000110d3000 	/System/Library/Frameworks/ApplicationServices.framework/Versions/A/Frameworks/ATS.framework/Versions/A/Resources/libTrueTypeScaler.dylib
0x000000011c7e1000 	/System/Library/Frameworks/OpenGL.framework/Resources/GLEngine.bundle/GLEngine
0x00000000110d3000 	/System/Library/Frameworks/OpenGL.framework/Versions/A/Libraries/libGLProgrammability.dylib
0x000000011c9c6000 	/System/Library/Extensions/AppleIntelKBLGraphicsGLDriver.bundle/Contents/MacOS/AppleIntelKBLGraphicsGLDriver
0x00000000110d3000 	/System/Library/PrivateFrameworks/GPUSupport.framework/Versions/A/Libraries/libGPUSupportMercury.dylib
0x000000011d74c000 	/System/Library/Frameworks/OpenGL.framework/Resources//GLRendererFloat.bundle/GLRendererFloat
0x00000000110d3000 	/System/Library/Frameworks/OpenCL.framework/Versions/A/Libraries/libcldcpuengine.dylib
0x00000000110d3000 	/usr/lib/libcrypto.0.9.8.dylib
0x00000000110d3000 	/System/Library/PrivateFrameworks/TrustEvaluationAgent.framework/Versions/A/TrustEvaluationAgent
0x000000011d780000 	/System/Library/Extensions/AppleIntelKBLGraphicsMTLDriver.bundle/Contents/MacOS/AppleIntelKBLGraphicsMTLDriver
0x00000000110d3000 	/System/Library/PrivateFrameworks/FamilyControls.framework/Versions/A/FamilyControls
0x00000000110d3000 	/System/Library/PrivateFrameworks/CommerceKit.framework/Versions/A/Frameworks/CommerceCore.framework/Versions/A/CommerceCore
0x00000000110d3000 	/System/Library/PrivateFrameworks/SystemAdministration.framework/Versions/A/SystemAdministration
0x00000000110d3000 	/System/Library/PrivateFrameworks/AppContainer.framework/Versions/A/AppContainer
0x00000000110d3000 	/System/Library/PrivateFrameworks/SecCodeWrapper.framework/Versions/A/SecCodeWrapper
0x00000000110d3000 	/System/Library/Frameworks/DirectoryService.framework/Versions/A/DirectoryService
0x00000000110d3000 	/System/Library/PrivateFrameworks/DiskImages.framework/Versions/A/DiskImages
0x00000000110d3000 	/System/Library/PrivateFrameworks/LoginUIKit.framework/Versions/A/Frameworks/LoginUICore.framework/Versions/A/LoginUICore
0x00000000110d3000 	/usr/lib/libCoreStorage.dylib
0x00000000110d3000 	/usr/lib/libcsfde.dylib
0x00000000110d3000 	/usr/lib/libodfde.dylib
0x00000000110d3000 	/System/Library/Frameworks/DiscRecording.framework/Versions/A/DiscRecording
0x00000000110d3000 	/usr/lib/libcurl.4.dylib
0x00000000110d3000 	/System/Library/PrivateFrameworks/MediaKit.framework/Versions/A/MediaKit
0x00000000110d3000 	/System/Library/PrivateFrameworks/ProtectedCloudStorage.framework/Versions/A/ProtectedCloudStorage
0x00000000110d3000 	/System/Library/PrivateFrameworks/EFILogin.framework/Versions/A/EFILogin
0x00000000110d3000 	/usr/lib/libutil.dylib
0x00000000110d3000 	/System/Library/Frameworks/LDAP.framework/Versions/A/LDAP
0x00000000110d3000 	/usr/lib/libsasl2.2.dylib
0x00000000110d3000 	/System/Library/PrivateFrameworks/CoreDaemon.framework/Versions/B/CoreDaemon
0x00000000110d3000 	/System/Library/PrivateFrameworks/AppleSRP.framework/Versions/A/AppleSRP
0x00000000110d3000 	/System/Library/PrivateFrameworks/APFS.framework/Versions/A/APFS
0x000000011f6fb000 	/Library/Java/JavaVirtualMachines/jdk1.8.0_131.jdk/Contents/Home/jre/lib/libfontmanager.dylib
0x00000001207c6000 	/Library/Java/JavaVirtualMachines/jdk1.8.0_131.jdk/Contents/Home/jre/lib/libosxui.dylib
0x00000000110d3000 	/System/Library/PrivateFrameworks/ViewBridge.framework/Versions/A/ViewBridge
0x00000000110d3000 	/System/Library/PrivateFrameworks/XPCService.framework/Versions/A/XPCService
0x00000000110d3000 	/System/Library/PrivateFrameworks/AppSandbox.framework/Versions/A/AppSandbox
0x00000000110d3000 	/usr/lib/libsandbox.1.dylib
0x00000000110d3000 	/usr/lib/libMatch.1.dylib
0x000000012194d000 	/Library/Java/JavaVirtualMachines/jdk1.8.0_131.jdk/Contents/Home/jre/lib/libnet.dylib
0x00000001216c1000 	/Library/Java/JavaVirtualMachines/jdk1.8.0_131.jdk/Contents/Home/jre/lib/libnio.dylib
0x0000000120853000 	/private/var/folders/mz/ddp61nqj5pgffdgcqdjxrrfh0000gn/T/jogamp_0000/file_cache/jln7236126726551289865/jln7378381622871722954/libgluegen-rt.jnilib
0x00000001207c3000 	/private/var/folders/mz/ddp61nqj5pgffdgcqdjxrrfh0000gn/T/jogamp_0000/file_cache/jln7236126726551289865/jln7378381622871722954/libnativewindow_awt.jnilib
0x0000000120857000 	/Library/Java/JavaVirtualMachines/jdk1.8.0_131.jdk/Contents/Home/jre/lib/libjawt.dylib
0x00000001208a4000 	/private/var/folders/mz/ddp61nqj5pgffdgcqdjxrrfh0000gn/T/jogamp_0000/file_cache/jln7236126726551289865/jln7378381622871722954/libnativewindow_macosx.jnilib
0x000000018a157000 	/private/var/folders/mz/ddp61nqj5pgffdgcqdjxrrfh0000gn/T/jogamp_0000/file_cache/jln7236126726551289865/jln7378381622871722954/libjogl_desktop.jnilib
0x00000001963ca000 	/Library/Java/JavaVirtualMachines/jdk1.8.0_131.jdk/Contents/Home/jre/lib/libt2k.dylib

VM Arguments:
jvm_args: -Djava.security.policy=java.policy.applet -Dfile.encoding=UTF-8 
java_command: sun.applet.AppletViewer module6.EarthquakeCityMap1501861147237.html
java_class_path (initial): /Users/litianlun/Downloads/UCSDUnfoldingMaps/build:/Users/litianlun/Downloads/UCSDUnfoldingMaps/lib/core.jar:/Users/litianlun/Downloads/UCSDUnfoldingMaps/lib/gluegen-rt.jar:/Users/litianlun/Downloads/UCSDUnfoldingMaps/lib/jogl-all.jar:/Users/litianlun/Downloads/UCSDUnfoldingMaps/lib/log4j-1.2.15.jar:/Users/litianlun/Downloads/UCSDUnfoldingMaps/lib/sqlite-jdbc-3.7.2.jar:/Users/litianlun/Downloads/UCSDUnfoldingMaps/lib/json4processing.jar:/Users/litianlun/Downloads/UCSDUnfoldingMaps/lib/libTUIO.jar:/Users/litianlun/Downloads/UCSDUnfoldingMaps/lib/unfolding.0.9.7-uscd.jar
Launcher Type: SUN_STANDARD

Environment Variables:
PATH=/usr/bin:/bin:/usr/sbin:/sbin
SHELL=/bin/bash

Signal Handlers:
SIGSEGV: [libjvm.dylib+0x5b1eb1], sa_mask[0]=11111111011111110111111111111111, sa_flags=SA_ONSTACK|SA_RESTART|SA_SIGINFO
SIGBUS: [libjvm.dylib+0x5b1eb1], sa_mask[0]=11111111011111110111111111111111, sa_flags=SA_RESTART|SA_SIGINFO
SIGFPE: [libjvm.dylib+0x488988], sa_mask[0]=11111111011111110111111111111111, sa_flags=SA_RESTART|SA_SIGINFO
SIGPIPE: [libjvm.dylib+0x488988], sa_mask[0]=11111111011111110111111111111111, sa_flags=SA_RESTART|SA_SIGINFO
SIGXFSZ: [libjvm.dylib+0x488988], sa_mask[0]=11111111011111110111111111111111, sa_flags=SA_RESTART|SA_SIGINFO
SIGILL: [libjvm.dylib+0x488988], sa_mask[0]=11111111011111110111111111111111, sa_flags=SA_RESTART|SA_SIGINFO
SIGUSR1: SIG_DFL, sa_mask[0]=00000000000000000000000000000000, sa_flags=none
SIGUSR2: [libjvm.dylib+0x4884a6], sa_mask[0]=00100000000000000000000000000000, sa_flags=SA_RESTART|SA_SIGINFO
SIGHUP: [libjvm.dylib+0x486a7d], sa_mask[0]=11111111011111110111111111111111, sa_flags=SA_RESTART|SA_SIGINFO
SIGINT: [libjvm.dylib+0x486a7d], sa_mask[0]=11111111011111110111111111111111, sa_flags=SA_RESTART|SA_SIGINFO
SIGTERM: [libjvm.dylib+0x486a7d], sa_mask[0]=11111111011111110111111111111111, sa_flags=SA_RESTART|SA_SIGINFO
SIGQUIT: [libjvm.dylib+0x486a7d], sa_mask[0]=11111111011111110111111111111111, sa_flags=SA_RESTART|SA_SIGINFO


---------------  S Y S T E M  ---------------

OS:Bsduname:Darwin 16.7.0 Darwin Kernel Version 16.7.0: Thu Jun 15 17:36:27 PDT 2017; root:xnu-3789.70.16~2/RELEASE_X86_64 x86_64
rlimit: STACK 8192k, CORE 0k, NPROC 709, NOFILE 10240, AS infinity
load average:7.35 7.83 4.97

CPU:total 4 (initial active 4) (2 cores per cpu, 2 threads per core) family 6 model 142 stepping 9, cmov, cx8, fxsr, mmx, sse, sse2, sse3, ssse3, sse4.1, sse4.2, popcnt, avx, avx2, aes, clmul, erms, 3dnowpref, lzcnt, ht, tsc, tscinvbit, bmi1, bmi2, adx

Memory: 4k page, physical 8388608k(3312332k free)

/proc/meminfo:


vm_info: Java HotSpot(TM) 64-Bit Server VM (25.131-b11) for bsd-amd64 JRE (1.8.0_131-b11), built on Mar 15 2017 01:32:22 by "java_re" with gcc 4.2.1 (Based on Apple Inc. build 5658) (LLVM build 2336.11.00)

time: Sat Aug  5 09:13:10 2017
elapsed time: 1071 seconds (0d 0h 17m 51s)

