#
# A fatal error has been detected by the Java Runtime Environment:
#
#  SIGSEGV (0xb) at pc=0x00007fff9b35d05d, pid=3126, tid=0x0000000000000307
#
# JRE version: Java(TM) SE Runtime Environment (8.0_131-b11) (build 1.8.0_131-b11)
# Java VM: Java HotSpot(TM) 64-Bit Server VM (25.131-b11 mixed mode bsd-amd64 compressed oops)
# Problematic frame:
# C  [libobjc.A.dylib+0x705d]  objc_msgSend+0x1d
#
# Failed to write core dump. Core dumps have been disabled. To enable core dumping, try "ulimit -c unlimited" before starting Java again
#
# If you would like to submit a bug report, please visit:
#   http://bugreport.java.com/bugreport/crash.jsp
# The crash happened outside the Java Virtual Machine in native code.
# See problematic frame for where to report the bug.
#

---------------  T H R E A D  ---------------

Current thread (0x00007ff1d3895800):  JavaThread "AWT-AppKit" daemon [_thread_in_native, id=775, stack(0x00007fff51904000,0x00007fff52104000)]

siginfo: si_signo: 11 (SIGSEGV), si_code: 1 (SEGV_MAPERR), si_addr: 0x0000000000000018

Registers:
RAX=0x00007ff1d5fccbd0, RBX=0x0000000196179450, RCX=0x00007ff1d5901d30, RDX=0x0000000000000000
RSP=0x00007fff520ff3b8, RBP=0x00007fff520ff470, RSI=0x00007fff84bf1116, RDI=0x00007ff1d364a860
R8 =0x0000000000000018, R9 =0x00007ff1d5902060, R10=0x0000000000000000, R11=0x00007fff84bf1116
R12=0x0000000000000000, R13=0x000000019acada40, R14=0x0000000196179440, R15=0x00007ff1d3895800
RIP=0x00007fff9b35d05d, EFLAGS=0x0000000000010246, ERR=0x0000000000000004
  TRAPNO=0x000000000000000e

Top of Stack: (sp=0x00007fff520ff3b8)
0x00007fff520ff3b8:   0000000196177157 00007fff520ff410
0x00007fff520ff3c8:   0000000000000003 00007fff520ff3f0
0x00007fff520ff3d8:   000000010e5f36d2 000000019acada40
0x00007fff520ff3e8:   000000019acada40 00007ff1d5fccbd0
0x00007fff520ff3f8:   00000001961796a0 0000000196179710
0x00007fff520ff408:   00007fffa13c26d0 00007fffa1ff21e0
0x00007fff520ff418:   0000000196179450 0000000196179690
0x00007fff520ff428:   00007ff1d5fccbd0 00007ff1d364a860
0x00007fff520ff438:   00007ff1d3546090 00007ff1d5fccbd0
0x00007fff520ff448:   00007ff1d364a860 00007fff520ff4f8
0x00007fff520ff458:   00007ff1d38959f8 000000019acada40
0x00007fff520ff468:   00007fff520ff520 00007fff520ff4e8
0x00007fff520ff478:   00000001167dc9f4 000000019acada40
0x00007fff520ff488:   00007fff520ff520 00007fff520ff4e8
0x00007fff520ff498:   00000001167dc787 00000001167dc742
0x00007fff520ff4a8:   00007fff520ff4a8 000000019acada40
0x00007fff520ff4b8:   00007fff520ff520 000000019acb0678
0x00007fff520ff4c8:   0000000000000000 000000019acada40
0x00007fff520ff4d8:   0000000000000000 00007fff520ff508
0x00007fff520ff4e8:   00007fff520ff568 00000001167cd2bd
0x00007fff520ff4f8:   00000007429c9140 00000001167d6538
0x00007fff520ff508:   00007ff1d5fccbd0 00007fff520ff568
0x00007fff520ff518:   00007ff1d364a860 00000001167d7e02
0x00007fff520ff528:   00007fff520ff528 000000019acadc0a
0x00007fff520ff538:   00007fff520ff590 000000019acb0678
0x00007fff520ff548:   0000000000000000 000000019acadc18
0x00007fff520ff558:   00007fff520ff508 00007fff520ff578
0x00007fff520ff568:   00007fff520ff5d8 00000001167cd2bd
0x00007fff520ff578:   00007ff1d5fccbd0 0000000742957c08
0x00007fff520ff588:   00007ff1d364a860 0000000742957c08
0x00007fff520ff598:   00007fff520ff598 000000019c2d00f6
0x00007fff520ff5a8:   00007fff520ff5e8 000000019c2d01b0 

Instructions: (pc=0x00007fff9b35d05d)
0x00007fff9b35d03d:   0f 1f 00 48 85 ff 2e 74 62 40 f6 c7 01 2e 75 66
0x00007fff9b35d04d:   49 ba f8 ff ff ff ff 7f 00 00 4c 23 17 49 89 f3
0x00007fff9b35d05d:   45 23 5a 18 49 c1 e3 04 4d 03 5a 10 49 3b 33 75
0x00007fff9b35d06d:   04 41 ff 63 08 49 83 3b 01 76 0d 49 83 c3 10 49 

Register to memory mapping:

RAX=0x00007ff1d5fccbd0 is an unknown value
RBX=0x0000000196179450: Java_jogamp_nativewindow_macosx_OSXUtil_GetScreenRefreshRate0+0x1cf0 in /private/var/folders/mz/ddp61nqj5pgffdgcqdjxrrfh0000gn/T/jogamp_0000/file_cache/jln2330068357473144814/jln8107494854242698046/libnativewindow_macosx.jnilib at 0x0000000196172000
RCX=0x00007ff1d5901d30 is an unknown value
RDX=0x0000000000000000 is an unknown value
RSP=0x00007fff520ff3b8 is pointing into the stack for thread: 0x00007ff1d3895800
RBP=0x00007fff520ff470 is pointing into the stack for thread: 0x00007ff1d3895800
RSI=0x00007fff84bf1116: __NSStyleNameIndexTable+0x7fd5e in /System/Library/Frameworks/AppKit.framework/Versions/C/AppKit at 0x00007fff83f84000
RDI=0x00007ff1d364a860 is an unknown value
R8 =0x0000000000000018 is an unknown value
R9 =0x00007ff1d5902060 is an unknown value
R10=0x0000000000000000 is an unknown value
R11=0x00007fff84bf1116: __NSStyleNameIndexTable+0x7fd5e in /System/Library/Frameworks/AppKit.framework/Versions/C/AppKit at 0x00007fff83f84000
R12=0x0000000000000000 is an unknown value
R13={method} {0x000000019acada40} 'UnsetJAWTRootSurfaceLayer0' '(JJ)V' in 'jogamp/nativewindow/jawt/macosx/MacOSXJAWTWindow'
R14=0x0000000196179440: Java_jogamp_nativewindow_macosx_OSXUtil_GetScreenRefreshRate0+0x1ce0 in /private/var/folders/mz/ddp61nqj5pgffdgcqdjxrrfh0000gn/T/jogamp_0000/file_cache/jln2330068357473144814/jln8107494854242698046/libnativewindow_macosx.jnilib at 0x0000000196172000
R15=0x00007ff1d3895800 is a thread


Stack: [0x00007fff51904000,0x00007fff52104000],  sp=0x00007fff520ff3b8,  free space=8172k
Native frames: (J=compiled Java code, j=interpreted, Vv=VM code, C=native code)
C  [libobjc.A.dylib+0x705d]  objc_msgSend+0x1d
j  jogamp.nativewindow.jawt.macosx.MacOSXJAWTWindow.UnsetJAWTRootSurfaceLayer0(JJ)V+0
j  jogamp.nativewindow.jawt.macosx.MacOSXJAWTWindow.access$200(JJ)V+2
j  jogamp.nativewindow.jawt.macosx.MacOSXJAWTWindow$1.run()V+38
J 2330 C1 com.jogamp.common.util.RunnableTask.run()V (345 bytes) @ 0x0000000116d381f4 [0x0000000116d38060+0x194]
v  ~StubRoutines::call_stub
V  [libjvm.dylib+0x2ee5b6]
V  [libjvm.dylib+0x325765]
V  [libjvm.dylib+0x317f33]
C  [libnativewindow_macosx.jnilib+0x5326]  Java_jogamp_nativewindow_jawt_macosx_MacOSXJAWTWindow_UnsetJAWTRootSurfaceLayer0+0x2b6
C  [Foundation+0x7152a]  __NSThreadPerformPerform+0x146
C  [CoreFoundation+0xa7321]  __CFRUNLOOP_IS_CALLING_OUT_TO_A_SOURCE0_PERFORM_FUNCTION__+0x11
C  [CoreFoundation+0x88197]  __CFRunLoopDoSources0+0x1a7
C  [CoreFoundation+0x87716]  __CFRunLoopRun+0x3a6
C  [CoreFoundation+0x87114]  CFRunLoopRunSpecific+0x1a4
C  [HIToolbox+0x30ebc]  RunCurrentEventLoopInMode+0xf0
C  [HIToolbox+0x30bf9]  ReceiveNextEventCommon+0xb8
C  [HIToolbox+0x30b26]  _BlockUntilNextEventMatchingListInModeWithFilter+0x47
C  [AppKit+0x46a54]  _DPSNextEvent+0x460
C  [AppKit+0x7c27ee]  -[NSApplication(NSEvent) _nextEventMatchingEventMask:untilDate:inMode:dequeue:]+0xaec
C  [libosxapp.dylib+0x23aa]  -[NSApplicationAWT nextEventMatchingMask:untilDate:inMode:dequeue:]+0x7c
C  [AppKit+0x3b3db]  -[NSApplication run]+0x39e
C  [libosxapp.dylib+0x214d]  +[NSApplicationAWT runAWTLoopWithApp:]+0x9c
C  [libawt_lwawt.dylib+0x45edf]  -[AWTStarter starter:]+0x389
C  [Foundation+0x7152a]  __NSThreadPerformPerform+0x146
C  [CoreFoundation+0xa7321]  __CFRUNLOOP_IS_CALLING_OUT_TO_A_SOURCE0_PERFORM_FUNCTION__+0x11
C  [CoreFoundation+0x8821d]  __CFRunLoopDoSources0+0x22d
C  [CoreFoundation+0x87716]  __CFRunLoopRun+0x3a6
C  [CoreFoundation+0x87114]  CFRunLoopRunSpecific+0x1a4
C  [java+0x6465]  CreateExecutionEnvironment+0x367
C  [java+0x218c]  JLI_Launch+0x7a0
C  [java+0x84c2]  main+0x65
C  [java+0x19e4]  start+0x34
C  0x0000000000000007

Java frames: (J=compiled Java code, j=interpreted, Vv=VM code)
j  jogamp.nativewindow.jawt.macosx.MacOSXJAWTWindow.UnsetJAWTRootSurfaceLayer0(JJ)V+0
j  jogamp.nativewindow.jawt.macosx.MacOSXJAWTWindow.access$200(JJ)V+2
j  jogamp.nativewindow.jawt.macosx.MacOSXJAWTWindow$1.run()V+38
J 2330 C1 com.jogamp.common.util.RunnableTask.run()V (345 bytes) @ 0x0000000116d381f4 [0x0000000116d38060+0x194]
v  ~StubRoutines::call_stub

---------------  P R O C E S S  ---------------

Java Threads: ( => current thread )
  0x00007ff1dabaa000 JavaThread "Thread-104" [_thread_blocked, id=25867, stack(0x00007000048a8000,0x00007000049a8000)]
  0x00007ff1d44c2800 JavaThread "AWT-EventQueue-1" [_thread_in_native, id=65711, stack(0x0000700004722000,0x0000700004822000)]
  0x00007ff1d398d000 JavaThread "DestroyJavaVM" [_thread_blocked, id=7171, stack(0x00007000030da000,0x00007000031da000)]
  0x00007ff1d3982800 JavaThread "AWT-EventQueue-0" [_thread_blocked, id=61971, stack(0x000070000451c000,0x000070000461c000)]
  0x00007ff1d425c800 JavaThread "Java2D Disposer" daemon [_thread_blocked, id=58139, stack(0x0000700004293000,0x0000700004393000)]
  0x00007ff1d492c000 JavaThread "Java2D Queue Flusher" daemon [_thread_blocked, id=58379, stack(0x0000700004190000,0x0000700004290000)]
  0x00007ff1d5031000 JavaThread "AWT-Shutdown" [_thread_blocked, id=30495, stack(0x0000700003f87000,0x0000700004087000)]
=>0x00007ff1d3895800 JavaThread "AWT-AppKit" daemon [_thread_in_native, id=775, stack(0x00007fff51904000,0x00007fff52104000)]
  0x00007ff1d403c000 JavaThread "Service Thread" daemon [_thread_blocked, id=18435, stack(0x0000700003cfe000,0x0000700003dfe000)]
  0x00007ff1d5001000 JavaThread "C1 CompilerThread2" daemon [_thread_blocked, id=17923, stack(0x0000700003bfb000,0x0000700003cfb000)]
  0x00007ff1d4033800 JavaThread "C2 CompilerThread1" daemon [_thread_blocked, id=17411, stack(0x0000700003af8000,0x0000700003bf8000)]
  0x00007ff1d4032000 JavaThread "C2 CompilerThread0" daemon [_thread_blocked, id=16899, stack(0x00007000039f5000,0x0000700003af5000)]
  0x00007ff1d4016800 JavaThread "Signal Dispatcher" daemon [_thread_blocked, id=16387, stack(0x00007000038f2000,0x00007000039f2000)]
  0x00007ff1d4829800 JavaThread "Finalizer" daemon [_thread_blocked, id=12547, stack(0x00007000037ef000,0x00007000038ef000)]
  0x00007ff1d4826800 JavaThread "Reference Handler" daemon [_thread_blocked, id=12035, stack(0x00007000036ec000,0x00007000037ec000)]

Other Threads:
  0x00007ff1d4826000 VMThread [stack: 0x00007000035e9000,0x00007000036e9000] [id=11523]
  0x00007ff1d381a000 WatcherThread [stack: 0x0000700003e01000,0x0000700003f01000] [id=18947]

VM state:not at safepoint (normal execution)

VM Mutex/Monitor currently owned by a thread: None

Heap:
 PSYoungGen      total 294400K, used 101708K [0x0000000795580000, 0x00000007b3100000, 0x00000007c0000000)
  eden space 265728K, 38% used [0x0000000795580000,0x000000079b8d31f8,0x00000007a5900000)
  from space 28672K, 0% used [0x00000007a5900000,0x00000007a5900000,0x00000007a7500000)
  to   space 30720K, 0% used [0x00000007b1300000,0x00000007b1300000,0x00000007b3100000)
 ParOldGen       total 137728K, used 75415K [0x0000000740000000, 0x0000000748680000, 0x0000000795580000)
  object space 137728K, 54% used [0x0000000740000000,0x00000007449a5d18,0x0000000748680000)
 Metaspace       used 19860K, capacity 20215K, committed 20608K, reserved 1067008K
  class space    used 1956K, capacity 2054K, committed 2176K, reserved 1048576K

Card table byte_map: [0x000000010f763000,0x000000010fb64000] byte_map_base: 0x000000010bd63000

Marking Bits: (ParMarkBitMap*) 0x000000010ecf1ea0
 Begin Bits: [0x000000010fe0f000, 0x0000000111e0f000)
 End Bits:   [0x0000000111e0f000, 0x0000000113e0f000)

Polling page: 0x000000010dbbc000

CodeCache: size=245760Kb used=8503Kb max_used=8503Kb free=237256Kb
 bounds [0x00000001167c5000, 0x0000000117035000, 0x00000001257c5000]
 total_blobs=3361 nmethods=2464 adapters=810
 compilation: enabled

Compilation events (10 events):
Event: 40.237 Thread 0x00007ff1d5001000 2916       1       sun.java2d.SurfaceData::isValid (5 bytes)
Event: 40.238 Thread 0x00007ff1d5001000 nmethod 2916 0x0000000116fe9950 code [0x0000000116fe9aa0, 0x0000000116fe9bb0]
Event: 40.330 Thread 0x00007ff1d4032000 2918  s    4       sun.misc.URLClassPath::getNextLoader (88 bytes)
Event: 40.334 Thread 0x00007ff1d4033800 2919  s!   4       sun.misc.URLClassPath::getLoader (243 bytes)
Event: 40.334 Thread 0x00007ff1d5001000 2920   !   3       sun.misc.URLClassPath$JarLoader::getResource (353 bytes)
Event: 40.339 Thread 0x00007ff1d5001000 nmethod 2920 0x0000000117017a50 code [0x0000000117017e80, 0x000000011701a058]
Event: 40.342 Thread 0x00007ff1d5001000 2921   !   3       java.awt.KeyboardFocusManager::processCurrentLightweightRequests (345 bytes)
Event: 40.343 Thread 0x00007ff1d4032000 nmethod 2918 0x000000011701dc10 code [0x000000011701dd80, 0x000000011701e4f8]
Event: 40.344 Thread 0x00007ff1d4033800 nmethod 2919 0x000000011701cf10 code [0x000000011701d080, 0x000000011701d858]
Event: 40.345 Thread 0x00007ff1d5001000 nmethod 2921 0x0000000117020910 code [0x0000000117020d60, 0x00000001170236f8]

GC Heap History (10 events):
Event: 6.623 GC heap before
{Heap before GC invocations=6 (full 0):
 PSYoungGen      total 71680K, used 71666K [0x0000000795580000, 0x00000007a1480000, 0x00000007c0000000)
  eden space 66560K, 100% used [0x0000000795580000,0x0000000799680000,0x0000000799680000)
  from space 5120K, 99% used [0x0000000799680000,0x0000000799b7cbc0,0x0000000799b80000)
  to   space 31232K, 0% used [0x000000079f600000,0x000000079f600000,0x00000007a1480000)
 ParOldGen       total 87552K, used 54028K [0x0000000740000000, 0x0000000745580000, 0x0000000795580000)
  object space 87552K, 61% used [0x0000000740000000,0x00000007434c3268,0x0000000745580000)
 Metaspace       used 19145K, capacity 19505K, committed 19840K, reserved 1067008K
  class space    used 1946K, capacity 2053K, committed 2176K, reserved 1048576K
Event: 6.638 GC heap after
Heap after GC invocations=6 (full 0):
 PSYoungGen      total 161280K, used 11779K [0x0000000795580000, 0x00000007a1180000, 0x00000007c0000000)
  eden space 133120K, 0% used [0x0000000795580000,0x0000000795580000,0x000000079d780000)
  from space 28160K, 41% used [0x000000079f600000,0x00000007a0180d30,0x00000007a1180000)
  to   space 29696K, 0% used [0x000000079d780000,0x000000079d780000,0x000000079f480000)
 ParOldGen       total 87552K, used 54036K [0x0000000740000000, 0x0000000745580000, 0x0000000795580000)
  object space 87552K, 61% used [0x0000000740000000,0x00000007434c5268,0x0000000745580000)
 Metaspace       used 19145K, capacity 19505K, committed 19840K, reserved 1067008K
  class space    used 1946K, capacity 2053K, committed 2176K, reserved 1048576K
}
Event: 14.692 GC heap before
{Heap before GC invocations=7 (full 0):
 PSYoungGen      total 161280K, used 144899K [0x0000000795580000, 0x00000007a1180000, 0x00000007c0000000)
  eden space 133120K, 100% used [0x0000000795580000,0x000000079d780000,0x000000079d780000)
  from space 28160K, 41% used [0x000000079f600000,0x00000007a0180d30,0x00000007a1180000)
  to   space 29696K, 0% used [0x000000079d780000,0x000000079d780000,0x000000079f480000)
 ParOldGen       total 87552K, used 54036K [0x0000000740000000, 0x0000000745580000, 0x0000000795580000)
  object space 87552K, 61% used [0x0000000740000000,0x00000007434c5268,0x0000000745580000)
 Metaspace       used 19404K, capacity 19767K, committed 20096K, reserved 1067008K
  class space    used 1949K, capacity 2054K, committed 2176K, reserved 1048576K
Event: 14.715 GC heap after
Heap after GC invocations=7 (full 0):
 PSYoungGen      total 162816K, used 12899K [0x0000000795580000, 0x00000007a9080000, 0x00000007c0000000)
  eden space 133120K, 0% used [0x0000000795580000,0x0000000795580000,0x000000079d780000)
  from space 29696K, 43% used [0x000000079d780000,0x000000079e418dd0,0x000000079f480000)
  to   space 28160K, 0% used [0x00000007a7500000,0x00000007a7500000,0x00000007a9080000)
 ParOldGen       total 87552K, used 56006K [0x0000000740000000, 0x0000000745580000, 0x0000000795580000)
  object space 87552K, 63% used [0x0000000740000000,0x00000007436b1870,0x0000000745580000)
 Metaspace       used 19404K, capacity 19767K, committed 20096K, reserved 1067008K
  class space    used 1949K, capacity 2054K, committed 2176K, reserved 1048576K
}
Event: 21.373 GC heap before
{Heap before GC invocations=8 (full 0):
 PSYoungGen      total 162816K, used 146019K [0x0000000795580000, 0x00000007a9080000, 0x00000007c0000000)
  eden space 133120K, 100% used [0x0000000795580000,0x000000079d780000,0x000000079d780000)
  from space 29696K, 43% used [0x000000079d780000,0x000000079e418dd0,0x000000079f480000)
  to   space 28160K, 0% used [0x00000007a7500000,0x00000007a7500000,0x00000007a9080000)
 ParOldGen       total 87552K, used 56006K [0x0000000740000000, 0x0000000745580000, 0x0000000795580000)
  object space 87552K, 63% used [0x0000000740000000,0x00000007436b1870,0x0000000745580000)
 Metaspace       used 19539K, capacity 19895K, committed 20096K, reserved 1067008K
  class space    used 1949K, capacity 2054K, committed 2176K, reserved 1048576K
Event: 21.391 GC heap after
Heap after GC invocations=8 (full 0):
 PSYoungGen      total 293888K, used 19299K [0x0000000795580000, 0x00000007a9180000, 0x00000007c0000000)
  eden space 265728K, 0% used [0x0000000795580000,0x0000000795580000,0x00000007a5900000)
  from space 28160K, 68% used [0x00000007a7500000,0x00000007a87d8f60,0x00000007a9080000)
  to   space 28672K, 0% used [0x00000007a5900000,0x00000007a5900000,0x00000007a7500000)
 ParOldGen       total 87552K, used 56238K [0x0000000740000000, 0x0000000745580000, 0x0000000795580000)
  object space 87552K, 64% used [0x0000000740000000,0x00000007436eb870,0x0000000745580000)
 Metaspace       used 19539K, capacity 19895K, committed 20096K, reserved 1067008K
  class space    used 1949K, capacity 2054K, committed 2176K, reserved 1048576K
}
Event: 33.576 GC heap before
{Heap before GC invocations=9 (full 0):
 PSYoungGen      total 293888K, used 285027K [0x0000000795580000, 0x00000007a9180000, 0x00000007c0000000)
  eden space 265728K, 100% used [0x0000000795580000,0x00000007a5900000,0x00000007a5900000)
  from space 28160K, 68% used [0x00000007a7500000,0x00000007a87d8f60,0x00000007a9080000)
  to   space 28672K, 0% used [0x00000007a5900000,0x00000007a5900000,0x00000007a7500000)
 ParOldGen       total 87552K, used 56238K [0x0000000740000000, 0x0000000745580000, 0x0000000795580000)
  object space 87552K, 64% used [0x0000000740000000,0x00000007436eb870,0x0000000745580000)
 Metaspace       used 19755K, capacity 20151K, committed 20352K, reserved 1067008K
  class space    used 1949K, capacity 2054K, committed 2176K, reserved 1048576K
Event: 33.594 GC heap after
Heap after GC invocations=9 (full 0):
 PSYoungGen      total 294400K, used 23921K [0x0000000795580000, 0x00000007b3100000, 0x00000007c0000000)
  eden space 265728K, 0% used [0x0000000795580000,0x0000000795580000,0x00000007a5900000)
  from space 28672K, 83% used [0x00000007a5900000,0x00000007a705c600,0x00000007a7500000)
  to   space 30720K, 0% used [0x00000007b1300000,0x00000007b1300000,0x00000007b3100000)
 ParOldGen       total 87552K, used 64465K [0x0000000740000000, 0x0000000745580000, 0x0000000795580000)
  object space 87552K, 73% used [0x0000000740000000,0x0000000743ef4570,0x0000000745580000)
 Metaspace       used 19755K, capacity 20151K, committed 20352K, reserved 1067008K
  class space    used 1949K, capacity 2054K, committed 2176K, reserved 1048576K
}
Event: 33.594 GC heap before
{Heap before GC invocations=10 (full 1):
 PSYoungGen      total 294400K, used 23921K [0x0000000795580000, 0x00000007b3100000, 0x00000007c0000000)
  eden space 265728K, 0% used [0x0000000795580000,0x0000000795580000,0x00000007a5900000)
  from space 28672K, 83% used [0x00000007a5900000,0x00000007a705c600,0x00000007a7500000)
  to   space 30720K, 0% used [0x00000007b1300000,0x00000007b1300000,0x00000007b3100000)
 ParOldGen       total 87552K, used 64465K [0x0000000740000000, 0x0000000745580000, 0x0000000795580000)
  object space 87552K, 73% used [0x0000000740000000,0x0000000743ef4570,0x0000000745580000)
 Metaspace       used 19755K, capacity 20151K, committed 20352K, reserved 1067008K
  class space    used 1949K, capacity 2054K, committed 2176K, reserved 1048576K
Event: 33.779 GC heap after
Heap after GC invocations=10 (full 1):
 PSYoungGen      total 294400K, used 0K [0x0000000795580000, 0x00000007b3100000, 0x00000007c0000000)
  eden space 265728K, 0% used [0x0000000795580000,0x0000000795580000,0x00000007a5900000)
  from space 28672K, 0% used [0x00000007a5900000,0x00000007a5900000,0x00000007a7500000)
  to   space 30720K, 0% used [0x00000007b1300000,0x00000007b1300000,0x00000007b3100000)
 ParOldGen       total 137728K, used 75415K [0x0000000740000000, 0x0000000748680000, 0x0000000795580000)
  object space 137728K, 54% used [0x0000000740000000,0x00000007449a5d18,0x0000000748680000)
 Metaspace       used 19755K, capacity 20151K, committed 20352K, reserved 1067008K
  class space    used 1949K, capacity 2054K, committed 2176K, reserved 1048576K
}

Deoptimization events (10 events):
Event: 4.084 Thread 0x00007ff1d44c2800 Uncommon trap: reason=unstable_if action=reinterpret pc=0x0000000116dbeee0 method=de.fhpotsdam.unfolding.mapdisplay.Java2DMapDisplay.getInnerTransformedPosition(FFZ)[F @ 1
Event: 4.089 Thread 0x00007ff1d44c2800 Uncommon trap: reason=unstable_if action=reinterpret pc=0x0000000116dcd7f4 method=processing.opengl.PGraphicsOpenGL$Tessellator.setLastTexIndex(II)V @ 15
Event: 5.167 Thread 0x00007ff1da88f800 Uncommon trap: reason=unstable_if action=reinterpret pc=0x0000000116cb58f0 method=java.util.HashMap.putVal(ILjava/lang/Object;Ljava/lang/Object;ZZ)Ljava/lang/Object; @ 81
Event: 13.340 Thread 0x00007ff1d44c2800 Uncommon trap: reason=unstable_if action=reinterpret pc=0x0000000116e9b104 method=de.fhpotsdam.unfolding.core.Coordinate.equals(Ljava/lang/Object;)Z @ 38
Event: 21.015 Thread 0x00007ff1d44c2800 Uncommon trap: reason=unstable_if action=reinterpret pc=0x0000000116e7ceec method=sun.misc.FloatingDecimal$BinaryToASCIIBuffer.developLongDigits(IJI)V @ 104
Event: 21.015 Thread 0x00007ff1d44c2800 Uncommon trap: reason=unstable_if action=reinterpret pc=0x0000000116e48f6c method=sun.misc.FloatingDecimal$BinaryToASCIIBuffer.getChars([C)I @ 94
Event: 21.015 Thread 0x00007ff1d44c2800 Uncommon trap: reason=unstable_if action=reinterpret pc=0x0000000116e36eb8 method=java.text.DigitList.getDataChars(I)[C @ 13
Event: 21.015 Thread 0x00007ff1d44c2800 Uncommon trap: reason=unstable_if action=reinterpret pc=0x0000000116e431e0 method=java.text.DecimalFormat.subformat(Ljava/lang/StringBuffer;Ljava/text/Format$FieldDelegate;ZZIIII)Ljava/lang/StringBuffer; @ 753
Event: 40.232 Thread 0x00007ff1d44c2800 Uncommon trap: reason=unstable_if action=reinterpret pc=0x00000001168d14a8 method=com.jogamp.common.util.VersionNumber.compareTo(Lcom/jogamp/common/util/VersionNumber;)I @ 21
Event: 40.336 Thread 0x00007ff1d44c2800 Uncommon trap: reason=unstable_if action=reinterpret pc=0x0000000116d79cfc method=java.security.AccessControlContext.optimize()Ljava/security/AccessControlContext; @ 233

Internal exceptions (10 events):
Event: 0.137 Thread 0x00007ff1d5001800 Exception <a 'java/lang/NoSuchFieldError': method resolution failed> (0x0000000795793350) thrown at [/Users/java_re/workspace/8-2-build-macosx-x86_64/jdk8u131/8869/hotspot/src/share/vm/prims/methodHandles.cpp, line 1146]
Event: 0.276 Thread 0x00007ff1d5001800 Exception <a 'java/io/FileNotFoundException'> (0x000000079580e910) thrown at [/Users/java_re/workspace/8-2-build-macosx-x86_64/jdk8u131/8869/hotspot/src/share/vm/prims/jni.cpp, line 709]
Event: 0.276 Thread 0x00007ff1d5001800 Exception <a 'java/io/FileNotFoundException'> (0x000000079580f498) thrown at [/Users/java_re/workspace/8-2-build-macosx-x86_64/jdk8u131/8869/hotspot/src/share/vm/prims/jni.cpp, line 709]
Event: 0.369 Thread 0x00007ff1d5001800 Exception <a 'java/io/FileNotFoundException'> (0x000000079594c300) thrown at [/Users/java_re/workspace/8-2-build-macosx-x86_64/jdk8u131/8869/hotspot/src/share/vm/prims/jni.cpp, line 709]
Event: 2.001 Thread 0x00007ff1d44c7800 Exception <a 'java/lang/UnsatisfiedLinkError': com.jogamp.common.util.JarUtil.fixNativeLibAttribs(Ljava/lang/String;)Z> (0x0000000796bd2a70) thrown at [/Users/java_re/workspace/8-2-build-macosx-x86_64/jdk8u131/8869/hotspot/src/share/vm/prims/nativeLookup.
Event: 2.232 Thread 0x00007ff1d4829800 Exception <a 'java/lang/NullPointerException'> (0x00000007956a4cb8) thrown at [/Users/java_re/workspace/8-2-build-macosx-x86_64/jdk8u131/8869/hotspot/src/share/vm/interpreter/linkResolver.cpp, line 1197]
Event: 2.744 Thread 0x00007ff1d44c2800 Exception <a 'java/io/FileNotFoundException'> (0x0000000795ebced0) thrown at [/Users/java_re/workspace/8-2-build-macosx-x86_64/jdk8u131/8869/hotspot/src/share/vm/prims/jni.cpp, line 709]
Event: 2.745 Thread 0x00007ff1d44c2800 Exception <a 'java/io/FileNotFoundException'> (0x0000000795ec2f00) thrown at [/Users/java_re/workspace/8-2-build-macosx-x86_64/jdk8u131/8869/hotspot/src/share/vm/prims/jni.cpp, line 709]
Event: 2.745 Thread 0x00007ff1d44c2800 Implicit null exception at 0x00000001169a30f6 to 0x00000001169a34c5
Event: 3.820 Thread 0x00007ff1d44c2800 Implicit null exception at 0x0000000116b8f786 to 0x0000000116b8f9cd

Events (10 events):
Event: 40.336 Thread 0x00007ff1d44c2800 DEOPT UNPACKING pc=0x00000001167ca229 sp=0x000070000481f880 mode 2
Event: 40.336 loading class java/awt/LightweightDispatcher$2
Event: 40.336 loading class java/awt/LightweightDispatcher$2 done
Event: 40.336 loading class java/awt/event/AWTEventListenerProxy
Event: 40.337 loading class java/awt/event/AWTEventListenerProxy done
Event: 40.337 loading class java/awt/Toolkit$ToolkitEventMulticaster
Event: 40.337 loading class java/awt/Toolkit$ToolkitEventMulticaster done
Event: 40.340 Thread 0x00007ff1d4968000 Thread exited: 0x00007ff1d4968000
Event: 40.342 loading class java/awt/Window$1DisposeAction
Event: 40.342 loading class java/awt/Window$1DisposeAction done


Dynamic libraries:
0x00000000110d3000 	/System/Library/Frameworks/Cocoa.framework/Versions/A/Cocoa
0x00000000110d3000 	/System/Library/Frameworks/Security.framework/Versions/A/Security
0x00000000110d3000 	/System/Library/Frameworks/ApplicationServices.framework/Versions/A/ApplicationServices
0x00000000110d3000 	/usr/lib/libz.1.dylib
0x00000000110d3000 	/usr/lib/libSystem.B.dylib
0x00000000110d3000 	/usr/lib/libobjc.A.dylib
0x00000000110d3000 	/System/Library/Frameworks/CoreFoundation.framework/Versions/A/CoreFoundation
0x00000000110d3000 	/System/Library/Frameworks/Foundation.framework/Versions/C/Foundation
0x00000000110d3000 	/System/Library/Frameworks/AppKit.framework/Versions/C/AppKit
0x00000000110d3000 	/System/Library/Frameworks/CoreData.framework/Versions/A/CoreData
0x00000000110d3000 	/System/Library/PrivateFrameworks/RemoteViewServices.framework/Versions/A/RemoteViewServices
0x00000000110d3000 	/System/Library/PrivateFrameworks/UIFoundation.framework/Versions/A/UIFoundation
0x00000000110d3000 	/System/Library/PrivateFrameworks/DFRFoundation.framework/Versions/A/DFRFoundation
0x00000000110d3000 	/usr/lib/libenergytrace.dylib
0x00000000110d3000 	/System/Library/PrivateFrameworks/SkyLight.framework/Versions/A/SkyLight
0x00000000110d3000 	/System/Library/Frameworks/CoreGraphics.framework/Versions/A/CoreGraphics
0x00000000110d3000 	/usr/lib/libScreenReader.dylib
0x00000000110d3000 	/System/Library/Frameworks/Accelerate.framework/Versions/A/Accelerate
0x00000000110d3000 	/System/Library/Frameworks/IOSurface.framework/Versions/A/IOSurface
0x00000000110d3000 	/System/Library/Frameworks/AudioToolbox.framework/Versions/A/AudioToolbox
0x00000000110d3000 	/System/Library/Frameworks/AudioUnit.framework/Versions/A/AudioUnit
0x00000000110d3000 	/System/Library/PrivateFrameworks/DataDetectorsCore.framework/Versions/A/DataDetectorsCore
0x00000000110d3000 	/System/Library/PrivateFrameworks/DesktopServicesPriv.framework/Versions/A/DesktopServicesPriv
0x00000000110d3000 	/System/Library/Frameworks/Carbon.framework/Versions/A/Frameworks/HIToolbox.framework/Versions/A/HIToolbox
0x00000000110d3000 	/usr/lib/libicucore.A.dylib
0x00000000110d3000 	/System/Library/Frameworks/QuartzCore.framework/Versions/A/QuartzCore
0x00000000110d3000 	/System/Library/Frameworks/Carbon.framework/Versions/A/Frameworks/SpeechRecognition.framework/Versions/A/SpeechRecognition
0x00000000110d3000 	/usr/lib/libauto.dylib
0x00000000110d3000 	/usr/lib/libxml2.2.dylib
0x00000000110d3000 	/System/Library/PrivateFrameworks/CoreUI.framework/Versions/A/CoreUI
0x00000000110d3000 	/System/Library/Frameworks/CoreAudio.framework/Versions/A/CoreAudio
0x00000000110d3000 	/System/Library/Frameworks/DiskArbitration.framework/Versions/A/DiskArbitration
0x00000000110d3000 	/usr/lib/liblangid.dylib
0x00000000110d3000 	/System/Library/PrivateFrameworks/MultitouchSupport.framework/Versions/A/MultitouchSupport
0x00000000110d3000 	/System/Library/Frameworks/IOKit.framework/Versions/A/IOKit
0x00000000110d3000 	/usr/lib/libDiagnosticMessagesClient.dylib
0x00000000110d3000 	/System/Library/Frameworks/CoreServices.framework/Versions/A/CoreServices
0x00000000110d3000 	/System/Library/PrivateFrameworks/PerformanceAnalysis.framework/Versions/A/PerformanceAnalysis
0x00000000110d3000 	/System/Library/PrivateFrameworks/GenerationalStorage.framework/Versions/A/GenerationalStorage
0x00000000110d3000 	/System/Library/Frameworks/OpenGL.framework/Versions/A/OpenGL
0x00000000110d3000 	/System/Library/Frameworks/CoreImage.framework/Versions/A/CoreImage
0x00000000110d3000 	/System/Library/Frameworks/CoreText.framework/Versions/A/CoreText
0x00000000110d3000 	/System/Library/Frameworks/ImageIO.framework/Versions/A/ImageIO
0x00000000110d3000 	/System/Library/PrivateFrameworks/Backup.framework/Versions/A/Backup
0x00000000110d3000 	/usr/lib/libarchive.2.dylib
0x00000000110d3000 	/System/Library/Frameworks/CFNetwork.framework/Versions/A/CFNetwork
0x00000000110d3000 	/System/Library/Frameworks/SystemConfiguration.framework/Versions/A/SystemConfiguration
0x00000000110d3000 	/usr/lib/libCRFSuite.dylib
0x00000000110d3000 	/usr/lib/libc++.1.dylib
0x00000000110d3000 	/usr/lib/libc++abi.dylib
0x00000000110d3000 	/usr/lib/system/libcache.dylib
0x00000000110d3000 	/usr/lib/system/libcommonCrypto.dylib
0x00000000110d3000 	/usr/lib/system/libcompiler_rt.dylib
0x00000000110d3000 	/usr/lib/system/libcopyfile.dylib
0x00000000110d3000 	/usr/lib/system/libcorecrypto.dylib
0x00000000110d3000 	/usr/lib/system/libdispatch.dylib
0x00000000110d3000 	/usr/lib/system/libdyld.dylib
0x00000000110d3000 	/usr/lib/system/libkeymgr.dylib
0x00000000110d3000 	/usr/lib/system/liblaunch.dylib
0x00000000110d3000 	/usr/lib/system/libmacho.dylib
0x00000000110d3000 	/usr/lib/system/libquarantine.dylib
0x00000000110d3000 	/usr/lib/system/libremovefile.dylib
0x00000000110d3000 	/usr/lib/system/libsystem_asl.dylib
0x00000000110d3000 	/usr/lib/system/libsystem_blocks.dylib
0x00000000110d3000 	/usr/lib/system/libsystem_c.dylib
0x00000000110d3000 	/usr/lib/system/libsystem_configuration.dylib
0x00000000110d3000 	/usr/lib/system/libsystem_coreservices.dylib
0x00000000110d3000 	/usr/lib/system/libsystem_coretls.dylib
0x00000000110d3000 	/usr/lib/system/libsystem_dnssd.dylib
0x00000000110d3000 	/usr/lib/system/libsystem_info.dylib
0x00000000110d3000 	/usr/lib/system/libsystem_kernel.dylib
0x00000000110d3000 	/usr/lib/system/libsystem_m.dylib
0x00000000110d3000 	/usr/lib/system/libsystem_malloc.dylib
0x00000000110d3000 	/usr/lib/system/libsystem_network.dylib
0x00000000110d3000 	/usr/lib/system/libsystem_networkextension.dylib
0x00000000110d3000 	/usr/lib/system/libsystem_notify.dylib
0x00000000110d3000 	/usr/lib/system/libsystem_platform.dylib
0x00000000110d3000 	/usr/lib/system/libsystem_pthread.dylib
0x00000000110d3000 	/usr/lib/system/libsystem_sandbox.dylib
0x00000000110d3000 	/usr/lib/system/libsystem_secinit.dylib
0x00000000110d3000 	/usr/lib/system/libsystem_symptoms.dylib
0x00000000110d3000 	/usr/lib/system/libsystem_trace.dylib
0x00000000110d3000 	/usr/lib/system/libunwind.dylib
0x00000000110d3000 	/usr/lib/system/libxpc.dylib
0x00000000110d3000 	/usr/lib/libbsm.0.dylib
0x00000000110d3000 	/usr/lib/system/libkxld.dylib
0x00000000110d3000 	/usr/lib/libcoretls.dylib
0x00000000110d3000 	/usr/lib/libcoretls_cfhelpers.dylib
0x00000000110d3000 	/usr/lib/libOpenScriptingUtil.dylib
0x00000000110d3000 	/usr/lib/libpam.2.dylib
0x00000000110d3000 	/usr/lib/libsqlite3.dylib
0x00000000110d3000 	/usr/lib/libxar.1.dylib
0x00000000110d3000 	/usr/lib/libbz2.1.0.dylib
0x00000000110d3000 	/usr/lib/liblzma.5.dylib
0x00000000110d3000 	/usr/lib/libnetwork.dylib
0x00000000110d3000 	/usr/lib/libpcap.A.dylib
0x00000000110d3000 	/System/Library/Frameworks/CoreServices.framework/Versions/A/Frameworks/FSEvents.framework/Versions/A/FSEvents
0x00000000110d3000 	/System/Library/Frameworks/CoreServices.framework/Versions/A/Frameworks/CarbonCore.framework/Versions/A/CarbonCore
0x00000000110d3000 	/System/Library/Frameworks/CoreServices.framework/Versions/A/Frameworks/Metadata.framework/Versions/A/Metadata
0x00000000110d3000 	/System/Library/Frameworks/CoreServices.framework/Versions/A/Frameworks/OSServices.framework/Versions/A/OSServices
0x00000000110d3000 	/System/Library/Frameworks/CoreServices.framework/Versions/A/Frameworks/SearchKit.framework/Versions/A/SearchKit
0x00000000110d3000 	/System/Library/Frameworks/CoreServices.framework/Versions/A/Frameworks/AE.framework/Versions/A/AE
0x00000000110d3000 	/System/Library/Frameworks/CoreServices.framework/Versions/A/Frameworks/LaunchServices.framework/Versions/A/LaunchServices
0x00000000110d3000 	/System/Library/Frameworks/CoreServices.framework/Versions/A/Frameworks/DictionaryServices.framework/Versions/A/DictionaryServices
0x00000000110d3000 	/System/Library/Frameworks/CoreServices.framework/Versions/A/Frameworks/SharedFileList.framework/Versions/A/SharedFileList
0x00000000110d3000 	/System/Library/Frameworks/NetFS.framework/Versions/A/NetFS
0x00000000110d3000 	/System/Library/PrivateFrameworks/NetAuth.framework/Versions/A/NetAuth
0x00000000110d3000 	/System/Library/PrivateFrameworks/login.framework/Versions/A/Frameworks/loginsupport.framework/Versions/A/loginsupport
0x00000000110d3000 	/System/Library/PrivateFrameworks/TCC.framework/Versions/A/TCC
0x00000000110d3000 	/usr/lib/libmecabra.dylib
0x00000000110d3000 	/System/Library/Frameworks/ApplicationServices.framework/Versions/A/Frameworks/ATS.framework/Versions/A/ATS
0x00000000110d3000 	/System/Library/Frameworks/ApplicationServices.framework/Versions/A/Frameworks/ColorSync.framework/Versions/A/ColorSync
0x00000000110d3000 	/System/Library/Frameworks/ApplicationServices.framework/Versions/A/Frameworks/HIServices.framework/Versions/A/HIServices
0x00000000110d3000 	/System/Library/Frameworks/ApplicationServices.framework/Versions/A/Frameworks/LangAnalysis.framework/Versions/A/LangAnalysis
0x00000000110d3000 	/System/Library/Frameworks/ApplicationServices.framework/Versions/A/Frameworks/PrintCore.framework/Versions/A/PrintCore
0x00000000110d3000 	/System/Library/Frameworks/ApplicationServices.framework/Versions/A/Frameworks/QD.framework/Versions/A/QD
0x00000000110d3000 	/System/Library/Frameworks/ApplicationServices.framework/Versions/A/Frameworks/SpeechSynthesis.framework/Versions/A/SpeechSynthesis
0x00000000110d3000 	/System/Library/Frameworks/Accelerate.framework/Versions/A/Frameworks/vImage.framework/Versions/A/vImage
0x00000000110d3000 	/System/Library/Frameworks/Accelerate.framework/Versions/A/Frameworks/vecLib.framework/Versions/A/vecLib
0x00000000110d3000 	/System/Library/Frameworks/Accelerate.framework/Versions/A/Frameworks/vecLib.framework/Versions/A/libvDSP.dylib
0x00000000110d3000 	/System/Library/Frameworks/Accelerate.framework/Versions/A/Frameworks/vecLib.framework/Versions/A/libBNNS.dylib
0x00000000110d3000 	/System/Library/Frameworks/Accelerate.framework/Versions/A/Frameworks/vecLib.framework/Versions/A/libQuadrature.dylib
0x00000000110d3000 	/System/Library/Frameworks/Accelerate.framework/Versions/A/Frameworks/vecLib.framework/Versions/A/libvMisc.dylib
0x00000000110d3000 	/System/Library/Frameworks/Accelerate.framework/Versions/A/Frameworks/vecLib.framework/Versions/A/libLAPACK.dylib
0x00000000110d3000 	/System/Library/Frameworks/Accelerate.framework/Versions/A/Frameworks/vecLib.framework/Versions/A/libBLAS.dylib
0x00000000110d3000 	/System/Library/Frameworks/Accelerate.framework/Versions/A/Frameworks/vecLib.framework/Versions/A/libLinearAlgebra.dylib
0x00000000110d3000 	/System/Library/Frameworks/Accelerate.framework/Versions/A/Frameworks/vecLib.framework/Versions/A/libSparseBLAS.dylib
0x00000000110d3000 	/System/Library/Frameworks/ApplicationServices.framework/Versions/A/Frameworks/ATS.framework/Versions/A/Resources/libFontParser.dylib
0x00000000110d3000 	/System/Library/Frameworks/ApplicationServices.framework/Versions/A/Frameworks/ATS.framework/Versions/A/Resources/libFontRegistry.dylib
0x00000000110d3000 	/System/Library/Frameworks/ImageIO.framework/Versions/A/Resources/libJPEG.dylib
0x00000000110d3000 	/System/Library/Frameworks/ImageIO.framework/Versions/A/Resources/libTIFF.dylib
0x00000000110d3000 	/System/Library/Frameworks/ImageIO.framework/Versions/A/Resources/libPng.dylib
0x00000000110d3000 	/System/Library/Frameworks/ImageIO.framework/Versions/A/Resources/libGIF.dylib
0x00000000110d3000 	/System/Library/Frameworks/ImageIO.framework/Versions/A/Resources/libJP2.dylib
0x00000000110d3000 	/System/Library/Frameworks/ImageIO.framework/Versions/A/Resources/libRadiance.dylib
0x00000000110d3000 	/usr/lib/libcompression.dylib
0x00000000110d3000 	/System/Library/PrivateFrameworks/AppleJPEG.framework/Versions/A/AppleJPEG
0x00000000110d3000 	/usr/lib/libcups.2.dylib
0x00000000110d3000 	/System/Library/Frameworks/Kerberos.framework/Versions/A/Kerberos
0x00000000110d3000 	/System/Library/Frameworks/GSS.framework/Versions/A/GSS
0x00000000110d3000 	/usr/lib/libresolv.9.dylib
0x00000000110d3000 	/usr/lib/libiconv.2.dylib
0x00000000110d3000 	/System/Library/PrivateFrameworks/Heimdal.framework/Versions/A/Heimdal
0x00000000110d3000 	/usr/lib/libheimdal-asn1.dylib
0x00000000110d3000 	/System/Library/Frameworks/OpenDirectory.framework/Versions/A/OpenDirectory
0x00000000110d3000 	/System/Library/PrivateFrameworks/CommonAuth.framework/Versions/A/CommonAuth
0x00000000110d3000 	/System/Library/Frameworks/OpenDirectory.framework/Versions/A/Frameworks/CFOpenDirectory.framework/Versions/A/CFOpenDirectory
0x00000000110d3000 	/System/Library/Frameworks/SecurityFoundation.framework/Versions/A/SecurityFoundation
0x00000000110d3000 	/System/Library/PrivateFrameworks/LanguageModeling.framework/Versions/A/LanguageModeling
0x00000000110d3000 	/usr/lib/libmarisa.dylib
0x00000000110d3000 	/usr/lib/libChineseTokenizer.dylib
0x00000000110d3000 	/usr/lib/libcmph.dylib
0x00000000110d3000 	/System/Library/PrivateFrameworks/CoreEmoji.framework/Versions/A/CoreEmoji
0x00000000110d3000 	/System/Library/Frameworks/ServiceManagement.framework/Versions/A/ServiceManagement
0x00000000110d3000 	/usr/lib/libxslt.1.dylib
0x00000000110d3000 	/System/Library/Frameworks/Carbon.framework/Versions/A/Frameworks/Ink.framework/Versions/A/Ink
0x00000000110d3000 	/System/Library/PrivateFrameworks/TextureIO.framework/Versions/A/TextureIO
0x00000000110d3000 	/System/Library/Frameworks/Metal.framework/Versions/A/Metal
0x00000000110d3000 	/usr/lib/libate.dylib
0x00000000110d3000 	/System/Library/PrivateFrameworks/GPUCompiler.framework/libmetal_timestamp.dylib
0x00000000110d3000 	/System/Library/Frameworks/OpenGL.framework/Versions/A/Libraries/libCoreFSCache.dylib
0x00000000110d3000 	/System/Library/PrivateFrameworks/IOAccelerator.framework/Versions/A/IOAccelerator
0x00000000110d3000 	/System/Library/Frameworks/CoreVideo.framework/Versions/A/CoreVideo
0x00000000110d3000 	/usr/lib/libFosl_dynamic.dylib
0x00000000110d3000 	/System/Library/PrivateFrameworks/MetalPerformanceShaders.framework/Versions/A/MetalPerformanceShaders
0x00000000110d3000 	/System/Library/PrivateFrameworks/FaceCore.framework/Versions/A/FaceCore
0x00000000110d3000 	/System/Library/Frameworks/OpenCL.framework/Versions/A/OpenCL
0x00000000110d3000 	/System/Library/Frameworks/OpenGL.framework/Versions/A/Libraries/libGLU.dylib
0x00000000110d3000 	/System/Library/Frameworks/OpenGL.framework/Versions/A/Libraries/libGFXShared.dylib
0x00000000110d3000 	/System/Library/Frameworks/OpenGL.framework/Versions/A/Libraries/libGL.dylib
0x00000000110d3000 	/System/Library/Frameworks/OpenGL.framework/Versions/A/Libraries/libGLImage.dylib
0x00000000110d3000 	/System/Library/Frameworks/OpenGL.framework/Versions/A/Libraries/libCVMSPluginSupport.dylib
0x00000000110d3000 	/System/Library/Frameworks/OpenGL.framework/Versions/A/Libraries/libCoreVMClient.dylib
0x00000000110d3000 	/System/Library/PrivateFrameworks/CrashReporterSupport.framework/Versions/A/CrashReporterSupport
0x00000000110d3000 	/System/Library/PrivateFrameworks/Sharing.framework/Versions/A/Sharing
0x00000000110d3000 	/System/Library/PrivateFrameworks/IconServices.framework/Versions/A/IconServices
0x00000000110d3000 	/System/Library/PrivateFrameworks/ProtocolBuffer.framework/Versions/A/ProtocolBuffer
0x00000000110d3000 	/System/Library/PrivateFrameworks/Apple80211.framework/Versions/A/Apple80211
0x00000000110d3000 	/System/Library/Frameworks/CoreWLAN.framework/Versions/A/CoreWLAN
0x00000000110d3000 	/System/Library/PrivateFrameworks/CoreUtils.framework/Versions/A/CoreUtils
0x00000000110d3000 	/System/Library/Frameworks/IOBluetooth.framework/Versions/A/IOBluetooth
0x00000000110d3000 	/System/Library/PrivateFrameworks/CoreWiFi.framework/Versions/A/CoreWiFi
0x00000000110d3000 	/System/Library/Frameworks/CoreBluetooth.framework/Versions/A/CoreBluetooth
0x00000000110d3000 	/System/Library/Frameworks/CoreDisplay.framework/Versions/A/CoreDisplay
0x00000000110d3000 	/System/Library/PrivateFrameworks/IOPresentment.framework/Versions/A/IOPresentment
0x00000000110d3000 	/System/Library/PrivateFrameworks/DSExternalDisplay.framework/Versions/A/DSExternalDisplay
0x00000000110d3000 	/System/Library/PrivateFrameworks/DebugSymbols.framework/Versions/A/DebugSymbols
0x00000000110d3000 	/System/Library/PrivateFrameworks/CoreSymbolication.framework/Versions/A/CoreSymbolication
0x00000000110d3000 	/System/Library/PrivateFrameworks/Symbolication.framework/Versions/A/Symbolication
0x00000000110d3000 	/System/Library/PrivateFrameworks/AppleFSCompression.framework/Versions/A/AppleFSCompression
0x00000000110d3000 	/System/Library/PrivateFrameworks/SpeechRecognitionCore.framework/Versions/A/SpeechRecognitionCore
0x00000000110d3000 	/System/Library/PrivateFrameworks/ChunkingLibrary.framework/Versions/A/ChunkingLibrary
0x000000010e400000 	/Library/Java/JavaVirtualMachines/jdk1.8.0_131.jdk/Contents/Home/jre/lib/server/libjvm.dylib
0x00000000110d3000 	/usr/lib/libstdc++.6.dylib
0x000000010db79000 	/Library/Java/JavaVirtualMachines/jdk1.8.0_131.jdk/Contents/Home/jre/lib/libverify.dylib
0x000000010db87000 	/Library/Java/JavaVirtualMachines/jdk1.8.0_131.jdk/Contents/Home/jre/lib/libjava.dylib
0x000000010dbc6000 	/Library/Java/JavaVirtualMachines/jdk1.8.0_131.jdk/Contents/Home/jre/lib/libzip.dylib
0x0000000115cde000 	/System/Library/Frameworks/JavaVM.framework/Frameworks/JavaRuntimeSupport.framework/JavaRuntimeSupport
0x0000000115cf8000 	/System/Library/Frameworks/JavaVM.framework/Versions/A/Frameworks/JavaNativeFoundation.framework/Versions/A/JavaNativeFoundation
0x0000000115d0d000 	/System/Library/Frameworks/JavaVM.framework/Versions/A/JavaVM
0x00000000110d3000 	/System/Library/Frameworks/Carbon.framework/Versions/A/Carbon
0x0000000115d1a000 	/System/Library/PrivateFrameworks/JavaLaunching.framework/Versions/A/JavaLaunching
0x00000000110d3000 	/System/Library/Frameworks/Carbon.framework/Versions/A/Frameworks/CommonPanels.framework/Versions/A/CommonPanels
0x00000000110d3000 	/System/Library/Frameworks/Carbon.framework/Versions/A/Frameworks/Help.framework/Versions/A/Help
0x00000000110d3000 	/System/Library/Frameworks/Carbon.framework/Versions/A/Frameworks/ImageCapture.framework/Versions/A/ImageCapture
0x00000000110d3000 	/System/Library/Frameworks/Carbon.framework/Versions/A/Frameworks/OpenScripting.framework/Versions/A/OpenScripting
0x00000000110d3000 	/System/Library/Frameworks/Carbon.framework/Versions/A/Frameworks/Print.framework/Versions/A/Print
0x00000000110d3000 	/System/Library/Frameworks/Carbon.framework/Versions/A/Frameworks/SecurityHI.framework/Versions/A/SecurityHI
0x0000000115d68000 	/Library/Java/JavaVirtualMachines/jdk1.8.0_131.jdk/Contents/Home/jre/lib/libawt.dylib
0x0000000115e10000 	/Library/Java/JavaVirtualMachines/jdk1.8.0_131.jdk/Contents/Home/jre/lib/./libmlib_image.dylib
0x0000000115edc000 	/Library/Java/JavaVirtualMachines/jdk1.8.0_131.jdk/Contents/Home/jre/lib/libawt_lwawt.dylib
0x0000000115f93000 	/Library/Java/JavaVirtualMachines/jdk1.8.0_131.jdk/Contents/Home/jre/lib/./libosxapp.dylib
0x00000000110d3000 	/System/Library/Frameworks/ExceptionHandling.framework/Versions/A/ExceptionHandling
0x00000000110d3000 	/System/Library/PrivateFrameworks/CoreServicesInternal.framework/Versions/A/CoreServicesInternal
0x00000000110d3000 	/System/Library/CoreServices/RawCamera.bundle/Contents/MacOS/RawCamera
0x00000000110d3000 	/System/Library/Frameworks/Accelerate.framework/Versions/A/Frameworks/vImage.framework/Versions/A/Libraries/libCGInterfaces.dylib
0x00000000110d3000 	/System/Library/Frameworks/ApplicationServices.framework/Versions/A/Frameworks/ATS.framework/Versions/A/Resources/libTrueTypeScaler.dylib
0x0000000128a19000 	/System/Library/Frameworks/OpenGL.framework/Resources/GLEngine.bundle/GLEngine
0x00000000110d3000 	/System/Library/Frameworks/OpenGL.framework/Versions/A/Libraries/libGLProgrammability.dylib
0x0000000128bfe000 	/System/Library/Extensions/AppleIntelKBLGraphicsGLDriver.bundle/Contents/MacOS/AppleIntelKBLGraphicsGLDriver
0x00000000110d3000 	/System/Library/PrivateFrameworks/GPUSupport.framework/Versions/A/Libraries/libGPUSupportMercury.dylib
0x0000000129984000 	/System/Library/Frameworks/OpenGL.framework/Resources//GLRendererFloat.bundle/GLRendererFloat
0x00000000110d3000 	/System/Library/Frameworks/OpenCL.framework/Versions/A/Libraries/libcldcpuengine.dylib
0x00000000110d3000 	/usr/lib/libcrypto.0.9.8.dylib
0x00000000110d3000 	/System/Library/PrivateFrameworks/TrustEvaluationAgent.framework/Versions/A/TrustEvaluationAgent
0x00000001299b8000 	/System/Library/Extensions/AppleIntelKBLGraphicsMTLDriver.bundle/Contents/MacOS/AppleIntelKBLGraphicsMTLDriver
0x00000000110d3000 	/System/Library/PrivateFrameworks/FamilyControls.framework/Versions/A/FamilyControls
0x00000000110d3000 	/System/Library/PrivateFrameworks/CommerceKit.framework/Versions/A/Frameworks/CommerceCore.framework/Versions/A/CommerceCore
0x00000000110d3000 	/System/Library/PrivateFrameworks/SystemAdministration.framework/Versions/A/SystemAdministration
0x00000000110d3000 	/System/Library/PrivateFrameworks/AppContainer.framework/Versions/A/AppContainer
0x00000000110d3000 	/System/Library/PrivateFrameworks/SecCodeWrapper.framework/Versions/A/SecCodeWrapper
0x00000000110d3000 	/System/Library/Frameworks/DirectoryService.framework/Versions/A/DirectoryService
0x00000000110d3000 	/System/Library/PrivateFrameworks/DiskImages.framework/Versions/A/DiskImages
0x00000000110d3000 	/System/Library/PrivateFrameworks/LoginUIKit.framework/Versions/A/Frameworks/LoginUICore.framework/Versions/A/LoginUICore
0x00000000110d3000 	/usr/lib/libCoreStorage.dylib
0x00000000110d3000 	/usr/lib/libcsfde.dylib
0x00000000110d3000 	/usr/lib/libodfde.dylib
0x00000000110d3000 	/System/Library/Frameworks/DiscRecording.framework/Versions/A/DiscRecording
0x00000000110d3000 	/usr/lib/libcurl.4.dylib
0x00000000110d3000 	/System/Library/PrivateFrameworks/MediaKit.framework/Versions/A/MediaKit
0x00000000110d3000 	/System/Library/PrivateFrameworks/ProtectedCloudStorage.framework/Versions/A/ProtectedCloudStorage
0x00000000110d3000 	/System/Library/PrivateFrameworks/EFILogin.framework/Versions/A/EFILogin
0x00000000110d3000 	/usr/lib/libutil.dylib
0x00000000110d3000 	/System/Library/Frameworks/LDAP.framework/Versions/A/LDAP
0x00000000110d3000 	/usr/lib/libsasl2.2.dylib
0x00000000110d3000 	/System/Library/PrivateFrameworks/CoreDaemon.framework/Versions/B/CoreDaemon
0x00000000110d3000 	/System/Library/PrivateFrameworks/AppleSRP.framework/Versions/A/AppleSRP
0x00000000110d3000 	/System/Library/PrivateFrameworks/APFS.framework/Versions/A/APFS
0x000000012b92f000 	/Library/Java/JavaVirtualMachines/jdk1.8.0_131.jdk/Contents/Home/jre/lib/libfontmanager.dylib
0x000000012cdc5000 	/Library/Java/JavaVirtualMachines/jdk1.8.0_131.jdk/Contents/Home/jre/lib/libosxui.dylib
0x00000000110d3000 	/System/Library/PrivateFrameworks/ViewBridge.framework/Versions/A/ViewBridge
0x00000000110d3000 	/System/Library/PrivateFrameworks/XPCService.framework/Versions/A/XPCService
0x00000000110d3000 	/System/Library/PrivateFrameworks/AppSandbox.framework/Versions/A/AppSandbox
0x00000000110d3000 	/usr/lib/libsandbox.1.dylib
0x00000000110d3000 	/usr/lib/libMatch.1.dylib
0x000000012db5c000 	/Library/Java/JavaVirtualMachines/jdk1.8.0_131.jdk/Contents/Home/jre/lib/libnet.dylib
0x000000012d971000 	/Library/Java/JavaVirtualMachines/jdk1.8.0_131.jdk/Contents/Home/jre/lib/libnio.dylib
0x000000012cab6000 	/private/var/folders/mz/ddp61nqj5pgffdgcqdjxrrfh0000gn/T/jogamp_0000/file_cache/jln2330068357473144814/jln8107494854242698046/libgluegen-rt.jnilib
0x000000012caba000 	/private/var/folders/mz/ddp61nqj5pgffdgcqdjxrrfh0000gn/T/jogamp_0000/file_cache/jln2330068357473144814/jln8107494854242698046/libnativewindow_awt.jnilib
0x000000019616f000 	/Library/Java/JavaVirtualMachines/jdk1.8.0_131.jdk/Contents/Home/jre/lib/libjawt.dylib
0x0000000196172000 	/private/var/folders/mz/ddp61nqj5pgffdgcqdjxrrfh0000gn/T/jogamp_0000/file_cache/jln2330068357473144814/jln8107494854242698046/libnativewindow_macosx.jnilib
0x000000019637c000 	/private/var/folders/mz/ddp61nqj5pgffdgcqdjxrrfh0000gn/T/jogamp_0000/file_cache/jln2330068357473144814/jln8107494854242698046/libjogl_desktop.jnilib
0x00000001a064e000 	/Library/Java/JavaVirtualMachines/jdk1.8.0_131.jdk/Contents/Home/jre/lib/libjpeg.dylib

VM Arguments:
jvm_args: -Djava.security.policy=java.policy.applet -Dfile.encoding=UTF-8 
java_command: sun.applet.AppletViewer module6.AirportMap1501857087974.html
java_class_path (initial): /Users/litianlun/Downloads/UCSDUnfoldingMaps/build:/Users/litianlun/Downloads/UCSDUnfoldingMaps/lib/core.jar:/Users/litianlun/Downloads/UCSDUnfoldingMaps/lib/gluegen-rt.jar:/Users/litianlun/Downloads/UCSDUnfoldingMaps/lib/jogl-all.jar:/Users/litianlun/Downloads/UCSDUnfoldingMaps/lib/log4j-1.2.15.jar:/Users/litianlun/Downloads/UCSDUnfoldingMaps/lib/sqlite-jdbc-3.7.2.jar:/Users/litianlun/Downloads/UCSDUnfoldingMaps/lib/json4processing.jar:/Users/litianlun/Downloads/UCSDUnfoldingMaps/lib/libTUIO.jar:/Users/litianlun/Downloads/UCSDUnfoldingMaps/lib/unfolding.0.9.7-uscd.jar
Launcher Type: SUN_STANDARD

Environment Variables:
PATH=/usr/bin:/bin:/usr/sbin:/sbin
SHELL=/bin/bash

Signal Handlers:
SIGSEGV: [libjvm.dylib+0x5b1eb1], sa_mask[0]=11111111011111110111111111111111, sa_flags=SA_ONSTACK|SA_RESTART|SA_SIGINFO
SIGBUS: [libjvm.dylib+0x5b1eb1], sa_mask[0]=11111111011111110111111111111111, sa_flags=SA_RESTART|SA_SIGINFO
SIGFPE: [libjvm.dylib+0x488988], sa_mask[0]=11111111011111110111111111111111, sa_flags=SA_RESTART|SA_SIGINFO
SIGPIPE: [libjvm.dylib+0x488988], sa_mask[0]=11111111011111110111111111111111, sa_flags=SA_RESTART|SA_SIGINFO
SIGXFSZ: [libjvm.dylib+0x488988], sa_mask[0]=11111111011111110111111111111111, sa_flags=SA_RESTART|SA_SIGINFO
SIGILL: [libjvm.dylib+0x488988], sa_mask[0]=11111111011111110111111111111111, sa_flags=SA_RESTART|SA_SIGINFO
SIGUSR1: SIG_DFL, sa_mask[0]=00000000000000000000000000000000, sa_flags=none
SIGUSR2: [libjvm.dylib+0x4884a6], sa_mask[0]=00100000000000000000000000000000, sa_flags=SA_RESTART|SA_SIGINFO
SIGHUP: [libjvm.dylib+0x486a7d], sa_mask[0]=11111111011111110111111111111111, sa_flags=SA_RESTART|SA_SIGINFO
SIGINT: [libjvm.dylib+0x486a7d], sa_mask[0]=11111111011111110111111111111111, sa_flags=SA_RESTART|SA_SIGINFO
SIGTERM: [libjvm.dylib+0x486a7d], sa_mask[0]=11111111011111110111111111111111, sa_flags=SA_RESTART|SA_SIGINFO
SIGQUIT: [libjvm.dylib+0x486a7d], sa_mask[0]=11111111011111110111111111111111, sa_flags=SA_RESTART|SA_SIGINFO


---------------  S Y S T E M  ---------------

OS:Bsduname:Darwin 16.7.0 Darwin Kernel Version 16.7.0: Thu Jun 15 17:36:27 PDT 2017; root:xnu-3789.70.16~2/RELEASE_X86_64 x86_64
rlimit: STACK 8192k, CORE 0k, NPROC 709, NOFILE 10240, AS infinity
load average:1.86 1.78 2.16

CPU:total 4 (initial active 4) (2 cores per cpu, 2 threads per core) family 6 model 142 stepping 9, cmov, cx8, fxsr, mmx, sse, sse2, sse3, ssse3, sse4.1, sse4.2, popcnt, avx, avx2, aes, clmul, erms, 3dnowpref, lzcnt, ht, tsc, tscinvbit, bmi1, bmi2, adx

Memory: 4k page, physical 8388608k(148500k free)

/proc/meminfo:


vm_info: Java HotSpot(TM) 64-Bit Server VM (25.131-b11) for bsd-amd64 JRE (1.8.0_131-b11), built on Mar 15 2017 01:32:22 by "java_re" with gcc 4.2.1 (Based on Apple Inc. build 5658) (LLVM build 2336.11.00)

time: Fri Aug  4 22:32:08 2017
elapsed time: 40 seconds (0d 0h 0m 40s)

