#
# A fatal error has been detected by the Java Runtime Environment:
#
#  SIGSEGV (0xb) at pc=0x00007fff9b35d05d, pid=3755, tid=0x0000000000000307
#
# JRE version: Java(TM) SE Runtime Environment (8.0_131-b11) (build 1.8.0_131-b11)
# Java VM: Java HotSpot(TM) 64-Bit Server VM (25.131-b11 mixed mode bsd-amd64 compressed oops)
# Problematic frame:
# C  [libobjc.A.dylib+0x705d]  objc_msgSend+0x1d
#
# Failed to write core dump. Core dumps have been disabled. To enable core dumping, try "ulimit -c unlimited" before starting Java again
#
# If you would like to submit a bug report, please visit:
#   http://bugreport.java.com/bugreport/crash.jsp
# The crash happened outside the Java Virtual Machine in native code.
# See problematic frame for where to report the bug.
#

---------------  T H R E A D  ---------------

Current thread (0x00007fb633148000):  JavaThread "AWT-AppKit" daemon [_thread_in_native, id=775, stack(0x00007fff54f5d000,0x00007fff5575d000)]

siginfo: si_signo: 11 (SIGSEGV), si_code: 1 (SEGV_MAPERR), si_addr: 0x0000000000000018

Registers:
RAX=0x00007fb636c17ce0, RBX=0x000000012946f450, RCX=0x00007fb633c00630, RDX=0x0000000000000000
RSP=0x00007fff557583b8, RBP=0x00007fff55758470, RSI=0x00007fff84bf1116, RDI=0x00007fb636829650
R8 =0x0000000000000018, R9 =0x00007fb633c008c0, R10=0x0000000000000000, R11=0x00007fff84bf1116
R12=0x0000000000000000, R13=0x0000000196e3f760, R14=0x000000012946f440, R15=0x00007fb633148000
RIP=0x00007fff9b35d05d, EFLAGS=0x0000000000010246, ERR=0x0000000000000004
  TRAPNO=0x000000000000000e

Top of Stack: (sp=0x00007fff557583b8)
0x00007fff557583b8:   000000012946d157 00007fff55758410
0x00007fff557583c8:   0000000000000003 00007fff557583f0
0x00007fff557583d8:   000000010ba776d2 0000000196e3f760
0x00007fff557583e8:   0000000196e3f760 00007fb636c17ce0
0x00007fff557583f8:   000000012946f6a0 000000012946f710
0x00007fff55758408:   00007fffa13c26d0 00007fffa1ff21e0
0x00007fff55758418:   000000012946f450 000000012946f690
0x00007fff55758428:   00007fb636c17ce0 00007fb636829650
0x00007fff55758438:   00007fb6317d1490 00007fb636c17ce0
0x00007fff55758448:   00007fb636829650 00007fff557584f8
0x00007fff55758458:   00007fb6331481f8 0000000196e3f760
0x00007fff55758468:   00007fff55758520 00007fff557584e8
0x00007fff55758478:   000000010c83e9f4 0000000196e3f760
0x00007fff55758488:   00007fff55758520 00007fff557584e8
0x00007fff55758498:   000000010c83e787 000000010c83e742
0x00007fff557584a8:   00007fff557584a8 0000000196e3f760
0x00007fff557584b8:   00007fff55758520 0000000196e42398
0x00007fff557584c8:   0000000000000000 0000000196e3f760
0x00007fff557584d8:   0000000000000000 00007fff55758508
0x00007fff557584e8:   00007fff55758568 000000010c82f2bd
0x00007fff557584f8:   00000007400b24b8 000000010c838538
0x00007fff55758508:   00007fb636c17ce0 00007fff55758568
0x00007fff55758518:   00007fb636829650 000000010c839e02
0x00007fff55758528:   00007fff55758528 0000000196e3f92a
0x00007fff55758538:   00007fff55758590 0000000196e42398
0x00007fff55758548:   0000000000000000 0000000196e3f938
0x00007fff55758558:   00007fff55758508 00007fff55758578
0x00007fff55758568:   00007fff557585d8 000000010c82f2bd
0x00007fff55758578:   00007fb636c17ce0 0000000740af94c8
0x00007fff55758588:   00007fb636829650 0000000740af94c8
0x00007fff55758598:   00007fff55758598 000000019994206e
0x00007fff557585a8:   00007fff557585e8 0000000199942128 

Instructions: (pc=0x00007fff9b35d05d)
0x00007fff9b35d03d:   0f 1f 00 48 85 ff 2e 74 62 40 f6 c7 01 2e 75 66
0x00007fff9b35d04d:   49 ba f8 ff ff ff ff 7f 00 00 4c 23 17 49 89 f3
0x00007fff9b35d05d:   45 23 5a 18 49 c1 e3 04 4d 03 5a 10 49 3b 33 75
0x00007fff9b35d06d:   04 41 ff 63 08 49 83 3b 01 76 0d 49 83 c3 10 49 

Register to memory mapping:

RAX=0x00007fb636c17ce0 is an unknown value
RBX=0x000000012946f450: Java_jogamp_nativewindow_macosx_OSXUtil_GetScreenRefreshRate0+0x1cf0 in /private/var/folders/mz/ddp61nqj5pgffdgcqdjxrrfh0000gn/T/jogamp_0000/file_cache/jln9068665748135312490/jln5484035965454155594/libnativewindow_macosx.jnilib at 0x0000000129468000
RCX=0x00007fb633c00630 is an unknown value
RDX=0x0000000000000000 is an unknown value
RSP=0x00007fff557583b8 is pointing into the stack for thread: 0x00007fb633148000
RBP=0x00007fff55758470 is pointing into the stack for thread: 0x00007fb633148000
RSI=0x00007fff84bf1116: __NSStyleNameIndexTable+0x7fd5e in /System/Library/Frameworks/AppKit.framework/Versions/C/AppKit at 0x00007fff83f84000
RDI=0x00007fb636829650 is an unknown value
R8 =0x0000000000000018 is an unknown value
R9 =0x00007fb633c008c0 is an unknown value
R10=0x0000000000000000 is an unknown value
R11=0x00007fff84bf1116: __NSStyleNameIndexTable+0x7fd5e in /System/Library/Frameworks/AppKit.framework/Versions/C/AppKit at 0x00007fff83f84000
R12=0x0000000000000000 is an unknown value
R13={method} {0x0000000196e3f760} 'UnsetJAWTRootSurfaceLayer0' '(JJ)V' in 'jogamp/nativewindow/jawt/macosx/MacOSXJAWTWindow'
R14=0x000000012946f440: Java_jogamp_nativewindow_macosx_OSXUtil_GetScreenRefreshRate0+0x1ce0 in /private/var/folders/mz/ddp61nqj5pgffdgcqdjxrrfh0000gn/T/jogamp_0000/file_cache/jln9068665748135312490/jln5484035965454155594/libnativewindow_macosx.jnilib at 0x0000000129468000
R15=0x00007fb633148000 is a thread


Stack: [0x00007fff54f5d000,0x00007fff5575d000],  sp=0x00007fff557583b8,  free space=8172k
Native frames: (J=compiled Java code, j=interpreted, Vv=VM code, C=native code)
C  [libobjc.A.dylib+0x705d]  objc_msgSend+0x1d
j  jogamp.nativewindow.jawt.macosx.MacOSXJAWTWindow.UnsetJAWTRootSurfaceLayer0(JJ)V+0
j  jogamp.nativewindow.jawt.macosx.MacOSXJAWTWindow.access$200(JJ)V+2
j  jogamp.nativewindow.jawt.macosx.MacOSXJAWTWindow$1.run()V+38
J 2619 C1 com.jogamp.common.util.RunnableTask.run()V (345 bytes) @ 0x000000010d13ef74 [0x000000010d13ede0+0x194]
v  ~StubRoutines::call_stub
V  [libjvm.dylib+0x2ee5b6]
V  [libjvm.dylib+0x325765]
V  [libjvm.dylib+0x317f33]
C  [libnativewindow_macosx.jnilib+0x5326]  Java_jogamp_nativewindow_jawt_macosx_MacOSXJAWTWindow_UnsetJAWTRootSurfaceLayer0+0x2b6
C  [Foundation+0x7152a]  __NSThreadPerformPerform+0x146
C  [CoreFoundation+0xa7321]  __CFRUNLOOP_IS_CALLING_OUT_TO_A_SOURCE0_PERFORM_FUNCTION__+0x11
C  [CoreFoundation+0x88197]  __CFRunLoopDoSources0+0x1a7
C  [CoreFoundation+0x87716]  __CFRunLoopRun+0x3a6
C  [CoreFoundation+0x87114]  CFRunLoopRunSpecific+0x1a4
C  [HIToolbox+0x30ebc]  RunCurrentEventLoopInMode+0xf0
C  [HIToolbox+0x30bf9]  ReceiveNextEventCommon+0xb8
C  [HIToolbox+0x30b26]  _BlockUntilNextEventMatchingListInModeWithFilter+0x47
C  [AppKit+0x46a54]  _DPSNextEvent+0x460
C  [AppKit+0x7c27ee]  -[NSApplication(NSEvent) _nextEventMatchingEventMask:untilDate:inMode:dequeue:]+0xaec
C  [libosxapp.dylib+0x23aa]  -[NSApplicationAWT nextEventMatchingMask:untilDate:inMode:dequeue:]+0x7c
C  [AppKit+0x3b3db]  -[NSApplication run]+0x39e
C  [libosxapp.dylib+0x214d]  +[NSApplicationAWT runAWTLoopWithApp:]+0x9c
C  [libawt_lwawt.dylib+0x45edf]  -[AWTStarter starter:]+0x389
C  [Foundation+0x7152a]  __NSThreadPerformPerform+0x146
C  [CoreFoundation+0xa7321]  __CFRUNLOOP_IS_CALLING_OUT_TO_A_SOURCE0_PERFORM_FUNCTION__+0x11
C  [CoreFoundation+0x8821d]  __CFRunLoopDoSources0+0x22d
C  [CoreFoundation+0x87716]  __CFRunLoopRun+0x3a6
C  [CoreFoundation+0x87114]  CFRunLoopRunSpecific+0x1a4
C  [java+0x6465]  CreateExecutionEnvironment+0x367
C  [java+0x218c]  JLI_Launch+0x7a0
C  [java+0x84c2]  main+0x65
C  [java+0x19e4]  start+0x34
C  0x0000000000000007

Java frames: (J=compiled Java code, j=interpreted, Vv=VM code)
j  jogamp.nativewindow.jawt.macosx.MacOSXJAWTWindow.UnsetJAWTRootSurfaceLayer0(JJ)V+0
j  jogamp.nativewindow.jawt.macosx.MacOSXJAWTWindow.access$200(JJ)V+2
j  jogamp.nativewindow.jawt.macosx.MacOSXJAWTWindow$1.run()V+38
J 2619 C1 com.jogamp.common.util.RunnableTask.run()V (345 bytes) @ 0x000000010d13ef74 [0x000000010d13ede0+0x194]
v  ~StubRoutines::call_stub

---------------  P R O C E S S  ---------------

Java Threads: ( => current thread )
  0x00007fb6380eb800 JavaThread "Thread-7" [_thread_blocked, id=77807, stack(0x000070000a398000,0x000070000a498000)]
  0x00007fb63239b000 JavaThread "AWT-EventQueue-1" [_thread_in_native, id=69739, stack(0x000070000a18f000,0x000070000a28f000)]
  0x00007fb6318f3800 JavaThread "DestroyJavaVM" [_thread_blocked, id=6915, stack(0x0000700008ac4000,0x0000700008bc4000)]
  0x00007fb633239800 JavaThread "AWT-EventQueue-0" [_thread_blocked, id=61955, stack(0x0000700009f89000,0x000070000a089000)]
  0x00007fb632297000 JavaThread "Java2D Disposer" daemon [_thread_blocked, id=58139, stack(0x0000700009d00000,0x0000700009e00000)]
  0x00007fb632240000 JavaThread "Java2D Queue Flusher" daemon [_thread_blocked, id=51219, stack(0x0000700009bfd000,0x0000700009cfd000)]
  0x00007fb6321a4800 JavaThread "AWT-Shutdown" [_thread_blocked, id=30239, stack(0x00007000099f4000,0x0000700009af4000)]
=>0x00007fb633148000 JavaThread "AWT-AppKit" daemon [_thread_in_native, id=775, stack(0x00007fff54f5d000,0x00007fff5575d000)]
  0x00007fb633038000 JavaThread "Service Thread" daemon [_thread_blocked, id=18435, stack(0x000070000976b000,0x000070000986b000)]
  0x00007fb633037000 JavaThread "C1 CompilerThread2" daemon [_thread_blocked, id=17923, stack(0x0000700009668000,0x0000700009768000)]
  0x00007fb633026800 JavaThread "C2 CompilerThread1" daemon [_thread_blocked, id=17411, stack(0x0000700009565000,0x0000700009665000)]
  0x00007fb633026000 JavaThread "C2 CompilerThread0" daemon [_thread_blocked, id=16899, stack(0x0000700009462000,0x0000700009562000)]
  0x00007fb63301f000 JavaThread "Signal Dispatcher" daemon [_thread_blocked, id=16387, stack(0x000070000935f000,0x000070000945f000)]
  0x00007fb63281d000 JavaThread "Finalizer" daemon [_thread_blocked, id=12291, stack(0x00007000091d9000,0x00007000092d9000)]
  0x00007fb63301b800 JavaThread "Reference Handler" daemon [_thread_blocked, id=11779, stack(0x00007000090d6000,0x00007000091d6000)]

Other Threads:
  0x00007fb63200b000 VMThread [stack: 0x0000700008fd3000,0x00007000090d3000] [id=11267]
  0x00007fb632016800 WatcherThread [stack: 0x000070000986e000,0x000070000996e000] [id=18947]

VM state:not at safepoint (normal execution)

VM Mutex/Monitor currently owned by a thread: None

Heap:
 PSYoungGen      total 187904K, used 143793K [0x0000000795580000, 0x00000007b9a80000, 0x00000007c0000000)
  eden space 187392K, 76% used [0x0000000795580000,0x000000079e1cc768,0x00000007a0c80000)
  from space 512K, 25% used [0x00000007b9a00000,0x00000007b9a20000,0x00000007b9a80000)
  to   space 2560K, 0% used [0x00000007b9580000,0x00000007b9580000,0x00000007b9800000)
 ParOldGen       total 87552K, used 16354K [0x0000000740000000, 0x0000000745580000, 0x0000000795580000)
  object space 87552K, 18% used [0x0000000740000000,0x0000000740ff8bf0,0x0000000745580000)
 Metaspace       used 20011K, capacity 20335K, committed 20608K, reserved 1067008K
  class space    used 1989K, capacity 2088K, committed 2176K, reserved 1048576K

Card table byte_map: [0x000000010b1c0000,0x000000010b5c1000] byte_map_base: 0x00000001077c0000

Marking Bits: (ParMarkBitMap*) 0x000000010c175ea0
 Begin Bits: [0x000000011bad2000, 0x000000011dad2000)
 End Bits:   [0x000000011dad2000, 0x000000011fad2000)

Polling page: 0x000000010a563000

CodeCache: size=245760Kb used=9734Kb max_used=10020Kb free=236025Kb
 bounds [0x000000010c827000, 0x000000010d207000, 0x000000011b827000]
 total_blobs=3619 nmethods=2722 adapters=810
 compilation: enabled

Compilation events (10 events):
Event: 28.879 Thread 0x00007fb633037000 2890       3       sun.java2d.pipe.RenderBuffer::putFloat (26 bytes)
Event: 28.880 Thread 0x00007fb633037000 nmethod 2890 0x000000010cb214d0 code [0x000000010cb21640, 0x000000010cb217d0]
Event: 28.880 Thread 0x00007fb633026000 2892  s!   4       sun.misc.URLClassPath::getLoader (243 bytes)
Event: 28.882 Thread 0x00007fb633026800 2893  s    4       sun.misc.URLClassPath::getNextLoader (88 bytes)
Event: 28.886 Thread 0x00007fb633026000 nmethod 2892 0x000000010ccc2c90 code [0x000000010ccc2e00, 0x000000010ccc35d8]
Event: 28.887 Thread 0x00007fb633026800 nmethod 2893 0x000000010ccd6bd0 code [0x000000010ccd6d40, 0x000000010ccd74b8]
Event: 28.891 Thread 0x00007fb633037000 2894       3       java.util.IdentityHashMap::hash (18 bytes)
Event: 28.891 Thread 0x00007fb633037000 nmethod 2894 0x000000010cb21150 code [0x000000010cb212c0, 0x000000010cb21448]
Event: 28.894 Thread 0x00007fb633037000 2895       3       java.lang.StrictMath::floorOrCeil (128 bytes)
Event: 28.894 Thread 0x00007fb633037000 nmethod 2895 0x000000010ca54610 code [0x000000010ca547a0, 0x000000010ca54c30]

GC Heap History (10 events):
Event: 26.381 GC heap before
{Heap before GC invocations=36 (full 0):
 PSYoungGen      total 236032K, used 232096K [0x0000000795580000, 0x00000007ba200000, 0x00000007c0000000)
  eden space 231936K, 100% used [0x0000000795580000,0x00000007a3800000,0x00000007a3800000)
  from space 4096K, 3% used [0x00000007b9a00000,0x00000007b9a28000,0x00000007b9e00000)
  to   space 3584K, 0% used [0x00000007b9e80000,0x00000007b9e80000,0x00000007ba200000)
 ParOldGen       total 87552K, used 16306K [0x0000000740000000, 0x0000000745580000, 0x0000000795580000)
  object space 87552K, 18% used [0x0000000740000000,0x0000000740fecbf0,0x0000000745580000)
 Metaspace       used 19948K, capacity 20261K, committed 20608K, reserved 1067008K
  class space    used 1981K, capacity 2087K, committed 2176K, reserved 1048576K
Event: 26.383 GC heap after
Heap after GC invocations=36 (full 0):
 PSYoungGen      total 222720K, used 96K [0x0000000795580000, 0x00000007b9f00000, 0x00000007c0000000)
  eden space 222208K, 0% used [0x0000000795580000,0x0000000795580000,0x00000007a2e80000)
  from space 512K, 18% used [0x00000007b9e80000,0x00000007b9e98000,0x00000007b9f00000)
  to   space 3584K, 0% used [0x00000007b9800000,0x00000007b9800000,0x00000007b9b80000)
 ParOldGen       total 87552K, used 16306K [0x0000000740000000, 0x0000000745580000, 0x0000000795580000)
  object space 87552K, 18% used [0x0000000740000000,0x0000000740fecbf0,0x0000000745580000)
 Metaspace       used 19948K, capacity 20261K, committed 20608K, reserved 1067008K
  class space    used 1981K, capacity 2087K, committed 2176K, reserved 1048576K
}
Event: 26.864 GC heap before
{Heap before GC invocations=37 (full 0):
 PSYoungGen      total 222720K, used 222304K [0x0000000795580000, 0x00000007b9f00000, 0x00000007c0000000)
  eden space 222208K, 100% used [0x0000000795580000,0x00000007a2e80000,0x00000007a2e80000)
  from space 512K, 18% used [0x00000007b9e80000,0x00000007b9e98000,0x00000007b9f00000)
  to   space 3584K, 0% used [0x00000007b9800000,0x00000007b9800000,0x00000007b9b80000)
 ParOldGen       total 87552K, used 16306K [0x0000000740000000, 0x0000000745580000, 0x0000000795580000)
  object space 87552K, 18% used [0x0000000740000000,0x0000000740fecbf0,0x0000000745580000)
 Metaspace       used 19949K, capacity 20261K, committed 20608K, reserved 1067008K
  class space    used 1981K, capacity 2087K, committed 2176K, reserved 1048576K
Event: 26.866 GC heap after
Heap after GC invocations=37 (full 0):
 PSYoungGen      total 216576K, used 96K [0x0000000795580000, 0x00000007b9f00000, 0x00000007c0000000)
  eden space 212992K, 0% used [0x0000000795580000,0x0000000795580000,0x00000007a2580000)
  from space 3584K, 2% used [0x00000007b9800000,0x00000007b9818000,0x00000007b9b80000)
  to   space 3072K, 0% used [0x00000007b9c00000,0x00000007b9c00000,0x00000007b9f00000)
 ParOldGen       total 87552K, used 16306K [0x0000000740000000, 0x0000000745580000, 0x0000000795580000)
  object space 87552K, 18% used [0x0000000740000000,0x0000000740fecbf0,0x0000000745580000)
 Metaspace       used 19949K, capacity 20261K, committed 20608K, reserved 1067008K
  class space    used 1981K, capacity 2087K, committed 2176K, reserved 1048576K
}
Event: 27.706 GC heap before
{Heap before GC invocations=38 (full 0):
 PSYoungGen      total 216576K, used 213088K [0x0000000795580000, 0x00000007b9f00000, 0x00000007c0000000)
  eden space 212992K, 100% used [0x0000000795580000,0x00000007a2580000,0x00000007a2580000)
  from space 3584K, 2% used [0x00000007b9800000,0x00000007b9818000,0x00000007b9b80000)
  to   space 3072K, 0% used [0x00000007b9c00000,0x00000007b9c00000,0x00000007b9f00000)
 ParOldGen       total 87552K, used 16306K [0x0000000740000000, 0x0000000745580000, 0x0000000795580000)
  object space 87552K, 18% used [0x0000000740000000,0x0000000740fecbf0,0x0000000745580000)
 Metaspace       used 19959K, capacity 20271K, committed 20608K, reserved 1067008K
  class space    used 1982K, capacity 2088K, committed 2176K, reserved 1048576K
Event: 27.708 GC heap after
Heap after GC invocations=38 (full 0):
 PSYoungGen      total 204800K, used 96K [0x0000000795580000, 0x00000007b9c80000, 0x00000007c0000000)
  eden space 204288K, 0% used [0x0000000795580000,0x0000000795580000,0x00000007a1d00000)
  from space 512K, 18% used [0x00000007b9c00000,0x00000007b9c18000,0x00000007b9c80000)
  to   space 3072K, 0% used [0x00000007b9680000,0x00000007b9680000,0x00000007b9980000)
 ParOldGen       total 87552K, used 16314K [0x0000000740000000, 0x0000000745580000, 0x0000000795580000)
  object space 87552K, 18% used [0x0000000740000000,0x0000000740feebf0,0x0000000745580000)
 Metaspace       used 19959K, capacity 20271K, committed 20608K, reserved 1067008K
  class space    used 1982K, capacity 2088K, committed 2176K, reserved 1048576K
}
Event: 28.192 GC heap before
{Heap before GC invocations=39 (full 0):
 PSYoungGen      total 204800K, used 204384K [0x0000000795580000, 0x00000007b9c80000, 0x00000007c0000000)
  eden space 204288K, 100% used [0x0000000795580000,0x00000007a1d00000,0x00000007a1d00000)
  from space 512K, 18% used [0x00000007b9c00000,0x00000007b9c18000,0x00000007b9c80000)
  to   space 3072K, 0% used [0x00000007b9680000,0x00000007b9680000,0x00000007b9980000)
 ParOldGen       total 87552K, used 16314K [0x0000000740000000, 0x0000000745580000, 0x0000000795580000)
  object space 87552K, 18% used [0x0000000740000000,0x0000000740feebf0,0x0000000745580000)
 Metaspace       used 19968K, capacity 20271K, committed 20608K, reserved 1067008K
  class space    used 1982K, capacity 2088K, committed 2176K, reserved 1048576K
Event: 28.194 GC heap after
Heap after GC invocations=39 (full 0):
 PSYoungGen      total 198656K, used 160K [0x0000000795580000, 0x00000007b9c80000, 0x00000007c0000000)
  eden space 195584K, 0% used [0x0000000795580000,0x0000000795580000,0x00000007a1480000)
  from space 3072K, 5% used [0x00000007b9680000,0x00000007b96a8000,0x00000007b9980000)
  to   space 2560K, 0% used [0x00000007b9a00000,0x00000007b9a00000,0x00000007b9c80000)
 ParOldGen       total 87552K, used 16330K [0x0000000740000000, 0x0000000745580000, 0x0000000795580000)
  object space 87552K, 18% used [0x0000000740000000,0x0000000740ff2bf0,0x0000000745580000)
 Metaspace       used 19968K, capacity 20271K, committed 20608K, reserved 1067008K
  class space    used 1982K, capacity 2088K, committed 2176K, reserved 1048576K
}
Event: 28.603 GC heap before
{Heap before GC invocations=40 (full 0):
 PSYoungGen      total 198656K, used 195744K [0x0000000795580000, 0x00000007b9c80000, 0x00000007c0000000)
  eden space 195584K, 100% used [0x0000000795580000,0x00000007a1480000,0x00000007a1480000)
  from space 3072K, 5% used [0x00000007b9680000,0x00000007b96a8000,0x00000007b9980000)
  to   space 2560K, 0% used [0x00000007b9a00000,0x00000007b9a00000,0x00000007b9c80000)
 ParOldGen       total 87552K, used 16330K [0x0000000740000000, 0x0000000745580000, 0x0000000795580000)
  object space 87552K, 18% used [0x0000000740000000,0x0000000740ff2bf0,0x0000000745580000)
 Metaspace       used 19974K, capacity 20335K, committed 20608K, reserved 1067008K
  class space    used 1982K, capacity 2088K, committed 2176K, reserved 1048576K
Event: 28.604 GC heap after
Heap after GC invocations=40 (full 0):
 PSYoungGen      total 187904K, used 128K [0x0000000795580000, 0x00000007b9a80000, 0x00000007c0000000)
  eden space 187392K, 0% used [0x0000000795580000,0x0000000795580000,0x00000007a0c80000)
  from space 512K, 25% used [0x00000007b9a00000,0x00000007b9a20000,0x00000007b9a80000)
  to   space 2560K, 0% used [0x00000007b9580000,0x00000007b9580000,0x00000007b9800000)
 ParOldGen       total 87552K, used 16354K [0x0000000740000000, 0x0000000745580000, 0x0000000795580000)
  object space 87552K, 18% used [0x0000000740000000,0x0000000740ff8bf0,0x0000000745580000)
 Metaspace       used 19974K, capacity 20335K, committed 20608K, reserved 1067008K
  class space    used 1982K, capacity 2088K, committed 2176K, reserved 1048576K
}

Deoptimization events (10 events):
Event: 3.516 Thread 0x00007fb63239b000 Uncommon trap: reason=unstable_if action=reinterpret pc=0x000000010cbfddc0 method=java.util.regex.Pattern$BitClass.isSatisfiedBy(I)Z @ 4
Event: 3.800 Thread 0x00007fb63239b000 Uncommon trap: reason=unstable_if action=reinterpret pc=0x000000010cbeca64 method=java.util.HashMap$HashIterator.<init>(Ljava/util/HashMap;)V @ 38
Event: 3.822 Thread 0x00007fb63239b000 Uncommon trap: reason=unstable_if action=reinterpret pc=0x000000010cc9d5fc method=com.jogamp.common.util.IntIntHashMap.get(I)I @ 28
Event: 4.005 Thread 0x00007fb63239b000 Uncommon trap: reason=unstable_if action=reinterpret pc=0x000000010cd18070 method=jogamp.opengl.glu.tessellator.Geom.EdgeSign(Ljogamp/opengl/glu/tessellator/GLUvertex;Ljogamp/opengl/glu/tessellator/GLUvertex;Ljogamp/opengl/glu/tessellator/GLUvertex;)D @ 5
Event: 4.199 Thread 0x00007fb631b9f800 Uncommon trap: reason=unstable_if action=reinterpret pc=0x000000010cc86cd4 method=java.lang.String.regionMatches(ZILjava/lang/String;II)Z @ 123
Event: 28.879 Thread 0x00007fb63229a000 Uncommon trap: reason=class_check action=maybe_recompile pc=0x000000010d1f5860 method=java.util.HashMap.putVal(ILjava/lang/Object;Ljava/lang/Object;ZZ)Ljava/lang/Object; @ 91
Event: 28.879 Thread 0x00007fb63229a000 Uncommon trap: reason=class_check action=maybe_recompile pc=0x000000010d1f5860 method=java.util.HashMap.putVal(ILjava/lang/Object;Ljava/lang/Object;ZZ)Ljava/lang/Object; @ 91
Event: 28.879 Thread 0x00007fb63229a000 Uncommon trap: reason=class_check action=maybe_recompile pc=0x000000010d1f5860 method=java.util.HashMap.putVal(ILjava/lang/Object;Ljava/lang/Object;ZZ)Ljava/lang/Object; @ 91
Event: 28.879 Thread 0x00007fb63229a000 Uncommon trap: reason=class_check action=maybe_recompile pc=0x000000010d1f5860 method=java.util.HashMap.putVal(ILjava/lang/Object;Ljava/lang/Object;ZZ)Ljava/lang/Object; @ 91
Event: 28.894 Thread 0x00007fb6380eb800 Uncommon trap: reason=predicate action=maybe_recompile pc=0x000000010d18afe4 method=java.util.Vector.indexOf(Ljava/lang/Object;I)I @ 44

Internal exceptions (10 events):
Event: 0.195 Thread 0x00007fb632801000 Exception <a 'java/lang/NoSuchFieldError': method resolution failed> (0x0000000795793350) thrown at [/Users/java_re/workspace/8-2-build-macosx-x86_64/jdk8u131/8869/hotspot/src/share/vm/prims/methodHandles.cpp, line 1146]
Event: 0.422 Thread 0x00007fb632801000 Exception <a 'java/io/FileNotFoundException'> (0x000000079580e910) thrown at [/Users/java_re/workspace/8-2-build-macosx-x86_64/jdk8u131/8869/hotspot/src/share/vm/prims/jni.cpp, line 709]
Event: 0.422 Thread 0x00007fb632801000 Exception <a 'java/io/FileNotFoundException'> (0x000000079580f498) thrown at [/Users/java_re/workspace/8-2-build-macosx-x86_64/jdk8u131/8869/hotspot/src/share/vm/prims/jni.cpp, line 709]
Event: 0.538 Thread 0x00007fb632801000 Exception <a 'java/io/FileNotFoundException'> (0x000000079594c3b0) thrown at [/Users/java_re/workspace/8-2-build-macosx-x86_64/jdk8u131/8869/hotspot/src/share/vm/prims/jni.cpp, line 709]
Event: 2.628 Thread 0x00007fb63329a800 Exception <a 'java/lang/UnsatisfiedLinkError': com.jogamp.common.util.JarUtil.fixNativeLibAttribs(Ljava/lang/String;)Z> (0x0000000796bdffe8) thrown at [/Users/java_re/workspace/8-2-build-macosx-x86_64/jdk8u131/8869/hotspot/src/share/vm/prims/nativeLookup.
Event: 2.915 Thread 0x00007fb63281d000 Exception <a 'java/lang/NullPointerException'> (0x00000007956a4af0) thrown at [/Users/java_re/workspace/8-2-build-macosx-x86_64/jdk8u131/8869/hotspot/src/share/vm/interpreter/linkResolver.cpp, line 1197]
Event: 3.473 Thread 0x00007fb63239b000 Exception <a 'java/io/FileNotFoundException'> (0x0000000795f2b748) thrown at [/Users/java_re/workspace/8-2-build-macosx-x86_64/jdk8u131/8869/hotspot/src/share/vm/prims/jni.cpp, line 709]
Event: 3.473 Thread 0x00007fb63239b000 Exception <a 'java/io/FileNotFoundException'> (0x0000000795f31778) thrown at [/Users/java_re/workspace/8-2-build-macosx-x86_64/jdk8u131/8869/hotspot/src/share/vm/prims/jni.cpp, line 709]
Event: 3.474 Thread 0x00007fb63239b000 Implicit null exception at 0x000000010ca029b6 to 0x000000010ca02d85
Event: 3.800 Thread 0x00007fb63239b000 Implicit null exception at 0x000000010cbec806 to 0x000000010cbeca4d

Events (10 events):
Event: 28.893 loading class java/awt/event/AWTEventListenerProxy
Event: 28.893 loading class java/awt/event/AWTEventListenerProxy done
Event: 28.893 loading class java/awt/Toolkit$ToolkitEventMulticaster
Event: 28.893 loading class java/awt/Toolkit$ToolkitEventMulticaster done
Event: 28.894 Thread 0x00007fb63229a000 Thread exited: 0x00007fb63229a000
Event: 28.894 Thread 0x00007fb6380eb800 Uncommon trap: trap_request=0xffffff86 fr.pc=0x000000010d18afe4
Event: 28.894 Thread 0x00007fb6380eb800 DEOPT PACKING pc=0x000000010d18afe4 sp=0x000070000a4977f0
Event: 28.894 Thread 0x00007fb6380eb800 DEOPT UNPACKING pc=0x000000010c82c229 sp=0x000070000a4977a0 mode 2
Event: 28.894 loading class java/awt/Window$1DisposeAction
Event: 28.894 loading class java/awt/Window$1DisposeAction done


Dynamic libraries:
0x00000000110d3000 	/System/Library/Frameworks/Cocoa.framework/Versions/A/Cocoa
0x00000000110d3000 	/System/Library/Frameworks/Security.framework/Versions/A/Security
0x00000000110d3000 	/System/Library/Frameworks/ApplicationServices.framework/Versions/A/ApplicationServices
0x00000000110d3000 	/usr/lib/libz.1.dylib
0x00000000110d3000 	/usr/lib/libSystem.B.dylib
0x00000000110d3000 	/usr/lib/libobjc.A.dylib
0x00000000110d3000 	/System/Library/Frameworks/CoreFoundation.framework/Versions/A/CoreFoundation
0x00000000110d3000 	/System/Library/Frameworks/Foundation.framework/Versions/C/Foundation
0x00000000110d3000 	/System/Library/Frameworks/AppKit.framework/Versions/C/AppKit
0x00000000110d3000 	/System/Library/Frameworks/CoreData.framework/Versions/A/CoreData
0x00000000110d3000 	/System/Library/PrivateFrameworks/RemoteViewServices.framework/Versions/A/RemoteViewServices
0x00000000110d3000 	/System/Library/PrivateFrameworks/UIFoundation.framework/Versions/A/UIFoundation
0x00000000110d3000 	/System/Library/PrivateFrameworks/DFRFoundation.framework/Versions/A/DFRFoundation
0x00000000110d3000 	/usr/lib/libenergytrace.dylib
0x00000000110d3000 	/System/Library/PrivateFrameworks/SkyLight.framework/Versions/A/SkyLight
0x00000000110d3000 	/System/Library/Frameworks/CoreGraphics.framework/Versions/A/CoreGraphics
0x00000000110d3000 	/usr/lib/libScreenReader.dylib
0x00000000110d3000 	/System/Library/Frameworks/Accelerate.framework/Versions/A/Accelerate
0x00000000110d3000 	/System/Library/Frameworks/IOSurface.framework/Versions/A/IOSurface
0x00000000110d3000 	/System/Library/Frameworks/AudioToolbox.framework/Versions/A/AudioToolbox
0x00000000110d3000 	/System/Library/Frameworks/AudioUnit.framework/Versions/A/AudioUnit
0x00000000110d3000 	/System/Library/PrivateFrameworks/DataDetectorsCore.framework/Versions/A/DataDetectorsCore
0x00000000110d3000 	/System/Library/PrivateFrameworks/DesktopServicesPriv.framework/Versions/A/DesktopServicesPriv
0x00000000110d3000 	/System/Library/Frameworks/Carbon.framework/Versions/A/Frameworks/HIToolbox.framework/Versions/A/HIToolbox
0x00000000110d3000 	/usr/lib/libicucore.A.dylib
0x00000000110d3000 	/System/Library/Frameworks/QuartzCore.framework/Versions/A/QuartzCore
0x00000000110d3000 	/System/Library/Frameworks/Carbon.framework/Versions/A/Frameworks/SpeechRecognition.framework/Versions/A/SpeechRecognition
0x00000000110d3000 	/usr/lib/libauto.dylib
0x00000000110d3000 	/usr/lib/libxml2.2.dylib
0x00000000110d3000 	/System/Library/PrivateFrameworks/CoreUI.framework/Versions/A/CoreUI
0x00000000110d3000 	/System/Library/Frameworks/CoreAudio.framework/Versions/A/CoreAudio
0x00000000110d3000 	/System/Library/Frameworks/DiskArbitration.framework/Versions/A/DiskArbitration
0x00000000110d3000 	/usr/lib/liblangid.dylib
0x00000000110d3000 	/System/Library/PrivateFrameworks/MultitouchSupport.framework/Versions/A/MultitouchSupport
0x00000000110d3000 	/System/Library/Frameworks/IOKit.framework/Versions/A/IOKit
0x00000000110d3000 	/usr/lib/libDiagnosticMessagesClient.dylib
0x00000000110d3000 	/System/Library/Frameworks/CoreServices.framework/Versions/A/CoreServices
0x00000000110d3000 	/System/Library/PrivateFrameworks/PerformanceAnalysis.framework/Versions/A/PerformanceAnalysis
0x00000000110d3000 	/System/Library/PrivateFrameworks/GenerationalStorage.framework/Versions/A/GenerationalStorage
0x00000000110d3000 	/System/Library/Frameworks/OpenGL.framework/Versions/A/OpenGL
0x00000000110d3000 	/System/Library/Frameworks/CoreImage.framework/Versions/A/CoreImage
0x00000000110d3000 	/System/Library/Frameworks/CoreText.framework/Versions/A/CoreText
0x00000000110d3000 	/System/Library/Frameworks/ImageIO.framework/Versions/A/ImageIO
0x00000000110d3000 	/System/Library/PrivateFrameworks/Backup.framework/Versions/A/Backup
0x00000000110d3000 	/usr/lib/libarchive.2.dylib
0x00000000110d3000 	/System/Library/Frameworks/CFNetwork.framework/Versions/A/CFNetwork
0x00000000110d3000 	/System/Library/Frameworks/SystemConfiguration.framework/Versions/A/SystemConfiguration
0x00000000110d3000 	/usr/lib/libCRFSuite.dylib
0x00000000110d3000 	/usr/lib/libc++.1.dylib
0x00000000110d3000 	/usr/lib/libc++abi.dylib
0x00000000110d3000 	/usr/lib/system/libcache.dylib
0x00000000110d3000 	/usr/lib/system/libcommonCrypto.dylib
0x00000000110d3000 	/usr/lib/system/libcompiler_rt.dylib
0x00000000110d3000 	/usr/lib/system/libcopyfile.dylib
0x00000000110d3000 	/usr/lib/system/libcorecrypto.dylib
0x00000000110d3000 	/usr/lib/system/libdispatch.dylib
0x00000000110d3000 	/usr/lib/system/libdyld.dylib
0x00000000110d3000 	/usr/lib/system/libkeymgr.dylib
0x00000000110d3000 	/usr/lib/system/liblaunch.dylib
0x00000000110d3000 	/usr/lib/system/libmacho.dylib
0x00000000110d3000 	/usr/lib/system/libquarantine.dylib
0x00000000110d3000 	/usr/lib/system/libremovefile.dylib
0x00000000110d3000 	/usr/lib/system/libsystem_asl.dylib
0x00000000110d3000 	/usr/lib/system/libsystem_blocks.dylib
0x00000000110d3000 	/usr/lib/system/libsystem_c.dylib
0x00000000110d3000 	/usr/lib/system/libsystem_configuration.dylib
0x00000000110d3000 	/usr/lib/system/libsystem_coreservices.dylib
0x00000000110d3000 	/usr/lib/system/libsystem_coretls.dylib
0x00000000110d3000 	/usr/lib/system/libsystem_dnssd.dylib
0x00000000110d3000 	/usr/lib/system/libsystem_info.dylib
0x00000000110d3000 	/usr/lib/system/libsystem_kernel.dylib
0x00000000110d3000 	/usr/lib/system/libsystem_m.dylib
0x00000000110d3000 	/usr/lib/system/libsystem_malloc.dylib
0x00000000110d3000 	/usr/lib/system/libsystem_network.dylib
0x00000000110d3000 	/usr/lib/system/libsystem_networkextension.dylib
0x00000000110d3000 	/usr/lib/system/libsystem_notify.dylib
0x00000000110d3000 	/usr/lib/system/libsystem_platform.dylib
0x00000000110d3000 	/usr/lib/system/libsystem_pthread.dylib
0x00000000110d3000 	/usr/lib/system/libsystem_sandbox.dylib
0x00000000110d3000 	/usr/lib/system/libsystem_secinit.dylib
0x00000000110d3000 	/usr/lib/system/libsystem_symptoms.dylib
0x00000000110d3000 	/usr/lib/system/libsystem_trace.dylib
0x00000000110d3000 	/usr/lib/system/libunwind.dylib
0x00000000110d3000 	/usr/lib/system/libxpc.dylib
0x00000000110d3000 	/usr/lib/libbsm.0.dylib
0x00000000110d3000 	/usr/lib/system/libkxld.dylib
0x00000000110d3000 	/usr/lib/libcoretls.dylib
0x00000000110d3000 	/usr/lib/libcoretls_cfhelpers.dylib
0x00000000110d3000 	/usr/lib/libOpenScriptingUtil.dylib
0x00000000110d3000 	/usr/lib/libpam.2.dylib
0x00000000110d3000 	/usr/lib/libsqlite3.dylib
0x00000000110d3000 	/usr/lib/libxar.1.dylib
0x00000000110d3000 	/usr/lib/libbz2.1.0.dylib
0x00000000110d3000 	/usr/lib/liblzma.5.dylib
0x00000000110d3000 	/usr/lib/libnetwork.dylib
0x00000000110d3000 	/usr/lib/libpcap.A.dylib
0x00000000110d3000 	/System/Library/Frameworks/CoreServices.framework/Versions/A/Frameworks/FSEvents.framework/Versions/A/FSEvents
0x00000000110d3000 	/System/Library/Frameworks/CoreServices.framework/Versions/A/Frameworks/CarbonCore.framework/Versions/A/CarbonCore
0x00000000110d3000 	/System/Library/Frameworks/CoreServices.framework/Versions/A/Frameworks/Metadata.framework/Versions/A/Metadata
0x00000000110d3000 	/System/Library/Frameworks/CoreServices.framework/Versions/A/Frameworks/OSServices.framework/Versions/A/OSServices
0x00000000110d3000 	/System/Library/Frameworks/CoreServices.framework/Versions/A/Frameworks/SearchKit.framework/Versions/A/SearchKit
0x00000000110d3000 	/System/Library/Frameworks/CoreServices.framework/Versions/A/Frameworks/AE.framework/Versions/A/AE
0x00000000110d3000 	/System/Library/Frameworks/CoreServices.framework/Versions/A/Frameworks/LaunchServices.framework/Versions/A/LaunchServices
0x00000000110d3000 	/System/Library/Frameworks/CoreServices.framework/Versions/A/Frameworks/DictionaryServices.framework/Versions/A/DictionaryServices
0x00000000110d3000 	/System/Library/Frameworks/CoreServices.framework/Versions/A/Frameworks/SharedFileList.framework/Versions/A/SharedFileList
0x00000000110d3000 	/System/Library/Frameworks/NetFS.framework/Versions/A/NetFS
0x00000000110d3000 	/System/Library/PrivateFrameworks/NetAuth.framework/Versions/A/NetAuth
0x00000000110d3000 	/System/Library/PrivateFrameworks/login.framework/Versions/A/Frameworks/loginsupport.framework/Versions/A/loginsupport
0x00000000110d3000 	/System/Library/PrivateFrameworks/TCC.framework/Versions/A/TCC
0x00000000110d3000 	/usr/lib/libmecabra.dylib
0x00000000110d3000 	/System/Library/Frameworks/ApplicationServices.framework/Versions/A/Frameworks/ATS.framework/Versions/A/ATS
0x00000000110d3000 	/System/Library/Frameworks/ApplicationServices.framework/Versions/A/Frameworks/ColorSync.framework/Versions/A/ColorSync
0x00000000110d3000 	/System/Library/Frameworks/ApplicationServices.framework/Versions/A/Frameworks/HIServices.framework/Versions/A/HIServices
0x00000000110d3000 	/System/Library/Frameworks/ApplicationServices.framework/Versions/A/Frameworks/LangAnalysis.framework/Versions/A/LangAnalysis
0x00000000110d3000 	/System/Library/Frameworks/ApplicationServices.framework/Versions/A/Frameworks/PrintCore.framework/Versions/A/PrintCore
0x00000000110d3000 	/System/Library/Frameworks/ApplicationServices.framework/Versions/A/Frameworks/QD.framework/Versions/A/QD
0x00000000110d3000 	/System/Library/Frameworks/ApplicationServices.framework/Versions/A/Frameworks/SpeechSynthesis.framework/Versions/A/SpeechSynthesis
0x00000000110d3000 	/System/Library/Frameworks/Accelerate.framework/Versions/A/Frameworks/vImage.framework/Versions/A/vImage
0x00000000110d3000 	/System/Library/Frameworks/Accelerate.framework/Versions/A/Frameworks/vecLib.framework/Versions/A/vecLib
0x00000000110d3000 	/System/Library/Frameworks/Accelerate.framework/Versions/A/Frameworks/vecLib.framework/Versions/A/libvDSP.dylib
0x00000000110d3000 	/System/Library/Frameworks/Accelerate.framework/Versions/A/Frameworks/vecLib.framework/Versions/A/libBNNS.dylib
0x00000000110d3000 	/System/Library/Frameworks/Accelerate.framework/Versions/A/Frameworks/vecLib.framework/Versions/A/libQuadrature.dylib
0x00000000110d3000 	/System/Library/Frameworks/Accelerate.framework/Versions/A/Frameworks/vecLib.framework/Versions/A/libvMisc.dylib
0x00000000110d3000 	/System/Library/Frameworks/Accelerate.framework/Versions/A/Frameworks/vecLib.framework/Versions/A/libLAPACK.dylib
0x00000000110d3000 	/System/Library/Frameworks/Accelerate.framework/Versions/A/Frameworks/vecLib.framework/Versions/A/libBLAS.dylib
0x00000000110d3000 	/System/Library/Frameworks/Accelerate.framework/Versions/A/Frameworks/vecLib.framework/Versions/A/libLinearAlgebra.dylib
0x00000000110d3000 	/System/Library/Frameworks/Accelerate.framework/Versions/A/Frameworks/vecLib.framework/Versions/A/libSparseBLAS.dylib
0x00000000110d3000 	/System/Library/Frameworks/ApplicationServices.framework/Versions/A/Frameworks/ATS.framework/Versions/A/Resources/libFontParser.dylib
0x00000000110d3000 	/System/Library/Frameworks/ApplicationServices.framework/Versions/A/Frameworks/ATS.framework/Versions/A/Resources/libFontRegistry.dylib
0x00000000110d3000 	/System/Library/Frameworks/ImageIO.framework/Versions/A/Resources/libJPEG.dylib
0x00000000110d3000 	/System/Library/Frameworks/ImageIO.framework/Versions/A/Resources/libTIFF.dylib
0x00000000110d3000 	/System/Library/Frameworks/ImageIO.framework/Versions/A/Resources/libPng.dylib
0x00000000110d3000 	/System/Library/Frameworks/ImageIO.framework/Versions/A/Resources/libGIF.dylib
0x00000000110d3000 	/System/Library/Frameworks/ImageIO.framework/Versions/A/Resources/libJP2.dylib
0x00000000110d3000 	/System/Library/Frameworks/ImageIO.framework/Versions/A/Resources/libRadiance.dylib
0x00000000110d3000 	/usr/lib/libcompression.dylib
0x00000000110d3000 	/System/Library/PrivateFrameworks/AppleJPEG.framework/Versions/A/AppleJPEG
0x00000000110d3000 	/usr/lib/libcups.2.dylib
0x00000000110d3000 	/System/Library/Frameworks/Kerberos.framework/Versions/A/Kerberos
0x00000000110d3000 	/System/Library/Frameworks/GSS.framework/Versions/A/GSS
0x00000000110d3000 	/usr/lib/libresolv.9.dylib
0x00000000110d3000 	/usr/lib/libiconv.2.dylib
0x00000000110d3000 	/System/Library/PrivateFrameworks/Heimdal.framework/Versions/A/Heimdal
0x00000000110d3000 	/usr/lib/libheimdal-asn1.dylib
0x00000000110d3000 	/System/Library/Frameworks/OpenDirectory.framework/Versions/A/OpenDirectory
0x00000000110d3000 	/System/Library/PrivateFrameworks/CommonAuth.framework/Versions/A/CommonAuth
0x00000000110d3000 	/System/Library/Frameworks/OpenDirectory.framework/Versions/A/Frameworks/CFOpenDirectory.framework/Versions/A/CFOpenDirectory
0x00000000110d3000 	/System/Library/Frameworks/SecurityFoundation.framework/Versions/A/SecurityFoundation
0x00000000110d3000 	/System/Library/PrivateFrameworks/LanguageModeling.framework/Versions/A/LanguageModeling
0x00000000110d3000 	/usr/lib/libmarisa.dylib
0x00000000110d3000 	/usr/lib/libChineseTokenizer.dylib
0x00000000110d3000 	/usr/lib/libcmph.dylib
0x00000000110d3000 	/System/Library/PrivateFrameworks/CoreEmoji.framework/Versions/A/CoreEmoji
0x00000000110d3000 	/System/Library/Frameworks/ServiceManagement.framework/Versions/A/ServiceManagement
0x00000000110d3000 	/usr/lib/libxslt.1.dylib
0x00000000110d3000 	/System/Library/Frameworks/Carbon.framework/Versions/A/Frameworks/Ink.framework/Versions/A/Ink
0x00000000110d3000 	/System/Library/PrivateFrameworks/TextureIO.framework/Versions/A/TextureIO
0x00000000110d3000 	/System/Library/Frameworks/Metal.framework/Versions/A/Metal
0x00000000110d3000 	/usr/lib/libate.dylib
0x00000000110d3000 	/System/Library/PrivateFrameworks/GPUCompiler.framework/libmetal_timestamp.dylib
0x00000000110d3000 	/System/Library/Frameworks/OpenGL.framework/Versions/A/Libraries/libCoreFSCache.dylib
0x00000000110d3000 	/System/Library/PrivateFrameworks/IOAccelerator.framework/Versions/A/IOAccelerator
0x00000000110d3000 	/System/Library/Frameworks/CoreVideo.framework/Versions/A/CoreVideo
0x00000000110d3000 	/usr/lib/libFosl_dynamic.dylib
0x00000000110d3000 	/System/Library/PrivateFrameworks/MetalPerformanceShaders.framework/Versions/A/MetalPerformanceShaders
0x00000000110d3000 	/System/Library/PrivateFrameworks/FaceCore.framework/Versions/A/FaceCore
0x00000000110d3000 	/System/Library/Frameworks/OpenCL.framework/Versions/A/OpenCL
0x00000000110d3000 	/System/Library/Frameworks/OpenGL.framework/Versions/A/Libraries/libGLU.dylib
0x00000000110d3000 	/System/Library/Frameworks/OpenGL.framework/Versions/A/Libraries/libGFXShared.dylib
0x00000000110d3000 	/System/Library/Frameworks/OpenGL.framework/Versions/A/Libraries/libGL.dylib
0x00000000110d3000 	/System/Library/Frameworks/OpenGL.framework/Versions/A/Libraries/libGLImage.dylib
0x00000000110d3000 	/System/Library/Frameworks/OpenGL.framework/Versions/A/Libraries/libCVMSPluginSupport.dylib
0x00000000110d3000 	/System/Library/Frameworks/OpenGL.framework/Versions/A/Libraries/libCoreVMClient.dylib
0x00000000110d3000 	/System/Library/PrivateFrameworks/CrashReporterSupport.framework/Versions/A/CrashReporterSupport
0x00000000110d3000 	/System/Library/PrivateFrameworks/Sharing.framework/Versions/A/Sharing
0x00000000110d3000 	/System/Library/PrivateFrameworks/IconServices.framework/Versions/A/IconServices
0x00000000110d3000 	/System/Library/PrivateFrameworks/ProtocolBuffer.framework/Versions/A/ProtocolBuffer
0x00000000110d3000 	/System/Library/PrivateFrameworks/Apple80211.framework/Versions/A/Apple80211
0x00000000110d3000 	/System/Library/Frameworks/CoreWLAN.framework/Versions/A/CoreWLAN
0x00000000110d3000 	/System/Library/PrivateFrameworks/CoreUtils.framework/Versions/A/CoreUtils
0x00000000110d3000 	/System/Library/Frameworks/IOBluetooth.framework/Versions/A/IOBluetooth
0x00000000110d3000 	/System/Library/PrivateFrameworks/CoreWiFi.framework/Versions/A/CoreWiFi
0x00000000110d3000 	/System/Library/Frameworks/CoreBluetooth.framework/Versions/A/CoreBluetooth
0x00000000110d3000 	/System/Library/Frameworks/CoreDisplay.framework/Versions/A/CoreDisplay
0x00000000110d3000 	/System/Library/PrivateFrameworks/IOPresentment.framework/Versions/A/IOPresentment
0x00000000110d3000 	/System/Library/PrivateFrameworks/DSExternalDisplay.framework/Versions/A/DSExternalDisplay
0x00000000110d3000 	/System/Library/PrivateFrameworks/DebugSymbols.framework/Versions/A/DebugSymbols
0x00000000110d3000 	/System/Library/PrivateFrameworks/CoreSymbolication.framework/Versions/A/CoreSymbolication
0x00000000110d3000 	/System/Library/PrivateFrameworks/Symbolication.framework/Versions/A/Symbolication
0x00000000110d3000 	/System/Library/PrivateFrameworks/AppleFSCompression.framework/Versions/A/AppleFSCompression
0x00000000110d3000 	/System/Library/PrivateFrameworks/SpeechRecognitionCore.framework/Versions/A/SpeechRecognitionCore
0x00000000110d3000 	/System/Library/PrivateFrameworks/ChunkingLibrary.framework/Versions/A/ChunkingLibrary
0x000000010b884000 	/Library/Java/JavaVirtualMachines/jdk1.8.0_131.jdk/Contents/Home/jre/lib/server/libjvm.dylib
0x00000000110d3000 	/usr/lib/libstdc++.6.dylib
0x000000010a520000 	/Library/Java/JavaVirtualMachines/jdk1.8.0_131.jdk/Contents/Home/jre/lib/libverify.dylib
0x000000010a52e000 	/Library/Java/JavaVirtualMachines/jdk1.8.0_131.jdk/Contents/Home/jre/lib/libjava.dylib
0x000000010a56d000 	/Library/Java/JavaVirtualMachines/jdk1.8.0_131.jdk/Contents/Home/jre/lib/libzip.dylib
0x0000000121737000 	/System/Library/Frameworks/JavaVM.framework/Frameworks/JavaRuntimeSupport.framework/JavaRuntimeSupport
0x000000010a5e7000 	/System/Library/Frameworks/JavaVM.framework/Versions/A/Frameworks/JavaNativeFoundation.framework/Versions/A/JavaNativeFoundation
0x000000010b7e3000 	/System/Library/Frameworks/JavaVM.framework/Versions/A/JavaVM
0x00000000110d3000 	/System/Library/Frameworks/Carbon.framework/Versions/A/Carbon
0x0000000121751000 	/System/Library/PrivateFrameworks/JavaLaunching.framework/Versions/A/JavaLaunching
0x00000000110d3000 	/System/Library/Frameworks/Carbon.framework/Versions/A/Frameworks/CommonPanels.framework/Versions/A/CommonPanels
0x00000000110d3000 	/System/Library/Frameworks/Carbon.framework/Versions/A/Frameworks/Help.framework/Versions/A/Help
0x00000000110d3000 	/System/Library/Frameworks/Carbon.framework/Versions/A/Frameworks/ImageCapture.framework/Versions/A/ImageCapture
0x00000000110d3000 	/System/Library/Frameworks/Carbon.framework/Versions/A/Frameworks/OpenScripting.framework/Versions/A/OpenScripting
0x00000000110d3000 	/System/Library/Frameworks/Carbon.framework/Versions/A/Frameworks/Print.framework/Versions/A/Print
0x00000000110d3000 	/System/Library/Frameworks/Carbon.framework/Versions/A/Frameworks/SecurityHI.framework/Versions/A/SecurityHI
0x0000000123056000 	/Library/Java/JavaVirtualMachines/jdk1.8.0_131.jdk/Contents/Home/jre/lib/libawt.dylib
0x00000001230fe000 	/Library/Java/JavaVirtualMachines/jdk1.8.0_131.jdk/Contents/Home/jre/lib/./libmlib_image.dylib
0x00000001231ca000 	/Library/Java/JavaVirtualMachines/jdk1.8.0_131.jdk/Contents/Home/jre/lib/libawt_lwawt.dylib
0x0000000123281000 	/Library/Java/JavaVirtualMachines/jdk1.8.0_131.jdk/Contents/Home/jre/lib/./libosxapp.dylib
0x00000000110d3000 	/System/Library/Frameworks/ExceptionHandling.framework/Versions/A/ExceptionHandling
0x00000000110d3000 	/System/Library/PrivateFrameworks/CoreServicesInternal.framework/Versions/A/CoreServicesInternal
0x00000000110d3000 	/System/Library/CoreServices/RawCamera.bundle/Contents/MacOS/RawCamera
0x00000000110d3000 	/System/Library/Frameworks/Accelerate.framework/Versions/A/Frameworks/vImage.framework/Versions/A/Libraries/libCGInterfaces.dylib
0x00000000110d3000 	/System/Library/Frameworks/ApplicationServices.framework/Versions/A/Frameworks/ATS.framework/Versions/A/Resources/libTrueTypeScaler.dylib
0x00000001253c5000 	/System/Library/Frameworks/OpenGL.framework/Resources/GLEngine.bundle/GLEngine
0x00000000110d3000 	/System/Library/Frameworks/OpenGL.framework/Versions/A/Libraries/libGLProgrammability.dylib
0x00000001255aa000 	/System/Library/Extensions/AppleIntelKBLGraphicsGLDriver.bundle/Contents/MacOS/AppleIntelKBLGraphicsGLDriver
0x00000000110d3000 	/System/Library/PrivateFrameworks/GPUSupport.framework/Versions/A/Libraries/libGPUSupportMercury.dylib
0x0000000126330000 	/System/Library/Frameworks/OpenGL.framework/Resources//GLRendererFloat.bundle/GLRendererFloat
0x00000000110d3000 	/System/Library/Frameworks/OpenCL.framework/Versions/A/Libraries/libcldcpuengine.dylib
0x00000000110d3000 	/usr/lib/libcrypto.0.9.8.dylib
0x00000000110d3000 	/System/Library/PrivateFrameworks/TrustEvaluationAgent.framework/Versions/A/TrustEvaluationAgent
0x0000000126364000 	/System/Library/Extensions/AppleIntelKBLGraphicsMTLDriver.bundle/Contents/MacOS/AppleIntelKBLGraphicsMTLDriver
0x00000000110d3000 	/System/Library/PrivateFrameworks/FamilyControls.framework/Versions/A/FamilyControls
0x00000000110d3000 	/System/Library/PrivateFrameworks/CommerceKit.framework/Versions/A/Frameworks/CommerceCore.framework/Versions/A/CommerceCore
0x00000000110d3000 	/System/Library/PrivateFrameworks/SystemAdministration.framework/Versions/A/SystemAdministration
0x00000000110d3000 	/System/Library/PrivateFrameworks/AppContainer.framework/Versions/A/AppContainer
0x00000000110d3000 	/System/Library/PrivateFrameworks/SecCodeWrapper.framework/Versions/A/SecCodeWrapper
0x00000000110d3000 	/System/Library/Frameworks/DirectoryService.framework/Versions/A/DirectoryService
0x00000000110d3000 	/System/Library/PrivateFrameworks/DiskImages.framework/Versions/A/DiskImages
0x00000000110d3000 	/System/Library/PrivateFrameworks/LoginUIKit.framework/Versions/A/Frameworks/LoginUICore.framework/Versions/A/LoginUICore
0x00000000110d3000 	/usr/lib/libCoreStorage.dylib
0x00000000110d3000 	/usr/lib/libcsfde.dylib
0x00000000110d3000 	/usr/lib/libodfde.dylib
0x00000000110d3000 	/System/Library/Frameworks/DiscRecording.framework/Versions/A/DiscRecording
0x00000000110d3000 	/usr/lib/libcurl.4.dylib
0x00000000110d3000 	/System/Library/PrivateFrameworks/MediaKit.framework/Versions/A/MediaKit
0x00000000110d3000 	/System/Library/PrivateFrameworks/ProtectedCloudStorage.framework/Versions/A/ProtectedCloudStorage
0x00000000110d3000 	/System/Library/PrivateFrameworks/EFILogin.framework/Versions/A/EFILogin
0x00000000110d3000 	/usr/lib/libutil.dylib
0x00000000110d3000 	/System/Library/Frameworks/LDAP.framework/Versions/A/LDAP
0x00000000110d3000 	/usr/lib/libsasl2.2.dylib
0x00000000110d3000 	/System/Library/PrivateFrameworks/CoreDaemon.framework/Versions/B/CoreDaemon
0x00000000110d3000 	/System/Library/PrivateFrameworks/AppleSRP.framework/Versions/A/AppleSRP
0x00000000110d3000 	/System/Library/PrivateFrameworks/APFS.framework/Versions/A/APFS
0x00000001282df000 	/Library/Java/JavaVirtualMachines/jdk1.8.0_131.jdk/Contents/Home/jre/lib/libfontmanager.dylib
0x00000001293aa000 	/Library/Java/JavaVirtualMachines/jdk1.8.0_131.jdk/Contents/Home/jre/lib/libosxui.dylib
0x00000000110d3000 	/System/Library/PrivateFrameworks/ViewBridge.framework/Versions/A/ViewBridge
0x00000000110d3000 	/System/Library/PrivateFrameworks/XPCService.framework/Versions/A/XPCService
0x00000000110d3000 	/System/Library/PrivateFrameworks/AppSandbox.framework/Versions/A/AppSandbox
0x00000000110d3000 	/usr/lib/libsandbox.1.dylib
0x00000000110d3000 	/usr/lib/libMatch.1.dylib
0x000000012a50f000 	/Library/Java/JavaVirtualMachines/jdk1.8.0_131.jdk/Contents/Home/jre/lib/libnet.dylib
0x000000012a321000 	/Library/Java/JavaVirtualMachines/jdk1.8.0_131.jdk/Contents/Home/jre/lib/libnio.dylib
0x0000000129437000 	/private/var/folders/mz/ddp61nqj5pgffdgcqdjxrrfh0000gn/T/jogamp_0000/file_cache/jln9068665748135312490/jln5484035965454155594/libgluegen-rt.jnilib
0x00000001293a7000 	/private/var/folders/mz/ddp61nqj5pgffdgcqdjxrrfh0000gn/T/jogamp_0000/file_cache/jln9068665748135312490/jln5484035965454155594/libnativewindow_awt.jnilib
0x000000012943b000 	/Library/Java/JavaVirtualMachines/jdk1.8.0_131.jdk/Contents/Home/jre/lib/libjawt.dylib
0x0000000129468000 	/private/var/folders/mz/ddp61nqj5pgffdgcqdjxrrfh0000gn/T/jogamp_0000/file_cache/jln9068665748135312490/jln5484035965454155594/libnativewindow_macosx.jnilib
0x00000001932ba000 	/private/var/folders/mz/ddp61nqj5pgffdgcqdjxrrfh0000gn/T/jogamp_0000/file_cache/jln9068665748135312490/jln5484035965454155594/libjogl_desktop.jnilib

VM Arguments:
jvm_args: -Djava.security.policy=java.policy.applet -Dfile.encoding=UTF-8 
java_command: sun.applet.AppletViewer module6.LifeExpectancy1501860565184.html
java_class_path (initial): /Users/litianlun/Downloads/UCSDUnfoldingMaps/build:/Users/litianlun/Downloads/UCSDUnfoldingMaps/lib/core.jar:/Users/litianlun/Downloads/UCSDUnfoldingMaps/lib/gluegen-rt.jar:/Users/litianlun/Downloads/UCSDUnfoldingMaps/lib/jogl-all.jar:/Users/litianlun/Downloads/UCSDUnfoldingMaps/lib/log4j-1.2.15.jar:/Users/litianlun/Downloads/UCSDUnfoldingMaps/lib/sqlite-jdbc-3.7.2.jar:/Users/litianlun/Downloads/UCSDUnfoldingMaps/lib/json4processing.jar:/Users/litianlun/Downloads/UCSDUnfoldingMaps/lib/libTUIO.jar:/Users/litianlun/Downloads/UCSDUnfoldingMaps/lib/unfolding.0.9.7-uscd.jar
Launcher Type: SUN_STANDARD

Environment Variables:
PATH=/usr/bin:/bin:/usr/sbin:/sbin
SHELL=/bin/bash

Signal Handlers:
SIGSEGV: [libjvm.dylib+0x5b1eb1], sa_mask[0]=11111111011111110111111111111111, sa_flags=SA_ONSTACK|SA_RESTART|SA_SIGINFO
SIGBUS: [libjvm.dylib+0x5b1eb1], sa_mask[0]=11111111011111110111111111111111, sa_flags=SA_RESTART|SA_SIGINFO
SIGFPE: [libjvm.dylib+0x488988], sa_mask[0]=11111111011111110111111111111111, sa_flags=SA_RESTART|SA_SIGINFO
SIGPIPE: [libjvm.dylib+0x488988], sa_mask[0]=11111111011111110111111111111111, sa_flags=SA_RESTART|SA_SIGINFO
SIGXFSZ: [libjvm.dylib+0x488988], sa_mask[0]=11111111011111110111111111111111, sa_flags=SA_RESTART|SA_SIGINFO
SIGILL: [libjvm.dylib+0x488988], sa_mask[0]=11111111011111110111111111111111, sa_flags=SA_RESTART|SA_SIGINFO
SIGUSR1: SIG_DFL, sa_mask[0]=00000000000000000000000000000000, sa_flags=none
SIGUSR2: [libjvm.dylib+0x4884a6], sa_mask[0]=00100000000000000000000000000000, sa_flags=SA_RESTART|SA_SIGINFO
SIGHUP: [libjvm.dylib+0x486a7d], sa_mask[0]=11111111011111110111111111111111, sa_flags=SA_RESTART|SA_SIGINFO
SIGINT: [libjvm.dylib+0x486a7d], sa_mask[0]=11111111011111110111111111111111, sa_flags=SA_RESTART|SA_SIGINFO
SIGTERM: [libjvm.dylib+0x486a7d], sa_mask[0]=11111111011111110111111111111111, sa_flags=SA_RESTART|SA_SIGINFO
SIGQUIT: [libjvm.dylib+0x486a7d], sa_mask[0]=11111111011111110111111111111111, sa_flags=SA_RESTART|SA_SIGINFO


---------------  S Y S T E M  ---------------

OS:Bsduname:Darwin 16.7.0 Darwin Kernel Version 16.7.0: Thu Jun 15 17:36:27 PDT 2017; root:xnu-3789.70.16~2/RELEASE_X86_64 x86_64
rlimit: STACK 8192k, CORE 0k, NPROC 709, NOFILE 10240, AS infinity
load average:3.60 2.56 2.01

CPU:total 4 (initial active 4) (2 cores per cpu, 2 threads per core) family 6 model 142 stepping 9, cmov, cx8, fxsr, mmx, sse, sse2, sse3, ssse3, sse4.1, sse4.2, popcnt, avx, avx2, aes, clmul, erms, 3dnowpref, lzcnt, ht, tsc, tscinvbit, bmi1, bmi2, adx

Memory: 4k page, physical 8388608k(325140k free)

/proc/meminfo:


vm_info: Java HotSpot(TM) 64-Bit Server VM (25.131-b11) for bsd-amd64 JRE (1.8.0_131-b11), built on Mar 15 2017 01:32:22 by "java_re" with gcc 4.2.1 (Based on Apple Inc. build 5658) (LLVM build 2336.11.00)

time: Fri Aug  4 23:29:54 2017
elapsed time: 28 seconds (0d 0h 0m 28s)

