#
# A fatal error has been detected by the Java Runtime Environment:
#
#  SIGSEGV (0xb) at pc=0x00007fffdf6b105d, pid=4048, tid=0x0000000000000307
#
# JRE version: Java(TM) SE Runtime Environment (8.0_131-b11) (build 1.8.0_131-b11)
# Java VM: Java HotSpot(TM) 64-Bit Server VM (25.131-b11 mixed mode bsd-amd64 compressed oops)
# Problematic frame:
# C  [libobjc.A.dylib+0x705d]  objc_msgSend+0x1d
#
# Failed to write core dump. Core dumps have been disabled. To enable core dumping, try "ulimit -c unlimited" before starting Java again
#
# If you would like to submit a bug report, please visit:
#   http://bugreport.java.com/bugreport/crash.jsp
# The crash happened outside the Java Virtual Machine in native code.
# See problematic frame for where to report the bug.
#

---------------  T H R E A D  ---------------

Current thread (0x00007fd7888ef800):  JavaThread "AWT-AppKit" daemon [_thread_in_native, id=775, stack(0x00007fff56b8b000,0x00007fff5738b000)]

siginfo: si_signo: 11 (SIGSEGV), si_code: 1 (SEGV_MAPERR), si_addr: 0x0000000000000018

Registers:
RAX=0x00007fd78b9c5b90, RBX=0x00000001277c6450, RCX=0x00007fd789401470, RDX=0x0000000000000000
RSP=0x00007fff573863a8, RBP=0x00007fff57386460, RSI=0x00007fffc8f4b116, RDI=0x00007fd78bb6e2f0
R8 =0x0000000000000018, R9 =0x00007fd789401650, R10=0x0000000000000000, R11=0x00007fffc8f4b116
R12=0x0000000000000000, R13=0x0000000196dd04f0, R14=0x00000001277c6440, R15=0x00007fd7888ef800
RIP=0x00007fffdf6b105d, EFLAGS=0x0000000000010246, ERR=0x0000000000000004
  TRAPNO=0x000000000000000e

Top of Stack: (sp=0x00007fff573863a8)
0x00007fff573863a8:   00000001277c4157 00007fff57386400
0x00007fff573863b8:   0000000000000003 00007fff573863e0
0x00007fff573863c8:   00000001093f36d2 0000000196dd04f0
0x00007fff573863d8:   0000000196dd04f0 00007fd78b9c5b90
0x00007fff573863e8:   00000001277c66a0 00000001277c6710
0x00007fff573863f8:   00007fffe57156d0 00007fffe63451e0
0x00007fff57386408:   00000001277c6450 00000001277c6690
0x00007fff57386418:   00007fd78b9c5b90 00007fd78bb6e2f0
0x00007fff57386428:   00007fd786fab180 00007fd78b9c5b90
0x00007fff57386438:   00007fd78bb6e2f0 00007fff573864e8
0x00007fff57386448:   00007fd7888ef9f8 0000000196dd04f0
0x00007fff57386458:   00007fff57386510 00007fff573864d8
0x00007fff57386468:   0000000113ae09f4 0000000196dd04f0
0x00007fff57386478:   00007fff57386510 00007fff573864d8
0x00007fff57386488:   0000000113ae0787 0000000113ae0742
0x00007fff57386498:   00007fff57386498 0000000196dd04f0
0x00007fff573864a8:   00007fff57386510 0000000196dd3128
0x00007fff573864b8:   0000000000000000 0000000196dd04f0
0x00007fff573864c8:   0000000000000000 00007fff573864f8
0x00007fff573864d8:   00007fff57386558 0000000113ad12bd
0x00007fff573864e8:   0000000740454018 0000000113ada538
0x00007fff573864f8:   00007fd78b9c5b90 00007fff57386558
0x00007fff57386508:   00007fd78bb6e2f0 0000000113adbe02
0x00007fff57386518:   00007fff57386518 0000000196dd06ba
0x00007fff57386528:   00007fff57386580 0000000196dd3128
0x00007fff57386538:   0000000000000000 0000000196dd06c8
0x00007fff57386548:   00007fff573864f8 00007fff57386568
0x00007fff57386558:   00007fff573865c8 0000000113ad12bd
0x00007fff57386568:   00007fd78b9c5b90 00000007403f3b90
0x00007fff57386578:   00007fd78bb6e2f0 00000007403f3b90
0x00007fff57386588:   00007fff57386588 000000012369d38e
0x00007fff57386598:   00007fff573865d8 000000012369d448 

Instructions: (pc=0x00007fffdf6b105d)
0x00007fffdf6b103d:   0f 1f 00 48 85 ff 2e 74 62 40 f6 c7 01 2e 75 66
0x00007fffdf6b104d:   49 ba f8 ff ff ff ff 7f 00 00 4c 23 17 49 89 f3
0x00007fffdf6b105d:   45 23 5a 18 49 c1 e3 04 4d 03 5a 10 49 3b 33 75
0x00007fffdf6b106d:   04 41 ff 63 08 49 83 3b 01 76 0d 49 83 c3 10 49 

Register to memory mapping:

RAX=0x00007fd78b9c5b90 is an unknown value
RBX=0x00000001277c6450: Java_jogamp_nativewindow_macosx_OSXUtil_GetScreenRefreshRate0+0x1cf0 in /private/var/folders/mz/ddp61nqj5pgffdgcqdjxrrfh0000gn/T/jogamp_0000/file_cache/jln5779570231238715928/jln4538248820940604248/libnativewindow_macosx.jnilib at 0x00000001277bf000
RCX=0x00007fd789401470 is an unknown value
RDX=0x0000000000000000 is an unknown value
RSP=0x00007fff573863a8 is pointing into the stack for thread: 0x00007fd7888ef800
RBP=0x00007fff57386460 is pointing into the stack for thread: 0x00007fd7888ef800
RSI=0x00007fffc8f4b116: __NSStyleNameIndexTable+0x7fd5e in /System/Library/Frameworks/AppKit.framework/Versions/C/AppKit at 0x00007fffc82de000
RDI=0x00007fd78bb6e2f0 is an unknown value
R8 =0x0000000000000018 is an unknown value
R9 =0x00007fd789401650 is an unknown value
R10=0x0000000000000000 is an unknown value
R11=0x00007fffc8f4b116: __NSStyleNameIndexTable+0x7fd5e in /System/Library/Frameworks/AppKit.framework/Versions/C/AppKit at 0x00007fffc82de000
R12=0x0000000000000000 is an unknown value
R13={method} {0x0000000196dd04f0} 'UnsetJAWTRootSurfaceLayer0' '(JJ)V' in 'jogamp/nativewindow/jawt/macosx/MacOSXJAWTWindow'
R14=0x00000001277c6440: Java_jogamp_nativewindow_macosx_OSXUtil_GetScreenRefreshRate0+0x1ce0 in /private/var/folders/mz/ddp61nqj5pgffdgcqdjxrrfh0000gn/T/jogamp_0000/file_cache/jln5779570231238715928/jln4538248820940604248/libnativewindow_macosx.jnilib at 0x00000001277bf000
R15=0x00007fd7888ef800 is a thread


Stack: [0x00007fff56b8b000,0x00007fff5738b000],  sp=0x00007fff573863a8,  free space=8172k
Native frames: (J=compiled Java code, j=interpreted, Vv=VM code, C=native code)
C  [libobjc.A.dylib+0x705d]  objc_msgSend+0x1d
j  jogamp.nativewindow.jawt.macosx.MacOSXJAWTWindow.UnsetJAWTRootSurfaceLayer0(JJ)V+0
j  jogamp.nativewindow.jawt.macosx.MacOSXJAWTWindow.access$200(JJ)V+2
j  jogamp.nativewindow.jawt.macosx.MacOSXJAWTWindow$1.run()V+38
J 2795 C1 com.jogamp.common.util.RunnableTask.run()V (345 bytes) @ 0x000000011432d8f4 [0x000000011432d760+0x194]
v  ~StubRoutines::call_stub
V  [libjvm.dylib+0x2ee5b6]
V  [libjvm.dylib+0x325765]
V  [libjvm.dylib+0x317f33]
C  [libnativewindow_macosx.jnilib+0x5326]  Java_jogamp_nativewindow_jawt_macosx_MacOSXJAWTWindow_UnsetJAWTRootSurfaceLayer0+0x2b6
C  [Foundation+0x717ba]  __NSThreadPerformPerform+0x146
C  [CoreFoundation+0xa7321]  __CFRUNLOOP_IS_CALLING_OUT_TO_A_SOURCE0_PERFORM_FUNCTION__+0x11
C  [CoreFoundation+0x8821d]  __CFRunLoopDoSources0+0x22d
C  [CoreFoundation+0x87716]  __CFRunLoopRun+0x3a6
C  [CoreFoundation+0x87114]  CFRunLoopRunSpecific+0x1a4
C  [HIToolbox+0x30ebc]  RunCurrentEventLoopInMode+0xf0
C  [HIToolbox+0x30bf9]  ReceiveNextEventCommon+0xb8
C  [HIToolbox+0x30b26]  _BlockUntilNextEventMatchingListInModeWithFilter+0x47
C  [AppKit+0x46a54]  _DPSNextEvent+0x460
C  [AppKit+0x7c27ee]  -[NSApplication(NSEvent) _nextEventMatchingEventMask:untilDate:inMode:dequeue:]+0xaec
C  [libosxapp.dylib+0x23aa]  -[NSApplicationAWT nextEventMatchingMask:untilDate:inMode:dequeue:]+0x7c
C  [AppKit+0x3b3db]  -[NSApplication run]+0x39e
C  [libosxapp.dylib+0x214d]  +[NSApplicationAWT runAWTLoopWithApp:]+0x9c
C  [libawt_lwawt.dylib+0x45edf]  -[AWTStarter starter:]+0x389
C  [Foundation+0x717ba]  __NSThreadPerformPerform+0x146
C  [CoreFoundation+0xa7321]  __CFRUNLOOP_IS_CALLING_OUT_TO_A_SOURCE0_PERFORM_FUNCTION__+0x11
C  [CoreFoundation+0x8821d]  __CFRunLoopDoSources0+0x22d
C  [CoreFoundation+0x87716]  __CFRunLoopRun+0x3a6
C  [CoreFoundation+0x87114]  CFRunLoopRunSpecific+0x1a4
C  [java+0x6465]  CreateExecutionEnvironment+0x367
C  [java+0x218c]  JLI_Launch+0x7a0
C  [java+0x84c2]  main+0x65
C  [java+0x19e4]  start+0x34
C  0x0000000000000007

Java frames: (J=compiled Java code, j=interpreted, Vv=VM code)
j  jogamp.nativewindow.jawt.macosx.MacOSXJAWTWindow.UnsetJAWTRootSurfaceLayer0(JJ)V+0
j  jogamp.nativewindow.jawt.macosx.MacOSXJAWTWindow.access$200(JJ)V+2
j  jogamp.nativewindow.jawt.macosx.MacOSXJAWTWindow$1.run()V+38
J 2795 C1 com.jogamp.common.util.RunnableTask.run()V (345 bytes) @ 0x000000011432d8f4 [0x000000011432d760+0x194]
v  ~StubRoutines::call_stub

---------------  P R O C E S S  ---------------

Java Threads: ( => current thread )
  0x00007fd78e098000 JavaThread "Thread-19" [_thread_blocked, id=5171, stack(0x000070000ed8f000,0x000070000ee8f000)]
  0x00007fd787232800 JavaThread "Image Fetcher 2" daemon [_thread_blocked, id=84483, stack(0x0000700010d78000,0x0000700010e78000)]
  0x00007fd787e22000 JavaThread "Image Fetcher 1" daemon [_thread_blocked, id=83971, stack(0x0000700010c75000,0x0000700010d75000)]
  0x00007fd787fb7800 JavaThread "Image Fetcher 0" daemon [_thread_blocked, id=83459, stack(0x0000700010b72000,0x0000700010c72000)]
  0x00007fd787fb6800 JavaThread "Keep-Alive-Timer" daemon [_thread_blocked, id=82947, stack(0x0000700010a6f000,0x0000700010b6f000)]
  0x00007fd788912800 JavaThread "AWT-EventQueue-1" [_thread_in_native, id=73083, stack(0x00007000104dd000,0x00007000105dd000)]
  0x00007fd788002800 JavaThread "DestroyJavaVM" [_thread_blocked, id=7171, stack(0x000070000ee95000,0x000070000ef95000)]
  0x00007fd788a16000 JavaThread "AWT-EventQueue-0" [_thread_blocked, id=61955, stack(0x00007000102d7000,0x00007000103d7000)]
  0x00007fd788969800 JavaThread "Java2D Disposer" daemon [_thread_blocked, id=58139, stack(0x000070001004e000,0x000070001014e000)]
  0x00007fd788913800 JavaThread "Java2D Queue Flusher" daemon [_thread_blocked, id=51219, stack(0x000070000ff4b000,0x000070001004b000)]
  0x00007fd7888c7000 JavaThread "AWT-Shutdown" [_thread_blocked, id=30751, stack(0x000070000fdc5000,0x000070000fec5000)]
=>0x00007fd7888ef800 JavaThread "AWT-AppKit" daemon [_thread_in_native, id=775, stack(0x00007fff56b8b000,0x00007fff5738b000)]
  0x00007fd78785a800 JavaThread "Service Thread" daemon [_thread_blocked, id=18691, stack(0x000070000fab9000,0x000070000fbb9000)]
  0x00007fd787054000 JavaThread "C1 CompilerThread2" daemon [_thread_blocked, id=18179, stack(0x000070000f9b6000,0x000070000fab6000)]
  0x00007fd788806800 JavaThread "C2 CompilerThread1" daemon [_thread_blocked, id=17667, stack(0x000070000f8b3000,0x000070000f9b3000)]
  0x00007fd78780d800 JavaThread "C2 CompilerThread0" daemon [_thread_blocked, id=17155, stack(0x000070000f7b0000,0x000070000f8b0000)]
  0x00007fd788805000 JavaThread "Signal Dispatcher" daemon [_thread_blocked, id=16643, stack(0x000070000f6ad000,0x000070000f7ad000)]
  0x00007fd787037000 JavaThread "Finalizer" daemon [_thread_blocked, id=12547, stack(0x000070000f5aa000,0x000070000f6aa000)]
  0x00007fd788036000 JavaThread "Reference Handler" daemon [_thread_blocked, id=12035, stack(0x000070000f4a7000,0x000070000f5a7000)]

Other Threads:
  0x00007fd788031800 VMThread [stack: 0x000070000f3a4000,0x000070000f4a4000] [id=11523]
  0x00007fd788800800 WatcherThread [stack: 0x000070000fbbc000,0x000070000fcbc000] [id=19203]

VM state:not at safepoint (normal execution)

VM Mutex/Monitor currently owned by a thread: None

Heap:
 PSYoungGen      total 38400K, used 34633K [0x0000000795580000, 0x0000000798e80000, 0x00000007c0000000)
  eden space 33280K, 88% used [0x0000000795580000,0x00000007972532e0,0x0000000797600000)
  from space 5120K, 99% used [0x0000000797600000,0x0000000797aff470,0x0000000797b00000)
  to   space 5120K, 0% used [0x0000000798980000,0x0000000798980000,0x0000000798e80000)
 ParOldGen       total 66048K, used 15462K [0x0000000740000000, 0x0000000744080000, 0x0000000795580000)
  object space 66048K, 23% used [0x0000000740000000,0x0000000740f198d8,0x0000000744080000)
 Metaspace       used 24382K, capacity 24777K, committed 24880K, reserved 1071104K
  class space    used 2454K, capacity 2555K, committed 2608K, reserved 1048576K

Card table byte_map: [0x000000010a563000,0x000000010a964000] byte_map_base: 0x0000000106b63000

Marking Bits: (ParMarkBitMap*) 0x0000000109af1ea0
 Begin Bits: [0x000000010ac0f000, 0x000000010cc0f000)
 End Bits:   [0x000000010cc0f000, 0x000000010ec0f000)

Polling page: 0x0000000108935000

CodeCache: size=245760Kb used=9201Kb max_used=9220Kb free=236558Kb
 bounds [0x0000000113ac9000, 0x00000001143d9000, 0x0000000122ac9000]
 total_blobs=3731 nmethods=2785 adapters=859
 compilation: enabled

Compilation events (10 events):
Event: 8.796 Thread 0x00007fd787054000 nmethod 3016 0x00000001143c89d0 code [0x00000001143c8b40, 0x00000001143c8cf0]
Event: 8.798 Thread 0x00007fd787054000 3019       3       sun.java2d.pipe.RenderBuffer::putFloat (26 bytes)
Event: 8.798 Thread 0x00007fd787054000 nmethod 3019 0x00000001143c8610 code [0x00000001143c8780, 0x00000001143c8910]
Event: 8.798 Thread 0x00007fd787054000 3018       1       sun.java2d.SurfaceData::isValid (5 bytes)
Event: 8.799 Thread 0x00007fd787054000 nmethod 3018 0x00000001143c8350 code [0x00000001143c84a0, 0x00000001143c85b0]
Event: 8.822 Thread 0x00007fd787054000 3020       3       java.util.concurrent.locks.AbstractQueuedSynchronizer$ConditionObject::doSignalAll (36 bytes)
Event: 8.822 Thread 0x00007fd787054000 nmethod 3020 0x00000001143cba10 code [0x00000001143cbb80, 0x00000001143cbe88]
Event: 8.830 Thread 0x00007fd787054000 3021       3       java.util.IdentityHashMap::get (60 bytes)
Event: 8.831 Thread 0x00007fd787054000 nmethod 3021 0x00000001143cbfd0 code [0x00000001143cc180, 0x00000001143cc628]
Event: 8.832 Thread 0x00007fd788806800 3022  s!   4       sun.misc.URLClassPath::getLoader (243 bytes)

GC Heap History (8 events):
Event: 2.747 GC heap before
{Heap before GC invocations=1 (full 0):
 PSYoungGen      total 38400K, used 33280K [0x0000000795580000, 0x0000000798000000, 0x00000007c0000000)
  eden space 33280K, 100% used [0x0000000795580000,0x0000000797600000,0x0000000797600000)
  from space 5120K, 0% used [0x0000000797b00000,0x0000000797b00000,0x0000000798000000)
  to   space 5120K, 0% used [0x0000000797600000,0x0000000797600000,0x0000000797b00000)
 ParOldGen       total 87552K, used 0K [0x0000000740000000, 0x0000000745580000, 0x0000000795580000)
  object space 87552K, 0% used [0x0000000740000000,0x0000000740000000,0x0000000745580000)
 Metaspace       used 16361K, capacity 16685K, committed 17024K, reserved 1064960K
  class space    used 1695K, capacity 1793K, committed 1920K, reserved 1048576K
Event: 2.754 GC heap after
Heap after GC invocations=1 (full 0):
 PSYoungGen      total 38400K, used 5090K [0x0000000795580000, 0x0000000798000000, 0x00000007c0000000)
  eden space 33280K, 0% used [0x0000000795580000,0x0000000795580000,0x0000000797600000)
  from space 5120K, 99% used [0x0000000797600000,0x0000000797af8a20,0x0000000797b00000)
  to   space 5120K, 0% used [0x0000000797b00000,0x0000000797b00000,0x0000000798000000)
 ParOldGen       total 87552K, used 141K [0x0000000740000000, 0x0000000745580000, 0x0000000795580000)
  object space 87552K, 0% used [0x0000000740000000,0x0000000740023710,0x0000000745580000)
 Metaspace       used 16361K, capacity 16685K, committed 17024K, reserved 1064960K
  class space    used 1695K, capacity 1793K, committed 1920K, reserved 1048576K
}
Event: 3.669 GC heap before
{Heap before GC invocations=2 (full 0):
 PSYoungGen      total 38400K, used 36487K [0x0000000795580000, 0x0000000798000000, 0x00000007c0000000)
  eden space 33280K, 94% used [0x0000000795580000,0x0000000797429450,0x0000000797600000)
  from space 5120K, 99% used [0x0000000797600000,0x0000000797af8a20,0x0000000797b00000)
  to   space 5120K, 0% used [0x0000000797b00000,0x0000000797b00000,0x0000000798000000)
 ParOldGen       total 87552K, used 141K [0x0000000740000000, 0x0000000745580000, 0x0000000795580000)
  object space 87552K, 0% used [0x0000000740000000,0x0000000740023710,0x0000000745580000)
 Metaspace       used 20830K, capacity 21255K, committed 21296K, reserved 1069056K
  class space    used 2180K, capacity 2326K, committed 2352K, reserved 1048576K
Event: 3.681 GC heap after
Heap after GC invocations=2 (full 0):
 PSYoungGen      total 38400K, used 5105K [0x0000000795580000, 0x0000000798000000, 0x00000007c0000000)
  eden space 33280K, 0% used [0x0000000795580000,0x0000000795580000,0x0000000797600000)
  from space 5120K, 99% used [0x0000000797b00000,0x0000000797ffc790,0x0000000798000000)
  to   space 5120K, 0% used [0x0000000797600000,0x0000000797600000,0x0000000797b00000)
 ParOldGen       total 87552K, used 3342K [0x0000000740000000, 0x0000000745580000, 0x0000000795580000)
  object space 87552K, 3% used [0x0000000740000000,0x0000000740343a60,0x0000000745580000)
 Metaspace       used 20830K, capacity 21255K, committed 21296K, reserved 1069056K
  class space    used 2180K, capacity 2326K, committed 2352K, reserved 1048576K
}
Event: 3.682 GC heap before
{Heap before GC invocations=3 (full 1):
 PSYoungGen      total 38400K, used 5105K [0x0000000795580000, 0x0000000798000000, 0x00000007c0000000)
  eden space 33280K, 0% used [0x0000000795580000,0x0000000795580000,0x0000000797600000)
  from space 5120K, 99% used [0x0000000797b00000,0x0000000797ffc790,0x0000000798000000)
  to   space 5120K, 0% used [0x0000000797600000,0x0000000797600000,0x0000000797b00000)
 ParOldGen       total 87552K, used 3342K [0x0000000740000000, 0x0000000745580000, 0x0000000795580000)
  object space 87552K, 3% used [0x0000000740000000,0x0000000740343a60,0x0000000745580000)
 Metaspace       used 20830K, capacity 21255K, committed 21296K, reserved 1069056K
  class space    used 2180K, capacity 2326K, committed 2352K, reserved 1048576K
Event: 3.723 GC heap after
Heap after GC invocations=3 (full 1):
 PSYoungGen      total 38400K, used 0K [0x0000000795580000, 0x0000000798000000, 0x00000007c0000000)
  eden space 33280K, 0% used [0x0000000795580000,0x0000000795580000,0x0000000797600000)
  from space 5120K, 0% used [0x0000000797b00000,0x0000000797b00000,0x0000000798000000)
  to   space 5120K, 0% used [0x0000000797600000,0x0000000797600000,0x0000000797b00000)
 ParOldGen       total 66048K, used 8169K [0x0000000740000000, 0x0000000744080000, 0x0000000795580000)
  object space 66048K, 12% used [0x0000000740000000,0x00000007407fa538,0x0000000744080000)
 Metaspace       used 20830K, capacity 21255K, committed 21296K, reserved 1069056K
  class space    used 2180K, capacity 2326K, committed 2352K, reserved 1048576K
}
Event: 4.399 GC heap before
{Heap before GC invocations=4 (full 1):
 PSYoungGen      total 38400K, used 33280K [0x0000000795580000, 0x0000000798000000, 0x00000007c0000000)
  eden space 33280K, 100% used [0x0000000795580000,0x0000000797600000,0x0000000797600000)
  from space 5120K, 0% used [0x0000000797b00000,0x0000000797b00000,0x0000000798000000)
  to   space 5120K, 0% used [0x0000000797600000,0x0000000797600000,0x0000000797b00000)
 ParOldGen       total 66048K, used 8169K [0x0000000740000000, 0x0000000744080000, 0x0000000795580000)
  object space 66048K, 12% used [0x0000000740000000,0x00000007407fa538,0x0000000744080000)
 Metaspace       used 23722K, capacity 24121K, committed 24368K, reserved 1071104K
  class space    used 2445K, capacity 2553K, committed 2608K, reserved 1048576K
Event: 4.407 GC heap after
Heap after GC invocations=4 (full 1):
 PSYoungGen      total 38400K, used 5117K [0x0000000795580000, 0x0000000798e80000, 0x00000007c0000000)
  eden space 33280K, 0% used [0x0000000795580000,0x0000000795580000,0x0000000797600000)
  from space 5120K, 99% used [0x0000000797600000,0x0000000797aff470,0x0000000797b00000)
  to   space 5120K, 0% used [0x0000000798980000,0x0000000798980000,0x0000000798e80000)
 ParOldGen       total 66048K, used 15462K [0x0000000740000000, 0x0000000744080000, 0x0000000795580000)
  object space 66048K, 23% used [0x0000000740000000,0x0000000740f198d8,0x0000000744080000)
 Metaspace       used 23722K, capacity 24121K, committed 24368K, reserved 1071104K
  class space    used 2445K, capacity 2553K, committed 2608K, reserved 1048576K
}

Deoptimization events (10 events):
Event: 4.128 Thread 0x00007fd788912800 Uncommon trap: reason=unstable_if action=reinterpret pc=0x000000011410e47c method=com.jogamp.common.util.IntIntHashMap.get(I)I @ 28
Event: 4.137 Thread 0x00007fd788912800 Uncommon trap: reason=unstable_if action=reinterpret pc=0x000000011400c150 method=java.lang.String.trim()Ljava/lang/String; @ 23
Event: 4.307 Thread 0x00007fd787232800 Uncommon trap: reason=unstable_if action=reinterpret pc=0x00000001141c7958 method=sun.awt.image.PNGImageDecoder.produceImage()V @ 867
Event: 8.791 Thread 0x00007fd788912800 Uncommon trap: reason=unstable_if action=reinterpret pc=0x00000001143359a8 method=java.util.WeakHashMap.get(Ljava/lang/Object;)Ljava/lang/Object; @ 35
Event: 8.821 Thread 0x00007fd78795a000 Uncommon trap: reason=bimorphic action=maybe_recompile pc=0x0000000114015850 method=java.util.HashMap.putVal(ILjava/lang/Object;Ljava/lang/Object;ZZ)Ljava/lang/Object; @ 91
Event: 8.821 Thread 0x00007fd78795a000 Uncommon trap: reason=bimorphic action=maybe_recompile pc=0x0000000114015850 method=java.util.HashMap.putVal(ILjava/lang/Object;Ljava/lang/Object;ZZ)Ljava/lang/Object; @ 91
Event: 8.821 Thread 0x00007fd78795a000 Uncommon trap: reason=bimorphic action=maybe_recompile pc=0x0000000114015850 method=java.util.HashMap.putVal(ILjava/lang/Object;Ljava/lang/Object;ZZ)Ljava/lang/Object; @ 91
Event: 8.821 Thread 0x00007fd78795a000 Uncommon trap: reason=bimorphic action=maybe_recompile pc=0x0000000114015850 method=java.util.HashMap.putVal(ILjava/lang/Object;Ljava/lang/Object;ZZ)Ljava/lang/Object; @ 91
Event: 8.821 Thread 0x00007fd78795a000 Uncommon trap: reason=bimorphic action=maybe_recompile pc=0x0000000113bd21f8 method=java.util.HashMap.putVal(ILjava/lang/Object;Ljava/lang/Object;ZZ)Ljava/lang/Object; @ 91
Event: 8.834 Thread 0x00007fd78e098000 Uncommon trap: reason=predicate action=maybe_recompile pc=0x0000000114288060 method=java.util.Vector.indexOf(Ljava/lang/Object;I)I @ 44

Internal exceptions (10 events):
Event: 0.170 Thread 0x00007fd788002800 Exception <a 'java/lang/NoSuchFieldError': method resolution failed> (0x0000000795793070) thrown at [/Users/java_re/workspace/8-2-build-macosx-x86_64/jdk8u131/8869/hotspot/src/share/vm/prims/methodHandles.cpp, line 1146]
Event: 0.349 Thread 0x00007fd788002800 Exception <a 'java/io/FileNotFoundException'> (0x000000079580e630) thrown at [/Users/java_re/workspace/8-2-build-macosx-x86_64/jdk8u131/8869/hotspot/src/share/vm/prims/jni.cpp, line 709]
Event: 0.349 Thread 0x00007fd788002800 Exception <a 'java/io/FileNotFoundException'> (0x000000079580f1b8) thrown at [/Users/java_re/workspace/8-2-build-macosx-x86_64/jdk8u131/8869/hotspot/src/share/vm/prims/jni.cpp, line 709]
Event: 0.440 Thread 0x00007fd788002800 Exception <a 'java/io/FileNotFoundException'> (0x000000079594a2e0) thrown at [/Users/java_re/workspace/8-2-build-macosx-x86_64/jdk8u131/8869/hotspot/src/share/vm/prims/jni.cpp, line 709]
Event: 2.474 Thread 0x00007fd788b79000 Exception <a 'java/lang/UnsatisfiedLinkError': com.jogamp.common.util.JarUtil.fixNativeLibAttribs(Ljava/lang/String;)Z> (0x0000000796bc9b10) thrown at [/Users/java_re/workspace/8-2-build-macosx-x86_64/jdk8u131/8869/hotspot/src/share/vm/prims/nativeLookup.
Event: 2.756 Thread 0x00007fd787037000 Exception <a 'java/lang/NullPointerException'> (0x00000007956a4d98) thrown at [/Users/java_re/workspace/8-2-build-macosx-x86_64/jdk8u131/8869/hotspot/src/share/vm/interpreter/linkResolver.cpp, line 1197]
Event: 3.285 Thread 0x00007fd788912800 Exception <a 'java/io/FileNotFoundException'> (0x0000000795eb9950) thrown at [/Users/java_re/workspace/8-2-build-macosx-x86_64/jdk8u131/8869/hotspot/src/share/vm/prims/jni.cpp, line 709]
Event: 3.285 Thread 0x00007fd788912800 Exception <a 'java/io/FileNotFoundException'> (0x0000000795ebf978) thrown at [/Users/java_re/workspace/8-2-build-macosx-x86_64/jdk8u131/8869/hotspot/src/share/vm/prims/jni.cpp, line 709]
Event: 3.285 Thread 0x00007fd788912800 Implicit null exception at 0x0000000113c9f2f6 to 0x0000000113c9f6c5
Event: 3.574 Thread 0x00007fd788912800 Implicit null exception at 0x0000000113e84006 to 0x0000000113e8424d

Events (10 events):
Event: 8.833 loading class java/awt/event/AWTEventListenerProxy
Event: 8.833 loading class java/awt/event/AWTEventListenerProxy done
Event: 8.833 loading class java/awt/Toolkit$ToolkitEventMulticaster
Event: 8.833 loading class java/awt/Toolkit$ToolkitEventMulticaster done
Event: 8.834 Thread 0x00007fd78795a000 Thread exited: 0x00007fd78795a000
Event: 8.834 Thread 0x00007fd78e098000 Uncommon trap: trap_request=0xffffff86 fr.pc=0x0000000114288060
Event: 8.834 Thread 0x00007fd78e098000 DEOPT PACKING pc=0x0000000114288060 sp=0x000070000ee8e780
Event: 8.834 Thread 0x00007fd78e098000 DEOPT UNPACKING pc=0x0000000113ace229 sp=0x000070000ee8e748 mode 2
Event: 8.834 loading class java/awt/Window$1DisposeAction
Event: 8.834 loading class java/awt/Window$1DisposeAction done


Dynamic libraries:
0x000000005542d000 	/System/Library/Frameworks/Cocoa.framework/Versions/A/Cocoa
0x000000005542d000 	/System/Library/Frameworks/Security.framework/Versions/A/Security
0x000000005542d000 	/System/Library/Frameworks/ApplicationServices.framework/Versions/A/ApplicationServices
0x000000005542d000 	/usr/lib/libz.1.dylib
0x000000005542d000 	/usr/lib/libSystem.B.dylib
0x000000005542d000 	/usr/lib/libobjc.A.dylib
0x000000005542d000 	/System/Library/Frameworks/CoreFoundation.framework/Versions/A/CoreFoundation
0x000000005542d000 	/System/Library/Frameworks/Foundation.framework/Versions/C/Foundation
0x000000005542d000 	/System/Library/Frameworks/AppKit.framework/Versions/C/AppKit
0x000000005542d000 	/System/Library/Frameworks/CoreData.framework/Versions/A/CoreData
0x000000005542d000 	/System/Library/PrivateFrameworks/RemoteViewServices.framework/Versions/A/RemoteViewServices
0x000000005542d000 	/System/Library/PrivateFrameworks/UIFoundation.framework/Versions/A/UIFoundation
0x000000005542d000 	/System/Library/PrivateFrameworks/DFRFoundation.framework/Versions/A/DFRFoundation
0x000000005542d000 	/usr/lib/libenergytrace.dylib
0x000000005542d000 	/System/Library/PrivateFrameworks/SkyLight.framework/Versions/A/SkyLight
0x000000005542d000 	/System/Library/Frameworks/CoreGraphics.framework/Versions/A/CoreGraphics
0x000000005542d000 	/usr/lib/libScreenReader.dylib
0x000000005542d000 	/System/Library/Frameworks/Accelerate.framework/Versions/A/Accelerate
0x000000005542d000 	/System/Library/Frameworks/IOSurface.framework/Versions/A/IOSurface
0x000000005542d000 	/System/Library/Frameworks/AudioToolbox.framework/Versions/A/AudioToolbox
0x000000005542d000 	/System/Library/Frameworks/AudioUnit.framework/Versions/A/AudioUnit
0x000000005542d000 	/System/Library/PrivateFrameworks/DataDetectorsCore.framework/Versions/A/DataDetectorsCore
0x000000005542d000 	/System/Library/PrivateFrameworks/DesktopServicesPriv.framework/Versions/A/DesktopServicesPriv
0x000000005542d000 	/System/Library/Frameworks/Carbon.framework/Versions/A/Frameworks/HIToolbox.framework/Versions/A/HIToolbox
0x000000005542d000 	/usr/lib/libicucore.A.dylib
0x000000005542d000 	/System/Library/Frameworks/QuartzCore.framework/Versions/A/QuartzCore
0x000000005542d000 	/System/Library/Frameworks/Carbon.framework/Versions/A/Frameworks/SpeechRecognition.framework/Versions/A/SpeechRecognition
0x000000005542d000 	/usr/lib/libauto.dylib
0x000000005542d000 	/usr/lib/libxml2.2.dylib
0x000000005542d000 	/System/Library/PrivateFrameworks/CoreUI.framework/Versions/A/CoreUI
0x000000005542d000 	/System/Library/Frameworks/CoreAudio.framework/Versions/A/CoreAudio
0x000000005542d000 	/System/Library/Frameworks/DiskArbitration.framework/Versions/A/DiskArbitration
0x000000005542d000 	/usr/lib/liblangid.dylib
0x000000005542d000 	/System/Library/PrivateFrameworks/MultitouchSupport.framework/Versions/A/MultitouchSupport
0x000000005542d000 	/System/Library/Frameworks/IOKit.framework/Versions/A/IOKit
0x000000005542d000 	/usr/lib/libDiagnosticMessagesClient.dylib
0x000000005542d000 	/System/Library/Frameworks/CoreServices.framework/Versions/A/CoreServices
0x000000005542d000 	/System/Library/PrivateFrameworks/PerformanceAnalysis.framework/Versions/A/PerformanceAnalysis
0x000000005542d000 	/System/Library/PrivateFrameworks/GenerationalStorage.framework/Versions/A/GenerationalStorage
0x000000005542d000 	/System/Library/Frameworks/OpenGL.framework/Versions/A/OpenGL
0x000000005542d000 	/System/Library/Frameworks/CoreImage.framework/Versions/A/CoreImage
0x000000005542d000 	/System/Library/Frameworks/CoreText.framework/Versions/A/CoreText
0x000000005542d000 	/System/Library/Frameworks/ImageIO.framework/Versions/A/ImageIO
0x000000005542d000 	/System/Library/PrivateFrameworks/Backup.framework/Versions/A/Backup
0x000000005542d000 	/usr/lib/libarchive.2.dylib
0x000000005542d000 	/System/Library/Frameworks/CFNetwork.framework/Versions/A/CFNetwork
0x000000005542d000 	/System/Library/Frameworks/SystemConfiguration.framework/Versions/A/SystemConfiguration
0x000000005542d000 	/usr/lib/libCRFSuite.dylib
0x000000005542d000 	/usr/lib/libc++.1.dylib
0x000000005542d000 	/usr/lib/libc++abi.dylib
0x000000005542d000 	/usr/lib/system/libcache.dylib
0x000000005542d000 	/usr/lib/system/libcommonCrypto.dylib
0x000000005542d000 	/usr/lib/system/libcompiler_rt.dylib
0x000000005542d000 	/usr/lib/system/libcopyfile.dylib
0x000000005542d000 	/usr/lib/system/libcorecrypto.dylib
0x000000005542d000 	/usr/lib/system/libdispatch.dylib
0x000000005542d000 	/usr/lib/system/libdyld.dylib
0x000000005542d000 	/usr/lib/system/libkeymgr.dylib
0x000000005542d000 	/usr/lib/system/liblaunch.dylib
0x000000005542d000 	/usr/lib/system/libmacho.dylib
0x000000005542d000 	/usr/lib/system/libquarantine.dylib
0x000000005542d000 	/usr/lib/system/libremovefile.dylib
0x000000005542d000 	/usr/lib/system/libsystem_asl.dylib
0x000000005542d000 	/usr/lib/system/libsystem_blocks.dylib
0x000000005542d000 	/usr/lib/system/libsystem_c.dylib
0x000000005542d000 	/usr/lib/system/libsystem_configuration.dylib
0x000000005542d000 	/usr/lib/system/libsystem_coreservices.dylib
0x000000005542d000 	/usr/lib/system/libsystem_coretls.dylib
0x000000005542d000 	/usr/lib/system/libsystem_dnssd.dylib
0x000000005542d000 	/usr/lib/system/libsystem_info.dylib
0x000000005542d000 	/usr/lib/system/libsystem_kernel.dylib
0x000000005542d000 	/usr/lib/system/libsystem_m.dylib
0x000000005542d000 	/usr/lib/system/libsystem_malloc.dylib
0x000000005542d000 	/usr/lib/system/libsystem_network.dylib
0x000000005542d000 	/usr/lib/system/libsystem_networkextension.dylib
0x000000005542d000 	/usr/lib/system/libsystem_notify.dylib
0x000000005542d000 	/usr/lib/system/libsystem_platform.dylib
0x000000005542d000 	/usr/lib/system/libsystem_pthread.dylib
0x000000005542d000 	/usr/lib/system/libsystem_sandbox.dylib
0x000000005542d000 	/usr/lib/system/libsystem_secinit.dylib
0x000000005542d000 	/usr/lib/system/libsystem_symptoms.dylib
0x000000005542d000 	/usr/lib/system/libsystem_trace.dylib
0x000000005542d000 	/usr/lib/system/libunwind.dylib
0x000000005542d000 	/usr/lib/system/libxpc.dylib
0x000000005542d000 	/usr/lib/libbsm.0.dylib
0x000000005542d000 	/usr/lib/system/libkxld.dylib
0x000000005542d000 	/usr/lib/libcoretls.dylib
0x000000005542d000 	/usr/lib/libcoretls_cfhelpers.dylib
0x000000005542d000 	/usr/lib/libOpenScriptingUtil.dylib
0x000000005542d000 	/usr/lib/libpam.2.dylib
0x000000005542d000 	/usr/lib/libsqlite3.dylib
0x000000005542d000 	/usr/lib/libxar.1.dylib
0x000000005542d000 	/usr/lib/libbz2.1.0.dylib
0x000000005542d000 	/usr/lib/liblzma.5.dylib
0x000000005542d000 	/usr/lib/libnetwork.dylib
0x000000005542d000 	/usr/lib/libpcap.A.dylib
0x000000005542d000 	/System/Library/Frameworks/CoreServices.framework/Versions/A/Frameworks/FSEvents.framework/Versions/A/FSEvents
0x000000005542d000 	/System/Library/Frameworks/CoreServices.framework/Versions/A/Frameworks/CarbonCore.framework/Versions/A/CarbonCore
0x000000005542d000 	/System/Library/Frameworks/CoreServices.framework/Versions/A/Frameworks/Metadata.framework/Versions/A/Metadata
0x000000005542d000 	/System/Library/Frameworks/CoreServices.framework/Versions/A/Frameworks/OSServices.framework/Versions/A/OSServices
0x000000005542d000 	/System/Library/Frameworks/CoreServices.framework/Versions/A/Frameworks/SearchKit.framework/Versions/A/SearchKit
0x000000005542d000 	/System/Library/Frameworks/CoreServices.framework/Versions/A/Frameworks/AE.framework/Versions/A/AE
0x000000005542d000 	/System/Library/Frameworks/CoreServices.framework/Versions/A/Frameworks/LaunchServices.framework/Versions/A/LaunchServices
0x000000005542d000 	/System/Library/Frameworks/CoreServices.framework/Versions/A/Frameworks/DictionaryServices.framework/Versions/A/DictionaryServices
0x000000005542d000 	/System/Library/Frameworks/CoreServices.framework/Versions/A/Frameworks/SharedFileList.framework/Versions/A/SharedFileList
0x000000005542d000 	/System/Library/Frameworks/NetFS.framework/Versions/A/NetFS
0x000000005542d000 	/System/Library/PrivateFrameworks/NetAuth.framework/Versions/A/NetAuth
0x000000005542d000 	/System/Library/PrivateFrameworks/login.framework/Versions/A/Frameworks/loginsupport.framework/Versions/A/loginsupport
0x000000005542d000 	/System/Library/PrivateFrameworks/TCC.framework/Versions/A/TCC
0x000000005542d000 	/usr/lib/libmecabra.dylib
0x000000005542d000 	/System/Library/Frameworks/ApplicationServices.framework/Versions/A/Frameworks/ATS.framework/Versions/A/ATS
0x000000005542d000 	/System/Library/Frameworks/ApplicationServices.framework/Versions/A/Frameworks/ColorSync.framework/Versions/A/ColorSync
0x000000005542d000 	/System/Library/Frameworks/ApplicationServices.framework/Versions/A/Frameworks/HIServices.framework/Versions/A/HIServices
0x000000005542d000 	/System/Library/Frameworks/ApplicationServices.framework/Versions/A/Frameworks/LangAnalysis.framework/Versions/A/LangAnalysis
0x000000005542d000 	/System/Library/Frameworks/ApplicationServices.framework/Versions/A/Frameworks/PrintCore.framework/Versions/A/PrintCore
0x000000005542d000 	/System/Library/Frameworks/ApplicationServices.framework/Versions/A/Frameworks/QD.framework/Versions/A/QD
0x000000005542d000 	/System/Library/Frameworks/ApplicationServices.framework/Versions/A/Frameworks/SpeechSynthesis.framework/Versions/A/SpeechSynthesis
0x000000005542d000 	/System/Library/Frameworks/Accelerate.framework/Versions/A/Frameworks/vImage.framework/Versions/A/vImage
0x000000005542d000 	/System/Library/Frameworks/Accelerate.framework/Versions/A/Frameworks/vecLib.framework/Versions/A/vecLib
0x000000005542d000 	/System/Library/Frameworks/Accelerate.framework/Versions/A/Frameworks/vecLib.framework/Versions/A/libvDSP.dylib
0x000000005542d000 	/System/Library/Frameworks/Accelerate.framework/Versions/A/Frameworks/vecLib.framework/Versions/A/libBNNS.dylib
0x000000005542d000 	/System/Library/Frameworks/Accelerate.framework/Versions/A/Frameworks/vecLib.framework/Versions/A/libQuadrature.dylib
0x000000005542d000 	/System/Library/Frameworks/Accelerate.framework/Versions/A/Frameworks/vecLib.framework/Versions/A/libvMisc.dylib
0x000000005542d000 	/System/Library/Frameworks/Accelerate.framework/Versions/A/Frameworks/vecLib.framework/Versions/A/libLAPACK.dylib
0x000000005542d000 	/System/Library/Frameworks/Accelerate.framework/Versions/A/Frameworks/vecLib.framework/Versions/A/libBLAS.dylib
0x000000005542d000 	/System/Library/Frameworks/Accelerate.framework/Versions/A/Frameworks/vecLib.framework/Versions/A/libLinearAlgebra.dylib
0x000000005542d000 	/System/Library/Frameworks/Accelerate.framework/Versions/A/Frameworks/vecLib.framework/Versions/A/libSparseBLAS.dylib
0x000000005542d000 	/System/Library/Frameworks/ApplicationServices.framework/Versions/A/Frameworks/ATS.framework/Versions/A/Resources/libFontParser.dylib
0x000000005542d000 	/System/Library/Frameworks/ApplicationServices.framework/Versions/A/Frameworks/ATS.framework/Versions/A/Resources/libFontRegistry.dylib
0x000000005542d000 	/System/Library/Frameworks/ImageIO.framework/Versions/A/Resources/libJPEG.dylib
0x000000005542d000 	/System/Library/Frameworks/ImageIO.framework/Versions/A/Resources/libTIFF.dylib
0x000000005542d000 	/System/Library/Frameworks/ImageIO.framework/Versions/A/Resources/libPng.dylib
0x000000005542d000 	/System/Library/Frameworks/ImageIO.framework/Versions/A/Resources/libGIF.dylib
0x000000005542d000 	/System/Library/Frameworks/ImageIO.framework/Versions/A/Resources/libJP2.dylib
0x000000005542d000 	/System/Library/Frameworks/ImageIO.framework/Versions/A/Resources/libRadiance.dylib
0x000000005542d000 	/usr/lib/libcompression.dylib
0x000000005542d000 	/System/Library/PrivateFrameworks/AppleJPEG.framework/Versions/A/AppleJPEG
0x000000005542d000 	/usr/lib/libcups.2.dylib
0x000000005542d000 	/System/Library/Frameworks/Kerberos.framework/Versions/A/Kerberos
0x000000005542d000 	/System/Library/Frameworks/GSS.framework/Versions/A/GSS
0x000000005542d000 	/usr/lib/libresolv.9.dylib
0x000000005542d000 	/usr/lib/libiconv.2.dylib
0x000000005542d000 	/System/Library/PrivateFrameworks/Heimdal.framework/Versions/A/Heimdal
0x000000005542d000 	/usr/lib/libheimdal-asn1.dylib
0x000000005542d000 	/System/Library/Frameworks/OpenDirectory.framework/Versions/A/OpenDirectory
0x000000005542d000 	/System/Library/PrivateFrameworks/CommonAuth.framework/Versions/A/CommonAuth
0x000000005542d000 	/System/Library/Frameworks/OpenDirectory.framework/Versions/A/Frameworks/CFOpenDirectory.framework/Versions/A/CFOpenDirectory
0x000000005542d000 	/System/Library/Frameworks/SecurityFoundation.framework/Versions/A/SecurityFoundation
0x000000005542d000 	/System/Library/PrivateFrameworks/LanguageModeling.framework/Versions/A/LanguageModeling
0x000000005542d000 	/usr/lib/libmarisa.dylib
0x000000005542d000 	/usr/lib/libChineseTokenizer.dylib
0x000000005542d000 	/usr/lib/libcmph.dylib
0x000000005542d000 	/System/Library/PrivateFrameworks/CoreEmoji.framework/Versions/A/CoreEmoji
0x000000005542d000 	/System/Library/Frameworks/ServiceManagement.framework/Versions/A/ServiceManagement
0x000000005542d000 	/usr/lib/libxslt.1.dylib
0x000000005542d000 	/System/Library/Frameworks/Carbon.framework/Versions/A/Frameworks/Ink.framework/Versions/A/Ink
0x000000005542d000 	/System/Library/PrivateFrameworks/TextureIO.framework/Versions/A/TextureIO
0x000000005542d000 	/System/Library/Frameworks/Metal.framework/Versions/A/Metal
0x000000005542d000 	/usr/lib/libate.dylib
0x000000005542d000 	/System/Library/PrivateFrameworks/GPUCompiler.framework/libmetal_timestamp.dylib
0x000000005542d000 	/System/Library/Frameworks/OpenGL.framework/Versions/A/Libraries/libCoreFSCache.dylib
0x000000005542d000 	/System/Library/PrivateFrameworks/IOAccelerator.framework/Versions/A/IOAccelerator
0x000000005542d000 	/System/Library/Frameworks/CoreVideo.framework/Versions/A/CoreVideo
0x000000005542d000 	/usr/lib/libFosl_dynamic.dylib
0x000000005542d000 	/System/Library/PrivateFrameworks/MetalPerformanceShaders.framework/Versions/A/MetalPerformanceShaders
0x000000005542d000 	/System/Library/PrivateFrameworks/FaceCore.framework/Versions/A/FaceCore
0x000000005542d000 	/System/Library/Frameworks/OpenCL.framework/Versions/A/OpenCL
0x000000005542d000 	/System/Library/Frameworks/OpenGL.framework/Versions/A/Libraries/libGLU.dylib
0x000000005542d000 	/System/Library/Frameworks/OpenGL.framework/Versions/A/Libraries/libGFXShared.dylib
0x000000005542d000 	/System/Library/Frameworks/OpenGL.framework/Versions/A/Libraries/libGL.dylib
0x000000005542d000 	/System/Library/Frameworks/OpenGL.framework/Versions/A/Libraries/libGLImage.dylib
0x000000005542d000 	/System/Library/Frameworks/OpenGL.framework/Versions/A/Libraries/libCVMSPluginSupport.dylib
0x000000005542d000 	/System/Library/Frameworks/OpenGL.framework/Versions/A/Libraries/libCoreVMClient.dylib
0x000000005542d000 	/System/Library/PrivateFrameworks/CrashReporterSupport.framework/Versions/A/CrashReporterSupport
0x000000005542d000 	/System/Library/PrivateFrameworks/Sharing.framework/Versions/A/Sharing
0x000000005542d000 	/System/Library/PrivateFrameworks/IconServices.framework/Versions/A/IconServices
0x000000005542d000 	/System/Library/PrivateFrameworks/ProtocolBuffer.framework/Versions/A/ProtocolBuffer
0x000000005542d000 	/System/Library/PrivateFrameworks/Apple80211.framework/Versions/A/Apple80211
0x000000005542d000 	/System/Library/Frameworks/CoreWLAN.framework/Versions/A/CoreWLAN
0x000000005542d000 	/System/Library/PrivateFrameworks/CoreUtils.framework/Versions/A/CoreUtils
0x000000005542d000 	/System/Library/Frameworks/IOBluetooth.framework/Versions/A/IOBluetooth
0x000000005542d000 	/System/Library/PrivateFrameworks/CoreWiFi.framework/Versions/A/CoreWiFi
0x000000005542d000 	/System/Library/Frameworks/CoreBluetooth.framework/Versions/A/CoreBluetooth
0x000000005542d000 	/System/Library/Frameworks/CoreDisplay.framework/Versions/A/CoreDisplay
0x000000005542d000 	/System/Library/PrivateFrameworks/IOPresentment.framework/Versions/A/IOPresentment
0x000000005542d000 	/System/Library/PrivateFrameworks/DSExternalDisplay.framework/Versions/A/DSExternalDisplay
0x000000005542d000 	/System/Library/PrivateFrameworks/DebugSymbols.framework/Versions/A/DebugSymbols
0x000000005542d000 	/System/Library/PrivateFrameworks/CoreSymbolication.framework/Versions/A/CoreSymbolication
0x000000005542d000 	/System/Library/PrivateFrameworks/Symbolication.framework/Versions/A/Symbolication
0x000000005542d000 	/System/Library/PrivateFrameworks/AppleFSCompression.framework/Versions/A/AppleFSCompression
0x000000005542d000 	/System/Library/PrivateFrameworks/SpeechRecognitionCore.framework/Versions/A/SpeechRecognitionCore
0x000000005542d000 	/System/Library/PrivateFrameworks/ChunkingLibrary.framework/Versions/A/ChunkingLibrary
0x0000000109200000 	/Library/Java/JavaVirtualMachines/jdk1.8.0_131.jdk/Contents/Home/jre/lib/server/libjvm.dylib
0x000000005542d000 	/usr/lib/libstdc++.6.dylib
0x00000001088f2000 	/Library/Java/JavaVirtualMachines/jdk1.8.0_131.jdk/Contents/Home/jre/lib/libverify.dylib
0x0000000108900000 	/Library/Java/JavaVirtualMachines/jdk1.8.0_131.jdk/Contents/Home/jre/lib/libjava.dylib
0x000000010893f000 	/Library/Java/JavaVirtualMachines/jdk1.8.0_131.jdk/Contents/Home/jre/lib/libzip.dylib
0x0000000110a5b000 	/System/Library/Frameworks/JavaVM.framework/Frameworks/JavaRuntimeSupport.framework/JavaRuntimeSupport
0x0000000110a75000 	/System/Library/Frameworks/JavaVM.framework/Versions/A/Frameworks/JavaNativeFoundation.framework/Versions/A/JavaNativeFoundation
0x0000000110a8a000 	/System/Library/Frameworks/JavaVM.framework/Versions/A/JavaVM
0x000000005542d000 	/System/Library/Frameworks/Carbon.framework/Versions/A/Carbon
0x00000001089f4000 	/System/Library/PrivateFrameworks/JavaLaunching.framework/Versions/A/JavaLaunching
0x000000005542d000 	/System/Library/Frameworks/Carbon.framework/Versions/A/Frameworks/CommonPanels.framework/Versions/A/CommonPanels
0x000000005542d000 	/System/Library/Frameworks/Carbon.framework/Versions/A/Frameworks/Help.framework/Versions/A/Help
0x000000005542d000 	/System/Library/Frameworks/Carbon.framework/Versions/A/Frameworks/ImageCapture.framework/Versions/A/ImageCapture
0x000000005542d000 	/System/Library/Frameworks/Carbon.framework/Versions/A/Frameworks/OpenScripting.framework/Versions/A/OpenScripting
0x000000005542d000 	/System/Library/Frameworks/Carbon.framework/Versions/A/Frameworks/Print.framework/Versions/A/Print
0x000000005542d000 	/System/Library/Frameworks/Carbon.framework/Versions/A/Frameworks/SecurityHI.framework/Versions/A/SecurityHI
0x000000011239a000 	/Library/Java/JavaVirtualMachines/jdk1.8.0_131.jdk/Contents/Home/jre/lib/libawt.dylib
0x0000000112442000 	/Library/Java/JavaVirtualMachines/jdk1.8.0_131.jdk/Contents/Home/jre/lib/./libmlib_image.dylib
0x000000011250e000 	/Library/Java/JavaVirtualMachines/jdk1.8.0_131.jdk/Contents/Home/jre/lib/libawt_lwawt.dylib
0x00000001125c5000 	/Library/Java/JavaVirtualMachines/jdk1.8.0_131.jdk/Contents/Home/jre/lib/./libosxapp.dylib
0x000000005542d000 	/System/Library/Frameworks/ExceptionHandling.framework/Versions/A/ExceptionHandling
0x000000005542d000 	/System/Library/PrivateFrameworks/CoreServicesInternal.framework/Versions/A/CoreServicesInternal
0x000000005542d000 	/System/Library/CoreServices/RawCamera.bundle/Contents/MacOS/RawCamera
0x000000005542d000 	/System/Library/Frameworks/Accelerate.framework/Versions/A/Frameworks/vImage.framework/Versions/A/Libraries/libCGInterfaces.dylib
0x000000005542d000 	/System/Library/Frameworks/ApplicationServices.framework/Versions/A/Frameworks/ATS.framework/Versions/A/Resources/libTrueTypeScaler.dylib
0x00000001238d1000 	/System/Library/Frameworks/OpenGL.framework/Resources/GLEngine.bundle/GLEngine
0x000000005542d000 	/System/Library/Frameworks/OpenGL.framework/Versions/A/Libraries/libGLProgrammability.dylib
0x0000000123ab6000 	/System/Library/Extensions/AppleIntelKBLGraphicsGLDriver.bundle/Contents/MacOS/AppleIntelKBLGraphicsGLDriver
0x000000005542d000 	/System/Library/PrivateFrameworks/GPUSupport.framework/Versions/A/Libraries/libGPUSupportMercury.dylib
0x00000001130a3000 	/System/Library/Frameworks/OpenGL.framework/Resources//GLRendererFloat.bundle/GLRendererFloat
0x000000005542d000 	/System/Library/Frameworks/OpenCL.framework/Versions/A/Libraries/libcldcpuengine.dylib
0x000000005542d000 	/usr/lib/libcrypto.0.9.8.dylib
0x000000005542d000 	/System/Library/PrivateFrameworks/TrustEvaluationAgent.framework/Versions/A/TrustEvaluationAgent
0x00000001138c9000 	/System/Library/Extensions/AppleIntelKBLGraphicsMTLDriver.bundle/Contents/MacOS/AppleIntelKBLGraphicsMTLDriver
0x000000005542d000 	/System/Library/PrivateFrameworks/FamilyControls.framework/Versions/A/FamilyControls
0x000000005542d000 	/System/Library/PrivateFrameworks/CommerceKit.framework/Versions/A/Frameworks/CommerceCore.framework/Versions/A/CommerceCore
0x000000005542d000 	/System/Library/PrivateFrameworks/SystemAdministration.framework/Versions/A/SystemAdministration
0x000000005542d000 	/System/Library/PrivateFrameworks/AppContainer.framework/Versions/A/AppContainer
0x000000005542d000 	/System/Library/PrivateFrameworks/SecCodeWrapper.framework/Versions/A/SecCodeWrapper
0x000000005542d000 	/System/Library/Frameworks/DirectoryService.framework/Versions/A/DirectoryService
0x000000005542d000 	/System/Library/PrivateFrameworks/DiskImages.framework/Versions/A/DiskImages
0x000000005542d000 	/System/Library/PrivateFrameworks/LoginUIKit.framework/Versions/A/Frameworks/LoginUICore.framework/Versions/A/LoginUICore
0x000000005542d000 	/usr/lib/libCoreStorage.dylib
0x000000005542d000 	/usr/lib/libcsfde.dylib
0x000000005542d000 	/usr/lib/libodfde.dylib
0x000000005542d000 	/System/Library/Frameworks/DiscRecording.framework/Versions/A/DiscRecording
0x000000005542d000 	/usr/lib/libcurl.4.dylib
0x000000005542d000 	/System/Library/PrivateFrameworks/MediaKit.framework/Versions/A/MediaKit
0x000000005542d000 	/System/Library/PrivateFrameworks/ProtectedCloudStorage.framework/Versions/A/ProtectedCloudStorage
0x000000005542d000 	/System/Library/PrivateFrameworks/EFILogin.framework/Versions/A/EFILogin
0x000000005542d000 	/usr/lib/libutil.dylib
0x000000005542d000 	/System/Library/Frameworks/LDAP.framework/Versions/A/LDAP
0x000000005542d000 	/usr/lib/libsasl2.2.dylib
0x000000005542d000 	/System/Library/PrivateFrameworks/CoreDaemon.framework/Versions/B/CoreDaemon
0x000000005542d000 	/System/Library/PrivateFrameworks/AppleSRP.framework/Versions/A/AppleSRP
0x000000005542d000 	/System/Library/PrivateFrameworks/APFS.framework/Versions/A/APFS
0x0000000126636000 	/Library/Java/JavaVirtualMachines/jdk1.8.0_131.jdk/Contents/Home/jre/lib/libfontmanager.dylib
0x0000000127701000 	/Library/Java/JavaVirtualMachines/jdk1.8.0_131.jdk/Contents/Home/jre/lib/libosxui.dylib
0x000000005542d000 	/System/Library/PrivateFrameworks/ViewBridge.framework/Versions/A/ViewBridge
0x000000005542d000 	/System/Library/PrivateFrameworks/XPCService.framework/Versions/A/XPCService
0x000000005542d000 	/System/Library/PrivateFrameworks/AppSandbox.framework/Versions/A/AppSandbox
0x000000005542d000 	/usr/lib/libsandbox.1.dylib
0x000000005542d000 	/usr/lib/libMatch.1.dylib
0x000000012868f000 	/Library/Java/JavaVirtualMachines/jdk1.8.0_131.jdk/Contents/Home/jre/lib/libnet.dylib
0x00000001286a6000 	/Library/Java/JavaVirtualMachines/jdk1.8.0_131.jdk/Contents/Home/jre/lib/libnio.dylib
0x000000012778e000 	/private/var/folders/mz/ddp61nqj5pgffdgcqdjxrrfh0000gn/T/jogamp_0000/file_cache/jln5779570231238715928/jln4538248820940604248/libgluegen-rt.jnilib
0x00000001276fe000 	/private/var/folders/mz/ddp61nqj5pgffdgcqdjxrrfh0000gn/T/jogamp_0000/file_cache/jln5779570231238715928/jln4538248820940604248/libnativewindow_awt.jnilib
0x0000000127792000 	/Library/Java/JavaVirtualMachines/jdk1.8.0_131.jdk/Contents/Home/jre/lib/libjawt.dylib
0x00000001277bf000 	/private/var/folders/mz/ddp61nqj5pgffdgcqdjxrrfh0000gn/T/jogamp_0000/file_cache/jln5779570231238715928/jln4538248820940604248/libnativewindow_macosx.jnilib
0x0000000191010000 	/private/var/folders/mz/ddp61nqj5pgffdgcqdjxrrfh0000gn/T/jogamp_0000/file_cache/jln5779570231238715928/jln4538248820940604248/libjogl_desktop.jnilib
0x000000019898f000 	/Library/Java/JavaVirtualMachines/jdk1.8.0_131.jdk/Contents/Home/jre/lib/libsunec.dylib
0x0000000198771000 	/Library/Java/JavaVirtualMachines/jdk1.8.0_131.jdk/Contents/Home/jre/lib/libt2k.dylib

VM Arguments:
jvm_args: -Djava.security.policy=java.policy.applet -Dfile.encoding=UTF-8 
java_command: sun.applet.AppletViewer module4.EarthquakeCityMap1500831090177.html
java_class_path (initial): /Users/litianlun/Downloads/UCSDUnfoldingMaps/build:/Users/litianlun/Downloads/UCSDUnfoldingMaps/lib/core.jar:/Users/litianlun/Downloads/UCSDUnfoldingMaps/lib/gluegen-rt.jar:/Users/litianlun/Downloads/UCSDUnfoldingMaps/lib/jogl-all.jar:/Users/litianlun/Downloads/UCSDUnfoldingMaps/lib/log4j-1.2.15.jar:/Users/litianlun/Downloads/UCSDUnfoldingMaps/lib/sqlite-jdbc-3.7.2.jar:/Users/litianlun/Downloads/UCSDUnfoldingMaps/lib/json4processing.jar:/Users/litianlun/Downloads/UCSDUnfoldingMaps/lib/libTUIO.jar:/Users/litianlun/Downloads/UCSDUnfoldingMaps/lib/unfolding.0.9.7-uscd.jar
Launcher Type: SUN_STANDARD

Environment Variables:
PATH=/usr/bin:/bin:/usr/sbin:/sbin
SHELL=/bin/bash

Signal Handlers:
SIGSEGV: [libjvm.dylib+0x5b1eb1], sa_mask[0]=11111111011111110111111111111111, sa_flags=SA_ONSTACK|SA_RESTART|SA_SIGINFO
SIGBUS: [libjvm.dylib+0x5b1eb1], sa_mask[0]=11111111011111110111111111111111, sa_flags=SA_RESTART|SA_SIGINFO
SIGFPE: [libjvm.dylib+0x488988], sa_mask[0]=11111111011111110111111111111111, sa_flags=SA_RESTART|SA_SIGINFO
SIGPIPE: [libjvm.dylib+0x488988], sa_mask[0]=11111111011111110111111111111111, sa_flags=SA_RESTART|SA_SIGINFO
SIGXFSZ: [libjvm.dylib+0x488988], sa_mask[0]=11111111011111110111111111111111, sa_flags=SA_RESTART|SA_SIGINFO
SIGILL: [libjvm.dylib+0x488988], sa_mask[0]=11111111011111110111111111111111, sa_flags=SA_RESTART|SA_SIGINFO
SIGUSR1: SIG_DFL, sa_mask[0]=00000000000000000000000000000000, sa_flags=none
SIGUSR2: [libjvm.dylib+0x4884a6], sa_mask[0]=00100000000000000000000000000000, sa_flags=SA_RESTART|SA_SIGINFO
SIGHUP: [libjvm.dylib+0x486a7d], sa_mask[0]=11111111011111110111111111111111, sa_flags=SA_RESTART|SA_SIGINFO
SIGINT: [libjvm.dylib+0x486a7d], sa_mask[0]=11111111011111110111111111111111, sa_flags=SA_RESTART|SA_SIGINFO
SIGTERM: [libjvm.dylib+0x486a7d], sa_mask[0]=11111111011111110111111111111111, sa_flags=SA_RESTART|SA_SIGINFO
SIGQUIT: [libjvm.dylib+0x486a7d], sa_mask[0]=11111111011111110111111111111111, sa_flags=SA_RESTART|SA_SIGINFO


---------------  S Y S T E M  ---------------

OS:Bsduname:Darwin 16.6.0 Darwin Kernel Version 16.6.0: Fri Apr 14 16:13:31 PDT 2017; root:xnu-3789.60.24~4/RELEASE_X86_64 x86_64
rlimit: STACK 8192k, CORE 0k, NPROC 709, NOFILE 10240, AS infinity
load average:2.01 1.83 1.77

CPU:total 4 (initial active 4) (2 cores per cpu, 2 threads per core) family 6 model 142 stepping 9, cmov, cx8, fxsr, mmx, sse, sse2, sse3, ssse3, sse4.1, sse4.2, popcnt, avx, avx2, aes, clmul, erms, 3dnowpref, lzcnt, ht, tsc, tscinvbit, bmi1, bmi2, adx

Memory: 4k page, physical 8388608k(75560k free)

/proc/meminfo:


vm_info: Java HotSpot(TM) 64-Bit Server VM (25.131-b11) for bsd-amd64 JRE (1.8.0_131-b11), built on Mar 15 2017 01:32:22 by "java_re" with gcc 4.2.1 (Based on Apple Inc. build 5658) (LLVM build 2336.11.00)

time: Sun Jul 23 13:31:39 2017
elapsed time: 8 seconds (0d 0h 0m 8s)

