#
# A fatal error has been detected by the Java Runtime Environment:
#
#  SIGSEGV (0xb) at pc=0x00007fffdf6b105d, pid=4063, tid=0x0000000000000307
#
# JRE version: Java(TM) SE Runtime Environment (8.0_131-b11) (build 1.8.0_131-b11)
# Java VM: Java HotSpot(TM) 64-Bit Server VM (25.131-b11 mixed mode bsd-amd64 compressed oops)
# Problematic frame:
# C  [libobjc.A.dylib+0x705d]  objc_msgSend+0x1d
#
# Failed to write core dump. Core dumps have been disabled. To enable core dumping, try "ulimit -c unlimited" before starting Java again
#
# If you would like to submit a bug report, please visit:
#   http://bugreport.java.com/bugreport/crash.jsp
# The crash happened outside the Java Virtual Machine in native code.
# See problematic frame for where to report the bug.
#

---------------  T H R E A D  ---------------

Current thread (0x00007f94b7858800):  JavaThread "AWT-AppKit" daemon [_thread_in_native, id=775, stack(0x00007fff57369000,0x00007fff57b69000)]

siginfo: si_signo: 11 (SIGSEGV), si_code: 1 (SEGV_MAPERR), si_addr: 0x0000000000000018

Registers:
RAX=0x00007f94bc48fae0, RBX=0x000000019065e450, RCX=0x00007f94b95000a0, RDX=0x0000000000000000
RSP=0x00007fff57b643a8, RBP=0x00007fff57b64460, RSI=0x00007fffc8f4b116, RDI=0x00007f94bc064ec0
R8 =0x0000000000000018, R9 =0x00007f94b9500c10, R10=0x0000000000000000, R11=0x00007fffc8f4b116
R12=0x0000000000000000, R13=0x0000000195bdb510, R14=0x000000019065e440, R15=0x00007f94b7858800
RIP=0x00007fffdf6b105d, EFLAGS=0x0000000000010246, ERR=0x0000000000000004
  TRAPNO=0x000000000000000e

Top of Stack: (sp=0x00007fff57b643a8)
0x00007fff57b643a8:   000000019065c157 00007fff57b64400
0x00007fff57b643b8:   0000000000000003 00007fff57b643e0
0x00007fff57b643c8:   00000001083076d2 0000000195bdb510
0x00007fff57b643d8:   0000000195bdb510 00007f94bc48fae0
0x00007fff57b643e8:   000000019065e6a0 000000019065e710
0x00007fff57b643f8:   00007fffe57156d0 00007fffe63451e0
0x00007fff57b64408:   000000019065e450 000000019065e690
0x00007fff57b64418:   00007f94bc48fae0 00007f94bc064ec0
0x00007fff57b64428:   00007f94b6f23340 00007f94bc48fae0
0x00007fff57b64438:   00007f94bc064ec0 00007fff57b644e8
0x00007fff57b64448:   00007f94b78589f8 0000000195bdb510
0x00007fff57b64458:   00007fff57b64510 00007fff57b644d8
0x00007fff57b64468:   000000010ea519f4 0000000195bdb510
0x00007fff57b64478:   00007fff57b64510 00007fff57b644d8
0x00007fff57b64488:   000000010ea51787 000000010ea51742
0x00007fff57b64498:   00007fff57b64498 0000000195bdb510
0x00007fff57b644a8:   00007fff57b64510 0000000195bde148
0x00007fff57b644b8:   0000000000000000 0000000195bdb510
0x00007fff57b644c8:   0000000000000000 00007fff57b644f8
0x00007fff57b644d8:   00007fff57b64558 000000010ea422bd
0x00007fff57b644e8:   000000074047f690 000000010ea4b538
0x00007fff57b644f8:   00007f94bc48fae0 00007fff57b64558
0x00007fff57b64508:   00007f94bc064ec0 000000010ea4ce02
0x00007fff57b64518:   00007fff57b64518 0000000195bdb6da
0x00007fff57b64528:   00007fff57b64580 0000000195bde148
0x00007fff57b64538:   0000000000000000 0000000195bdb6e8
0x00007fff57b64548:   00007fff57b644f8 00007fff57b64568
0x00007fff57b64558:   00007fff57b645c8 000000010ea422bd
0x00007fff57b64568:   00007f94bc48fae0 00000007403755a8
0x00007fff57b64578:   00007f94bc064ec0 00000007403755a8
0x00007fff57b64588:   00007fff57b64588 00000001986076ae
0x00007fff57b64598:   00007fff57b645d8 0000000198607768 

Instructions: (pc=0x00007fffdf6b105d)
0x00007fffdf6b103d:   0f 1f 00 48 85 ff 2e 74 62 40 f6 c7 01 2e 75 66
0x00007fffdf6b104d:   49 ba f8 ff ff ff ff 7f 00 00 4c 23 17 49 89 f3
0x00007fffdf6b105d:   45 23 5a 18 49 c1 e3 04 4d 03 5a 10 49 3b 33 75
0x00007fffdf6b106d:   04 41 ff 63 08 49 83 3b 01 76 0d 49 83 c3 10 49 

Register to memory mapping:

RAX=0x00007f94bc48fae0 is an unknown value
RBX=0x000000019065e450: Java_jogamp_nativewindow_macosx_OSXUtil_GetScreenRefreshRate0+0x1cf0 in /private/var/folders/mz/ddp61nqj5pgffdgcqdjxrrfh0000gn/T/jogamp_0000/file_cache/jln913369590817221529/jln7192179903146962160/libnativewindow_macosx.jnilib at 0x0000000190657000
RCX=0x00007f94b95000a0 is an unknown value
RDX=0x0000000000000000 is an unknown value
RSP=0x00007fff57b643a8 is pointing into the stack for thread: 0x00007f94b7858800
RBP=0x00007fff57b64460 is pointing into the stack for thread: 0x00007f94b7858800
RSI=0x00007fffc8f4b116: __NSStyleNameIndexTable+0x7fd5e in /System/Library/Frameworks/AppKit.framework/Versions/C/AppKit at 0x00007fffc82de000
RDI=0x00007f94bc064ec0 is an unknown value
R8 =0x0000000000000018 is an unknown value
R9 =0x00007f94b9500c10 is an unknown value
R10=0x0000000000000000 is an unknown value
R11=0x00007fffc8f4b116: __NSStyleNameIndexTable+0x7fd5e in /System/Library/Frameworks/AppKit.framework/Versions/C/AppKit at 0x00007fffc82de000
R12=0x0000000000000000 is an unknown value
R13={method} {0x0000000195bdb510} 'UnsetJAWTRootSurfaceLayer0' '(JJ)V' in 'jogamp/nativewindow/jawt/macosx/MacOSXJAWTWindow'
R14=0x000000019065e440: Java_jogamp_nativewindow_macosx_OSXUtil_GetScreenRefreshRate0+0x1ce0 in /private/var/folders/mz/ddp61nqj5pgffdgcqdjxrrfh0000gn/T/jogamp_0000/file_cache/jln913369590817221529/jln7192179903146962160/libnativewindow_macosx.jnilib at 0x0000000190657000
R15=0x00007f94b7858800 is a thread


Stack: [0x00007fff57369000,0x00007fff57b69000],  sp=0x00007fff57b643a8,  free space=8172k
Native frames: (J=compiled Java code, j=interpreted, Vv=VM code, C=native code)
C  [libobjc.A.dylib+0x705d]  objc_msgSend+0x1d
j  jogamp.nativewindow.jawt.macosx.MacOSXJAWTWindow.UnsetJAWTRootSurfaceLayer0(JJ)V+0
j  jogamp.nativewindow.jawt.macosx.MacOSXJAWTWindow.access$200(JJ)V+2
j  jogamp.nativewindow.jawt.macosx.MacOSXJAWTWindow$1.run()V+38
J 2876 C1 com.jogamp.common.util.RunnableTask.run()V (345 bytes) @ 0x000000010f40f0f4 [0x000000010f40ef60+0x194]
v  ~StubRoutines::call_stub
V  [libjvm.dylib+0x2ee5b6]
V  [libjvm.dylib+0x325765]
V  [libjvm.dylib+0x317f33]
C  [libnativewindow_macosx.jnilib+0x5326]  Java_jogamp_nativewindow_jawt_macosx_MacOSXJAWTWindow_UnsetJAWTRootSurfaceLayer0+0x2b6
C  [Foundation+0x717ba]  __NSThreadPerformPerform+0x146
C  [CoreFoundation+0xa7321]  __CFRUNLOOP_IS_CALLING_OUT_TO_A_SOURCE0_PERFORM_FUNCTION__+0x11
C  [CoreFoundation+0x8821d]  __CFRunLoopDoSources0+0x22d
C  [CoreFoundation+0x87716]  __CFRunLoopRun+0x3a6
C  [CoreFoundation+0x87114]  CFRunLoopRunSpecific+0x1a4
C  [HIToolbox+0x30ebc]  RunCurrentEventLoopInMode+0xf0
C  [HIToolbox+0x30bf9]  ReceiveNextEventCommon+0xb8
C  [HIToolbox+0x30b26]  _BlockUntilNextEventMatchingListInModeWithFilter+0x47
C  [AppKit+0x46a54]  _DPSNextEvent+0x460
C  [AppKit+0x7c27ee]  -[NSApplication(NSEvent) _nextEventMatchingEventMask:untilDate:inMode:dequeue:]+0xaec
C  [libosxapp.dylib+0x23aa]  -[NSApplicationAWT nextEventMatchingMask:untilDate:inMode:dequeue:]+0x7c
C  [AppKit+0x3b3db]  -[NSApplication run]+0x39e
C  [libosxapp.dylib+0x214d]  +[NSApplicationAWT runAWTLoopWithApp:]+0x9c
C  [libawt_lwawt.dylib+0x45edf]  -[AWTStarter starter:]+0x389
C  [Foundation+0x717ba]  __NSThreadPerformPerform+0x146
C  [CoreFoundation+0xa7321]  __CFRUNLOOP_IS_CALLING_OUT_TO_A_SOURCE0_PERFORM_FUNCTION__+0x11
C  [CoreFoundation+0x8821d]  __CFRunLoopDoSources0+0x22d
C  [CoreFoundation+0x87716]  __CFRunLoopRun+0x3a6
C  [CoreFoundation+0x87114]  CFRunLoopRunSpecific+0x1a4
C  [java+0x6465]  CreateExecutionEnvironment+0x367
C  [java+0x218c]  JLI_Launch+0x7a0
C  [java+0x84c2]  main+0x65
C  [java+0x19e4]  start+0x34
C  0x0000000000000007

Java frames: (J=compiled Java code, j=interpreted, Vv=VM code)
j  jogamp.nativewindow.jawt.macosx.MacOSXJAWTWindow.UnsetJAWTRootSurfaceLayer0(JJ)V+0
j  jogamp.nativewindow.jawt.macosx.MacOSXJAWTWindow.access$200(JJ)V+2
j  jogamp.nativewindow.jawt.macosx.MacOSXJAWTWindow$1.run()V+38
J 2876 C1 com.jogamp.common.util.RunnableTask.run()V (345 bytes) @ 0x000000010f40f0f4 [0x000000010f40ef60+0x194]
v  ~StubRoutines::call_stub

---------------  P R O C E S S  ---------------

Java Threads: ( => current thread )
  0x00007f94b8dc4000 JavaThread "Thread-19" [_thread_blocked, id=82127, stack(0x000070000bdb5000,0x000070000beb5000)]
  0x00007f94b8dca000 JavaThread "Image Fetcher 3" daemon [_thread_blocked, id=85251, stack(0x000070000c5cd000,0x000070000c6cd000)]
  0x00007f94b8c65800 JavaThread "Image Fetcher 2" daemon [_thread_blocked, id=84739, stack(0x000070000c4ca000,0x000070000c5ca000)]
  0x00007f94b8d73000 JavaThread "Image Fetcher 1" daemon [_thread_blocked, id=84227, stack(0x000070000c3c7000,0x000070000c4c7000)]
  0x00007f94bd03a000 JavaThread "Image Fetcher 0" daemon [_thread_blocked, id=83735, stack(0x000070000c2c4000,0x000070000c3c4000)]
  0x00007f94b7656800 JavaThread "Keep-Alive-Timer" daemon [_thread_blocked, id=83207, stack(0x000070000c1c1000,0x000070000c2c1000)]
  0x00007f94b8188800 JavaThread "AWT-EventQueue-1" [_thread_in_native, id=63107, stack(0x000070000bbac000,0x000070000bcac000)]
  0x00007f94b79c1000 JavaThread "DestroyJavaVM" [_thread_blocked, id=3587, stack(0x000070000a45e000,0x000070000a55e000)]
  0x00007f94b7a68800 JavaThread "AWT-EventQueue-0" [_thread_blocked, id=59163, stack(0x000070000b9a6000,0x000070000baa6000)]
  0x00007f94b7a5e800 JavaThread "Java2D Disposer" daemon [_thread_blocked, id=57623, stack(0x000070000b71d000,0x000070000b81d000)]
  0x00007f94b80b2000 JavaThread "Java2D Queue Flusher" daemon [_thread_blocked, id=57863, stack(0x000070000b61a000,0x000070000b71a000)]
  0x00007f94b894f800 JavaThread "AWT-Shutdown" [_thread_blocked, id=30495, stack(0x000070000b494000,0x000070000b594000)]
=>0x00007f94b7858800 JavaThread "AWT-AppKit" daemon [_thread_in_native, id=775, stack(0x00007fff57369000,0x00007fff57b69000)]
  0x00007f94b7848000 JavaThread "Service Thread" daemon [_thread_blocked, id=18691, stack(0x000070000b20b000,0x000070000b30b000)]
  0x00007f94b802c800 JavaThread "C1 CompilerThread2" daemon [_thread_blocked, id=18179, stack(0x000070000b108000,0x000070000b208000)]
  0x00007f94b7035000 JavaThread "C2 CompilerThread1" daemon [_thread_blocked, id=17667, stack(0x000070000b005000,0x000070000b105000)]
  0x00007f94b7033000 JavaThread "C2 CompilerThread0" daemon [_thread_blocked, id=17155, stack(0x000070000af02000,0x000070000b002000)]
  0x00007f94b7031000 JavaThread "Signal Dispatcher" daemon [_thread_blocked, id=16643, stack(0x000070000adff000,0x000070000aeff000)]
  0x00007f94b701a000 JavaThread "Finalizer" daemon [_thread_blocked, id=12547, stack(0x000070000acfc000,0x000070000adfc000)]
  0x00007f94b7017800 JavaThread "Reference Handler" daemon [_thread_blocked, id=12035, stack(0x000070000abf9000,0x000070000acf9000)]

Other Threads:
  0x00007f94b7830800 VMThread [stack: 0x000070000aaf6000,0x000070000abf6000] [id=11523]
  0x00007f94b8800800 WatcherThread [stack: 0x000070000b30e000,0x000070000b40e000] [id=19203]

VM state:not at safepoint (normal execution)

VM Mutex/Monitor currently owned by a thread: None

Heap:
 PSYoungGen      total 38400K, used 29131K [0x0000000795580000, 0x0000000798d00000, 0x00000007c0000000)
  eden space 33280K, 72% used [0x0000000795580000,0x0000000796cfab98,0x0000000797600000)
  from space 5120K, 99% used [0x0000000797600000,0x0000000797af8120,0x0000000797b00000)
  to   space 5120K, 0% used [0x0000000798800000,0x0000000798800000,0x0000000798d00000)
 ParOldGen       total 66560K, used 16065K [0x0000000740000000, 0x0000000744100000, 0x0000000795580000)
  object space 66560K, 24% used [0x0000000740000000,0x0000000740fb0678,0x0000000744100000)
 Metaspace       used 24293K, capacity 24649K, committed 24880K, reserved 1071104K
  class space    used 2450K, capacity 2555K, committed 2608K, reserved 1048576K

Card table byte_map: [0x0000000109dc0000,0x000000010a1c1000] byte_map_base: 0x00000001063c0000

Marking Bits: (ParMarkBitMap*) 0x0000000108a05ea0
 Begin Bits: [0x000000010a46c000, 0x000000010c46c000)
 End Bits:   [0x000000010c46c000, 0x000000010e46c000)

Polling page: 0x00000001090fa000

CodeCache: size=245760Kb used=10170Kb max_used=10181Kb free=235589Kb
 bounds [0x000000010ea3a000, 0x000000010f43a000, 0x000000011da3a000]
 total_blobs=3868 nmethods=2922 adapters=859
 compilation: enabled

Compilation events (10 events):
Event: 7.031 Thread 0x00007f94b802c800 2920       3       java.util.concurrent.locks.AbstractQueuedSynchronizer::doReleaseShared (79 bytes)
Event: 7.032 Thread 0x00007f94b802c800 nmethod 2920 0x000000010f42d650 code [0x000000010f42d800, 0x000000010f42ddc8]
Event: 7.041 Thread 0x00007f94b802c800 2921       3       java.util.HashMap::afterNodeRemoval (1 bytes)
Event: 7.041 Thread 0x00007f94b802c800 nmethod 2921 0x000000010f427150 code [0x000000010f4272a0, 0x000000010f4273f0]
Event: 7.043 Thread 0x00007f94b802c800 2922  s    3       sun.font.FontAccess::getFontAccess (4 bytes)
Event: 7.043 Thread 0x00007f94b802c800 nmethod 2922 0x000000010f42d190 code [0x000000010f42d300, 0x000000010f42d5b0]
Event: 7.043 Thread 0x00007f94b802c800 2923       1       sun.java2d.SurfaceData::isValid (5 bytes)
Event: 7.043 Thread 0x00007f94b802c800 nmethod 2923 0x000000010f4086d0 code [0x000000010f408820, 0x000000010f408930]
Event: 7.054 Thread 0x00007f94b7035000 2924  s!   4       sun.misc.URLClassPath::getLoader (243 bytes)
Event: 7.056 Thread 0x00007f94b7033000 2925  s    4       sun.misc.URLClassPath::getNextLoader (88 bytes)

GC Heap History (8 events):
Event: 2.182 GC heap before
{Heap before GC invocations=1 (full 0):
 PSYoungGen      total 38400K, used 33280K [0x0000000795580000, 0x0000000798000000, 0x00000007c0000000)
  eden space 33280K, 100% used [0x0000000795580000,0x0000000797600000,0x0000000797600000)
  from space 5120K, 0% used [0x0000000797b00000,0x0000000797b00000,0x0000000798000000)
  to   space 5120K, 0% used [0x0000000797600000,0x0000000797600000,0x0000000797b00000)
 ParOldGen       total 87552K, used 0K [0x0000000740000000, 0x0000000745580000, 0x0000000795580000)
  object space 87552K, 0% used [0x0000000740000000,0x0000000740000000,0x0000000745580000)
 Metaspace       used 16418K, capacity 16751K, committed 17024K, reserved 1064960K
  class space    used 1701K, capacity 1794K, committed 1920K, reserved 1048576K
Event: 2.187 GC heap after
Heap after GC invocations=1 (full 0):
 PSYoungGen      total 38400K, used 5112K [0x0000000795580000, 0x0000000798000000, 0x00000007c0000000)
  eden space 33280K, 0% used [0x0000000795580000,0x0000000795580000,0x0000000797600000)
  from space 5120K, 99% used [0x0000000797600000,0x0000000797afe270,0x0000000797b00000)
  to   space 5120K, 0% used [0x0000000797b00000,0x0000000797b00000,0x0000000798000000)
 ParOldGen       total 87552K, used 93K [0x0000000740000000, 0x0000000745580000, 0x0000000795580000)
  object space 87552K, 0% used [0x0000000740000000,0x00000007400174b0,0x0000000745580000)
 Metaspace       used 16418K, capacity 16751K, committed 17024K, reserved 1064960K
  class space    used 1701K, capacity 1794K, committed 1920K, reserved 1048576K
}
Event: 3.023 GC heap before
{Heap before GC invocations=2 (full 0):
 PSYoungGen      total 38400K, used 36163K [0x0000000795580000, 0x0000000798000000, 0x00000007c0000000)
  eden space 33280K, 93% used [0x0000000795580000,0x00000007973d29c0,0x0000000797600000)
  from space 5120K, 99% used [0x0000000797600000,0x0000000797afe270,0x0000000797b00000)
  to   space 5120K, 0% used [0x0000000797b00000,0x0000000797b00000,0x0000000798000000)
 ParOldGen       total 87552K, used 93K [0x0000000740000000, 0x0000000745580000, 0x0000000795580000)
  object space 87552K, 0% used [0x0000000740000000,0x00000007400174b0,0x0000000745580000)
 Metaspace       used 20829K, capacity 21255K, committed 21296K, reserved 1069056K
  class space    used 2179K, capacity 2326K, committed 2352K, reserved 1048576K
Event: 3.033 GC heap after
Heap after GC invocations=2 (full 0):
 PSYoungGen      total 38400K, used 5091K [0x0000000795580000, 0x0000000798000000, 0x00000007c0000000)
  eden space 33280K, 0% used [0x0000000795580000,0x0000000795580000,0x0000000797600000)
  from space 5120K, 99% used [0x0000000797b00000,0x0000000797ff8c00,0x0000000798000000)
  to   space 5120K, 0% used [0x0000000797600000,0x0000000797600000,0x0000000797b00000)
 ParOldGen       total 87552K, used 3314K [0x0000000740000000, 0x0000000745580000, 0x0000000795580000)
  object space 87552K, 3% used [0x0000000740000000,0x000000074033cb28,0x0000000745580000)
 Metaspace       used 20829K, capacity 21255K, committed 21296K, reserved 1069056K
  class space    used 2179K, capacity 2326K, committed 2352K, reserved 1048576K
}
Event: 3.033 GC heap before
{Heap before GC invocations=3 (full 1):
 PSYoungGen      total 38400K, used 5091K [0x0000000795580000, 0x0000000798000000, 0x00000007c0000000)
  eden space 33280K, 0% used [0x0000000795580000,0x0000000795580000,0x0000000797600000)
  from space 5120K, 99% used [0x0000000797b00000,0x0000000797ff8c00,0x0000000798000000)
  to   space 5120K, 0% used [0x0000000797600000,0x0000000797600000,0x0000000797b00000)
 ParOldGen       total 87552K, used 3314K [0x0000000740000000, 0x0000000745580000, 0x0000000795580000)
  object space 87552K, 3% used [0x0000000740000000,0x000000074033cb28,0x0000000745580000)
 Metaspace       used 20829K, capacity 21255K, committed 21296K, reserved 1069056K
  class space    used 2179K, capacity 2326K, committed 2352K, reserved 1048576K
Event: 3.067 GC heap after
Heap after GC invocations=3 (full 1):
 PSYoungGen      total 38400K, used 0K [0x0000000795580000, 0x0000000798000000, 0x00000007c0000000)
  eden space 33280K, 0% used [0x0000000795580000,0x0000000795580000,0x0000000797600000)
  from space 5120K, 0% used [0x0000000797b00000,0x0000000797b00000,0x0000000798000000)
  to   space 5120K, 0% used [0x0000000797600000,0x0000000797600000,0x0000000797b00000)
 ParOldGen       total 66560K, used 8189K [0x0000000740000000, 0x0000000744100000, 0x0000000795580000)
  object space 66560K, 12% used [0x0000000740000000,0x00000007407ff690,0x0000000744100000)
 Metaspace       used 20829K, capacity 21255K, committed 21296K, reserved 1069056K
  class space    used 2179K, capacity 2326K, committed 2352K, reserved 1048576K
}
Event: 3.736 GC heap before
{Heap before GC invocations=4 (full 1):
 PSYoungGen      total 38400K, used 33280K [0x0000000795580000, 0x0000000798000000, 0x00000007c0000000)
  eden space 33280K, 100% used [0x0000000795580000,0x0000000797600000,0x0000000797600000)
  from space 5120K, 0% used [0x0000000797b00000,0x0000000797b00000,0x0000000798000000)
  to   space 5120K, 0% used [0x0000000797600000,0x0000000797600000,0x0000000797b00000)
 ParOldGen       total 66560K, used 8253K [0x0000000740000000, 0x0000000744100000, 0x0000000795580000)
  object space 66560K, 12% used [0x0000000740000000,0x000000074080f6a0,0x0000000744100000)
 Metaspace       used 23724K, capacity 24121K, committed 24368K, reserved 1071104K
  class space    used 2441K, capacity 2553K, committed 2608K, reserved 1048576K
Event: 3.742 GC heap after
Heap after GC invocations=4 (full 1):
 PSYoungGen      total 38400K, used 5088K [0x0000000795580000, 0x0000000798d00000, 0x00000007c0000000)
  eden space 33280K, 0% used [0x0000000795580000,0x0000000795580000,0x0000000797600000)
  from space 5120K, 99% used [0x0000000797600000,0x0000000797af8120,0x0000000797b00000)
  to   space 5120K, 0% used [0x0000000798800000,0x0000000798800000,0x0000000798d00000)
 ParOldGen       total 66560K, used 16065K [0x0000000740000000, 0x0000000744100000, 0x0000000795580000)
  object space 66560K, 24% used [0x0000000740000000,0x0000000740fb0678,0x0000000744100000)
 Metaspace       used 23724K, capacity 24121K, committed 24368K, reserved 1071104K
  class space    used 2441K, capacity 2553K, committed 2608K, reserved 1048576K
}

Deoptimization events (10 events):
Event: 3.288 Thread 0x00007f94b8188800 Uncommon trap: reason=unstable_if action=reinterpret pc=0x000000010f0558c0 method=com.sun.org.apache.xerces.internal.impl.XMLEntityScanner.peekChar()I @ 14
Event: 3.298 Thread 0x00007f94b8188800 Uncommon trap: reason=unstable_if action=reinterpret pc=0x000000010ee47cfc method=sun.misc.FloatingDecimal.readJavaFormatString(Ljava/lang/String;)Lsun/misc/FloatingDecimal$ASCIIToBinaryConverter; @ 445
Event: 3.419 Thread 0x00007f94b8188800 Uncommon trap: reason=unstable_if action=reinterpret pc=0x000000010f0f2ebc method=com.jogamp.common.util.IntIntHashMap.get(I)I @ 28
Event: 7.026 Thread 0x00007f94b8188800 Uncommon trap: reason=unstable_if action=reinterpret pc=0x000000010f407428 method=java.util.WeakHashMap.get(Ljava/lang/Object;)Ljava/lang/Object; @ 35
Event: 7.026 Thread 0x00007f94b8188800 Uncommon trap: reason=unstable_if action=reinterpret pc=0x000000010f1df628 method=com.jogamp.common.util.VersionNumber.compareTo(Lcom/jogamp/common/util/VersionNumber;)I @ 21
Event: 7.028 Thread 0x00007f94b7a68800 Uncommon trap: reason=unstable_if action=reinterpret pc=0x000000010f3a02bc method=java.awt.font.FontRenderContext.equals(Ljava/awt/font/FontRenderContext;)Z @ 2
Event: 7.040 Thread 0x00007f94b80c5000 Uncommon trap: reason=class_check action=maybe_recompile pc=0x000000010ef5093c method=java.util.HashMap.putVal(ILjava/lang/Object;Ljava/lang/Object;ZZ)Ljava/lang/Object; @ 91
Event: 7.040 Thread 0x00007f94b80c5000 Uncommon trap: reason=class_check action=maybe_recompile pc=0x000000010ef5093c method=java.util.HashMap.putVal(ILjava/lang/Object;Ljava/lang/Object;ZZ)Ljava/lang/Object; @ 91
Event: 7.040 Thread 0x00007f94b80c5000 Uncommon trap: reason=class_check action=maybe_recompile pc=0x000000010ef097f8 method=java.util.HashMap.putVal(ILjava/lang/Object;Ljava/lang/Object;ZZ)Ljava/lang/Object; @ 91
Event: 7.042 Thread 0x00007f94b7a68800 Uncommon trap: reason=unstable_if action=reinterpret pc=0x000000010f388278 method=java.awt.font.FontRenderContext.equals(Ljava/awt/font/FontRenderContext;)Z @ 2

Internal exceptions (10 events):
Event: 0.142 Thread 0x00007f94b700c800 Exception <a 'java/lang/NoSuchFieldError': method resolution failed> (0x0000000795793070) thrown at [/Users/java_re/workspace/8-2-build-macosx-x86_64/jdk8u131/8869/hotspot/src/share/vm/prims/methodHandles.cpp, line 1146]
Event: 0.308 Thread 0x00007f94b700c800 Exception <a 'java/io/FileNotFoundException'> (0x000000079580e630) thrown at [/Users/java_re/workspace/8-2-build-macosx-x86_64/jdk8u131/8869/hotspot/src/share/vm/prims/jni.cpp, line 709]
Event: 0.308 Thread 0x00007f94b700c800 Exception <a 'java/io/FileNotFoundException'> (0x000000079580f1b8) thrown at [/Users/java_re/workspace/8-2-build-macosx-x86_64/jdk8u131/8869/hotspot/src/share/vm/prims/jni.cpp, line 709]
Event: 0.383 Thread 0x00007f94b700c800 Exception <a 'java/io/FileNotFoundException'> (0x000000079594a2e0) thrown at [/Users/java_re/workspace/8-2-build-macosx-x86_64/jdk8u131/8869/hotspot/src/share/vm/prims/jni.cpp, line 709]
Event: 1.950 Thread 0x00007f94b79fb800 Exception <a 'java/lang/UnsatisfiedLinkError': com.jogamp.common.util.JarUtil.fixNativeLibAttribs(Ljava/lang/String;)Z> (0x0000000796bd6790) thrown at [/Users/java_re/workspace/8-2-build-macosx-x86_64/jdk8u131/8869/hotspot/src/share/vm/prims/nativeLookup.
Event: 2.189 Thread 0x00007f94b701a000 Exception <a 'java/lang/NullPointerException'> (0x00000007956a4b98) thrown at [/Users/java_re/workspace/8-2-build-macosx-x86_64/jdk8u131/8869/hotspot/src/share/vm/interpreter/linkResolver.cpp, line 1197]
Event: 2.707 Thread 0x00007f94b8188800 Exception <a 'java/io/FileNotFoundException'> (0x0000000795eb5e18) thrown at [/Users/java_re/workspace/8-2-build-macosx-x86_64/jdk8u131/8869/hotspot/src/share/vm/prims/jni.cpp, line 709]
Event: 2.707 Thread 0x00007f94b8188800 Exception <a 'java/io/FileNotFoundException'> (0x0000000795ebbe40) thrown at [/Users/java_re/workspace/8-2-build-macosx-x86_64/jdk8u131/8869/hotspot/src/share/vm/prims/jni.cpp, line 709]
Event: 2.707 Thread 0x00007f94b8188800 Implicit null exception at 0x000000010ec187f6 to 0x000000010ec18bc5
Event: 2.935 Thread 0x00007f94b8188800 Implicit null exception at 0x000000010edf8106 to 0x000000010edf834d

Events (10 events):
Event: 7.054 loading class com/jogamp/nativewindow/awt/JAWTWindow$JAWTComponentListener$2
Event: 7.054 loading class com/jogamp/nativewindow/awt/JAWTWindow$JAWTComponentListener$2 done
Event: 7.055 loading class jogamp/nativewindow/jawt/macosx/MacOSXJAWTWindow$1
Event: 7.055 loading class jogamp/nativewindow/jawt/macosx/MacOSXJAWTWindow$1 done
Event: 7.057 loading class java/awt/LightweightDispatcher$2
Event: 7.058 loading class java/awt/LightweightDispatcher$2 done
Event: 7.058 loading class java/awt/event/AWTEventListenerProxy
Event: 7.059 loading class java/awt/event/AWTEventListenerProxy done
Event: 7.059 loading class java/awt/Toolkit$ToolkitEventMulticaster
Event: 7.059 loading class java/awt/Toolkit$ToolkitEventMulticaster done


Dynamic libraries:
0x000000005542d000 	/System/Library/Frameworks/Cocoa.framework/Versions/A/Cocoa
0x000000005542d000 	/System/Library/Frameworks/Security.framework/Versions/A/Security
0x000000005542d000 	/System/Library/Frameworks/ApplicationServices.framework/Versions/A/ApplicationServices
0x000000005542d000 	/usr/lib/libz.1.dylib
0x000000005542d000 	/usr/lib/libSystem.B.dylib
0x000000005542d000 	/usr/lib/libobjc.A.dylib
0x000000005542d000 	/System/Library/Frameworks/CoreFoundation.framework/Versions/A/CoreFoundation
0x000000005542d000 	/System/Library/Frameworks/Foundation.framework/Versions/C/Foundation
0x000000005542d000 	/System/Library/Frameworks/AppKit.framework/Versions/C/AppKit
0x000000005542d000 	/System/Library/Frameworks/CoreData.framework/Versions/A/CoreData
0x000000005542d000 	/System/Library/PrivateFrameworks/RemoteViewServices.framework/Versions/A/RemoteViewServices
0x000000005542d000 	/System/Library/PrivateFrameworks/UIFoundation.framework/Versions/A/UIFoundation
0x000000005542d000 	/System/Library/PrivateFrameworks/DFRFoundation.framework/Versions/A/DFRFoundation
0x000000005542d000 	/usr/lib/libenergytrace.dylib
0x000000005542d000 	/System/Library/PrivateFrameworks/SkyLight.framework/Versions/A/SkyLight
0x000000005542d000 	/System/Library/Frameworks/CoreGraphics.framework/Versions/A/CoreGraphics
0x000000005542d000 	/usr/lib/libScreenReader.dylib
0x000000005542d000 	/System/Library/Frameworks/Accelerate.framework/Versions/A/Accelerate
0x000000005542d000 	/System/Library/Frameworks/IOSurface.framework/Versions/A/IOSurface
0x000000005542d000 	/System/Library/Frameworks/AudioToolbox.framework/Versions/A/AudioToolbox
0x000000005542d000 	/System/Library/Frameworks/AudioUnit.framework/Versions/A/AudioUnit
0x000000005542d000 	/System/Library/PrivateFrameworks/DataDetectorsCore.framework/Versions/A/DataDetectorsCore
0x000000005542d000 	/System/Library/PrivateFrameworks/DesktopServicesPriv.framework/Versions/A/DesktopServicesPriv
0x000000005542d000 	/System/Library/Frameworks/Carbon.framework/Versions/A/Frameworks/HIToolbox.framework/Versions/A/HIToolbox
0x000000005542d000 	/usr/lib/libicucore.A.dylib
0x000000005542d000 	/System/Library/Frameworks/QuartzCore.framework/Versions/A/QuartzCore
0x000000005542d000 	/System/Library/Frameworks/Carbon.framework/Versions/A/Frameworks/SpeechRecognition.framework/Versions/A/SpeechRecognition
0x000000005542d000 	/usr/lib/libauto.dylib
0x000000005542d000 	/usr/lib/libxml2.2.dylib
0x000000005542d000 	/System/Library/PrivateFrameworks/CoreUI.framework/Versions/A/CoreUI
0x000000005542d000 	/System/Library/Frameworks/CoreAudio.framework/Versions/A/CoreAudio
0x000000005542d000 	/System/Library/Frameworks/DiskArbitration.framework/Versions/A/DiskArbitration
0x000000005542d000 	/usr/lib/liblangid.dylib
0x000000005542d000 	/System/Library/PrivateFrameworks/MultitouchSupport.framework/Versions/A/MultitouchSupport
0x000000005542d000 	/System/Library/Frameworks/IOKit.framework/Versions/A/IOKit
0x000000005542d000 	/usr/lib/libDiagnosticMessagesClient.dylib
0x000000005542d000 	/System/Library/Frameworks/CoreServices.framework/Versions/A/CoreServices
0x000000005542d000 	/System/Library/PrivateFrameworks/PerformanceAnalysis.framework/Versions/A/PerformanceAnalysis
0x000000005542d000 	/System/Library/PrivateFrameworks/GenerationalStorage.framework/Versions/A/GenerationalStorage
0x000000005542d000 	/System/Library/Frameworks/OpenGL.framework/Versions/A/OpenGL
0x000000005542d000 	/System/Library/Frameworks/CoreImage.framework/Versions/A/CoreImage
0x000000005542d000 	/System/Library/Frameworks/CoreText.framework/Versions/A/CoreText
0x000000005542d000 	/System/Library/Frameworks/ImageIO.framework/Versions/A/ImageIO
0x000000005542d000 	/System/Library/PrivateFrameworks/Backup.framework/Versions/A/Backup
0x000000005542d000 	/usr/lib/libarchive.2.dylib
0x000000005542d000 	/System/Library/Frameworks/CFNetwork.framework/Versions/A/CFNetwork
0x000000005542d000 	/System/Library/Frameworks/SystemConfiguration.framework/Versions/A/SystemConfiguration
0x000000005542d000 	/usr/lib/libCRFSuite.dylib
0x000000005542d000 	/usr/lib/libc++.1.dylib
0x000000005542d000 	/usr/lib/libc++abi.dylib
0x000000005542d000 	/usr/lib/system/libcache.dylib
0x000000005542d000 	/usr/lib/system/libcommonCrypto.dylib
0x000000005542d000 	/usr/lib/system/libcompiler_rt.dylib
0x000000005542d000 	/usr/lib/system/libcopyfile.dylib
0x000000005542d000 	/usr/lib/system/libcorecrypto.dylib
0x000000005542d000 	/usr/lib/system/libdispatch.dylib
0x000000005542d000 	/usr/lib/system/libdyld.dylib
0x000000005542d000 	/usr/lib/system/libkeymgr.dylib
0x000000005542d000 	/usr/lib/system/liblaunch.dylib
0x000000005542d000 	/usr/lib/system/libmacho.dylib
0x000000005542d000 	/usr/lib/system/libquarantine.dylib
0x000000005542d000 	/usr/lib/system/libremovefile.dylib
0x000000005542d000 	/usr/lib/system/libsystem_asl.dylib
0x000000005542d000 	/usr/lib/system/libsystem_blocks.dylib
0x000000005542d000 	/usr/lib/system/libsystem_c.dylib
0x000000005542d000 	/usr/lib/system/libsystem_configuration.dylib
0x000000005542d000 	/usr/lib/system/libsystem_coreservices.dylib
0x000000005542d000 	/usr/lib/system/libsystem_coretls.dylib
0x000000005542d000 	/usr/lib/system/libsystem_dnssd.dylib
0x000000005542d000 	/usr/lib/system/libsystem_info.dylib
0x000000005542d000 	/usr/lib/system/libsystem_kernel.dylib
0x000000005542d000 	/usr/lib/system/libsystem_m.dylib
0x000000005542d000 	/usr/lib/system/libsystem_malloc.dylib
0x000000005542d000 	/usr/lib/system/libsystem_network.dylib
0x000000005542d000 	/usr/lib/system/libsystem_networkextension.dylib
0x000000005542d000 	/usr/lib/system/libsystem_notify.dylib
0x000000005542d000 	/usr/lib/system/libsystem_platform.dylib
0x000000005542d000 	/usr/lib/system/libsystem_pthread.dylib
0x000000005542d000 	/usr/lib/system/libsystem_sandbox.dylib
0x000000005542d000 	/usr/lib/system/libsystem_secinit.dylib
0x000000005542d000 	/usr/lib/system/libsystem_symptoms.dylib
0x000000005542d000 	/usr/lib/system/libsystem_trace.dylib
0x000000005542d000 	/usr/lib/system/libunwind.dylib
0x000000005542d000 	/usr/lib/system/libxpc.dylib
0x000000005542d000 	/usr/lib/libbsm.0.dylib
0x000000005542d000 	/usr/lib/system/libkxld.dylib
0x000000005542d000 	/usr/lib/libcoretls.dylib
0x000000005542d000 	/usr/lib/libcoretls_cfhelpers.dylib
0x000000005542d000 	/usr/lib/libOpenScriptingUtil.dylib
0x000000005542d000 	/usr/lib/libpam.2.dylib
0x000000005542d000 	/usr/lib/libsqlite3.dylib
0x000000005542d000 	/usr/lib/libxar.1.dylib
0x000000005542d000 	/usr/lib/libbz2.1.0.dylib
0x000000005542d000 	/usr/lib/liblzma.5.dylib
0x000000005542d000 	/usr/lib/libnetwork.dylib
0x000000005542d000 	/usr/lib/libpcap.A.dylib
0x000000005542d000 	/System/Library/Frameworks/CoreServices.framework/Versions/A/Frameworks/FSEvents.framework/Versions/A/FSEvents
0x000000005542d000 	/System/Library/Frameworks/CoreServices.framework/Versions/A/Frameworks/CarbonCore.framework/Versions/A/CarbonCore
0x000000005542d000 	/System/Library/Frameworks/CoreServices.framework/Versions/A/Frameworks/Metadata.framework/Versions/A/Metadata
0x000000005542d000 	/System/Library/Frameworks/CoreServices.framework/Versions/A/Frameworks/OSServices.framework/Versions/A/OSServices
0x000000005542d000 	/System/Library/Frameworks/CoreServices.framework/Versions/A/Frameworks/SearchKit.framework/Versions/A/SearchKit
0x000000005542d000 	/System/Library/Frameworks/CoreServices.framework/Versions/A/Frameworks/AE.framework/Versions/A/AE
0x000000005542d000 	/System/Library/Frameworks/CoreServices.framework/Versions/A/Frameworks/LaunchServices.framework/Versions/A/LaunchServices
0x000000005542d000 	/System/Library/Frameworks/CoreServices.framework/Versions/A/Frameworks/DictionaryServices.framework/Versions/A/DictionaryServices
0x000000005542d000 	/System/Library/Frameworks/CoreServices.framework/Versions/A/Frameworks/SharedFileList.framework/Versions/A/SharedFileList
0x000000005542d000 	/System/Library/Frameworks/NetFS.framework/Versions/A/NetFS
0x000000005542d000 	/System/Library/PrivateFrameworks/NetAuth.framework/Versions/A/NetAuth
0x000000005542d000 	/System/Library/PrivateFrameworks/login.framework/Versions/A/Frameworks/loginsupport.framework/Versions/A/loginsupport
0x000000005542d000 	/System/Library/PrivateFrameworks/TCC.framework/Versions/A/TCC
0x000000005542d000 	/usr/lib/libmecabra.dylib
0x000000005542d000 	/System/Library/Frameworks/ApplicationServices.framework/Versions/A/Frameworks/ATS.framework/Versions/A/ATS
0x000000005542d000 	/System/Library/Frameworks/ApplicationServices.framework/Versions/A/Frameworks/ColorSync.framework/Versions/A/ColorSync
0x000000005542d000 	/System/Library/Frameworks/ApplicationServices.framework/Versions/A/Frameworks/HIServices.framework/Versions/A/HIServices
0x000000005542d000 	/System/Library/Frameworks/ApplicationServices.framework/Versions/A/Frameworks/LangAnalysis.framework/Versions/A/LangAnalysis
0x000000005542d000 	/System/Library/Frameworks/ApplicationServices.framework/Versions/A/Frameworks/PrintCore.framework/Versions/A/PrintCore
0x000000005542d000 	/System/Library/Frameworks/ApplicationServices.framework/Versions/A/Frameworks/QD.framework/Versions/A/QD
0x000000005542d000 	/System/Library/Frameworks/ApplicationServices.framework/Versions/A/Frameworks/SpeechSynthesis.framework/Versions/A/SpeechSynthesis
0x000000005542d000 	/System/Library/Frameworks/Accelerate.framework/Versions/A/Frameworks/vImage.framework/Versions/A/vImage
0x000000005542d000 	/System/Library/Frameworks/Accelerate.framework/Versions/A/Frameworks/vecLib.framework/Versions/A/vecLib
0x000000005542d000 	/System/Library/Frameworks/Accelerate.framework/Versions/A/Frameworks/vecLib.framework/Versions/A/libvDSP.dylib
0x000000005542d000 	/System/Library/Frameworks/Accelerate.framework/Versions/A/Frameworks/vecLib.framework/Versions/A/libBNNS.dylib
0x000000005542d000 	/System/Library/Frameworks/Accelerate.framework/Versions/A/Frameworks/vecLib.framework/Versions/A/libQuadrature.dylib
0x000000005542d000 	/System/Library/Frameworks/Accelerate.framework/Versions/A/Frameworks/vecLib.framework/Versions/A/libvMisc.dylib
0x000000005542d000 	/System/Library/Frameworks/Accelerate.framework/Versions/A/Frameworks/vecLib.framework/Versions/A/libLAPACK.dylib
0x000000005542d000 	/System/Library/Frameworks/Accelerate.framework/Versions/A/Frameworks/vecLib.framework/Versions/A/libBLAS.dylib
0x000000005542d000 	/System/Library/Frameworks/Accelerate.framework/Versions/A/Frameworks/vecLib.framework/Versions/A/libLinearAlgebra.dylib
0x000000005542d000 	/System/Library/Frameworks/Accelerate.framework/Versions/A/Frameworks/vecLib.framework/Versions/A/libSparseBLAS.dylib
0x000000005542d000 	/System/Library/Frameworks/ApplicationServices.framework/Versions/A/Frameworks/ATS.framework/Versions/A/Resources/libFontParser.dylib
0x000000005542d000 	/System/Library/Frameworks/ApplicationServices.framework/Versions/A/Frameworks/ATS.framework/Versions/A/Resources/libFontRegistry.dylib
0x000000005542d000 	/System/Library/Frameworks/ImageIO.framework/Versions/A/Resources/libJPEG.dylib
0x000000005542d000 	/System/Library/Frameworks/ImageIO.framework/Versions/A/Resources/libTIFF.dylib
0x000000005542d000 	/System/Library/Frameworks/ImageIO.framework/Versions/A/Resources/libPng.dylib
0x000000005542d000 	/System/Library/Frameworks/ImageIO.framework/Versions/A/Resources/libGIF.dylib
0x000000005542d000 	/System/Library/Frameworks/ImageIO.framework/Versions/A/Resources/libJP2.dylib
0x000000005542d000 	/System/Library/Frameworks/ImageIO.framework/Versions/A/Resources/libRadiance.dylib
0x000000005542d000 	/usr/lib/libcompression.dylib
0x000000005542d000 	/System/Library/PrivateFrameworks/AppleJPEG.framework/Versions/A/AppleJPEG
0x000000005542d000 	/usr/lib/libcups.2.dylib
0x000000005542d000 	/System/Library/Frameworks/Kerberos.framework/Versions/A/Kerberos
0x000000005542d000 	/System/Library/Frameworks/GSS.framework/Versions/A/GSS
0x000000005542d000 	/usr/lib/libresolv.9.dylib
0x000000005542d000 	/usr/lib/libiconv.2.dylib
0x000000005542d000 	/System/Library/PrivateFrameworks/Heimdal.framework/Versions/A/Heimdal
0x000000005542d000 	/usr/lib/libheimdal-asn1.dylib
0x000000005542d000 	/System/Library/Frameworks/OpenDirectory.framework/Versions/A/OpenDirectory
0x000000005542d000 	/System/Library/PrivateFrameworks/CommonAuth.framework/Versions/A/CommonAuth
0x000000005542d000 	/System/Library/Frameworks/OpenDirectory.framework/Versions/A/Frameworks/CFOpenDirectory.framework/Versions/A/CFOpenDirectory
0x000000005542d000 	/System/Library/Frameworks/SecurityFoundation.framework/Versions/A/SecurityFoundation
0x000000005542d000 	/System/Library/PrivateFrameworks/LanguageModeling.framework/Versions/A/LanguageModeling
0x000000005542d000 	/usr/lib/libmarisa.dylib
0x000000005542d000 	/usr/lib/libChineseTokenizer.dylib
0x000000005542d000 	/usr/lib/libcmph.dylib
0x000000005542d000 	/System/Library/PrivateFrameworks/CoreEmoji.framework/Versions/A/CoreEmoji
0x000000005542d000 	/System/Library/Frameworks/ServiceManagement.framework/Versions/A/ServiceManagement
0x000000005542d000 	/usr/lib/libxslt.1.dylib
0x000000005542d000 	/System/Library/Frameworks/Carbon.framework/Versions/A/Frameworks/Ink.framework/Versions/A/Ink
0x000000005542d000 	/System/Library/PrivateFrameworks/TextureIO.framework/Versions/A/TextureIO
0x000000005542d000 	/System/Library/Frameworks/Metal.framework/Versions/A/Metal
0x000000005542d000 	/usr/lib/libate.dylib
0x000000005542d000 	/System/Library/PrivateFrameworks/GPUCompiler.framework/libmetal_timestamp.dylib
0x000000005542d000 	/System/Library/Frameworks/OpenGL.framework/Versions/A/Libraries/libCoreFSCache.dylib
0x000000005542d000 	/System/Library/PrivateFrameworks/IOAccelerator.framework/Versions/A/IOAccelerator
0x000000005542d000 	/System/Library/Frameworks/CoreVideo.framework/Versions/A/CoreVideo
0x000000005542d000 	/usr/lib/libFosl_dynamic.dylib
0x000000005542d000 	/System/Library/PrivateFrameworks/MetalPerformanceShaders.framework/Versions/A/MetalPerformanceShaders
0x000000005542d000 	/System/Library/PrivateFrameworks/FaceCore.framework/Versions/A/FaceCore
0x000000005542d000 	/System/Library/Frameworks/OpenCL.framework/Versions/A/OpenCL
0x000000005542d000 	/System/Library/Frameworks/OpenGL.framework/Versions/A/Libraries/libGLU.dylib
0x000000005542d000 	/System/Library/Frameworks/OpenGL.framework/Versions/A/Libraries/libGFXShared.dylib
0x000000005542d000 	/System/Library/Frameworks/OpenGL.framework/Versions/A/Libraries/libGL.dylib
0x000000005542d000 	/System/Library/Frameworks/OpenGL.framework/Versions/A/Libraries/libGLImage.dylib
0x000000005542d000 	/System/Library/Frameworks/OpenGL.framework/Versions/A/Libraries/libCVMSPluginSupport.dylib
0x000000005542d000 	/System/Library/Frameworks/OpenGL.framework/Versions/A/Libraries/libCoreVMClient.dylib
0x000000005542d000 	/System/Library/PrivateFrameworks/CrashReporterSupport.framework/Versions/A/CrashReporterSupport
0x000000005542d000 	/System/Library/PrivateFrameworks/Sharing.framework/Versions/A/Sharing
0x000000005542d000 	/System/Library/PrivateFrameworks/IconServices.framework/Versions/A/IconServices
0x000000005542d000 	/System/Library/PrivateFrameworks/ProtocolBuffer.framework/Versions/A/ProtocolBuffer
0x000000005542d000 	/System/Library/PrivateFrameworks/Apple80211.framework/Versions/A/Apple80211
0x000000005542d000 	/System/Library/Frameworks/CoreWLAN.framework/Versions/A/CoreWLAN
0x000000005542d000 	/System/Library/PrivateFrameworks/CoreUtils.framework/Versions/A/CoreUtils
0x000000005542d000 	/System/Library/Frameworks/IOBluetooth.framework/Versions/A/IOBluetooth
0x000000005542d000 	/System/Library/PrivateFrameworks/CoreWiFi.framework/Versions/A/CoreWiFi
0x000000005542d000 	/System/Library/Frameworks/CoreBluetooth.framework/Versions/A/CoreBluetooth
0x000000005542d000 	/System/Library/Frameworks/CoreDisplay.framework/Versions/A/CoreDisplay
0x000000005542d000 	/System/Library/PrivateFrameworks/IOPresentment.framework/Versions/A/IOPresentment
0x000000005542d000 	/System/Library/PrivateFrameworks/DSExternalDisplay.framework/Versions/A/DSExternalDisplay
0x000000005542d000 	/System/Library/PrivateFrameworks/DebugSymbols.framework/Versions/A/DebugSymbols
0x000000005542d000 	/System/Library/PrivateFrameworks/CoreSymbolication.framework/Versions/A/CoreSymbolication
0x000000005542d000 	/System/Library/PrivateFrameworks/Symbolication.framework/Versions/A/Symbolication
0x000000005542d000 	/System/Library/PrivateFrameworks/AppleFSCompression.framework/Versions/A/AppleFSCompression
0x000000005542d000 	/System/Library/PrivateFrameworks/SpeechRecognitionCore.framework/Versions/A/SpeechRecognitionCore
0x000000005542d000 	/System/Library/PrivateFrameworks/ChunkingLibrary.framework/Versions/A/ChunkingLibrary
0x0000000108114000 	/Library/Java/JavaVirtualMachines/jdk1.8.0_131.jdk/Contents/Home/jre/lib/server/libjvm.dylib
0x000000005542d000 	/usr/lib/libstdc++.6.dylib
0x00000001090b7000 	/Library/Java/JavaVirtualMachines/jdk1.8.0_131.jdk/Contents/Home/jre/lib/libverify.dylib
0x00000001090c5000 	/Library/Java/JavaVirtualMachines/jdk1.8.0_131.jdk/Contents/Home/jre/lib/libjava.dylib
0x0000000109104000 	/Library/Java/JavaVirtualMachines/jdk1.8.0_131.jdk/Contents/Home/jre/lib/libzip.dylib
0x000000010e993000 	/System/Library/Frameworks/JavaVM.framework/Frameworks/JavaRuntimeSupport.framework/JavaRuntimeSupport
0x000000011f31f000 	/System/Library/Frameworks/JavaVM.framework/Versions/A/Frameworks/JavaNativeFoundation.framework/Versions/A/JavaNativeFoundation
0x000000011f334000 	/System/Library/Frameworks/JavaVM.framework/Versions/A/JavaVM
0x000000005542d000 	/System/Library/Frameworks/Carbon.framework/Versions/A/Carbon
0x000000011f341000 	/System/Library/PrivateFrameworks/JavaLaunching.framework/Versions/A/JavaLaunching
0x000000005542d000 	/System/Library/Frameworks/Carbon.framework/Versions/A/Frameworks/CommonPanels.framework/Versions/A/CommonPanels
0x000000005542d000 	/System/Library/Frameworks/Carbon.framework/Versions/A/Frameworks/Help.framework/Versions/A/Help
0x000000005542d000 	/System/Library/Frameworks/Carbon.framework/Versions/A/Frameworks/ImageCapture.framework/Versions/A/ImageCapture
0x000000005542d000 	/System/Library/Frameworks/Carbon.framework/Versions/A/Frameworks/OpenScripting.framework/Versions/A/OpenScripting
0x000000005542d000 	/System/Library/Frameworks/Carbon.framework/Versions/A/Frameworks/Print.framework/Versions/A/Print
0x000000005542d000 	/System/Library/Frameworks/Carbon.framework/Versions/A/Frameworks/SecurityHI.framework/Versions/A/SecurityHI
0x0000000120c4a000 	/Library/Java/JavaVirtualMachines/jdk1.8.0_131.jdk/Contents/Home/jre/lib/libawt.dylib
0x0000000120cf2000 	/Library/Java/JavaVirtualMachines/jdk1.8.0_131.jdk/Contents/Home/jre/lib/./libmlib_image.dylib
0x0000000120dbe000 	/Library/Java/JavaVirtualMachines/jdk1.8.0_131.jdk/Contents/Home/jre/lib/libawt_lwawt.dylib
0x0000000120e75000 	/Library/Java/JavaVirtualMachines/jdk1.8.0_131.jdk/Contents/Home/jre/lib/./libosxapp.dylib
0x000000005542d000 	/System/Library/Frameworks/ExceptionHandling.framework/Versions/A/ExceptionHandling
0x000000005542d000 	/System/Library/PrivateFrameworks/CoreServicesInternal.framework/Versions/A/CoreServicesInternal
0x000000005542d000 	/System/Library/CoreServices/RawCamera.bundle/Contents/MacOS/RawCamera
0x000000005542d000 	/System/Library/Frameworks/Accelerate.framework/Versions/A/Frameworks/vImage.framework/Versions/A/Libraries/libCGInterfaces.dylib
0x000000005542d000 	/System/Library/Frameworks/ApplicationServices.framework/Versions/A/Frameworks/ATS.framework/Versions/A/Resources/libTrueTypeScaler.dylib
0x0000000122f42000 	/System/Library/Frameworks/OpenGL.framework/Resources/GLEngine.bundle/GLEngine
0x000000005542d000 	/System/Library/Frameworks/OpenGL.framework/Versions/A/Libraries/libGLProgrammability.dylib
0x0000000123127000 	/System/Library/Extensions/AppleIntelKBLGraphicsGLDriver.bundle/Contents/MacOS/AppleIntelKBLGraphicsGLDriver
0x000000005542d000 	/System/Library/PrivateFrameworks/GPUSupport.framework/Versions/A/Libraries/libGPUSupportMercury.dylib
0x0000000123ead000 	/System/Library/Frameworks/OpenGL.framework/Resources//GLRendererFloat.bundle/GLRendererFloat
0x000000005542d000 	/System/Library/Frameworks/OpenCL.framework/Versions/A/Libraries/libcldcpuengine.dylib
0x000000005542d000 	/usr/lib/libcrypto.0.9.8.dylib
0x000000005542d000 	/System/Library/PrivateFrameworks/TrustEvaluationAgent.framework/Versions/A/TrustEvaluationAgent
0x0000000123ee1000 	/System/Library/Extensions/AppleIntelKBLGraphicsMTLDriver.bundle/Contents/MacOS/AppleIntelKBLGraphicsMTLDriver
0x000000005542d000 	/System/Library/PrivateFrameworks/FamilyControls.framework/Versions/A/FamilyControls
0x000000005542d000 	/System/Library/PrivateFrameworks/CommerceKit.framework/Versions/A/Frameworks/CommerceCore.framework/Versions/A/CommerceCore
0x000000005542d000 	/System/Library/PrivateFrameworks/SystemAdministration.framework/Versions/A/SystemAdministration
0x000000005542d000 	/System/Library/PrivateFrameworks/AppContainer.framework/Versions/A/AppContainer
0x000000005542d000 	/System/Library/PrivateFrameworks/SecCodeWrapper.framework/Versions/A/SecCodeWrapper
0x000000005542d000 	/System/Library/Frameworks/DirectoryService.framework/Versions/A/DirectoryService
0x000000005542d000 	/System/Library/PrivateFrameworks/DiskImages.framework/Versions/A/DiskImages
0x000000005542d000 	/System/Library/PrivateFrameworks/LoginUIKit.framework/Versions/A/Frameworks/LoginUICore.framework/Versions/A/LoginUICore
0x000000005542d000 	/usr/lib/libCoreStorage.dylib
0x000000005542d000 	/usr/lib/libcsfde.dylib
0x000000005542d000 	/usr/lib/libodfde.dylib
0x000000005542d000 	/System/Library/Frameworks/DiscRecording.framework/Versions/A/DiscRecording
0x000000005542d000 	/usr/lib/libcurl.4.dylib
0x000000005542d000 	/System/Library/PrivateFrameworks/MediaKit.framework/Versions/A/MediaKit
0x000000005542d000 	/System/Library/PrivateFrameworks/ProtectedCloudStorage.framework/Versions/A/ProtectedCloudStorage
0x000000005542d000 	/System/Library/PrivateFrameworks/EFILogin.framework/Versions/A/EFILogin
0x000000005542d000 	/usr/lib/libutil.dylib
0x000000005542d000 	/System/Library/Frameworks/LDAP.framework/Versions/A/LDAP
0x000000005542d000 	/usr/lib/libsasl2.2.dylib
0x000000005542d000 	/System/Library/PrivateFrameworks/CoreDaemon.framework/Versions/B/CoreDaemon
0x000000005542d000 	/System/Library/PrivateFrameworks/AppleSRP.framework/Versions/A/AppleSRP
0x000000005542d000 	/System/Library/PrivateFrameworks/APFS.framework/Versions/A/APFS
0x0000000125e78000 	/Library/Java/JavaVirtualMachines/jdk1.8.0_131.jdk/Contents/Home/jre/lib/libfontmanager.dylib
0x000000012730e000 	/Library/Java/JavaVirtualMachines/jdk1.8.0_131.jdk/Contents/Home/jre/lib/libosxui.dylib
0x000000005542d000 	/System/Library/PrivateFrameworks/ViewBridge.framework/Versions/A/ViewBridge
0x000000005542d000 	/System/Library/PrivateFrameworks/XPCService.framework/Versions/A/XPCService
0x000000005542d000 	/System/Library/PrivateFrameworks/AppSandbox.framework/Versions/A/AppSandbox
0x000000005542d000 	/usr/lib/libsandbox.1.dylib
0x000000005542d000 	/usr/lib/libMatch.1.dylib
0x0000000127ed4000 	/Library/Java/JavaVirtualMachines/jdk1.8.0_131.jdk/Contents/Home/jre/lib/libnet.dylib
0x0000000127eeb000 	/Library/Java/JavaVirtualMachines/jdk1.8.0_131.jdk/Contents/Home/jre/lib/libnio.dylib
0x0000000126fff000 	/private/var/folders/mz/ddp61nqj5pgffdgcqdjxrrfh0000gn/T/jogamp_0000/file_cache/jln913369590817221529/jln7192179903146962160/libgluegen-rt.jnilib
0x0000000127003000 	/private/var/folders/mz/ddp61nqj5pgffdgcqdjxrrfh0000gn/T/jogamp_0000/file_cache/jln913369590817221529/jln7192179903146962160/libnativewindow_awt.jnilib
0x0000000190654000 	/Library/Java/JavaVirtualMachines/jdk1.8.0_131.jdk/Contents/Home/jre/lib/libjawt.dylib
0x0000000190657000 	/private/var/folders/mz/ddp61nqj5pgffdgcqdjxrrfh0000gn/T/jogamp_0000/file_cache/jln913369590817221529/jln7192179903146962160/libnativewindow_macosx.jnilib
0x0000000190861000 	/private/var/folders/mz/ddp61nqj5pgffdgcqdjxrrfh0000gn/T/jogamp_0000/file_cache/jln913369590817221529/jln7192179903146962160/libjogl_desktop.jnilib
0x0000000122ad5000 	/Library/Java/JavaVirtualMachines/jdk1.8.0_131.jdk/Contents/Home/jre/lib/libsunec.dylib
0x0000000122d06000 	/Library/Java/JavaVirtualMachines/jdk1.8.0_131.jdk/Contents/Home/jre/lib/libt2k.dylib

VM Arguments:
jvm_args: -Djava.security.policy=java.policy.applet -Dfile.encoding=UTF-8 
java_command: sun.applet.AppletViewer module4.EarthquakeCityMap1500831104554.html
java_class_path (initial): /Users/litianlun/Downloads/UCSDUnfoldingMaps/build:/Users/litianlun/Downloads/UCSDUnfoldingMaps/lib/core.jar:/Users/litianlun/Downloads/UCSDUnfoldingMaps/lib/gluegen-rt.jar:/Users/litianlun/Downloads/UCSDUnfoldingMaps/lib/jogl-all.jar:/Users/litianlun/Downloads/UCSDUnfoldingMaps/lib/log4j-1.2.15.jar:/Users/litianlun/Downloads/UCSDUnfoldingMaps/lib/sqlite-jdbc-3.7.2.jar:/Users/litianlun/Downloads/UCSDUnfoldingMaps/lib/json4processing.jar:/Users/litianlun/Downloads/UCSDUnfoldingMaps/lib/libTUIO.jar:/Users/litianlun/Downloads/UCSDUnfoldingMaps/lib/unfolding.0.9.7-uscd.jar
Launcher Type: SUN_STANDARD

Environment Variables:
PATH=/usr/bin:/bin:/usr/sbin:/sbin
SHELL=/bin/bash

Signal Handlers:
SIGSEGV: [libjvm.dylib+0x5b1eb1], sa_mask[0]=11111111011111110111111111111111, sa_flags=SA_ONSTACK|SA_RESTART|SA_SIGINFO
SIGBUS: [libjvm.dylib+0x5b1eb1], sa_mask[0]=11111111011111110111111111111111, sa_flags=SA_RESTART|SA_SIGINFO
SIGFPE: [libjvm.dylib+0x488988], sa_mask[0]=11111111011111110111111111111111, sa_flags=SA_RESTART|SA_SIGINFO
SIGPIPE: [libjvm.dylib+0x488988], sa_mask[0]=11111111011111110111111111111111, sa_flags=SA_RESTART|SA_SIGINFO
SIGXFSZ: [libjvm.dylib+0x488988], sa_mask[0]=11111111011111110111111111111111, sa_flags=SA_RESTART|SA_SIGINFO
SIGILL: [libjvm.dylib+0x488988], sa_mask[0]=11111111011111110111111111111111, sa_flags=SA_RESTART|SA_SIGINFO
SIGUSR1: SIG_DFL, sa_mask[0]=00000000000000000000000000000000, sa_flags=none
SIGUSR2: [libjvm.dylib+0x4884a6], sa_mask[0]=00100000000000000000000000000000, sa_flags=SA_RESTART|SA_SIGINFO
SIGHUP: [libjvm.dylib+0x486a7d], sa_mask[0]=11111111011111110111111111111111, sa_flags=SA_RESTART|SA_SIGINFO
SIGINT: [libjvm.dylib+0x486a7d], sa_mask[0]=11111111011111110111111111111111, sa_flags=SA_RESTART|SA_SIGINFO
SIGTERM: [libjvm.dylib+0x486a7d], sa_mask[0]=11111111011111110111111111111111, sa_flags=SA_RESTART|SA_SIGINFO
SIGQUIT: [libjvm.dylib+0x486a7d], sa_mask[0]=11111111011111110111111111111111, sa_flags=SA_RESTART|SA_SIGINFO


---------------  S Y S T E M  ---------------

OS:Bsduname:Darwin 16.6.0 Darwin Kernel Version 16.6.0: Fri Apr 14 16:13:31 PDT 2017; root:xnu-3789.60.24~4/RELEASE_X86_64 x86_64
rlimit: STACK 8192k, CORE 0k, NPROC 709, NOFILE 10240, AS infinity
load average:2.01 1.84 1.77

CPU:total 4 (initial active 4) (2 cores per cpu, 2 threads per core) family 6 model 142 stepping 9, cmov, cx8, fxsr, mmx, sse, sse2, sse3, ssse3, sse4.1, sse4.2, popcnt, avx, avx2, aes, clmul, erms, 3dnowpref, lzcnt, ht, tsc, tscinvbit, bmi1, bmi2, adx

Memory: 4k page, physical 8388608k(92004k free)

/proc/meminfo:


vm_info: Java HotSpot(TM) 64-Bit Server VM (25.131-b11) for bsd-amd64 JRE (1.8.0_131-b11), built on Mar 15 2017 01:32:22 by "java_re" with gcc 4.2.1 (Based on Apple Inc. build 5658) (LLVM build 2336.11.00)

time: Sun Jul 23 13:31:51 2017
elapsed time: 7 seconds (0d 0h 0m 7s)

