#
# A fatal error has been detected by the Java Runtime Environment:
#
#  SIGSEGV (0xb) at pc=0x00007fffdf6b105d, pid=4360, tid=0x0000000000000307
#
# JRE version: Java(TM) SE Runtime Environment (8.0_131-b11) (build 1.8.0_131-b11)
# Java VM: Java HotSpot(TM) 64-Bit Server VM (25.131-b11 mixed mode bsd-amd64 compressed oops)
# Problematic frame:
# C  [libobjc.A.dylib+0x705d]  objc_msgSend+0x1d
#
# Failed to write core dump. Core dumps have been disabled. To enable core dumping, try "ulimit -c unlimited" before starting Java again
#
# If you would like to submit a bug report, please visit:
#   http://bugreport.java.com/bugreport/crash.jsp
# The crash happened outside the Java Virtual Machine in native code.
# See problematic frame for where to report the bug.
#

---------------  T H R E A D  ---------------

Current thread (0x00007fdef1871000):  JavaThread "AWT-AppKit" daemon [_thread_in_native, id=775, stack(0x00007fff5ca06000,0x00007fff5d206000)]

siginfo: si_signo: 11 (SIGSEGV), si_code: 1 (SEGV_MAPERR), si_addr: 0x0000000000000018

Registers:
RAX=0x00007fdeefe8af70, RBX=0x000000012194e450, RCX=0x00007fdef2200db0, RDX=0x0000000000000000
RSP=0x00007fff5d2014a8, RBP=0x00007fff5d201560, RSI=0x00007fffc8f4b116, RDI=0x00007fdef5c22a60
R8 =0x0000000000000018, R9 =0x00007fdef2200dd0, R10=0x0000000000000000, R11=0x00007fffc8f4b116
R12=0x0000000000000000, R13=0x000000019052a8a8, R14=0x000000012194e440, R15=0x00007fdef1871000
RIP=0x00007fffdf6b105d, EFLAGS=0x0000000000010246, ERR=0x0000000000000004
  TRAPNO=0x000000000000000e

Top of Stack: (sp=0x00007fff5d2014a8)
0x00007fff5d2014a8:   000000012194c157 00007fff5d201500
0x00007fff5d2014b8:   0000000000000003 00007fff5d2014e0
0x00007fff5d2014c8:   0000000103f6a6d2 000000019052a8a8
0x00007fff5d2014d8:   000000019052a8a8 00007fdeefe8af70
0x00007fff5d2014e8:   000000012194e6a0 000000012194e710
0x00007fff5d2014f8:   00007fffe57156d0 00007fffe63451e0
0x00007fff5d201508:   000000012194e450 000000012194e690
0x00007fff5d201518:   00007fdeefe8af70 00007fdef5c22a60
0x00007fff5d201528:   00007fdeefd6af10 00007fdeefe8af70
0x00007fff5d201538:   00007fdef5c22a60 00007fff5d2015e0
0x00007fff5d201548:   00007fdef18711f8 000000019052a8a8
0x00007fff5d201558:   00007fff5d201608 00007fff5d2015d0
0x00007fff5d201568:   0000000104d319f4 00007fff5d2015d0
0x00007fff5d201578:   0000000104d31779 0000000104d3d9a3
0x00007fff5d201588:   0000000104d31742 00007fff5d201590
0x00007fff5d201598:   000000019052a8a8 00007fff5d201608
0x00007fff5d2015a8:   000000019052d4e0 0000000000000000
0x00007fff5d2015b8:   000000019052a8a8 0000000000000000
0x00007fff5d2015c8:   00007fff5d2015f0 00007fff5d201650
0x00007fff5d2015d8:   0000000104d222bd 0000000740d13c50
0x00007fff5d2015e8:   0000000104d2b538 00007fdeefe8af70
0x00007fff5d2015f8:   0000000104d2ce39 00007fdef5c22a60
0x00007fff5d201608:   0000000104d2ce02 00007fff5d201610
0x00007fff5d201618:   000000019052aa72 00007fff5d201678
0x00007fff5d201628:   000000019052d4e0 0000000000000000
0x00007fff5d201638:   000000019052aa80 00007fff5d2015f0
0x00007fff5d201648:   00007fff5d201660 00007fff5d2016c0
0x00007fff5d201658:   0000000104d222bd 00007fdeefe8af70
0x00007fff5d201668:   0000000740ce6de0 00007fdef5c22a60
0x00007fff5d201678:   0000000740ce6de0 00007fff5d201680
0x00007fff5d201688:   00000001958b2326 00007fff5d2016d0
0x00007fff5d201698:   00000001958b23e0 0000000000000000 

Instructions: (pc=0x00007fffdf6b105d)
0x00007fffdf6b103d:   0f 1f 00 48 85 ff 2e 74 62 40 f6 c7 01 2e 75 66
0x00007fffdf6b104d:   49 ba f8 ff ff ff ff 7f 00 00 4c 23 17 49 89 f3
0x00007fffdf6b105d:   45 23 5a 18 49 c1 e3 04 4d 03 5a 10 49 3b 33 75
0x00007fffdf6b106d:   04 41 ff 63 08 49 83 3b 01 76 0d 49 83 c3 10 49 

Register to memory mapping:

RAX=0x00007fdeefe8af70 is an unknown value
RBX=0x000000012194e450: Java_jogamp_nativewindow_macosx_OSXUtil_GetScreenRefreshRate0+0x1cf0 in /private/var/folders/mz/ddp61nqj5pgffdgcqdjxrrfh0000gn/T/jogamp_0000/file_cache/jln7271321060270558706/jln2253614953936702820/libnativewindow_macosx.jnilib at 0x0000000121947000
RCX=0x00007fdef2200db0 is an unknown value
RDX=0x0000000000000000 is an unknown value
RSP=0x00007fff5d2014a8 is pointing into the stack for thread: 0x00007fdef1871000
RBP=0x00007fff5d201560 is pointing into the stack for thread: 0x00007fdef1871000
RSI=0x00007fffc8f4b116: __NSStyleNameIndexTable+0x7fd5e in /System/Library/Frameworks/AppKit.framework/Versions/C/AppKit at 0x00007fffc82de000
RDI=0x00007fdef5c22a60 is an unknown value
R8 =0x0000000000000018 is an unknown value
R9 =0x00007fdef2200dd0 is an unknown value
R10=0x0000000000000000 is an unknown value
R11=0x00007fffc8f4b116: __NSStyleNameIndexTable+0x7fd5e in /System/Library/Frameworks/AppKit.framework/Versions/C/AppKit at 0x00007fffc82de000
R12=0x0000000000000000 is an unknown value
R13={method} {0x000000019052a8a8} 'UnsetJAWTRootSurfaceLayer0' '(JJ)V' in 'jogamp/nativewindow/jawt/macosx/MacOSXJAWTWindow'
R14=0x000000012194e440: Java_jogamp_nativewindow_macosx_OSXUtil_GetScreenRefreshRate0+0x1ce0 in /private/var/folders/mz/ddp61nqj5pgffdgcqdjxrrfh0000gn/T/jogamp_0000/file_cache/jln7271321060270558706/jln2253614953936702820/libnativewindow_macosx.jnilib at 0x0000000121947000
R15=0x00007fdef1871000 is a thread


Stack: [0x00007fff5ca06000,0x00007fff5d206000],  sp=0x00007fff5d2014a8,  free space=8173k
Native frames: (J=compiled Java code, j=interpreted, Vv=VM code, C=native code)
C  [libobjc.A.dylib+0x705d]  objc_msgSend+0x1d
j  jogamp.nativewindow.jawt.macosx.MacOSXJAWTWindow.UnsetJAWTRootSurfaceLayer0(JJ)V+0
j  jogamp.nativewindow.jawt.macosx.MacOSXJAWTWindow.access$200(JJ)V+2
j  jogamp.nativewindow.jawt.macosx.MacOSXJAWTWindow$1.run()V+38
j  com.jogamp.common.util.RunnableTask.run()V+24
v  ~StubRoutines::call_stub
V  [libjvm.dylib+0x2ee5b6]  JavaCalls::call_helper(JavaValue*, methodHandle*, JavaCallArguments*, Thread*)+0x6ae
V  [libjvm.dylib+0x325765]  jni_invoke_nonstatic(JNIEnv_*, JavaValue*, _jobject*, JNICallType, _jmethodID*, JNI_ArgumentPusher*, Thread*)+0x2ec
V  [libjvm.dylib+0x317f33]  jni_CallVoidMethod+0x16b
C  [libnativewindow_macosx.jnilib+0x5326]  Java_jogamp_nativewindow_jawt_macosx_MacOSXJAWTWindow_UnsetJAWTRootSurfaceLayer0+0x2b6
C  [Foundation+0x717ba]  __NSThreadPerformPerform+0x146
C  [CoreFoundation+0xa7321]  __CFRUNLOOP_IS_CALLING_OUT_TO_A_SOURCE0_PERFORM_FUNCTION__+0x11
C  [CoreFoundation+0x88197]  __CFRunLoopDoSources0+0x1a7
C  [CoreFoundation+0x87716]  __CFRunLoopRun+0x3a6
C  [CoreFoundation+0x87114]  CFRunLoopRunSpecific+0x1a4
C  [HIToolbox+0x30ebc]  RunCurrentEventLoopInMode+0xf0
C  [HIToolbox+0x30bf9]  ReceiveNextEventCommon+0xb8
C  [HIToolbox+0x30b26]  _BlockUntilNextEventMatchingListInModeWithFilter+0x47
C  [AppKit+0x46a54]  _DPSNextEvent+0x460
C  [AppKit+0x7c27ee]  -[NSApplication(NSEvent) _nextEventMatchingEventMask:untilDate:inMode:dequeue:]+0xaec
C  [libosxapp.dylib+0x23aa]  -[NSApplicationAWT nextEventMatchingMask:untilDate:inMode:dequeue:]+0x7c
C  [AppKit+0x3b3db]  -[NSApplication run]+0x39e
C  [libosxapp.dylib+0x214d]  +[NSApplicationAWT runAWTLoopWithApp:]+0x9c
C  [libawt_lwawt.dylib+0x45edf]  -[AWTStarter starter:]+0x389
C  [Foundation+0x717ba]  __NSThreadPerformPerform+0x146
C  [CoreFoundation+0xa7321]  __CFRUNLOOP_IS_CALLING_OUT_TO_A_SOURCE0_PERFORM_FUNCTION__+0x11
C  [CoreFoundation+0x8821d]  __CFRunLoopDoSources0+0x22d
C  [CoreFoundation+0x87716]  __CFRunLoopRun+0x3a6
C  [CoreFoundation+0x87114]  CFRunLoopRunSpecific+0x1a4
C  [java+0x6465]  CreateExecutionEnvironment+0x367
C  [java+0x218c]  JLI_Launch+0x7a0
C  [java+0x84c2]  main+0x65
C  [java+0x19e4]  start+0x34
C  0x0000000000000007

Java frames: (J=compiled Java code, j=interpreted, Vv=VM code)
j  jogamp.nativewindow.jawt.macosx.MacOSXJAWTWindow.UnsetJAWTRootSurfaceLayer0(JJ)V+0
j  jogamp.nativewindow.jawt.macosx.MacOSXJAWTWindow.access$200(JJ)V+2
j  jogamp.nativewindow.jawt.macosx.MacOSXJAWTWindow$1.run()V+38
j  com.jogamp.common.util.RunnableTask.run()V+24
v  ~StubRoutines::call_stub

---------------  P R O C E S S  ---------------

Java Threads: ( => current thread )
  0x00007fdef613e800 JavaThread "Thread-19" [_thread_blocked, id=83143, stack(0x000070000351e000,0x000070000361e000)]
  0x00007fdef785c000 JavaThread "Image Fetcher 3" daemon [_thread_blocked, id=86019, stack(0x0000700003d36000,0x0000700003e36000)]
  0x00007fdef61f1000 JavaThread "Image Fetcher 2" daemon [_thread_blocked, id=85507, stack(0x0000700003c33000,0x0000700003d33000)]
  0x00007fdef7609000 JavaThread "Image Fetcher 1" daemon [_thread_blocked, id=84995, stack(0x0000700003b30000,0x0000700003c30000)]
  0x00007fdef0740800 JavaThread "Image Fetcher 0" daemon [_thread_blocked, id=84483, stack(0x0000700003a2d000,0x0000700003b2d000)]
  0x00007fdef1f00800 JavaThread "Keep-Alive-Timer" daemon [_thread_blocked, id=83971, stack(0x000070000392a000,0x0000700003a2a000)]
  0x00007fdef0a01800 JavaThread "AWT-EventQueue-1" [_thread_in_native, id=73083, stack(0x0000700003398000,0x0000700003498000)]
  0x00007fdef000a000 JavaThread "DestroyJavaVM" [_thread_blocked, id=7171, stack(0x0000700001d50000,0x0000700001e50000)]
  0x00007fdef0986000 JavaThread "AWT-EventQueue-0" [_thread_blocked, id=61955, stack(0x0000700003192000,0x0000700003292000)]
  0x00007fdef12b7000 JavaThread "Java2D Disposer" daemon [_thread_blocked, id=58139, stack(0x0000700002f09000,0x0000700003009000)]
  0x00007fdef12b5000 JavaThread "Java2D Queue Flusher" daemon [_thread_blocked, id=58375, stack(0x0000700002e06000,0x0000700002f06000)]
  0x00007fdef00a7800 JavaThread "AWT-Shutdown" [_thread_blocked, id=30495, stack(0x0000700002bfd000,0x0000700002cfd000)]
=>0x00007fdef1871000 JavaThread "AWT-AppKit" daemon [_thread_in_native, id=775, stack(0x00007fff5ca06000,0x00007fff5d206000)]
  0x00007fdef1024800 JavaThread "Service Thread" daemon [_thread_blocked, id=18435, stack(0x0000700002974000,0x0000700002a74000)]
  0x00007fdef1019800 JavaThread "C1 CompilerThread2" daemon [_thread_blocked, id=17923, stack(0x0000700002871000,0x0000700002971000)]
  0x00007fdef1018800 JavaThread "C2 CompilerThread1" daemon [_thread_blocked, id=17411, stack(0x000070000276e000,0x000070000286e000)]
  0x00007fdef1017000 JavaThread "C2 CompilerThread0" daemon [_thread_blocked, id=16899, stack(0x000070000266b000,0x000070000276b000)]
  0x00007fdef1016800 JavaThread "Signal Dispatcher" daemon [_thread_blocked, id=16387, stack(0x0000700002568000,0x0000700002668000)]
  0x00007fdef182d000 JavaThread "Finalizer" daemon [_thread_blocked, id=12547, stack(0x0000700002465000,0x0000700002565000)]
  0x00007fdef1013800 JavaThread "Reference Handler" daemon [_thread_blocked, id=12035, stack(0x0000700002362000,0x0000700002462000)]

Other Threads:
  0x00007fdef100f000 VMThread [stack: 0x000070000225f000,0x000070000235f000] [id=11523]
  0x00007fdef1819000 WatcherThread [stack: 0x0000700002a77000,0x0000700002b77000] [id=18947]

VM state:not at safepoint (normal execution)

VM Mutex/Monitor currently owned by a thread: None

Heap:
 PSYoungGen      total 38400K, used 11404K [0x0000000795580000, 0x0000000798000000, 0x00000007c0000000)
  eden space 33280K, 34% used [0x0000000795580000,0x00000007960a30c0,0x0000000797600000)
  from space 5120K, 0% used [0x0000000797600000,0x0000000797600000,0x0000000797b00000)
  to   space 5120K, 0% used [0x0000000797b00000,0x0000000797b00000,0x0000000798000000)
 ParOldGen       total 76800K, used 15460K [0x0000000740000000, 0x0000000744b00000, 0x0000000795580000)
  object space 76800K, 20% used [0x0000000740000000,0x0000000740f191d0,0x0000000744b00000)
 Metaspace       used 21040K, capacity 21423K, committed 21760K, reserved 1069056K
  class space    used 2113K, capacity 2216K, committed 2304K, reserved 1048576K

Card table byte_map: [0x00000001037c0000,0x0000000103bc1000] byte_map_base: 0x00000000ffdc0000

Marking Bits: (ParMarkBitMap*) 0x0000000104668ea0
 Begin Bits: [0x0000000113fc5000, 0x0000000115fc5000)
 End Bits:   [0x0000000115fc5000, 0x0000000117fc5000)

Polling page: 0x0000000102aba000

CodeCache: size=245760Kb used=8360Kb max_used=8373Kb free=237399Kb
 bounds [0x0000000104d1a000, 0x000000010555a000, 0x0000000113d1a000]
 total_blobs=3270 nmethods=2358 adapters=825
 compilation: enabled

Compilation events (10 events):
Event: 5.693 Thread 0x00007fdef1017000 nmethod 2361 0x000000010553bb50 code [0x000000010553bce0, 0x000000010553bfc8]
Event: 5.693 Thread 0x00007fdef1017000 2360       4       processing.opengl.PJOGL::getTextWidth (32 bytes)
Event: 5.724 Thread 0x00007fdef1019800 2362       3       java.util.HashSet::<init> (16 bytes)
Event: 5.724 Thread 0x00007fdef1019800 nmethod 2362 0x000000010553b3d0 code [0x000000010553b560, 0x000000010553b970]
Event: 5.727 Thread 0x00007fdef1017000 nmethod 2360 0x000000010553e9d0 code [0x000000010553ed20, 0x0000000105540c80]
Event: 5.729 Thread 0x00007fdef1018800 nmethod 2359 0x0000000105545cd0 code [0x0000000105546040, 0x0000000105548420]
Event: 5.735 Thread 0x00007fdef1019800 2364  s!   2       sun.misc.URLClassPath::getLoader (243 bytes)
Event: 5.735 Thread 0x00007fdef1017000 2363  s    4       sun.misc.URLClassPath::getNextLoader (88 bytes)
Event: 5.738 Thread 0x00007fdef1019800 nmethod 2364 0x000000010554b110 code [0x000000010554b400, 0x000000010554cbc8]
Event: 5.744 Thread 0x00007fdef1017000 nmethod 2363 0x000000010553c6d0 code [0x000000010553c840, 0x000000010553cfb8]

GC Heap History (8 events):
Event: 2.215 GC heap before
{Heap before GC invocations=1 (full 0):
 PSYoungGen      total 38400K, used 33280K [0x0000000795580000, 0x0000000798000000, 0x00000007c0000000)
  eden space 33280K, 100% used [0x0000000795580000,0x0000000797600000,0x0000000797600000)
  from space 5120K, 0% used [0x0000000797b00000,0x0000000797b00000,0x0000000798000000)
  to   space 5120K, 0% used [0x0000000797600000,0x0000000797600000,0x0000000797b00000)
 ParOldGen       total 87552K, used 0K [0x0000000740000000, 0x0000000745580000, 0x0000000795580000)
  object space 87552K, 0% used [0x0000000740000000,0x0000000740000000,0x0000000745580000)
 Metaspace       used 16316K, capacity 16681K, committed 17024K, reserved 1064960K
  class space    used 1690K, capacity 1793K, committed 1920K, reserved 1048576K
Event: 2.221 GC heap after
Heap after GC invocations=1 (full 0):
 PSYoungGen      total 38400K, used 5094K [0x0000000795580000, 0x0000000798000000, 0x00000007c0000000)
  eden space 33280K, 0% used [0x0000000795580000,0x0000000795580000,0x0000000797600000)
  from space 5120K, 99% used [0x0000000797600000,0x0000000797af9b10,0x0000000797b00000)
  to   space 5120K, 0% used [0x0000000797b00000,0x0000000797b00000,0x0000000798000000)
 ParOldGen       total 87552K, used 93K [0x0000000740000000, 0x0000000745580000, 0x0000000795580000)
  object space 87552K, 0% used [0x0000000740000000,0x00000007400174b0,0x0000000745580000)
 Metaspace       used 16316K, capacity 16681K, committed 17024K, reserved 1064960K
  class space    used 1690K, capacity 1793K, committed 1920K, reserved 1048576K
}
Event: 3.230 GC heap before
{Heap before GC invocations=2 (full 0):
 PSYoungGen      total 38400K, used 38374K [0x0000000795580000, 0x0000000798000000, 0x00000007c0000000)
  eden space 33280K, 100% used [0x0000000795580000,0x0000000797600000,0x0000000797600000)
  from space 5120K, 99% used [0x0000000797600000,0x0000000797af9b10,0x0000000797b00000)
  to   space 5120K, 0% used [0x0000000797b00000,0x0000000797b00000,0x0000000798000000)
 ParOldGen       total 87552K, used 93K [0x0000000740000000, 0x0000000745580000, 0x0000000795580000)
  object space 87552K, 0% used [0x0000000740000000,0x00000007400174b0,0x0000000745580000)
 Metaspace       used 20036K, capacity 20383K, committed 20608K, reserved 1067008K
  class space    used 2062K, capacity 2150K, committed 2176K, reserved 1048576K
Event: 3.242 GC heap after
Heap after GC invocations=2 (full 0):
 PSYoungGen      total 38400K, used 5101K [0x0000000795580000, 0x0000000798000000, 0x00000007c0000000)
  eden space 33280K, 0% used [0x0000000795580000,0x0000000795580000,0x0000000797600000)
  from space 5120K, 99% used [0x0000000797b00000,0x0000000797ffb460,0x0000000798000000)
  to   space 5120K, 0% used [0x0000000797600000,0x0000000797600000,0x0000000797b00000)
 ParOldGen       total 87552K, used 7848K [0x0000000740000000, 0x0000000745580000, 0x0000000795580000)
  object space 87552K, 8% used [0x0000000740000000,0x00000007407aa148,0x0000000745580000)
 Metaspace       used 20036K, capacity 20383K, committed 20608K, reserved 1067008K
  class space    used 2062K, capacity 2150K, committed 2176K, reserved 1048576K
}
Event: 3.860 GC heap before
{Heap before GC invocations=3 (full 0):
 PSYoungGen      total 38400K, used 28486K [0x0000000795580000, 0x0000000798000000, 0x00000007c0000000)
  eden space 33280K, 70% used [0x0000000795580000,0x0000000796c566c8,0x0000000797600000)
  from space 5120K, 99% used [0x0000000797b00000,0x0000000797ffb460,0x0000000798000000)
  to   space 5120K, 0% used [0x0000000797600000,0x0000000797600000,0x0000000797b00000)
 ParOldGen       total 87552K, used 7848K [0x0000000740000000, 0x0000000745580000, 0x0000000795580000)
  object space 87552K, 8% used [0x0000000740000000,0x00000007407aa148,0x0000000745580000)
 Metaspace       used 20767K, capacity 21097K, committed 21248K, reserved 1069056K
  class space    used 2104K, capacity 2215K, committed 2304K, reserved 1048576K
Event: 3.868 GC heap after
Heap after GC invocations=3 (full 0):
 PSYoungGen      total 38400K, used 5117K [0x0000000795580000, 0x0000000798000000, 0x00000007c0000000)
  eden space 33280K, 0% used [0x0000000795580000,0x0000000795580000,0x0000000797600000)
  from space 5120K, 99% used [0x0000000797600000,0x0000000797aff470,0x0000000797b00000)
  to   space 5120K, 0% used [0x0000000797b00000,0x0000000797b00000,0x0000000798000000)
 ParOldGen       total 87552K, used 11381K [0x0000000740000000, 0x0000000745580000, 0x0000000795580000)
  object space 87552K, 13% used [0x0000000740000000,0x0000000740b1d720,0x0000000745580000)
 Metaspace       used 20767K, capacity 21097K, committed 21248K, reserved 1069056K
  class space    used 2104K, capacity 2215K, committed 2304K, reserved 1048576K
}
Event: 3.868 GC heap before
{Heap before GC invocations=4 (full 1):
 PSYoungGen      total 38400K, used 5117K [0x0000000795580000, 0x0000000798000000, 0x00000007c0000000)
  eden space 33280K, 0% used [0x0000000795580000,0x0000000795580000,0x0000000797600000)
  from space 5120K, 99% used [0x0000000797600000,0x0000000797aff470,0x0000000797b00000)
  to   space 5120K, 0% used [0x0000000797b00000,0x0000000797b00000,0x0000000798000000)
 ParOldGen       total 87552K, used 11381K [0x0000000740000000, 0x0000000745580000, 0x0000000795580000)
  object space 87552K, 13% used [0x0000000740000000,0x0000000740b1d720,0x0000000745580000)
 Metaspace       used 20767K, capacity 21097K, committed 21248K, reserved 1069056K
  class space    used 2104K, capacity 2215K, committed 2304K, reserved 1048576K
Event: 3.916 GC heap after
Heap after GC invocations=4 (full 1):
 PSYoungGen      total 38400K, used 0K [0x0000000795580000, 0x0000000798000000, 0x00000007c0000000)
  eden space 33280K, 0% used [0x0000000795580000,0x0000000795580000,0x0000000797600000)
  from space 5120K, 0% used [0x0000000797600000,0x0000000797600000,0x0000000797b00000)
  to   space 5120K, 0% used [0x0000000797b00000,0x0000000797b00000,0x0000000798000000)
 ParOldGen       total 76800K, used 15460K [0x0000000740000000, 0x0000000744b00000, 0x0000000795580000)
  object space 76800K, 20% used [0x0000000740000000,0x0000000740f191d0,0x0000000744b00000)
 Metaspace       used 20767K, capacity 21097K, committed 21248K, reserved 1069056K
  class space    used 2104K, capacity 2215K, committed 2304K, reserved 1048576K
}

Deoptimization events (10 events):
Event: 1.965 Thread 0x00007fdef137a800 Uncommon trap: reason=unstable_if action=reinterpret pc=0x0000000104f5a544 method=java.lang.String.indexOf([CII[CIII)I @ 3
Event: 1.965 Thread 0x00007fdef137a800 Uncommon trap: reason=unstable_if action=reinterpret pc=0x0000000104f3b4f4 method=java.lang.String.indexOf([CII[CIII)I @ 3
Event: 1.965 Thread 0x00007fdef137a800 Uncommon trap: reason=unstable_if action=reinterpret pc=0x0000000104efe3b8 method=java.lang.String.indexOf([CII[CIII)I @ 3
Event: 2.739 Thread 0x00007fdef0a01800 Uncommon trap: reason=unstable_if action=reinterpret pc=0x0000000104eec89c method=java.lang.AbstractStringBuilder.append(Ljava/lang/String;)Ljava/lang/AbstractStringBuilder; @ 1
Event: 2.922 Thread 0x00007fdef0a01800 Uncommon trap: reason=unstable_if action=reinterpret pc=0x0000000105113ffc method=sun.misc.FloatingDecimal.readJavaFormatString(Ljava/lang/String;)Lsun/misc/FloatingDecimal$ASCIIToBinaryConverter; @ 445
Event: 3.164 Thread 0x00007fdef0a01800 Uncommon trap: reason=unstable_if action=reinterpret pc=0x00000001050c4764 method=java.util.HashMap$HashIterator.<init>(Ljava/util/HashMap;)V @ 38
Event: 3.224 Thread 0x00007fdef0a01800 Uncommon trap: reason=unstable_if action=reinterpret pc=0x00000001050fd7d0 method=java.lang.String.trim()Ljava/lang/String; @ 23
Event: 5.681 Thread 0x00007fdef0986000 Uncommon trap: reason=unstable_if action=reinterpret pc=0x00000001054dedd4 method=java.awt.font.FontRenderContext.equals(Ljava/awt/font/FontRenderContext;)Z @ 2
Event: 5.725 Thread 0x00007fdef0986000 Uncommon trap: reason=unstable_if action=reinterpret pc=0x0000000105489af8 method=java.awt.font.FontRenderContext.equals(Ljava/awt/font/FontRenderContext;)Z @ 2
Event: 5.740 Thread 0x00007fdef613e800 Uncommon trap: reason=predicate action=maybe_recompile pc=0x00000001054a4db0 method=java.util.Vector.indexOf(Ljava/lang/Object;I)I @ 44

Internal exceptions (10 events):
Event: 0.164 Thread 0x00007fdef000a000 Exception <a 'java/lang/NoSuchFieldError': method resolution failed> (0x0000000795793070) thrown at [/Users/java_re/workspace/8-2-build-macosx-x86_64/jdk8u131/8869/hotspot/src/share/vm/prims/methodHandles.cpp, line 1146]
Event: 0.378 Thread 0x00007fdef000a000 Exception <a 'java/io/FileNotFoundException'> (0x000000079580e630) thrown at [/Users/java_re/workspace/8-2-build-macosx-x86_64/jdk8u131/8869/hotspot/src/share/vm/prims/jni.cpp, line 709]
Event: 0.378 Thread 0x00007fdef000a000 Exception <a 'java/io/FileNotFoundException'> (0x000000079580f1b8) thrown at [/Users/java_re/workspace/8-2-build-macosx-x86_64/jdk8u131/8869/hotspot/src/share/vm/prims/jni.cpp, line 709]
Event: 0.466 Thread 0x00007fdef000a000 Exception <a 'java/io/FileNotFoundException'> (0x000000079594a2e0) thrown at [/Users/java_re/workspace/8-2-build-macosx-x86_64/jdk8u131/8869/hotspot/src/share/vm/prims/jni.cpp, line 709]
Event: 1.982 Thread 0x00007fdef137a800 Exception <a 'java/lang/UnsatisfiedLinkError': com.jogamp.common.util.JarUtil.fixNativeLibAttribs(Ljava/lang/String;)Z> (0x0000000796b21770) thrown at [/Users/java_re/workspace/8-2-build-macosx-x86_64/jdk8u131/8869/hotspot/src/share/vm/prims/nativeLookup.
Event: 2.222 Thread 0x00007fdef182d000 Exception <a 'java/lang/NullPointerException'> (0x00000007956a6520) thrown at [/Users/java_re/workspace/8-2-build-macosx-x86_64/jdk8u131/8869/hotspot/src/share/vm/interpreter/linkResolver.cpp, line 1197]
Event: 2.738 Thread 0x00007fdef0a01800 Exception <a 'java/io/FileNotFoundException'> (0x0000000795f43710) thrown at [/Users/java_re/workspace/8-2-build-macosx-x86_64/jdk8u131/8869/hotspot/src/share/vm/prims/jni.cpp, line 709]
Event: 2.739 Thread 0x00007fdef0a01800 Exception <a 'java/io/FileNotFoundException'> (0x0000000795f49740) thrown at [/Users/java_re/workspace/8-2-build-macosx-x86_64/jdk8u131/8869/hotspot/src/share/vm/prims/jni.cpp, line 709]
Event: 2.739 Thread 0x00007fdef0a01800 Implicit null exception at 0x0000000104eec4b6 to 0x0000000104eec885
Event: 3.164 Thread 0x00007fdef0a01800 Implicit null exception at 0x00000001050c4506 to 0x00000001050c474d

Events (10 events):
Event: 5.739 loading class java/awt/event/AWTEventListenerProxy
Event: 5.739 loading class java/awt/event/AWTEventListenerProxy done
Event: 5.739 loading class java/awt/Toolkit$ToolkitEventMulticaster
Event: 5.740 loading class java/awt/Toolkit$ToolkitEventMulticaster done
Event: 5.740 Thread 0x00007fdef12dc000 Thread exited: 0x00007fdef12dc000
Event: 5.740 Thread 0x00007fdef613e800 Uncommon trap: trap_request=0xffffff86 fr.pc=0x00000001054a4db0
Event: 5.740 Thread 0x00007fdef613e800 DEOPT PACKING pc=0x00000001054a4db0 sp=0x000070000361d7f0
Event: 5.741 Thread 0x00007fdef613e800 DEOPT UNPACKING pc=0x0000000104d1f229 sp=0x000070000361d7a0 mode 2
Event: 5.741 loading class java/awt/Window$1DisposeAction
Event: 5.741 loading class java/awt/Window$1DisposeAction done


Dynamic libraries:
0x000000005542d000 	/System/Library/Frameworks/Cocoa.framework/Versions/A/Cocoa
0x000000005542d000 	/System/Library/Frameworks/Security.framework/Versions/A/Security
0x000000005542d000 	/System/Library/Frameworks/ApplicationServices.framework/Versions/A/ApplicationServices
0x000000005542d000 	/usr/lib/libz.1.dylib
0x000000005542d000 	/usr/lib/libSystem.B.dylib
0x000000005542d000 	/usr/lib/libobjc.A.dylib
0x000000005542d000 	/System/Library/Frameworks/CoreFoundation.framework/Versions/A/CoreFoundation
0x000000005542d000 	/System/Library/Frameworks/Foundation.framework/Versions/C/Foundation
0x000000005542d000 	/System/Library/Frameworks/AppKit.framework/Versions/C/AppKit
0x000000005542d000 	/System/Library/Frameworks/CoreData.framework/Versions/A/CoreData
0x000000005542d000 	/System/Library/PrivateFrameworks/RemoteViewServices.framework/Versions/A/RemoteViewServices
0x000000005542d000 	/System/Library/PrivateFrameworks/UIFoundation.framework/Versions/A/UIFoundation
0x000000005542d000 	/System/Library/PrivateFrameworks/DFRFoundation.framework/Versions/A/DFRFoundation
0x000000005542d000 	/usr/lib/libenergytrace.dylib
0x000000005542d000 	/System/Library/PrivateFrameworks/SkyLight.framework/Versions/A/SkyLight
0x000000005542d000 	/System/Library/Frameworks/CoreGraphics.framework/Versions/A/CoreGraphics
0x000000005542d000 	/usr/lib/libScreenReader.dylib
0x000000005542d000 	/System/Library/Frameworks/Accelerate.framework/Versions/A/Accelerate
0x000000005542d000 	/System/Library/Frameworks/IOSurface.framework/Versions/A/IOSurface
0x000000005542d000 	/System/Library/Frameworks/AudioToolbox.framework/Versions/A/AudioToolbox
0x000000005542d000 	/System/Library/Frameworks/AudioUnit.framework/Versions/A/AudioUnit
0x000000005542d000 	/System/Library/PrivateFrameworks/DataDetectorsCore.framework/Versions/A/DataDetectorsCore
0x000000005542d000 	/System/Library/PrivateFrameworks/DesktopServicesPriv.framework/Versions/A/DesktopServicesPriv
0x000000005542d000 	/System/Library/Frameworks/Carbon.framework/Versions/A/Frameworks/HIToolbox.framework/Versions/A/HIToolbox
0x000000005542d000 	/usr/lib/libicucore.A.dylib
0x000000005542d000 	/System/Library/Frameworks/QuartzCore.framework/Versions/A/QuartzCore
0x000000005542d000 	/System/Library/Frameworks/Carbon.framework/Versions/A/Frameworks/SpeechRecognition.framework/Versions/A/SpeechRecognition
0x000000005542d000 	/usr/lib/libauto.dylib
0x000000005542d000 	/usr/lib/libxml2.2.dylib
0x000000005542d000 	/System/Library/PrivateFrameworks/CoreUI.framework/Versions/A/CoreUI
0x000000005542d000 	/System/Library/Frameworks/CoreAudio.framework/Versions/A/CoreAudio
0x000000005542d000 	/System/Library/Frameworks/DiskArbitration.framework/Versions/A/DiskArbitration
0x000000005542d000 	/usr/lib/liblangid.dylib
0x000000005542d000 	/System/Library/PrivateFrameworks/MultitouchSupport.framework/Versions/A/MultitouchSupport
0x000000005542d000 	/System/Library/Frameworks/IOKit.framework/Versions/A/IOKit
0x000000005542d000 	/usr/lib/libDiagnosticMessagesClient.dylib
0x000000005542d000 	/System/Library/Frameworks/CoreServices.framework/Versions/A/CoreServices
0x000000005542d000 	/System/Library/PrivateFrameworks/PerformanceAnalysis.framework/Versions/A/PerformanceAnalysis
0x000000005542d000 	/System/Library/PrivateFrameworks/GenerationalStorage.framework/Versions/A/GenerationalStorage
0x000000005542d000 	/System/Library/Frameworks/OpenGL.framework/Versions/A/OpenGL
0x000000005542d000 	/System/Library/Frameworks/CoreImage.framework/Versions/A/CoreImage
0x000000005542d000 	/System/Library/Frameworks/CoreText.framework/Versions/A/CoreText
0x000000005542d000 	/System/Library/Frameworks/ImageIO.framework/Versions/A/ImageIO
0x000000005542d000 	/System/Library/PrivateFrameworks/Backup.framework/Versions/A/Backup
0x000000005542d000 	/usr/lib/libarchive.2.dylib
0x000000005542d000 	/System/Library/Frameworks/CFNetwork.framework/Versions/A/CFNetwork
0x000000005542d000 	/System/Library/Frameworks/SystemConfiguration.framework/Versions/A/SystemConfiguration
0x000000005542d000 	/usr/lib/libCRFSuite.dylib
0x000000005542d000 	/usr/lib/libc++.1.dylib
0x000000005542d000 	/usr/lib/libc++abi.dylib
0x000000005542d000 	/usr/lib/system/libcache.dylib
0x000000005542d000 	/usr/lib/system/libcommonCrypto.dylib
0x000000005542d000 	/usr/lib/system/libcompiler_rt.dylib
0x000000005542d000 	/usr/lib/system/libcopyfile.dylib
0x000000005542d000 	/usr/lib/system/libcorecrypto.dylib
0x000000005542d000 	/usr/lib/system/libdispatch.dylib
0x000000005542d000 	/usr/lib/system/libdyld.dylib
0x000000005542d000 	/usr/lib/system/libkeymgr.dylib
0x000000005542d000 	/usr/lib/system/liblaunch.dylib
0x000000005542d000 	/usr/lib/system/libmacho.dylib
0x000000005542d000 	/usr/lib/system/libquarantine.dylib
0x000000005542d000 	/usr/lib/system/libremovefile.dylib
0x000000005542d000 	/usr/lib/system/libsystem_asl.dylib
0x000000005542d000 	/usr/lib/system/libsystem_blocks.dylib
0x000000005542d000 	/usr/lib/system/libsystem_c.dylib
0x000000005542d000 	/usr/lib/system/libsystem_configuration.dylib
0x000000005542d000 	/usr/lib/system/libsystem_coreservices.dylib
0x000000005542d000 	/usr/lib/system/libsystem_coretls.dylib
0x000000005542d000 	/usr/lib/system/libsystem_dnssd.dylib
0x000000005542d000 	/usr/lib/system/libsystem_info.dylib
0x000000005542d000 	/usr/lib/system/libsystem_kernel.dylib
0x000000005542d000 	/usr/lib/system/libsystem_m.dylib
0x000000005542d000 	/usr/lib/system/libsystem_malloc.dylib
0x000000005542d000 	/usr/lib/system/libsystem_network.dylib
0x000000005542d000 	/usr/lib/system/libsystem_networkextension.dylib
0x000000005542d000 	/usr/lib/system/libsystem_notify.dylib
0x000000005542d000 	/usr/lib/system/libsystem_platform.dylib
0x000000005542d000 	/usr/lib/system/libsystem_pthread.dylib
0x000000005542d000 	/usr/lib/system/libsystem_sandbox.dylib
0x000000005542d000 	/usr/lib/system/libsystem_secinit.dylib
0x000000005542d000 	/usr/lib/system/libsystem_symptoms.dylib
0x000000005542d000 	/usr/lib/system/libsystem_trace.dylib
0x000000005542d000 	/usr/lib/system/libunwind.dylib
0x000000005542d000 	/usr/lib/system/libxpc.dylib
0x000000005542d000 	/usr/lib/libbsm.0.dylib
0x000000005542d000 	/usr/lib/system/libkxld.dylib
0x000000005542d000 	/usr/lib/libcoretls.dylib
0x000000005542d000 	/usr/lib/libcoretls_cfhelpers.dylib
0x000000005542d000 	/usr/lib/libOpenScriptingUtil.dylib
0x000000005542d000 	/usr/lib/libpam.2.dylib
0x000000005542d000 	/usr/lib/libsqlite3.dylib
0x000000005542d000 	/usr/lib/libxar.1.dylib
0x000000005542d000 	/usr/lib/libbz2.1.0.dylib
0x000000005542d000 	/usr/lib/liblzma.5.dylib
0x000000005542d000 	/usr/lib/libnetwork.dylib
0x000000005542d000 	/usr/lib/libpcap.A.dylib
0x000000005542d000 	/System/Library/Frameworks/CoreServices.framework/Versions/A/Frameworks/FSEvents.framework/Versions/A/FSEvents
0x000000005542d000 	/System/Library/Frameworks/CoreServices.framework/Versions/A/Frameworks/CarbonCore.framework/Versions/A/CarbonCore
0x000000005542d000 	/System/Library/Frameworks/CoreServices.framework/Versions/A/Frameworks/Metadata.framework/Versions/A/Metadata
0x000000005542d000 	/System/Library/Frameworks/CoreServices.framework/Versions/A/Frameworks/OSServices.framework/Versions/A/OSServices
0x000000005542d000 	/System/Library/Frameworks/CoreServices.framework/Versions/A/Frameworks/SearchKit.framework/Versions/A/SearchKit
0x000000005542d000 	/System/Library/Frameworks/CoreServices.framework/Versions/A/Frameworks/AE.framework/Versions/A/AE
0x000000005542d000 	/System/Library/Frameworks/CoreServices.framework/Versions/A/Frameworks/LaunchServices.framework/Versions/A/LaunchServices
0x000000005542d000 	/System/Library/Frameworks/CoreServices.framework/Versions/A/Frameworks/DictionaryServices.framework/Versions/A/DictionaryServices
0x000000005542d000 	/System/Library/Frameworks/CoreServices.framework/Versions/A/Frameworks/SharedFileList.framework/Versions/A/SharedFileList
0x000000005542d000 	/System/Library/Frameworks/NetFS.framework/Versions/A/NetFS
0x000000005542d000 	/System/Library/PrivateFrameworks/NetAuth.framework/Versions/A/NetAuth
0x000000005542d000 	/System/Library/PrivateFrameworks/login.framework/Versions/A/Frameworks/loginsupport.framework/Versions/A/loginsupport
0x000000005542d000 	/System/Library/PrivateFrameworks/TCC.framework/Versions/A/TCC
0x000000005542d000 	/usr/lib/libmecabra.dylib
0x000000005542d000 	/System/Library/Frameworks/ApplicationServices.framework/Versions/A/Frameworks/ATS.framework/Versions/A/ATS
0x000000005542d000 	/System/Library/Frameworks/ApplicationServices.framework/Versions/A/Frameworks/ColorSync.framework/Versions/A/ColorSync
0x000000005542d000 	/System/Library/Frameworks/ApplicationServices.framework/Versions/A/Frameworks/HIServices.framework/Versions/A/HIServices
0x000000005542d000 	/System/Library/Frameworks/ApplicationServices.framework/Versions/A/Frameworks/LangAnalysis.framework/Versions/A/LangAnalysis
0x000000005542d000 	/System/Library/Frameworks/ApplicationServices.framework/Versions/A/Frameworks/PrintCore.framework/Versions/A/PrintCore
0x000000005542d000 	/System/Library/Frameworks/ApplicationServices.framework/Versions/A/Frameworks/QD.framework/Versions/A/QD
0x000000005542d000 	/System/Library/Frameworks/ApplicationServices.framework/Versions/A/Frameworks/SpeechSynthesis.framework/Versions/A/SpeechSynthesis
0x000000005542d000 	/System/Library/Frameworks/Accelerate.framework/Versions/A/Frameworks/vImage.framework/Versions/A/vImage
0x000000005542d000 	/System/Library/Frameworks/Accelerate.framework/Versions/A/Frameworks/vecLib.framework/Versions/A/vecLib
0x000000005542d000 	/System/Library/Frameworks/Accelerate.framework/Versions/A/Frameworks/vecLib.framework/Versions/A/libvDSP.dylib
0x000000005542d000 	/System/Library/Frameworks/Accelerate.framework/Versions/A/Frameworks/vecLib.framework/Versions/A/libBNNS.dylib
0x000000005542d000 	/System/Library/Frameworks/Accelerate.framework/Versions/A/Frameworks/vecLib.framework/Versions/A/libQuadrature.dylib
0x000000005542d000 	/System/Library/Frameworks/Accelerate.framework/Versions/A/Frameworks/vecLib.framework/Versions/A/libvMisc.dylib
0x000000005542d000 	/System/Library/Frameworks/Accelerate.framework/Versions/A/Frameworks/vecLib.framework/Versions/A/libLAPACK.dylib
0x000000005542d000 	/System/Library/Frameworks/Accelerate.framework/Versions/A/Frameworks/vecLib.framework/Versions/A/libBLAS.dylib
0x000000005542d000 	/System/Library/Frameworks/Accelerate.framework/Versions/A/Frameworks/vecLib.framework/Versions/A/libLinearAlgebra.dylib
0x000000005542d000 	/System/Library/Frameworks/Accelerate.framework/Versions/A/Frameworks/vecLib.framework/Versions/A/libSparseBLAS.dylib
0x000000005542d000 	/System/Library/Frameworks/ApplicationServices.framework/Versions/A/Frameworks/ATS.framework/Versions/A/Resources/libFontParser.dylib
0x000000005542d000 	/System/Library/Frameworks/ApplicationServices.framework/Versions/A/Frameworks/ATS.framework/Versions/A/Resources/libFontRegistry.dylib
0x000000005542d000 	/System/Library/Frameworks/ImageIO.framework/Versions/A/Resources/libJPEG.dylib
0x000000005542d000 	/System/Library/Frameworks/ImageIO.framework/Versions/A/Resources/libTIFF.dylib
0x000000005542d000 	/System/Library/Frameworks/ImageIO.framework/Versions/A/Resources/libPng.dylib
0x000000005542d000 	/System/Library/Frameworks/ImageIO.framework/Versions/A/Resources/libGIF.dylib
0x000000005542d000 	/System/Library/Frameworks/ImageIO.framework/Versions/A/Resources/libJP2.dylib
0x000000005542d000 	/System/Library/Frameworks/ImageIO.framework/Versions/A/Resources/libRadiance.dylib
0x000000005542d000 	/usr/lib/libcompression.dylib
0x000000005542d000 	/System/Library/PrivateFrameworks/AppleJPEG.framework/Versions/A/AppleJPEG
0x000000005542d000 	/usr/lib/libcups.2.dylib
0x000000005542d000 	/System/Library/Frameworks/Kerberos.framework/Versions/A/Kerberos
0x000000005542d000 	/System/Library/Frameworks/GSS.framework/Versions/A/GSS
0x000000005542d000 	/usr/lib/libresolv.9.dylib
0x000000005542d000 	/usr/lib/libiconv.2.dylib
0x000000005542d000 	/System/Library/PrivateFrameworks/Heimdal.framework/Versions/A/Heimdal
0x000000005542d000 	/usr/lib/libheimdal-asn1.dylib
0x000000005542d000 	/System/Library/Frameworks/OpenDirectory.framework/Versions/A/OpenDirectory
0x000000005542d000 	/System/Library/PrivateFrameworks/CommonAuth.framework/Versions/A/CommonAuth
0x000000005542d000 	/System/Library/Frameworks/OpenDirectory.framework/Versions/A/Frameworks/CFOpenDirectory.framework/Versions/A/CFOpenDirectory
0x000000005542d000 	/System/Library/Frameworks/SecurityFoundation.framework/Versions/A/SecurityFoundation
0x000000005542d000 	/System/Library/PrivateFrameworks/LanguageModeling.framework/Versions/A/LanguageModeling
0x000000005542d000 	/usr/lib/libmarisa.dylib
0x000000005542d000 	/usr/lib/libChineseTokenizer.dylib
0x000000005542d000 	/usr/lib/libcmph.dylib
0x000000005542d000 	/System/Library/PrivateFrameworks/CoreEmoji.framework/Versions/A/CoreEmoji
0x000000005542d000 	/System/Library/Frameworks/ServiceManagement.framework/Versions/A/ServiceManagement
0x000000005542d000 	/usr/lib/libxslt.1.dylib
0x000000005542d000 	/System/Library/Frameworks/Carbon.framework/Versions/A/Frameworks/Ink.framework/Versions/A/Ink
0x000000005542d000 	/System/Library/PrivateFrameworks/TextureIO.framework/Versions/A/TextureIO
0x000000005542d000 	/System/Library/Frameworks/Metal.framework/Versions/A/Metal
0x000000005542d000 	/usr/lib/libate.dylib
0x000000005542d000 	/System/Library/PrivateFrameworks/GPUCompiler.framework/libmetal_timestamp.dylib
0x000000005542d000 	/System/Library/Frameworks/OpenGL.framework/Versions/A/Libraries/libCoreFSCache.dylib
0x000000005542d000 	/System/Library/PrivateFrameworks/IOAccelerator.framework/Versions/A/IOAccelerator
0x000000005542d000 	/System/Library/Frameworks/CoreVideo.framework/Versions/A/CoreVideo
0x000000005542d000 	/usr/lib/libFosl_dynamic.dylib
0x000000005542d000 	/System/Library/PrivateFrameworks/MetalPerformanceShaders.framework/Versions/A/MetalPerformanceShaders
0x000000005542d000 	/System/Library/PrivateFrameworks/FaceCore.framework/Versions/A/FaceCore
0x000000005542d000 	/System/Library/Frameworks/OpenCL.framework/Versions/A/OpenCL
0x000000005542d000 	/System/Library/Frameworks/OpenGL.framework/Versions/A/Libraries/libGLU.dylib
0x000000005542d000 	/System/Library/Frameworks/OpenGL.framework/Versions/A/Libraries/libGFXShared.dylib
0x000000005542d000 	/System/Library/Frameworks/OpenGL.framework/Versions/A/Libraries/libGL.dylib
0x000000005542d000 	/System/Library/Frameworks/OpenGL.framework/Versions/A/Libraries/libGLImage.dylib
0x000000005542d000 	/System/Library/Frameworks/OpenGL.framework/Versions/A/Libraries/libCVMSPluginSupport.dylib
0x000000005542d000 	/System/Library/Frameworks/OpenGL.framework/Versions/A/Libraries/libCoreVMClient.dylib
0x000000005542d000 	/System/Library/PrivateFrameworks/CrashReporterSupport.framework/Versions/A/CrashReporterSupport
0x000000005542d000 	/System/Library/PrivateFrameworks/Sharing.framework/Versions/A/Sharing
0x000000005542d000 	/System/Library/PrivateFrameworks/IconServices.framework/Versions/A/IconServices
0x000000005542d000 	/System/Library/PrivateFrameworks/ProtocolBuffer.framework/Versions/A/ProtocolBuffer
0x000000005542d000 	/System/Library/PrivateFrameworks/Apple80211.framework/Versions/A/Apple80211
0x000000005542d000 	/System/Library/Frameworks/CoreWLAN.framework/Versions/A/CoreWLAN
0x000000005542d000 	/System/Library/PrivateFrameworks/CoreUtils.framework/Versions/A/CoreUtils
0x000000005542d000 	/System/Library/Frameworks/IOBluetooth.framework/Versions/A/IOBluetooth
0x000000005542d000 	/System/Library/PrivateFrameworks/CoreWiFi.framework/Versions/A/CoreWiFi
0x000000005542d000 	/System/Library/Frameworks/CoreBluetooth.framework/Versions/A/CoreBluetooth
0x000000005542d000 	/System/Library/Frameworks/CoreDisplay.framework/Versions/A/CoreDisplay
0x000000005542d000 	/System/Library/PrivateFrameworks/IOPresentment.framework/Versions/A/IOPresentment
0x000000005542d000 	/System/Library/PrivateFrameworks/DSExternalDisplay.framework/Versions/A/DSExternalDisplay
0x000000005542d000 	/System/Library/PrivateFrameworks/DebugSymbols.framework/Versions/A/DebugSymbols
0x000000005542d000 	/System/Library/PrivateFrameworks/CoreSymbolication.framework/Versions/A/CoreSymbolication
0x000000005542d000 	/System/Library/PrivateFrameworks/Symbolication.framework/Versions/A/Symbolication
0x000000005542d000 	/System/Library/PrivateFrameworks/AppleFSCompression.framework/Versions/A/AppleFSCompression
0x000000005542d000 	/System/Library/PrivateFrameworks/SpeechRecognitionCore.framework/Versions/A/SpeechRecognitionCore
0x000000005542d000 	/System/Library/PrivateFrameworks/ChunkingLibrary.framework/Versions/A/ChunkingLibrary
0x0000000103d77000 	/Library/Java/JavaVirtualMachines/jdk1.8.0_131.jdk/Contents/Home/jre/lib/server/libjvm.dylib
0x000000005542d000 	/usr/lib/libstdc++.6.dylib
0x0000000102a77000 	/Library/Java/JavaVirtualMachines/jdk1.8.0_131.jdk/Contents/Home/jre/lib/libverify.dylib
0x0000000102a85000 	/Library/Java/JavaVirtualMachines/jdk1.8.0_131.jdk/Contents/Home/jre/lib/libjava.dylib
0x0000000102ac4000 	/Library/Java/JavaVirtualMachines/jdk1.8.0_131.jdk/Contents/Home/jre/lib/libzip.dylib
0x0000000103cb2000 	/System/Library/Frameworks/JavaVM.framework/Frameworks/JavaRuntimeSupport.framework/JavaRuntimeSupport
0x0000000103ccc000 	/System/Library/Frameworks/JavaVM.framework/Versions/A/Frameworks/JavaNativeFoundation.framework/Versions/A/JavaNativeFoundation
0x0000000102bef000 	/System/Library/Frameworks/JavaVM.framework/Versions/A/JavaVM
0x000000005542d000 	/System/Library/Frameworks/Carbon.framework/Versions/A/Carbon
0x0000000119caa000 	/System/Library/PrivateFrameworks/JavaLaunching.framework/Versions/A/JavaLaunching
0x000000005542d000 	/System/Library/Frameworks/Carbon.framework/Versions/A/Frameworks/CommonPanels.framework/Versions/A/CommonPanels
0x000000005542d000 	/System/Library/Frameworks/Carbon.framework/Versions/A/Frameworks/Help.framework/Versions/A/Help
0x000000005542d000 	/System/Library/Frameworks/Carbon.framework/Versions/A/Frameworks/ImageCapture.framework/Versions/A/ImageCapture
0x000000005542d000 	/System/Library/Frameworks/Carbon.framework/Versions/A/Frameworks/OpenScripting.framework/Versions/A/OpenScripting
0x000000005542d000 	/System/Library/Frameworks/Carbon.framework/Versions/A/Frameworks/Print.framework/Versions/A/Print
0x000000005542d000 	/System/Library/Frameworks/Carbon.framework/Versions/A/Frameworks/SecurityHI.framework/Versions/A/SecurityHI
0x000000011b5af000 	/Library/Java/JavaVirtualMachines/jdk1.8.0_131.jdk/Contents/Home/jre/lib/libawt.dylib
0x000000011b657000 	/Library/Java/JavaVirtualMachines/jdk1.8.0_131.jdk/Contents/Home/jre/lib/./libmlib_image.dylib
0x000000011b723000 	/Library/Java/JavaVirtualMachines/jdk1.8.0_131.jdk/Contents/Home/jre/lib/libawt_lwawt.dylib
0x000000011b7da000 	/Library/Java/JavaVirtualMachines/jdk1.8.0_131.jdk/Contents/Home/jre/lib/./libosxapp.dylib
0x000000005542d000 	/System/Library/Frameworks/ExceptionHandling.framework/Versions/A/ExceptionHandling
0x000000005542d000 	/System/Library/PrivateFrameworks/CoreServicesInternal.framework/Versions/A/CoreServicesInternal
0x000000005542d000 	/System/Library/CoreServices/RawCamera.bundle/Contents/MacOS/RawCamera
0x000000005542d000 	/System/Library/Frameworks/Accelerate.framework/Versions/A/Frameworks/vImage.framework/Versions/A/Libraries/libCGInterfaces.dylib
0x000000005542d000 	/System/Library/Frameworks/ApplicationServices.framework/Versions/A/Frameworks/ATS.framework/Versions/A/Resources/libTrueTypeScaler.dylib
0x000000011d8e1000 	/System/Library/Frameworks/OpenGL.framework/Resources/GLEngine.bundle/GLEngine
0x000000005542d000 	/System/Library/Frameworks/OpenGL.framework/Versions/A/Libraries/libGLProgrammability.dylib
0x000000011dac6000 	/System/Library/Extensions/AppleIntelKBLGraphicsGLDriver.bundle/Contents/MacOS/AppleIntelKBLGraphicsGLDriver
0x000000005542d000 	/System/Library/PrivateFrameworks/GPUSupport.framework/Versions/A/Libraries/libGPUSupportMercury.dylib
0x000000011c2b4000 	/System/Library/Frameworks/OpenGL.framework/Resources//GLRendererFloat.bundle/GLRendererFloat
0x000000005542d000 	/System/Library/Frameworks/OpenCL.framework/Versions/A/Libraries/libcldcpuengine.dylib
0x000000005542d000 	/usr/lib/libcrypto.0.9.8.dylib
0x000000005542d000 	/System/Library/PrivateFrameworks/TrustEvaluationAgent.framework/Versions/A/TrustEvaluationAgent
0x000000011e849000 	/System/Library/Extensions/AppleIntelKBLGraphicsMTLDriver.bundle/Contents/MacOS/AppleIntelKBLGraphicsMTLDriver
0x000000005542d000 	/System/Library/PrivateFrameworks/FamilyControls.framework/Versions/A/FamilyControls
0x000000005542d000 	/System/Library/PrivateFrameworks/CommerceKit.framework/Versions/A/Frameworks/CommerceCore.framework/Versions/A/CommerceCore
0x000000005542d000 	/System/Library/PrivateFrameworks/SystemAdministration.framework/Versions/A/SystemAdministration
0x000000005542d000 	/System/Library/PrivateFrameworks/AppContainer.framework/Versions/A/AppContainer
0x000000005542d000 	/System/Library/PrivateFrameworks/SecCodeWrapper.framework/Versions/A/SecCodeWrapper
0x000000005542d000 	/System/Library/Frameworks/DirectoryService.framework/Versions/A/DirectoryService
0x000000005542d000 	/System/Library/PrivateFrameworks/DiskImages.framework/Versions/A/DiskImages
0x000000005542d000 	/System/Library/PrivateFrameworks/LoginUIKit.framework/Versions/A/Frameworks/LoginUICore.framework/Versions/A/LoginUICore
0x000000005542d000 	/usr/lib/libCoreStorage.dylib
0x000000005542d000 	/usr/lib/libcsfde.dylib
0x000000005542d000 	/usr/lib/libodfde.dylib
0x000000005542d000 	/System/Library/Frameworks/DiscRecording.framework/Versions/A/DiscRecording
0x000000005542d000 	/usr/lib/libcurl.4.dylib
0x000000005542d000 	/System/Library/PrivateFrameworks/MediaKit.framework/Versions/A/MediaKit
0x000000005542d000 	/System/Library/PrivateFrameworks/ProtectedCloudStorage.framework/Versions/A/ProtectedCloudStorage
0x000000005542d000 	/System/Library/PrivateFrameworks/EFILogin.framework/Versions/A/EFILogin
0x000000005542d000 	/usr/lib/libutil.dylib
0x000000005542d000 	/System/Library/Frameworks/LDAP.framework/Versions/A/LDAP
0x000000005542d000 	/usr/lib/libsasl2.2.dylib
0x000000005542d000 	/System/Library/PrivateFrameworks/CoreDaemon.framework/Versions/B/CoreDaemon
0x000000005542d000 	/System/Library/PrivateFrameworks/AppleSRP.framework/Versions/A/AppleSRP
0x000000005542d000 	/System/Library/PrivateFrameworks/APFS.framework/Versions/A/APFS
0x00000001207be000 	/Library/Java/JavaVirtualMachines/jdk1.8.0_131.jdk/Contents/Home/jre/lib/libfontmanager.dylib
0x0000000121889000 	/Library/Java/JavaVirtualMachines/jdk1.8.0_131.jdk/Contents/Home/jre/lib/libosxui.dylib
0x000000005542d000 	/System/Library/PrivateFrameworks/ViewBridge.framework/Versions/A/ViewBridge
0x000000005542d000 	/System/Library/PrivateFrameworks/XPCService.framework/Versions/A/XPCService
0x000000005542d000 	/System/Library/PrivateFrameworks/AppSandbox.framework/Versions/A/AppSandbox
0x000000005542d000 	/usr/lib/libsandbox.1.dylib
0x000000005542d000 	/usr/lib/libMatch.1.dylib
0x000000012281a000 	/Library/Java/JavaVirtualMachines/jdk1.8.0_131.jdk/Contents/Home/jre/lib/libnet.dylib
0x0000000122831000 	/Library/Java/JavaVirtualMachines/jdk1.8.0_131.jdk/Contents/Home/jre/lib/libnio.dylib
0x0000000121916000 	/private/var/folders/mz/ddp61nqj5pgffdgcqdjxrrfh0000gn/T/jogamp_0000/file_cache/jln7271321060270558706/jln2253614953936702820/libgluegen-rt.jnilib
0x0000000121886000 	/private/var/folders/mz/ddp61nqj5pgffdgcqdjxrrfh0000gn/T/jogamp_0000/file_cache/jln7271321060270558706/jln2253614953936702820/libnativewindow_awt.jnilib
0x000000012191a000 	/Library/Java/JavaVirtualMachines/jdk1.8.0_131.jdk/Contents/Home/jre/lib/libjawt.dylib
0x0000000121947000 	/private/var/folders/mz/ddp61nqj5pgffdgcqdjxrrfh0000gn/T/jogamp_0000/file_cache/jln7271321060270558706/jln2253614953936702820/libnativewindow_macosx.jnilib
0x0000000190630000 	/private/var/folders/mz/ddp61nqj5pgffdgcqdjxrrfh0000gn/T/jogamp_0000/file_cache/jln7271321060270558706/jln2253614953936702820/libjogl_desktop.jnilib
0x0000000121bc7000 	/Library/Java/JavaVirtualMachines/jdk1.8.0_131.jdk/Contents/Home/jre/lib/libt2k.dylib

VM Arguments:
jvm_args: -Djava.security.policy=java.policy.applet -Dfile.encoding=UTF-8 
java_command: sun.applet.AppletViewer module4.EarthquakeCityMap1500833349063.html
java_class_path (initial): /Users/litianlun/Downloads/UCSDUnfoldingMaps/build:/Users/litianlun/Downloads/UCSDUnfoldingMaps/lib/core.jar:/Users/litianlun/Downloads/UCSDUnfoldingMaps/lib/gluegen-rt.jar:/Users/litianlun/Downloads/UCSDUnfoldingMaps/lib/jogl-all.jar:/Users/litianlun/Downloads/UCSDUnfoldingMaps/lib/log4j-1.2.15.jar:/Users/litianlun/Downloads/UCSDUnfoldingMaps/lib/sqlite-jdbc-3.7.2.jar:/Users/litianlun/Downloads/UCSDUnfoldingMaps/lib/json4processing.jar:/Users/litianlun/Downloads/UCSDUnfoldingMaps/lib/libTUIO.jar:/Users/litianlun/Downloads/UCSDUnfoldingMaps/lib/unfolding.0.9.7-uscd.jar
Launcher Type: SUN_STANDARD

Environment Variables:
PATH=/usr/bin:/bin:/usr/sbin:/sbin
SHELL=/bin/bash

Signal Handlers:
SIGSEGV: [libjvm.dylib+0x5b1eb1], sa_mask[0]=11111111011111110111111111111111, sa_flags=SA_ONSTACK|SA_RESTART|SA_SIGINFO
SIGBUS: [libjvm.dylib+0x5b1eb1], sa_mask[0]=11111111011111110111111111111111, sa_flags=SA_RESTART|SA_SIGINFO
SIGFPE: [libjvm.dylib+0x488988], sa_mask[0]=11111111011111110111111111111111, sa_flags=SA_RESTART|SA_SIGINFO
SIGPIPE: [libjvm.dylib+0x488988], sa_mask[0]=11111111011111110111111111111111, sa_flags=SA_RESTART|SA_SIGINFO
SIGXFSZ: [libjvm.dylib+0x488988], sa_mask[0]=11111111011111110111111111111111, sa_flags=SA_RESTART|SA_SIGINFO
SIGILL: [libjvm.dylib+0x488988], sa_mask[0]=11111111011111110111111111111111, sa_flags=SA_RESTART|SA_SIGINFO
SIGUSR1: SIG_DFL, sa_mask[0]=00000000000000000000000000000000, sa_flags=none
SIGUSR2: [libjvm.dylib+0x4884a6], sa_mask[0]=00100000000000000000000000000000, sa_flags=SA_RESTART|SA_SIGINFO
SIGHUP: [libjvm.dylib+0x486a7d], sa_mask[0]=11111111011111110111111111111111, sa_flags=SA_RESTART|SA_SIGINFO
SIGINT: [libjvm.dylib+0x486a7d], sa_mask[0]=11111111011111110111111111111111, sa_flags=SA_RESTART|SA_SIGINFO
SIGTERM: [libjvm.dylib+0x486a7d], sa_mask[0]=11111111011111110111111111111111, sa_flags=SA_RESTART|SA_SIGINFO
SIGQUIT: [libjvm.dylib+0x486a7d], sa_mask[0]=11111111011111110111111111111111, sa_flags=SA_RESTART|SA_SIGINFO


---------------  S Y S T E M  ---------------

OS:Bsduname:Darwin 16.6.0 Darwin Kernel Version 16.6.0: Fri Apr 14 16:13:31 PDT 2017; root:xnu-3789.60.24~4/RELEASE_X86_64 x86_64
rlimit: STACK 8192k, CORE 0k, NPROC 709, NOFILE 10240, AS infinity
load average:2.74 2.61 2.14

CPU:total 4 (initial active 4) (2 cores per cpu, 2 threads per core) family 6 model 142 stepping 9, cmov, cx8, fxsr, mmx, sse, sse2, sse3, ssse3, sse4.1, sse4.2, popcnt, avx, avx2, aes, clmul, erms, 3dnowpref, lzcnt, ht, tsc, tscinvbit, bmi1, bmi2, adx

Memory: 4k page, physical 8388608k(65388k free)

/proc/meminfo:


vm_info: Java HotSpot(TM) 64-Bit Server VM (25.131-b11) for bsd-amd64 JRE (1.8.0_131-b11), built on Mar 15 2017 01:32:22 by "java_re" with gcc 4.2.1 (Based on Apple Inc. build 5658) (LLVM build 2336.11.00)

time: Sun Jul 23 14:09:14 2017
elapsed time: 5 seconds (0d 0h 0m 5s)

