#
# A fatal error has been detected by the Java Runtime Environment:
#
#  SIGSEGV (0xb) at pc=0x00007fffc5cfd069, pid=4395, tid=0x0000000000000307
#
# JRE version: Java(TM) SE Runtime Environment (8.0_131-b11) (build 1.8.0_131-b11)
# Java VM: Java HotSpot(TM) 64-Bit Server VM (25.131-b11 mixed mode bsd-amd64 compressed oops)
# Problematic frame:
# C  [libobjc.A.dylib+0x7069]  objc_msgSend+0x29
#
# Failed to write core dump. Core dumps have been disabled. To enable core dumping, try "ulimit -c unlimited" before starting Java again
#
# If you would like to submit a bug report, please visit:
#   http://bugreport.java.com/bugreport/crash.jsp
# The crash happened outside the Java Virtual Machine in native code.
# See problematic frame for where to report the bug.
#

---------------  T H R E A D  ---------------

Current thread (0x00007fe77983d800):  JavaThread "AWT-AppKit" daemon [_thread_in_native, id=775, stack(0x00007fff5d4d1000,0x00007fff5dcd1000)]

siginfo: si_signo: 11 (SIGSEGV), si_code: 1 (SEGV_MAPERR), si_addr: 0x0000000000000000

Registers:
RAX=0x00007fe778f53390, RBX=0x0000000120ed8450, RCX=0x00007fe77b3005e0, RDX=0x0000000000000000
RSP=0x00007fff5dccc4b8, RBP=0x00007fff5dccc570, RSI=0x00007fffaf591116, RDI=0x00007fe77e60a6c0
R8 =0x0000000000000018, R9 =0x00007fe77b300090, R10=0x00007fe779a30000, R11=0x0000000000000000
R12=0x0000000000000000, R13=0x000000018f568b78, R14=0x0000000120ed8440, R15=0x00007fe77983d800
RIP=0x00007fffc5cfd069, EFLAGS=0x0000000000010246, ERR=0x0000000000000004
  TRAPNO=0x000000000000000e

Top of Stack: (sp=0x00007fff5dccc4b8)
0x00007fff5dccc4b8:   0000000120ed6157 00007fff5dccc510
0x00007fff5dccc4c8:   0000000000000003 00007fff5dccc4f0
0x00007fff5dccc4d8:   000000010219f6d2 000000018f568b78
0x00007fff5dccc4e8:   000000018f568b78 00007fe778f53390
0x00007fff5dccc4f8:   0000000120ed86a0 0000000120ed8710
0x00007fff5dccc508:   00007fffcbd626d0 00007fffcc9921e0
0x00007fff5dccc518:   0000000120ed8450 0000000120ed8690
0x00007fff5dccc528:   00007fe778f53390 00007fe77e60a6c0
0x00007fff5dccc538:   00007fe778c4f150 00007fe778f53390
0x00007fff5dccc548:   00007fe77e60a6c0 00007fff5dccc5f0
0x00007fff5dccc558:   00007fe77983d9f8 000000018f568b78
0x00007fff5dccc568:   00007fff5dccc618 00007fff5dccc5e0
0x00007fff5dccc578:   00000001084aa9f4 00007fff5dccc5e0
0x00007fff5dccc588:   00000001084aa779 00000001084b69a3
0x00007fff5dccc598:   00000001084aa742 00007fff5dccc5a0
0x00007fff5dccc5a8:   000000018f568b78 00007fff5dccc618
0x00007fff5dccc5b8:   000000018f58c028 0000000000000000
0x00007fff5dccc5c8:   000000018f568b78 0000000000000000
0x00007fff5dccc5d8:   00007fff5dccc600 00007fff5dccc660
0x00007fff5dccc5e8:   000000010849b2bd 00000007403a5400
0x00007fff5dccc5f8:   00000001084a4538 00007fe778f53390
0x00007fff5dccc608:   00000001084a5e39 00007fe77e60a6c0
0x00007fff5dccc618:   00000001084a5e02 00007fff5dccc620
0x00007fff5dccc628:   000000018f568d42 00007fff5dccc688
0x00007fff5dccc638:   000000018f58c028 0000000000000000
0x00007fff5dccc648:   000000018f568d50 00007fff5dccc600
0x00007fff5dccc658:   00007fff5dccc670 00007fff5dccc6d0
0x00007fff5dccc668:   000000010849b2bd 00007fe778f53390
0x00007fff5dccc678:   0000000740289ed0 00007fe77e60a6c0
0x00007fff5dccc688:   0000000740289ed0 00007fff5dccc690
0x00007fff5dccc698:   000000019149bbee 00007fff5dccc6e0
0x00007fff5dccc6a8:   000000019149bca8 0000000000000000 

Instructions: (pc=0x00007fffc5cfd069)
0x00007fffc5cfd049:   01 2e 75 66 49 ba f8 ff ff ff ff 7f 00 00 4c 23
0x00007fffc5cfd059:   17 49 89 f3 45 23 5a 18 49 c1 e3 04 4d 03 5a 10
0x00007fffc5cfd069:   49 3b 33 75 04 41 ff 63 08 49 83 3b 01 76 0d 49
0x00007fffc5cfd079:   83 c3 10 49 3b 33 75 f1 41 ff 63 08 72 64 4d 8b 

Register to memory mapping:

RAX=0x00007fe778f53390 is an unknown value
RBX=0x0000000120ed8450: Java_jogamp_nativewindow_macosx_OSXUtil_GetScreenRefreshRate0+0x1cf0 in /private/var/folders/mz/ddp61nqj5pgffdgcqdjxrrfh0000gn/T/jogamp_0000/file_cache/jln8309726297150863716/jln2393796938198931496/libnativewindow_macosx.jnilib at 0x0000000120ed1000
RCX=0x00007fe77b3005e0 is an unknown value
RDX=0x0000000000000000 is an unknown value
RSP=0x00007fff5dccc4b8 is pointing into the stack for thread: 0x00007fe77983d800
RBP=0x00007fff5dccc570 is pointing into the stack for thread: 0x00007fe77983d800
RSI=0x00007fffaf591116: __NSStyleNameIndexTable+0x7fd5e in /System/Library/Frameworks/AppKit.framework/Versions/C/AppKit at 0x00007fffae924000
RDI=0x00007fe77e60a6c0 is an unknown value
R8 =0x0000000000000018 is an unknown value
R9 =0x00007fe77b300090 is an unknown value
R10=0x00007fe779a30000 is a thread
R11=0x0000000000000000 is an unknown value
R12=0x0000000000000000 is an unknown value
R13={method} {0x000000018f568b78} 'UnsetJAWTRootSurfaceLayer0' '(JJ)V' in 'jogamp/nativewindow/jawt/macosx/MacOSXJAWTWindow'
R14=0x0000000120ed8440: Java_jogamp_nativewindow_macosx_OSXUtil_GetScreenRefreshRate0+0x1ce0 in /private/var/folders/mz/ddp61nqj5pgffdgcqdjxrrfh0000gn/T/jogamp_0000/file_cache/jln8309726297150863716/jln2393796938198931496/libnativewindow_macosx.jnilib at 0x0000000120ed1000
R15=0x00007fe77983d800 is a thread


Stack: [0x00007fff5d4d1000,0x00007fff5dcd1000],  sp=0x00007fff5dccc4b8,  free space=8173k
Native frames: (J=compiled Java code, j=interpreted, Vv=VM code, C=native code)
C  [libobjc.A.dylib+0x7069]  objc_msgSend+0x29
j  jogamp.nativewindow.jawt.macosx.MacOSXJAWTWindow.UnsetJAWTRootSurfaceLayer0(JJ)V+0
j  jogamp.nativewindow.jawt.macosx.MacOSXJAWTWindow.access$200(JJ)V+2
j  jogamp.nativewindow.jawt.macosx.MacOSXJAWTWindow$1.run()V+38
j  com.jogamp.common.util.RunnableTask.run()V+24
v  ~StubRoutines::call_stub
V  [libjvm.dylib+0x2ee5b6]
V  [libjvm.dylib+0x325765]
V  [libjvm.dylib+0x317f33]
C  [libnativewindow_macosx.jnilib+0x5326]  Java_jogamp_nativewindow_jawt_macosx_MacOSXJAWTWindow_UnsetJAWTRootSurfaceLayer0+0x2b6
C  [Foundation+0x7152a]  __NSThreadPerformPerform+0x146
C  [CoreFoundation+0xa7321]  __CFRUNLOOP_IS_CALLING_OUT_TO_A_SOURCE0_PERFORM_FUNCTION__+0x11
C  [CoreFoundation+0x8821d]  __CFRunLoopDoSources0+0x22d
C  [CoreFoundation+0x87716]  __CFRunLoopRun+0x3a6
C  [CoreFoundation+0x87114]  CFRunLoopRunSpecific+0x1a4
C  [HIToolbox+0x30ebc]  RunCurrentEventLoopInMode+0xf0
C  [HIToolbox+0x30cf1]  ReceiveNextEventCommon+0x1b0
C  [HIToolbox+0x30b26]  _BlockUntilNextEventMatchingListInModeWithFilter+0x47
C  [AppKit+0x46a54]  _DPSNextEvent+0x460
C  [AppKit+0x7c27ee]  -[NSApplication(NSEvent) _nextEventMatchingEventMask:untilDate:inMode:dequeue:]+0xaec
C  [libosxapp.dylib+0x23aa]  -[NSApplicationAWT nextEventMatchingMask:untilDate:inMode:dequeue:]+0x7c
C  [AppKit+0x3b3db]  -[NSApplication run]+0x39e
C  [libosxapp.dylib+0x214d]  +[NSApplicationAWT runAWTLoopWithApp:]+0x9c
C  [libawt_lwawt.dylib+0x45edf]  -[AWTStarter starter:]+0x389
C  [Foundation+0x7152a]  __NSThreadPerformPerform+0x146
C  [CoreFoundation+0xa7321]  __CFRUNLOOP_IS_CALLING_OUT_TO_A_SOURCE0_PERFORM_FUNCTION__+0x11
C  [CoreFoundation+0x8821d]  __CFRunLoopDoSources0+0x22d
C  [CoreFoundation+0x87716]  __CFRunLoopRun+0x3a6
C  [CoreFoundation+0x87114]  CFRunLoopRunSpecific+0x1a4
C  [java+0x6465]  CreateExecutionEnvironment+0x367
C  [java+0x218c]  JLI_Launch+0x7a0
C  [java+0x84c2]  main+0x65
C  [java+0x19e4]  start+0x34
C  0x0000000000000007

Java frames: (J=compiled Java code, j=interpreted, Vv=VM code)
j  jogamp.nativewindow.jawt.macosx.MacOSXJAWTWindow.UnsetJAWTRootSurfaceLayer0(JJ)V+0
j  jogamp.nativewindow.jawt.macosx.MacOSXJAWTWindow.access$200(JJ)V+2
j  jogamp.nativewindow.jawt.macosx.MacOSXJAWTWindow$1.run()V+38
j  com.jogamp.common.util.RunnableTask.run()V+24
v  ~StubRoutines::call_stub

---------------  P R O C E S S  ---------------

Java Threads: ( => current thread )
  0x00007fe7799ce000 JavaThread "Thread-3" [_thread_blocked, id=72979, stack(0x000070000d5f2000,0x000070000d6f2000)]
  0x00007fe779a30000 JavaThread "AWT-EventQueue-1" [_thread_in_native, id=64135, stack(0x000070000d4ef000,0x000070000d5ef000)]
  0x00007fe7792d9800 JavaThread "DestroyJavaVM" [_thread_blocked, id=7171, stack(0x000070000bea7000,0x000070000bfa7000)]
  0x00007fe7799b5000 JavaThread "AWT-EventQueue-0" [_thread_blocked, id=61955, stack(0x000070000d2e9000,0x000070000d3e9000)]
  0x00007fe77a975800 JavaThread "Java2D Disposer" daemon [_thread_blocked, id=58139, stack(0x000070000d060000,0x000070000d160000)]
  0x00007fe77a13d800 JavaThread "Java2D Queue Flusher" daemon [_thread_blocked, id=58375, stack(0x000070000cf5d000,0x000070000d05d000)]
  0x00007fe77a917800 JavaThread "AWT-Shutdown" [_thread_blocked, id=30495, stack(0x000070000cd54000,0x000070000ce54000)]
=>0x00007fe77983d800 JavaThread "AWT-AppKit" daemon [_thread_in_native, id=775, stack(0x00007fff5d4d1000,0x00007fff5dcd1000)]
  0x00007fe77902a000 JavaThread "Service Thread" daemon [_thread_blocked, id=18691, stack(0x000070000cacb000,0x000070000cbcb000)]
  0x00007fe77a040000 JavaThread "C1 CompilerThread2" daemon [_thread_blocked, id=18179, stack(0x000070000c9c8000,0x000070000cac8000)]
  0x00007fe77a03f000 JavaThread "C2 CompilerThread1" daemon [_thread_blocked, id=17667, stack(0x000070000c8c5000,0x000070000c9c5000)]
  0x00007fe77a055000 JavaThread "C2 CompilerThread0" daemon [_thread_blocked, id=17155, stack(0x000070000c7c2000,0x000070000c8c2000)]
  0x00007fe77a036800 JavaThread "Signal Dispatcher" daemon [_thread_blocked, id=16643, stack(0x000070000c6bf000,0x000070000c7bf000)]
  0x00007fe779807000 JavaThread "Finalizer" daemon [_thread_blocked, id=12547, stack(0x000070000c5bc000,0x000070000c6bc000)]
  0x00007fe77a02d000 JavaThread "Reference Handler" daemon [_thread_blocked, id=12035, stack(0x000070000c4b9000,0x000070000c5b9000)]

Other Threads:
  0x00007fe77a02c800 VMThread [stack: 0x000070000c3b6000,0x000070000c4b6000] [id=11523]
  0x00007fe77a048800 WatcherThread [stack: 0x000070000cbce000,0x000070000ccce000] [id=19203]

VM state:not at safepoint (normal execution)

VM Mutex/Monitor currently owned by a thread: None

Heap:
 PSYoungGen      total 38400K, used 14930K [0x0000000795580000, 0x0000000798000000, 0x00000007c0000000)
  eden space 33280K, 44% used [0x0000000795580000,0x00000007964149b8,0x0000000797600000)
  from space 5120K, 0% used [0x0000000797b00000,0x0000000797b00000,0x0000000798000000)
  to   space 5120K, 0% used [0x0000000797600000,0x0000000797600000,0x0000000797b00000)
 ParOldGen       total 64512K, used 7614K [0x0000000740000000, 0x0000000743f00000, 0x0000000795580000)
  object space 64512K, 11% used [0x0000000740000000,0x000000074076f910,0x0000000743f00000)
 Metaspace       used 23186K, capacity 23565K, committed 23808K, reserved 1071104K
  class space    used 2395K, capacity 2519K, committed 2560K, reserved 1048576K

Card table byte_map: [0x0000000103bc0000,0x0000000103fc1000] byte_map_base: 0x00000001001c0000

Marking Bits: (ParMarkBitMap*) 0x000000010289dea0
 Begin Bits: [0x000000010426c000, 0x000000010626c000)
 End Bits:   [0x000000010626c000, 0x000000010826c000)

Polling page: 0x0000000102f92000

CodeCache: size=245760Kb used=7276Kb max_used=7280Kb free=238483Kb
 bounds [0x0000000108493000, 0x0000000108bc3000, 0x0000000117493000]
 total_blobs=2900 nmethods=1969 adapters=844
 compilation: enabled

Compilation events (10 events):
Event: 10.320 Thread 0x00007fe77a040000 nmethod 1961 0x0000000108bafc90 code [0x0000000108bafe60, 0x0000000108bb04b8]
Event: 10.321 Thread 0x00007fe77a03f000 nmethod 1959 0x0000000108bb36d0 code [0x0000000108bb3820, 0x0000000108bb3bd8]
Event: 10.324 Thread 0x00007fe77a040000 1962       3       java.util.concurrent.locks.AbstractQueuedSynchronizer::transferForSignal (45 bytes)
Event: 10.325 Thread 0x00007fe77a040000 nmethod 1962 0x0000000108bb2e90 code [0x0000000108bb3040, 0x0000000108bb3518]
Event: 10.595 Thread 0x00007fe77a040000 1963       3       java.awt.event.InvocationEvent::<init> (14 bytes)
Event: 10.596 Thread 0x00007fe77a040000 nmethod 1963 0x0000000108bb2ad0 code [0x0000000108bb2c40, 0x0000000108bb2de8]
Event: 10.596 Thread 0x00007fe77a040000 1964       3       java.lang.Math::getExponent (17 bytes)
Event: 10.597 Thread 0x00007fe77a040000 nmethod 1964 0x0000000108bb2790 code [0x0000000108bb28e0, 0x0000000108bb2a50]
Event: 10.605 Thread 0x00007fe77a040000 1965       3       java.awt.Component::isValid (20 bytes)
Event: 10.605 Thread 0x00007fe77a040000 nmethod 1965 0x0000000108bb23d0 code [0x0000000108bb2540, 0x0000000108bb2730]

GC Heap History (6 events):
Event: 2.591 GC heap before
{Heap before GC invocations=1 (full 0):
 PSYoungGen      total 38400K, used 33280K [0x0000000795580000, 0x0000000798000000, 0x00000007c0000000)
  eden space 33280K, 100% used [0x0000000795580000,0x0000000797600000,0x0000000797600000)
  from space 5120K, 0% used [0x0000000797b00000,0x0000000797b00000,0x0000000798000000)
  to   space 5120K, 0% used [0x0000000797600000,0x0000000797600000,0x0000000797b00000)
 ParOldGen       total 87552K, used 0K [0x0000000740000000, 0x0000000745580000, 0x0000000795580000)
  object space 87552K, 0% used [0x0000000740000000,0x0000000740000000,0x0000000745580000)
 Metaspace       used 16371K, capacity 16681K, committed 17024K, reserved 1064960K
  class space    used 1692K, capacity 1793K, committed 1920K, reserved 1048576K
Event: 2.598 GC heap after
Heap after GC invocations=1 (full 0):
 PSYoungGen      total 38400K, used 5112K [0x0000000795580000, 0x0000000798000000, 0x00000007c0000000)
  eden space 33280K, 0% used [0x0000000795580000,0x0000000795580000,0x0000000797600000)
  from space 5120K, 99% used [0x0000000797600000,0x0000000797afe2b8,0x0000000797b00000)
  to   space 5120K, 0% used [0x0000000797b00000,0x0000000797b00000,0x0000000798000000)
 ParOldGen       total 87552K, used 69K [0x0000000740000000, 0x0000000745580000, 0x0000000795580000)
  object space 87552K, 0% used [0x0000000740000000,0x0000000740011408,0x0000000745580000)
 Metaspace       used 16371K, capacity 16681K, committed 17024K, reserved 1064960K
  class space    used 1692K, capacity 1793K, committed 1920K, reserved 1048576K
}
Event: 3.481 GC heap before
{Heap before GC invocations=2 (full 0):
 PSYoungGen      total 38400K, used 25064K [0x0000000795580000, 0x0000000798000000, 0x00000007c0000000)
  eden space 33280K, 59% used [0x0000000795580000,0x00000007968fbfc0,0x0000000797600000)
  from space 5120K, 99% used [0x0000000797600000,0x0000000797afe2b8,0x0000000797b00000)
  to   space 5120K, 0% used [0x0000000797b00000,0x0000000797b00000,0x0000000798000000)
 ParOldGen       total 87552K, used 69K [0x0000000740000000, 0x0000000745580000, 0x0000000795580000)
  object space 87552K, 0% used [0x0000000740000000,0x0000000740011408,0x0000000745580000)
 Metaspace       used 20700K, capacity 21115K, committed 21296K, reserved 1069056K
  class space    used 2164K, capacity 2324K, committed 2432K, reserved 1048576K
Event: 3.490 GC heap after
Heap after GC invocations=2 (full 0):
 PSYoungGen      total 38400K, used 5105K [0x0000000795580000, 0x0000000798000000, 0x00000007c0000000)
  eden space 33280K, 0% used [0x0000000795580000,0x0000000795580000,0x0000000797600000)
  from space 5120K, 99% used [0x0000000797b00000,0x0000000797ffc7b0,0x0000000798000000)
  to   space 5120K, 0% used [0x0000000797600000,0x0000000797600000,0x0000000797b00000)
 ParOldGen       total 87552K, used 2704K [0x0000000740000000, 0x0000000745580000, 0x0000000795580000)
  object space 87552K, 3% used [0x0000000740000000,0x00000007402a4160,0x0000000745580000)
 Metaspace       used 20700K, capacity 21115K, committed 21296K, reserved 1069056K
  class space    used 2164K, capacity 2324K, committed 2432K, reserved 1048576K
}
Event: 3.490 GC heap before
{Heap before GC invocations=3 (full 1):
 PSYoungGen      total 38400K, used 5105K [0x0000000795580000, 0x0000000798000000, 0x00000007c0000000)
  eden space 33280K, 0% used [0x0000000795580000,0x0000000795580000,0x0000000797600000)
  from space 5120K, 99% used [0x0000000797b00000,0x0000000797ffc7b0,0x0000000798000000)
  to   space 5120K, 0% used [0x0000000797600000,0x0000000797600000,0x0000000797b00000)
 ParOldGen       total 87552K, used 2704K [0x0000000740000000, 0x0000000745580000, 0x0000000795580000)
  object space 87552K, 3% used [0x0000000740000000,0x00000007402a4160,0x0000000745580000)
 Metaspace       used 20700K, capacity 21115K, committed 21296K, reserved 1069056K
  class space    used 2164K, capacity 2324K, committed 2432K, reserved 1048576K
Event: 3.522 GC heap after
Heap after GC invocations=3 (full 1):
 PSYoungGen      total 38400K, used 0K [0x0000000795580000, 0x0000000798000000, 0x00000007c0000000)
  eden space 33280K, 0% used [0x0000000795580000,0x0000000795580000,0x0000000797600000)
  from space 5120K, 0% used [0x0000000797b00000,0x0000000797b00000,0x0000000798000000)
  to   space 5120K, 0% used [0x0000000797600000,0x0000000797600000,0x0000000797b00000)
 ParOldGen       total 64512K, used 7614K [0x0000000740000000, 0x0000000743f00000, 0x0000000795580000)
  object space 64512K, 11% used [0x0000000740000000,0x000000074076f910,0x0000000743f00000)
 Metaspace       used 20700K, capacity 21115K, committed 21296K, reserved 1069056K
  class space    used 2164K, capacity 2324K, committed 2432K, reserved 1048576K
}

Deoptimization events (10 events):
Event: 3.350 Thread 0x00007fe779a30000 Uncommon trap: reason=unstable_if action=reinterpret pc=0x00000001088bbd5c method=java.lang.CharacterDataLatin1.digit(II)I @ 82
Event: 3.764 Thread 0x00007fe779a30000 Uncommon trap: reason=class_check action=maybe_recompile pc=0x0000000108906810 method=java.util.HashMap.putVal(ILjava/lang/Object;Ljava/lang/Object;ZZ)Ljava/lang/Object; @ 91
Event: 3.766 Thread 0x00007fe779a30000 Uncommon trap: reason=class_check action=maybe_recompile pc=0x0000000108906810 method=java.util.HashMap.putVal(ILjava/lang/Object;Ljava/lang/Object;ZZ)Ljava/lang/Object; @ 91
Event: 4.128 Thread 0x00007fe779a30000 Uncommon trap: reason=unstable_if action=reinterpret pc=0x0000000108a339d4 method=com.sun.org.apache.xerces.internal.impl.XMLEntityScanner.checkBeforeLoad(Lcom/sun/xml/internal/stream/Entity$ScannedEntity;II)I @ 18
Event: 4.183 Thread 0x00007fe779a30000 Uncommon trap: reason=unstable_if action=reinterpret pc=0x0000000108a7b9ac method=com.sun.org.apache.xerces.internal.impl.XMLEntityScanner.skipSpaces()Z @ 14
Event: 4.225 Thread 0x00007fe779a30000 Uncommon trap: reason=class_check action=maybe_recompile pc=0x00000001088c7184 method=java.util.HashMap.putVal(ILjava/lang/Object;Ljava/lang/Object;ZZ)Ljava/lang/Object; @ 91
Event: 6.802 Thread 0x00007fe779a30000 Uncommon trap: reason=unstable_if action=reinterpret pc=0x0000000108a999a4 method=com.sun.org.apache.xerces.internal.impl.XMLEntityScanner.scanChar(Lcom/sun/org/apache/xerces/internal/impl/XMLScanner$NameType;)I @ 212
Event: 6.802 Thread 0x00007fe779a30000 Uncommon trap: reason=unstable_if action=reinterpret pc=0x0000000108a7a95c method=com.sun.org.apache.xerces.internal.util.SymbolTable.addSymbol([CII)Ljava/lang/String; @ 28
Event: 7.007 Thread 0x00007fe779a30000 Uncommon trap: reason=unstable_if action=reinterpret pc=0x0000000108ac8f40 method=com.sun.org.apache.xerces.internal.dom.DeferredDocumentImpl.getPrevSibling(IZ)I @ 52
Event: 10.617 Thread 0x00007fe779a30000 Uncommon trap: reason=unstable_if action=reinterpret pc=0x0000000108bad928 method=java.security.AccessControlContext.optimize()Ljava/security/AccessControlContext; @ 233

Internal exceptions (10 events):
Event: 0.295 Thread 0x00007fe77a006000 Exception <a 'java/io/FileNotFoundException'> (0x000000079580f4a0) thrown at [/Users/java_re/workspace/8-2-build-macosx-x86_64/jdk8u131/8869/hotspot/src/share/vm/prims/jni.cpp, line 709]
Event: 0.401 Thread 0x00007fe77a006000 Exception <a 'java/io/FileNotFoundException'> (0x000000079594c438) thrown at [/Users/java_re/workspace/8-2-build-macosx-x86_64/jdk8u131/8869/hotspot/src/share/vm/prims/jni.cpp, line 709]
Event: 2.336 Thread 0x00007fe7790e6000 Exception <a 'java/lang/UnsatisfiedLinkError': com.jogamp.common.util.JarUtil.fixNativeLibAttribs(Ljava/lang/String;)Z> (0x0000000796b2dcc8) thrown at [/Users/java_re/workspace/8-2-build-macosx-x86_64/jdk8u131/8869/hotspot/src/share/vm/prims/nativeLookup.
Event: 2.599 Thread 0x00007fe779807000 Exception <a 'java/lang/NullPointerException'> (0x00000007956a9830) thrown at [/Users/java_re/workspace/8-2-build-macosx-x86_64/jdk8u131/8869/hotspot/src/share/vm/interpreter/linkResolver.cpp, line 1197]
Event: 3.169 Thread 0x00007fe779a30000 Exception <a 'java/io/FileNotFoundException'> (0x0000000795f12718) thrown at [/Users/java_re/workspace/8-2-build-macosx-x86_64/jdk8u131/8869/hotspot/src/share/vm/prims/jni.cpp, line 709]
Event: 3.169 Thread 0x00007fe779a30000 Exception <a 'java/io/FileNotFoundException'> (0x0000000795f18748) thrown at [/Users/java_re/workspace/8-2-build-macosx-x86_64/jdk8u131/8869/hotspot/src/share/vm/prims/jni.cpp, line 709]
Event: 3.169 Thread 0x00007fe779a30000 Implicit null exception at 0x000000010866af36 to 0x000000010866b305
Event: 3.301 Thread 0x00007fe779a30000 Implicit null exception at 0x000000010887a146 to 0x000000010887a38d
Event: 4.209 Thread 0x00007fe779a30000 Exception <a 'java/lang/ClassCastException': java.util.ArrayList cannot be cast to de.fhpotsdam.unfolding.marker.Marker> (0x0000000795e3a2e0) thrown at [/Users/java_re/workspace/8-2-build-macosx-x86_64/jdk8u131/8869/hotspot/src/share/vm/interpreter/interp
Event: 7.015 Thread 0x00007fe779a30000 Exception <a 'java/lang/ClassCastException': java.util.ArrayList cannot be cast to de.fhpotsdam.unfolding.marker.Marker> (0x000000079629df30) thrown at [/Users/java_re/workspace/8-2-build-macosx-x86_64/jdk8u131/8869/hotspot/src/share/vm/interpreter/interp

Events (10 events):
Event: 10.616 loading class jogamp/nativewindow/jawt/macosx/MacOSXJAWTWindow$1 done
Event: 10.617 Thread 0x00007fe779a30000 Uncommon trap: trap_request=0xffffff65 fr.pc=0x0000000108bad928
Event: 10.617 Thread 0x00007fe779a30000 DEOPT PACKING pc=0x0000000108bad928 sp=0x000070000d5ec8b0
Event: 10.617 Thread 0x00007fe779a30000 DEOPT UNPACKING pc=0x0000000108498229 sp=0x000070000d5ec880 mode 2
Event: 10.617 loading class java/awt/LightweightDispatcher$2
Event: 10.618 loading class java/awt/LightweightDispatcher$2 done
Event: 10.618 loading class java/awt/event/AWTEventListenerProxy
Event: 10.618 loading class java/awt/event/AWTEventListenerProxy done
Event: 10.618 loading class java/awt/Toolkit$ToolkitEventMulticaster
Event: 10.618 loading class java/awt/Toolkit$ToolkitEventMulticaster done


Dynamic libraries:
0x000000003ba73000 	/System/Library/Frameworks/Cocoa.framework/Versions/A/Cocoa
0x000000003ba73000 	/System/Library/Frameworks/Security.framework/Versions/A/Security
0x000000003ba73000 	/System/Library/Frameworks/ApplicationServices.framework/Versions/A/ApplicationServices
0x000000003ba73000 	/usr/lib/libz.1.dylib
0x000000003ba73000 	/usr/lib/libSystem.B.dylib
0x000000003ba73000 	/usr/lib/libobjc.A.dylib
0x000000003ba73000 	/System/Library/Frameworks/CoreFoundation.framework/Versions/A/CoreFoundation
0x000000003ba73000 	/System/Library/Frameworks/Foundation.framework/Versions/C/Foundation
0x000000003ba73000 	/System/Library/Frameworks/AppKit.framework/Versions/C/AppKit
0x000000003ba73000 	/System/Library/Frameworks/CoreData.framework/Versions/A/CoreData
0x000000003ba73000 	/System/Library/PrivateFrameworks/RemoteViewServices.framework/Versions/A/RemoteViewServices
0x000000003ba73000 	/System/Library/PrivateFrameworks/UIFoundation.framework/Versions/A/UIFoundation
0x000000003ba73000 	/System/Library/PrivateFrameworks/DFRFoundation.framework/Versions/A/DFRFoundation
0x000000003ba73000 	/usr/lib/libenergytrace.dylib
0x000000003ba73000 	/System/Library/PrivateFrameworks/SkyLight.framework/Versions/A/SkyLight
0x000000003ba73000 	/System/Library/Frameworks/CoreGraphics.framework/Versions/A/CoreGraphics
0x000000003ba73000 	/usr/lib/libScreenReader.dylib
0x000000003ba73000 	/System/Library/Frameworks/Accelerate.framework/Versions/A/Accelerate
0x000000003ba73000 	/System/Library/Frameworks/IOSurface.framework/Versions/A/IOSurface
0x000000003ba73000 	/System/Library/Frameworks/AudioToolbox.framework/Versions/A/AudioToolbox
0x000000003ba73000 	/System/Library/Frameworks/AudioUnit.framework/Versions/A/AudioUnit
0x000000003ba73000 	/System/Library/PrivateFrameworks/DataDetectorsCore.framework/Versions/A/DataDetectorsCore
0x000000003ba73000 	/System/Library/PrivateFrameworks/DesktopServicesPriv.framework/Versions/A/DesktopServicesPriv
0x000000003ba73000 	/System/Library/Frameworks/Carbon.framework/Versions/A/Frameworks/HIToolbox.framework/Versions/A/HIToolbox
0x000000003ba73000 	/usr/lib/libicucore.A.dylib
0x000000003ba73000 	/System/Library/Frameworks/QuartzCore.framework/Versions/A/QuartzCore
0x000000003ba73000 	/System/Library/Frameworks/Carbon.framework/Versions/A/Frameworks/SpeechRecognition.framework/Versions/A/SpeechRecognition
0x000000003ba73000 	/usr/lib/libauto.dylib
0x000000003ba73000 	/usr/lib/libxml2.2.dylib
0x000000003ba73000 	/System/Library/PrivateFrameworks/CoreUI.framework/Versions/A/CoreUI
0x000000003ba73000 	/System/Library/Frameworks/CoreAudio.framework/Versions/A/CoreAudio
0x000000003ba73000 	/System/Library/Frameworks/DiskArbitration.framework/Versions/A/DiskArbitration
0x000000003ba73000 	/usr/lib/liblangid.dylib
0x000000003ba73000 	/System/Library/PrivateFrameworks/MultitouchSupport.framework/Versions/A/MultitouchSupport
0x000000003ba73000 	/System/Library/Frameworks/IOKit.framework/Versions/A/IOKit
0x000000003ba73000 	/usr/lib/libDiagnosticMessagesClient.dylib
0x000000003ba73000 	/System/Library/Frameworks/CoreServices.framework/Versions/A/CoreServices
0x000000003ba73000 	/System/Library/PrivateFrameworks/PerformanceAnalysis.framework/Versions/A/PerformanceAnalysis
0x000000003ba73000 	/System/Library/PrivateFrameworks/GenerationalStorage.framework/Versions/A/GenerationalStorage
0x000000003ba73000 	/System/Library/Frameworks/OpenGL.framework/Versions/A/OpenGL
0x000000003ba73000 	/System/Library/Frameworks/CoreImage.framework/Versions/A/CoreImage
0x000000003ba73000 	/System/Library/Frameworks/CoreText.framework/Versions/A/CoreText
0x000000003ba73000 	/System/Library/Frameworks/ImageIO.framework/Versions/A/ImageIO
0x000000003ba73000 	/System/Library/PrivateFrameworks/Backup.framework/Versions/A/Backup
0x000000003ba73000 	/usr/lib/libarchive.2.dylib
0x000000003ba73000 	/System/Library/Frameworks/CFNetwork.framework/Versions/A/CFNetwork
0x000000003ba73000 	/System/Library/Frameworks/SystemConfiguration.framework/Versions/A/SystemConfiguration
0x000000003ba73000 	/usr/lib/libCRFSuite.dylib
0x000000003ba73000 	/usr/lib/libc++.1.dylib
0x000000003ba73000 	/usr/lib/libc++abi.dylib
0x000000003ba73000 	/usr/lib/system/libcache.dylib
0x000000003ba73000 	/usr/lib/system/libcommonCrypto.dylib
0x000000003ba73000 	/usr/lib/system/libcompiler_rt.dylib
0x000000003ba73000 	/usr/lib/system/libcopyfile.dylib
0x000000003ba73000 	/usr/lib/system/libcorecrypto.dylib
0x000000003ba73000 	/usr/lib/system/libdispatch.dylib
0x000000003ba73000 	/usr/lib/system/libdyld.dylib
0x000000003ba73000 	/usr/lib/system/libkeymgr.dylib
0x000000003ba73000 	/usr/lib/system/liblaunch.dylib
0x000000003ba73000 	/usr/lib/system/libmacho.dylib
0x000000003ba73000 	/usr/lib/system/libquarantine.dylib
0x000000003ba73000 	/usr/lib/system/libremovefile.dylib
0x000000003ba73000 	/usr/lib/system/libsystem_asl.dylib
0x000000003ba73000 	/usr/lib/system/libsystem_blocks.dylib
0x000000003ba73000 	/usr/lib/system/libsystem_c.dylib
0x000000003ba73000 	/usr/lib/system/libsystem_configuration.dylib
0x000000003ba73000 	/usr/lib/system/libsystem_coreservices.dylib
0x000000003ba73000 	/usr/lib/system/libsystem_coretls.dylib
0x000000003ba73000 	/usr/lib/system/libsystem_dnssd.dylib
0x000000003ba73000 	/usr/lib/system/libsystem_info.dylib
0x000000003ba73000 	/usr/lib/system/libsystem_kernel.dylib
0x000000003ba73000 	/usr/lib/system/libsystem_m.dylib
0x000000003ba73000 	/usr/lib/system/libsystem_malloc.dylib
0x000000003ba73000 	/usr/lib/system/libsystem_network.dylib
0x000000003ba73000 	/usr/lib/system/libsystem_networkextension.dylib
0x000000003ba73000 	/usr/lib/system/libsystem_notify.dylib
0x000000003ba73000 	/usr/lib/system/libsystem_platform.dylib
0x000000003ba73000 	/usr/lib/system/libsystem_pthread.dylib
0x000000003ba73000 	/usr/lib/system/libsystem_sandbox.dylib
0x000000003ba73000 	/usr/lib/system/libsystem_secinit.dylib
0x000000003ba73000 	/usr/lib/system/libsystem_symptoms.dylib
0x000000003ba73000 	/usr/lib/system/libsystem_trace.dylib
0x000000003ba73000 	/usr/lib/system/libunwind.dylib
0x000000003ba73000 	/usr/lib/system/libxpc.dylib
0x000000003ba73000 	/usr/lib/libbsm.0.dylib
0x000000003ba73000 	/usr/lib/system/libkxld.dylib
0x000000003ba73000 	/usr/lib/libcoretls.dylib
0x000000003ba73000 	/usr/lib/libcoretls_cfhelpers.dylib
0x000000003ba73000 	/usr/lib/libOpenScriptingUtil.dylib
0x000000003ba73000 	/usr/lib/libpam.2.dylib
0x000000003ba73000 	/usr/lib/libsqlite3.dylib
0x000000003ba73000 	/usr/lib/libxar.1.dylib
0x000000003ba73000 	/usr/lib/libbz2.1.0.dylib
0x000000003ba73000 	/usr/lib/liblzma.5.dylib
0x000000003ba73000 	/usr/lib/libnetwork.dylib
0x000000003ba73000 	/usr/lib/libpcap.A.dylib
0x000000003ba73000 	/System/Library/Frameworks/CoreServices.framework/Versions/A/Frameworks/FSEvents.framework/Versions/A/FSEvents
0x000000003ba73000 	/System/Library/Frameworks/CoreServices.framework/Versions/A/Frameworks/CarbonCore.framework/Versions/A/CarbonCore
0x000000003ba73000 	/System/Library/Frameworks/CoreServices.framework/Versions/A/Frameworks/Metadata.framework/Versions/A/Metadata
0x000000003ba73000 	/System/Library/Frameworks/CoreServices.framework/Versions/A/Frameworks/OSServices.framework/Versions/A/OSServices
0x000000003ba73000 	/System/Library/Frameworks/CoreServices.framework/Versions/A/Frameworks/SearchKit.framework/Versions/A/SearchKit
0x000000003ba73000 	/System/Library/Frameworks/CoreServices.framework/Versions/A/Frameworks/AE.framework/Versions/A/AE
0x000000003ba73000 	/System/Library/Frameworks/CoreServices.framework/Versions/A/Frameworks/LaunchServices.framework/Versions/A/LaunchServices
0x000000003ba73000 	/System/Library/Frameworks/CoreServices.framework/Versions/A/Frameworks/DictionaryServices.framework/Versions/A/DictionaryServices
0x000000003ba73000 	/System/Library/Frameworks/CoreServices.framework/Versions/A/Frameworks/SharedFileList.framework/Versions/A/SharedFileList
0x000000003ba73000 	/System/Library/Frameworks/NetFS.framework/Versions/A/NetFS
0x000000003ba73000 	/System/Library/PrivateFrameworks/NetAuth.framework/Versions/A/NetAuth
0x000000003ba73000 	/System/Library/PrivateFrameworks/login.framework/Versions/A/Frameworks/loginsupport.framework/Versions/A/loginsupport
0x000000003ba73000 	/System/Library/PrivateFrameworks/TCC.framework/Versions/A/TCC
0x000000003ba73000 	/usr/lib/libmecabra.dylib
0x000000003ba73000 	/System/Library/Frameworks/ApplicationServices.framework/Versions/A/Frameworks/ATS.framework/Versions/A/ATS
0x000000003ba73000 	/System/Library/Frameworks/ApplicationServices.framework/Versions/A/Frameworks/ColorSync.framework/Versions/A/ColorSync
0x000000003ba73000 	/System/Library/Frameworks/ApplicationServices.framework/Versions/A/Frameworks/HIServices.framework/Versions/A/HIServices
0x000000003ba73000 	/System/Library/Frameworks/ApplicationServices.framework/Versions/A/Frameworks/LangAnalysis.framework/Versions/A/LangAnalysis
0x000000003ba73000 	/System/Library/Frameworks/ApplicationServices.framework/Versions/A/Frameworks/PrintCore.framework/Versions/A/PrintCore
0x000000003ba73000 	/System/Library/Frameworks/ApplicationServices.framework/Versions/A/Frameworks/QD.framework/Versions/A/QD
0x000000003ba73000 	/System/Library/Frameworks/ApplicationServices.framework/Versions/A/Frameworks/SpeechSynthesis.framework/Versions/A/SpeechSynthesis
0x000000003ba73000 	/System/Library/Frameworks/Accelerate.framework/Versions/A/Frameworks/vImage.framework/Versions/A/vImage
0x000000003ba73000 	/System/Library/Frameworks/Accelerate.framework/Versions/A/Frameworks/vecLib.framework/Versions/A/vecLib
0x000000003ba73000 	/System/Library/Frameworks/Accelerate.framework/Versions/A/Frameworks/vecLib.framework/Versions/A/libvDSP.dylib
0x000000003ba73000 	/System/Library/Frameworks/Accelerate.framework/Versions/A/Frameworks/vecLib.framework/Versions/A/libBNNS.dylib
0x000000003ba73000 	/System/Library/Frameworks/Accelerate.framework/Versions/A/Frameworks/vecLib.framework/Versions/A/libQuadrature.dylib
0x000000003ba73000 	/System/Library/Frameworks/Accelerate.framework/Versions/A/Frameworks/vecLib.framework/Versions/A/libvMisc.dylib
0x000000003ba73000 	/System/Library/Frameworks/Accelerate.framework/Versions/A/Frameworks/vecLib.framework/Versions/A/libLAPACK.dylib
0x000000003ba73000 	/System/Library/Frameworks/Accelerate.framework/Versions/A/Frameworks/vecLib.framework/Versions/A/libBLAS.dylib
0x000000003ba73000 	/System/Library/Frameworks/Accelerate.framework/Versions/A/Frameworks/vecLib.framework/Versions/A/libLinearAlgebra.dylib
0x000000003ba73000 	/System/Library/Frameworks/Accelerate.framework/Versions/A/Frameworks/vecLib.framework/Versions/A/libSparseBLAS.dylib
0x000000003ba73000 	/System/Library/Frameworks/ApplicationServices.framework/Versions/A/Frameworks/ATS.framework/Versions/A/Resources/libFontParser.dylib
0x000000003ba73000 	/System/Library/Frameworks/ApplicationServices.framework/Versions/A/Frameworks/ATS.framework/Versions/A/Resources/libFontRegistry.dylib
0x000000003ba73000 	/System/Library/Frameworks/ImageIO.framework/Versions/A/Resources/libJPEG.dylib
0x000000003ba73000 	/System/Library/Frameworks/ImageIO.framework/Versions/A/Resources/libTIFF.dylib
0x000000003ba73000 	/System/Library/Frameworks/ImageIO.framework/Versions/A/Resources/libPng.dylib
0x000000003ba73000 	/System/Library/Frameworks/ImageIO.framework/Versions/A/Resources/libGIF.dylib
0x000000003ba73000 	/System/Library/Frameworks/ImageIO.framework/Versions/A/Resources/libJP2.dylib
0x000000003ba73000 	/System/Library/Frameworks/ImageIO.framework/Versions/A/Resources/libRadiance.dylib
0x000000003ba73000 	/usr/lib/libcompression.dylib
0x000000003ba73000 	/System/Library/PrivateFrameworks/AppleJPEG.framework/Versions/A/AppleJPEG
0x000000003ba73000 	/usr/lib/libcups.2.dylib
0x000000003ba73000 	/System/Library/Frameworks/Kerberos.framework/Versions/A/Kerberos
0x000000003ba73000 	/System/Library/Frameworks/GSS.framework/Versions/A/GSS
0x000000003ba73000 	/usr/lib/libresolv.9.dylib
0x000000003ba73000 	/usr/lib/libiconv.2.dylib
0x000000003ba73000 	/System/Library/PrivateFrameworks/Heimdal.framework/Versions/A/Heimdal
0x000000003ba73000 	/usr/lib/libheimdal-asn1.dylib
0x000000003ba73000 	/System/Library/Frameworks/OpenDirectory.framework/Versions/A/OpenDirectory
0x000000003ba73000 	/System/Library/PrivateFrameworks/CommonAuth.framework/Versions/A/CommonAuth
0x000000003ba73000 	/System/Library/Frameworks/OpenDirectory.framework/Versions/A/Frameworks/CFOpenDirectory.framework/Versions/A/CFOpenDirectory
0x000000003ba73000 	/System/Library/Frameworks/SecurityFoundation.framework/Versions/A/SecurityFoundation
0x000000003ba73000 	/System/Library/PrivateFrameworks/LanguageModeling.framework/Versions/A/LanguageModeling
0x000000003ba73000 	/usr/lib/libmarisa.dylib
0x000000003ba73000 	/usr/lib/libChineseTokenizer.dylib
0x000000003ba73000 	/usr/lib/libcmph.dylib
0x000000003ba73000 	/System/Library/PrivateFrameworks/CoreEmoji.framework/Versions/A/CoreEmoji
0x000000003ba73000 	/System/Library/Frameworks/ServiceManagement.framework/Versions/A/ServiceManagement
0x000000003ba73000 	/usr/lib/libxslt.1.dylib
0x000000003ba73000 	/System/Library/Frameworks/Carbon.framework/Versions/A/Frameworks/Ink.framework/Versions/A/Ink
0x000000003ba73000 	/System/Library/PrivateFrameworks/TextureIO.framework/Versions/A/TextureIO
0x000000003ba73000 	/System/Library/Frameworks/Metal.framework/Versions/A/Metal
0x000000003ba73000 	/usr/lib/libate.dylib
0x000000003ba73000 	/System/Library/PrivateFrameworks/GPUCompiler.framework/libmetal_timestamp.dylib
0x000000003ba73000 	/System/Library/Frameworks/OpenGL.framework/Versions/A/Libraries/libCoreFSCache.dylib
0x000000003ba73000 	/System/Library/PrivateFrameworks/IOAccelerator.framework/Versions/A/IOAccelerator
0x000000003ba73000 	/System/Library/Frameworks/CoreVideo.framework/Versions/A/CoreVideo
0x000000003ba73000 	/usr/lib/libFosl_dynamic.dylib
0x000000003ba73000 	/System/Library/PrivateFrameworks/MetalPerformanceShaders.framework/Versions/A/MetalPerformanceShaders
0x000000003ba73000 	/System/Library/PrivateFrameworks/FaceCore.framework/Versions/A/FaceCore
0x000000003ba73000 	/System/Library/Frameworks/OpenCL.framework/Versions/A/OpenCL
0x000000003ba73000 	/System/Library/Frameworks/OpenGL.framework/Versions/A/Libraries/libGLU.dylib
0x000000003ba73000 	/System/Library/Frameworks/OpenGL.framework/Versions/A/Libraries/libGFXShared.dylib
0x000000003ba73000 	/System/Library/Frameworks/OpenGL.framework/Versions/A/Libraries/libGL.dylib
0x000000003ba73000 	/System/Library/Frameworks/OpenGL.framework/Versions/A/Libraries/libGLImage.dylib
0x000000003ba73000 	/System/Library/Frameworks/OpenGL.framework/Versions/A/Libraries/libCVMSPluginSupport.dylib
0x000000003ba73000 	/System/Library/Frameworks/OpenGL.framework/Versions/A/Libraries/libCoreVMClient.dylib
0x000000003ba73000 	/System/Library/PrivateFrameworks/CrashReporterSupport.framework/Versions/A/CrashReporterSupport
0x000000003ba73000 	/System/Library/PrivateFrameworks/Sharing.framework/Versions/A/Sharing
0x000000003ba73000 	/System/Library/PrivateFrameworks/IconServices.framework/Versions/A/IconServices
0x000000003ba73000 	/System/Library/PrivateFrameworks/ProtocolBuffer.framework/Versions/A/ProtocolBuffer
0x000000003ba73000 	/System/Library/PrivateFrameworks/Apple80211.framework/Versions/A/Apple80211
0x000000003ba73000 	/System/Library/Frameworks/CoreWLAN.framework/Versions/A/CoreWLAN
0x000000003ba73000 	/System/Library/PrivateFrameworks/CoreUtils.framework/Versions/A/CoreUtils
0x000000003ba73000 	/System/Library/Frameworks/IOBluetooth.framework/Versions/A/IOBluetooth
0x000000003ba73000 	/System/Library/PrivateFrameworks/CoreWiFi.framework/Versions/A/CoreWiFi
0x000000003ba73000 	/System/Library/Frameworks/CoreBluetooth.framework/Versions/A/CoreBluetooth
0x000000003ba73000 	/System/Library/Frameworks/CoreDisplay.framework/Versions/A/CoreDisplay
0x000000003ba73000 	/System/Library/PrivateFrameworks/IOPresentment.framework/Versions/A/IOPresentment
0x000000003ba73000 	/System/Library/PrivateFrameworks/DSExternalDisplay.framework/Versions/A/DSExternalDisplay
0x000000003ba73000 	/System/Library/PrivateFrameworks/DebugSymbols.framework/Versions/A/DebugSymbols
0x000000003ba73000 	/System/Library/PrivateFrameworks/CoreSymbolication.framework/Versions/A/CoreSymbolication
0x000000003ba73000 	/System/Library/PrivateFrameworks/Symbolication.framework/Versions/A/Symbolication
0x000000003ba73000 	/System/Library/PrivateFrameworks/AppleFSCompression.framework/Versions/A/AppleFSCompression
0x000000003ba73000 	/System/Library/PrivateFrameworks/SpeechRecognitionCore.framework/Versions/A/SpeechRecognitionCore
0x000000003ba73000 	/System/Library/PrivateFrameworks/ChunkingLibrary.framework/Versions/A/ChunkingLibrary
0x0000000101fac000 	/Library/Java/JavaVirtualMachines/jdk1.8.0_131.jdk/Contents/Home/jre/lib/server/libjvm.dylib
0x000000003ba73000 	/usr/lib/libstdc++.6.dylib
0x0000000102f4f000 	/Library/Java/JavaVirtualMachines/jdk1.8.0_131.jdk/Contents/Home/jre/lib/libverify.dylib
0x0000000102f5d000 	/Library/Java/JavaVirtualMachines/jdk1.8.0_131.jdk/Contents/Home/jre/lib/libjava.dylib
0x0000000102f9c000 	/Library/Java/JavaVirtualMachines/jdk1.8.0_131.jdk/Contents/Home/jre/lib/libzip.dylib
0x00000001083ee000 	/System/Library/Frameworks/JavaVM.framework/Frameworks/JavaRuntimeSupport.framework/JavaRuntimeSupport
0x00000001191b8000 	/System/Library/Frameworks/JavaVM.framework/Versions/A/Frameworks/JavaNativeFoundation.framework/Versions/A/JavaNativeFoundation
0x00000001191cd000 	/System/Library/Frameworks/JavaVM.framework/Versions/A/JavaVM
0x000000003ba73000 	/System/Library/Frameworks/Carbon.framework/Versions/A/Carbon
0x00000001191da000 	/System/Library/PrivateFrameworks/JavaLaunching.framework/Versions/A/JavaLaunching
0x000000003ba73000 	/System/Library/Frameworks/Carbon.framework/Versions/A/Frameworks/CommonPanels.framework/Versions/A/CommonPanels
0x000000003ba73000 	/System/Library/Frameworks/Carbon.framework/Versions/A/Frameworks/Help.framework/Versions/A/Help
0x000000003ba73000 	/System/Library/Frameworks/Carbon.framework/Versions/A/Frameworks/ImageCapture.framework/Versions/A/ImageCapture
0x000000003ba73000 	/System/Library/Frameworks/Carbon.framework/Versions/A/Frameworks/OpenScripting.framework/Versions/A/OpenScripting
0x000000003ba73000 	/System/Library/Frameworks/Carbon.framework/Versions/A/Frameworks/Print.framework/Versions/A/Print
0x000000003ba73000 	/System/Library/Frameworks/Carbon.framework/Versions/A/Frameworks/SecurityHI.framework/Versions/A/SecurityHI
0x000000011aadf000 	/Library/Java/JavaVirtualMachines/jdk1.8.0_131.jdk/Contents/Home/jre/lib/libawt.dylib
0x000000011ab87000 	/Library/Java/JavaVirtualMachines/jdk1.8.0_131.jdk/Contents/Home/jre/lib/./libmlib_image.dylib
0x000000011ac53000 	/Library/Java/JavaVirtualMachines/jdk1.8.0_131.jdk/Contents/Home/jre/lib/libawt_lwawt.dylib
0x000000011ad0a000 	/Library/Java/JavaVirtualMachines/jdk1.8.0_131.jdk/Contents/Home/jre/lib/./libosxapp.dylib
0x000000003ba73000 	/System/Library/Frameworks/ExceptionHandling.framework/Versions/A/ExceptionHandling
0x000000003ba73000 	/System/Library/PrivateFrameworks/CoreServicesInternal.framework/Versions/A/CoreServicesInternal
0x000000003ba73000 	/System/Library/CoreServices/RawCamera.bundle/Contents/MacOS/RawCamera
0x000000003ba73000 	/System/Library/Frameworks/Accelerate.framework/Versions/A/Frameworks/vImage.framework/Versions/A/Libraries/libCGInterfaces.dylib
0x000000003ba73000 	/System/Library/Frameworks/ApplicationServices.framework/Versions/A/Frameworks/ATS.framework/Versions/A/Resources/libTrueTypeScaler.dylib
0x000000011ce36000 	/System/Library/Frameworks/OpenGL.framework/Resources/GLEngine.bundle/GLEngine
0x000000003ba73000 	/System/Library/Frameworks/OpenGL.framework/Versions/A/Libraries/libGLProgrammability.dylib
0x000000011d01b000 	/System/Library/Extensions/AppleIntelKBLGraphicsGLDriver.bundle/Contents/MacOS/AppleIntelKBLGraphicsGLDriver
0x000000003ba73000 	/System/Library/PrivateFrameworks/GPUSupport.framework/Versions/A/Libraries/libGPUSupportMercury.dylib
0x000000011dd9e000 	/System/Library/Frameworks/OpenGL.framework/Resources//GLRendererFloat.bundle/GLRendererFloat
0x000000003ba73000 	/System/Library/Frameworks/OpenCL.framework/Versions/A/Libraries/libcldcpuengine.dylib
0x000000003ba73000 	/usr/lib/libcrypto.0.9.8.dylib
0x000000003ba73000 	/System/Library/PrivateFrameworks/TrustEvaluationAgent.framework/Versions/A/TrustEvaluationAgent
0x000000011ddd2000 	/System/Library/Extensions/AppleIntelKBLGraphicsMTLDriver.bundle/Contents/MacOS/AppleIntelKBLGraphicsMTLDriver
0x000000003ba73000 	/System/Library/PrivateFrameworks/FamilyControls.framework/Versions/A/FamilyControls
0x000000003ba73000 	/System/Library/PrivateFrameworks/CommerceKit.framework/Versions/A/Frameworks/CommerceCore.framework/Versions/A/CommerceCore
0x000000003ba73000 	/System/Library/PrivateFrameworks/SystemAdministration.framework/Versions/A/SystemAdministration
0x000000003ba73000 	/System/Library/PrivateFrameworks/AppContainer.framework/Versions/A/AppContainer
0x000000003ba73000 	/System/Library/PrivateFrameworks/SecCodeWrapper.framework/Versions/A/SecCodeWrapper
0x000000003ba73000 	/System/Library/Frameworks/DirectoryService.framework/Versions/A/DirectoryService
0x000000003ba73000 	/System/Library/PrivateFrameworks/DiskImages.framework/Versions/A/DiskImages
0x000000003ba73000 	/System/Library/PrivateFrameworks/LoginUIKit.framework/Versions/A/Frameworks/LoginUICore.framework/Versions/A/LoginUICore
0x000000003ba73000 	/usr/lib/libCoreStorage.dylib
0x000000003ba73000 	/usr/lib/libcsfde.dylib
0x000000003ba73000 	/usr/lib/libodfde.dylib
0x000000003ba73000 	/System/Library/Frameworks/DiscRecording.framework/Versions/A/DiscRecording
0x000000003ba73000 	/usr/lib/libcurl.4.dylib
0x000000003ba73000 	/System/Library/PrivateFrameworks/MediaKit.framework/Versions/A/MediaKit
0x000000003ba73000 	/System/Library/PrivateFrameworks/ProtectedCloudStorage.framework/Versions/A/ProtectedCloudStorage
0x000000003ba73000 	/System/Library/PrivateFrameworks/EFILogin.framework/Versions/A/EFILogin
0x000000003ba73000 	/usr/lib/libutil.dylib
0x000000003ba73000 	/System/Library/Frameworks/LDAP.framework/Versions/A/LDAP
0x000000003ba73000 	/usr/lib/libsasl2.2.dylib
0x000000003ba73000 	/System/Library/PrivateFrameworks/CoreDaemon.framework/Versions/B/CoreDaemon
0x000000003ba73000 	/System/Library/PrivateFrameworks/AppleSRP.framework/Versions/A/AppleSRP
0x000000003ba73000 	/System/Library/PrivateFrameworks/APFS.framework/Versions/A/APFS
0x000000011fd08000 	/Library/Java/JavaVirtualMachines/jdk1.8.0_131.jdk/Contents/Home/jre/lib/libfontmanager.dylib
0x0000000120dd3000 	/Library/Java/JavaVirtualMachines/jdk1.8.0_131.jdk/Contents/Home/jre/lib/libosxui.dylib
0x000000003ba73000 	/System/Library/PrivateFrameworks/ViewBridge.framework/Versions/A/ViewBridge
0x000000003ba73000 	/System/Library/PrivateFrameworks/XPCService.framework/Versions/A/XPCService
0x000000003ba73000 	/System/Library/PrivateFrameworks/AppSandbox.framework/Versions/A/AppSandbox
0x000000003ba73000 	/usr/lib/libsandbox.1.dylib
0x000000003ba73000 	/usr/lib/libMatch.1.dylib
0x0000000121ee3000 	/Library/Java/JavaVirtualMachines/jdk1.8.0_131.jdk/Contents/Home/jre/lib/libnet.dylib
0x0000000121cf5000 	/Library/Java/JavaVirtualMachines/jdk1.8.0_131.jdk/Contents/Home/jre/lib/libnio.dylib
0x0000000120ea0000 	/private/var/folders/mz/ddp61nqj5pgffdgcqdjxrrfh0000gn/T/jogamp_0000/file_cache/jln8309726297150863716/jln2393796938198931496/libgluegen-rt.jnilib
0x0000000120dd0000 	/private/var/folders/mz/ddp61nqj5pgffdgcqdjxrrfh0000gn/T/jogamp_0000/file_cache/jln8309726297150863716/jln2393796938198931496/libnativewindow_awt.jnilib
0x0000000120ea4000 	/Library/Java/JavaVirtualMachines/jdk1.8.0_131.jdk/Contents/Home/jre/lib/libjawt.dylib
0x0000000120ed1000 	/private/var/folders/mz/ddp61nqj5pgffdgcqdjxrrfh0000gn/T/jogamp_0000/file_cache/jln8309726297150863716/jln2393796938198931496/libnativewindow_macosx.jnilib
0x000000018a4f2000 	/private/var/folders/mz/ddp61nqj5pgffdgcqdjxrrfh0000gn/T/jogamp_0000/file_cache/jln8309726297150863716/jln2393796938198931496/libjogl_desktop.jnilib
0x000000018ac19000 	/Library/Java/JavaVirtualMachines/jdk1.8.0_131.jdk/Contents/Home/jre/lib/libsunec.dylib

VM Arguments:
jvm_args: -Djava.security.policy=java.policy.applet -Dfile.encoding=UTF-8 
java_command: sun.applet.AppletViewer module3.EarthquakeCityMap1501659399450.html
java_class_path (initial): /Users/litianlun/Downloads/UCSDUnfoldingMaps/build:/Users/litianlun/Downloads/UCSDUnfoldingMaps/lib/core.jar:/Users/litianlun/Downloads/UCSDUnfoldingMaps/lib/gluegen-rt.jar:/Users/litianlun/Downloads/UCSDUnfoldingMaps/lib/jogl-all.jar:/Users/litianlun/Downloads/UCSDUnfoldingMaps/lib/log4j-1.2.15.jar:/Users/litianlun/Downloads/UCSDUnfoldingMaps/lib/sqlite-jdbc-3.7.2.jar:/Users/litianlun/Downloads/UCSDUnfoldingMaps/lib/json4processing.jar:/Users/litianlun/Downloads/UCSDUnfoldingMaps/lib/libTUIO.jar:/Users/litianlun/Downloads/UCSDUnfoldingMaps/lib/unfolding.0.9.7-uscd.jar
Launcher Type: SUN_STANDARD

Environment Variables:
PATH=/usr/bin:/bin:/usr/sbin:/sbin
SHELL=/bin/bash

Signal Handlers:
SIGSEGV: [libjvm.dylib+0x5b1eb1], sa_mask[0]=11111111011111110111111111111111, sa_flags=SA_ONSTACK|SA_RESTART|SA_SIGINFO
SIGBUS: [libjvm.dylib+0x5b1eb1], sa_mask[0]=11111111011111110111111111111111, sa_flags=SA_RESTART|SA_SIGINFO
SIGFPE: [libjvm.dylib+0x488988], sa_mask[0]=11111111011111110111111111111111, sa_flags=SA_RESTART|SA_SIGINFO
SIGPIPE: [libjvm.dylib+0x488988], sa_mask[0]=11111111011111110111111111111111, sa_flags=SA_RESTART|SA_SIGINFO
SIGXFSZ: [libjvm.dylib+0x488988], sa_mask[0]=11111111011111110111111111111111, sa_flags=SA_RESTART|SA_SIGINFO
SIGILL: [libjvm.dylib+0x488988], sa_mask[0]=11111111011111110111111111111111, sa_flags=SA_RESTART|SA_SIGINFO
SIGUSR1: SIG_DFL, sa_mask[0]=00000000000000000000000000000000, sa_flags=none
SIGUSR2: [libjvm.dylib+0x4884a6], sa_mask[0]=00100000000000000000000000000000, sa_flags=SA_RESTART|SA_SIGINFO
SIGHUP: [libjvm.dylib+0x486a7d], sa_mask[0]=11111111011111110111111111111111, sa_flags=SA_RESTART|SA_SIGINFO
SIGINT: [libjvm.dylib+0x486a7d], sa_mask[0]=11111111011111110111111111111111, sa_flags=SA_RESTART|SA_SIGINFO
SIGTERM: [libjvm.dylib+0x486a7d], sa_mask[0]=11111111011111110111111111111111, sa_flags=SA_RESTART|SA_SIGINFO
SIGQUIT: [libjvm.dylib+0x486a7d], sa_mask[0]=11111111011111110111111111111111, sa_flags=SA_RESTART|SA_SIGINFO


---------------  S Y S T E M  ---------------

OS:Bsduname:Darwin 16.7.0 Darwin Kernel Version 16.7.0: Thu Jun 15 17:36:27 PDT 2017; root:xnu-3789.70.16~2/RELEASE_X86_64 x86_64
rlimit: STACK 8192k, CORE 0k, NPROC 709, NOFILE 10240, AS infinity
load average:1.50 1.57 1.63

CPU:total 4 (initial active 4) (2 cores per cpu, 2 threads per core) family 6 model 142 stepping 9, cmov, cx8, fxsr, mmx, sse, sse2, sse3, ssse3, sse4.1, sse4.2, popcnt, avx, avx2, aes, clmul, erms, 3dnowpref, lzcnt, ht, tsc, tscinvbit, bmi1, bmi2, adx

Memory: 4k page, physical 8388608k(437656k free)

/proc/meminfo:


vm_info: Java HotSpot(TM) 64-Bit Server VM (25.131-b11) for bsd-amd64 JRE (1.8.0_131-b11), built on Mar 15 2017 01:32:22 by "java_re" with gcc 4.2.1 (Based on Apple Inc. build 5658) (LLVM build 2336.11.00)

time: Wed Aug  2 15:36:50 2017
elapsed time: 10 seconds (0d 0h 0m 10s)

